============================= test session starts ==============================
platform linux -- Python 3.10.12, pytest-7.4.0, pluggy-1.6.0 -- /mnt/d/Dokumenty/slownik-wielki/flask-app/.venv/bin/python
rootdir: /mnt/d/Dokumenty/slownik-wielki/flask-app
configfile: pytest.ini
plugins: base-url-2.1.0, cov-4.1.0, mock-3.11.1
collecting ... collected 1113 items

tests/integration/test_academic_domains_crud.py::TestAcademicDomainsIntegration::test_create_entry_with_entry_level_academic_domain ERROR [  0%]
tests/integration/test_academic_domains_crud.py::TestAcademicDomainsIntegration::test_create_entry_with_sense_level_academic_domain ERROR [  0%]
tests/integration/test_academic_domains_crud.py::TestAcademicDomainsIntegration::test_create_entry_with_both_entry_and_sense_academic_domains ERROR [  0%]
tests/integration/test_academic_domains_crud.py::TestAcademicDomainsIntegration::test_update_entry_academic_domain ERROR [  0%]
tests/integration/test_academic_domains_crud.py::TestAcademicDomainsIntegration::test_update_sense_academic_domain ERROR [  0%]
tests/integration/test_academic_domains_crud.py::TestAcademicDomainsIntegration::test_retrieve_entries_by_academic_domain ERROR [  0%]
tests/integration/test_academic_domains_crud.py::TestAcademicDomainsIntegration::test_delete_entry_with_academic_domain ERROR [  0%]
tests/integration/test_academic_domains_crud.py::TestAcademicDomainsIntegration::test_create_entry_without_academic_domain ERROR [  0%]
tests/integration/test_academic_domains_crud.py::TestAcademicDomainsIntegration::test_create_entry_with_empty_academic_domain ERROR [  0%]
tests/integration/test_academic_domains_crud.py::TestAcademicDomainsIntegration::test_multiple_senses_different_academic_domains ERROR [  0%]
tests/integration/test_academic_domains_crud.py::TestAcademicDomainsIntegration::test_unicode_academic_domain_handling ERROR [  0%]
tests/integration/test_academic_domains_crud.py::TestAcademicDomainsIntegration::test_academic_domain_serialization_roundtrip ERROR [  1%]
tests/integration/test_academic_domains_crud.py::TestAcademicDomainsIntegration::test_form_data_processing_academic_domain ERROR [  1%]
tests/integration/test_academic_domains_form_integration.py::TestAcademicDomainsFormIntegration::test_form_submission_entry_level_academic_domain ERROR [  1%]
tests/integration/test_academic_domains_form_integration.py::TestAcademicDomainsFormIntegration::test_form_submission_multiple_academic_domains ERROR [  1%]
tests/integration/test_academic_domains_form_integration.py::TestAcademicDomainsFormIntegration::test_form_edit_entry_remove_academic_domain ERROR [  1%]
tests/integration/test_academic_domains_form_integration.py::TestAcademicDomainsFormIntegration::test_form_edit_entry_add_academic_domain ERROR [  1%]
tests/integration/test_academic_domains_form_integration.py::TestAcademicDomainsFormIntegration::test_form_validation_invalid_academic_domain ERROR [  1%]
tests/integration/test_academic_domains_form_integration.py::TestAcademicDomainsFormIntegration::test_academic_domain_view_display ERROR [  1%]
tests/integration/test_academic_domains_form_integration.py::TestAcademicDomainsFormIntegration::test_form_unicode_academic_domains ERROR [  1%]
tests/integration/test_academic_domains_form_integration.py::TestAcademicDomainsFormIntegration::test_academic_domain_form_field_visibility ERROR [  1%]
tests/integration/test_academic_domains_form_integration.py::TestAcademicDomainsFormIntegration::test_academic_domain_roundtrip_compatibility ERROR [  1%]
tests/integration/test_adding_data_bug.py::TestAddingDataToEmptyFields::test_adding_definition_to_empty_field ERROR [  2%]
tests/integration/test_adding_data_bug.py::TestAddingDataToEmptyFields::test_adding_definition_string_vs_dict_format ERROR [  2%]
tests/integration/test_advanced_crud.py::TestAdvancedCRUD::test_create_entry_duplicate_id ERROR [  2%]
tests/integration/test_advanced_crud.py::TestAdvancedCRUD::test_create_entry_with_invalid_data ERROR [  2%]
tests/integration/test_advanced_crud.py::TestAdvancedCRUD::test_create_entry_with_complex_structure ERROR [  2%]
tests/integration/test_advanced_crud.py::TestAdvancedCRUD::test_update_nonexistent_entry ERROR [  2%]
tests/integration/test_advanced_crud.py::TestAdvancedCRUD::test_delete_nonexistent_entry ERROR [  2%]
tests/integration/test_advanced_crud.py::TestAdvancedCRUD::test_create_or_update_entry ERROR [  2%]
tests/integration/test_advanced_crud.py::TestAdvancedCRUD::test_related_entries ERROR [  2%]
tests/integration/test_advanced_crud.py::TestAdvancedCRUD::test_entries_by_grammatical_info ERROR [  2%]
tests/integration/test_all_ranges_dropdowns_playwright.py::TestAllRangesDropdownsPlaywright::test_grammatical_info_dropdown_populated ERROR [  2%]
tests/integration/test_all_ranges_dropdowns_playwright.py::TestAllRangesDropdownsPlaywright::test_academic_domain_dropdown_populated ERROR [  3%]
tests/integration/test_all_ranges_dropdowns_playwright.py::TestAllRangesDropdownsPlaywright::test_semantic_domain_dropdown_populated ERROR [  3%]
tests/integration/test_all_ranges_dropdowns_playwright.py::TestAllRangesDropdownsPlaywright::test_usage_type_dropdown_populated ERROR [  3%]
tests/integration/test_all_ranges_dropdowns_playwright.py::TestAllRangesDropdownsPlaywright::test_all_ranges_api_accessible ERROR [  3%]
tests/integration/test_all_ranges_dropdowns_playwright.py::TestAllRangesDropdownsPlaywright::test_dynamic_lift_range_initialization ERROR [  3%]
tests/integration/test_annotations_integration.py::TestAnnotationsIntegration::test_entry_level_annotation_persistence FAILED [  3%]
tests/integration/test_annotations_integration.py::TestAnnotationsIntegration::test_sense_level_annotation_persistence FAILED [  3%]
tests/integration/test_annotations_integration.py::TestAnnotationsIntegration::test_multiple_annotations_per_element FAILED [  3%]
tests/integration/test_annotations_integration.py::TestAnnotationsIntegration::test_annotation_with_multitext_content FAILED [  3%]
tests/integration/test_annotations_integration.py::TestAnnotationsIntegration::test_annotation_minimal_structure FAILED [  3%]
tests/integration/test_annotations_integration.py::TestAnnotationsIntegration::test_annotation_datetime_formats PASSED [  3%]
tests/integration/test_annotations_integration.py::TestAnnotationsIntegration::test_mixed_entry_and_sense_annotations FAILED [  4%]
tests/integration/test_annotations_integration.py::TestAnnotationsIntegration::test_annotation_common_workflow_names FAILED [  4%]
tests/integration/test_annotations_integration.py::TestAnnotationsIntegration::test_annotation_serialization_to_dict PASSED [  4%]
tests/integration/test_annotations_integration.py::TestAnnotationsIntegration::test_empty_annotations_list FAILED [  4%]
tests/integration/test_annotations_playwright.py::TestAnnotationsPlaywright::test_add_entry_level_annotation ERROR [  4%]
tests/integration/test_annotations_playwright.py::TestAnnotationsPlaywright::test_remove_entry_level_annotation ERROR [  4%]
tests/integration/test_annotations_playwright.py::TestAnnotationsPlaywright::test_add_sense_level_annotation ERROR [  4%]
tests/integration/test_annotations_playwright.py::TestAnnotationsPlaywright::test_remove_sense_level_annotation ERROR [  4%]

==================================== ERRORS ====================================
_ ERROR at setup of TestAcademicDomainsIntegration.test_create_entry_with_entry_level_academic_domain _
E   OSError: Database 'test_f4044454' was not found.

During handling of the above exception, another exception occurred:
E   app.utils.exceptions.DatabaseError: Connection failed: Database 'test_f4044454' was not found.

During handling of the above exception, another exception occurred:
E   app.utils.exceptions.DatabaseError: Failed to create database 'test_f4044454': Connection failed: Database 'test_f4044454' was not found.
------------------------------ Captured log setup ------------------------------
ERROR    app.database.basex_connector:basex_connector.py:71 Failed to connect to BaseX: Database 'test_f4044454' was not found.
ERROR    app.database.basex_connector:basex_connector.py:71 Failed to connect to BaseX: Database 'test_f4044454' was not found.
ERROR    app.database.basex_connector:basex_connector.py:205 Failed to create database 'test_f4044454': Connection failed: Database 'test_f4044454' was not found.
ERROR    conftest:conftest.py:386 Failed to ensure test database test_f4044454: Failed to create database 'test_f4044454': Connection failed: Database 'test_f4044454' was not found.
_ ERROR at setup of TestAcademicDomainsIntegration.test_create_entry_with_sense_level_academic_domain _
E   OSError: Database 'test_dc6580d8' was not found.

During handling of the above exception, another exception occurred:
E   app.utils.exceptions.DatabaseError: Connection failed: Database 'test_dc6580d8' was not found.

During handling of the above exception, another exception occurred:
E   app.utils.exceptions.DatabaseError: Failed to create database 'test_dc6580d8': Connection failed: Database 'test_dc6580d8' was not found.
------------------------------ Captured log setup ------------------------------
ERROR    app.database.basex_connector:basex_connector.py:71 Failed to connect to BaseX: Database 'test_dc6580d8' was not found.
ERROR    app.database.basex_connector:basex_connector.py:71 Failed to connect to BaseX: Database 'test_dc6580d8' was not found.
ERROR    app.database.basex_connector:basex_connector.py:205 Failed to create database 'test_dc6580d8': Connection failed: Database 'test_dc6580d8' was not found.
ERROR    conftest:conftest.py:386 Failed to ensure test database test_dc6580d8: Failed to create database 'test_dc6580d8': Connection failed: Database 'test_dc6580d8' was not found.
_ ERROR at setup of TestAcademicDomainsIntegration.test_create_entry_with_both_entry_and_sense_academic_domains _
E   OSError: Database 'test_176e8cc3' was not found.

During handling of the above exception, another exception occurred:
E   app.utils.exceptions.DatabaseError: Connection failed: Database 'test_176e8cc3' was not found.

During handling of the above exception, another exception occurred:
E   app.utils.exceptions.DatabaseError: Failed to create database 'test_176e8cc3': Connection failed: Database 'test_176e8cc3' was not found.
------------------------------ Captured log setup ------------------------------
ERROR    app.database.basex_connector:basex_connector.py:71 Failed to connect to BaseX: Database 'test_176e8cc3' was not found.
ERROR    app.database.basex_connector:basex_connector.py:71 Failed to connect to BaseX: Database 'test_176e8cc3' was not found.
ERROR    app.database.basex_connector:basex_connector.py:205 Failed to create database 'test_176e8cc3': Connection failed: Database 'test_176e8cc3' was not found.
ERROR    conftest:conftest.py:386 Failed to ensure test database test_176e8cc3: Failed to create database 'test_176e8cc3': Connection failed: Database 'test_176e8cc3' was not found.
_ ERROR at setup of TestAcademicDomainsIntegration.test_update_entry_academic_domain _
E   OSError: Database 'test_a01d22ab' was not found.

During handling of the above exception, another exception occurred:
E   app.utils.exceptions.DatabaseError: Connection failed: Database 'test_a01d22ab' was not found.

During handling of the above exception, another exception occurred:
E   app.utils.exceptions.DatabaseError: Failed to create database 'test_a01d22ab': Connection failed: Database 'test_a01d22ab' was not found.
------------------------------ Captured log setup ------------------------------
ERROR    app.database.basex_connector:basex_connector.py:71 Failed to connect to BaseX: Database 'test_a01d22ab' was not found.
ERROR    app.database.basex_connector:basex_connector.py:71 Failed to connect to BaseX: Database 'test_a01d22ab' was not found.
ERROR    app.database.basex_connector:basex_connector.py:205 Failed to create database 'test_a01d22ab': Connection failed: Database 'test_a01d22ab' was not found.
ERROR    conftest:conftest.py:386 Failed to ensure test database test_a01d22ab: Failed to create database 'test_a01d22ab': Connection failed: Database 'test_a01d22ab' was not found.
_ ERROR at setup of TestAcademicDomainsIntegration.test_update_sense_academic_domain _
E   OSError: Database 'test_286a67be' was not found.

During handling of the above exception, another exception occurred:
E   app.utils.exceptions.DatabaseError: Connection failed: Database 'test_286a67be' was not found.

During handling of the above exception, another exception occurred:
E   app.utils.exceptions.DatabaseError: Failed to create database 'test_286a67be': Connection failed: Database 'test_286a67be' was not found.
------------------------------ Captured log setup ------------------------------
ERROR    app.database.basex_connector:basex_connector.py:71 Failed to connect to BaseX: Database 'test_286a67be' was not found.
ERROR    app.database.basex_connector:basex_connector.py:71 Failed to connect to BaseX: Database 'test_286a67be' was not found.
ERROR    app.database.basex_connector:basex_connector.py:205 Failed to create database 'test_286a67be': Connection failed: Database 'test_286a67be' was not found.
ERROR    conftest:conftest.py:386 Failed to ensure test database test_286a67be: Failed to create database 'test_286a67be': Connection failed: Database 'test_286a67be' was not found.
_ ERROR at setup of TestAcademicDomainsIntegration.test_retrieve_entries_by_academic_domain _
E   OSError: Database 'test_a5724c2c' was not found.

During handling of the above exception, another exception occurred:
E   app.utils.exceptions.DatabaseError: Connection failed: Database 'test_a5724c2c' was not found.

During handling of the above exception, another exception occurred:
E   app.utils.exceptions.DatabaseError: Failed to create database 'test_a5724c2c': Connection failed: Database 'test_a5724c2c' was not found.
------------------------------ Captured log setup ------------------------------
ERROR    app.database.basex_connector:basex_connector.py:71 Failed to connect to BaseX: Database 'test_a5724c2c' was not found.
ERROR    app.database.basex_connector:basex_connector.py:71 Failed to connect to BaseX: Database 'test_a5724c2c' was not found.
ERROR    app.database.basex_connector:basex_connector.py:205 Failed to create database 'test_a5724c2c': Connection failed: Database 'test_a5724c2c' was not found.
ERROR    conftest:conftest.py:386 Failed to ensure test database test_a5724c2c: Failed to create database 'test_a5724c2c': Connection failed: Database 'test_a5724c2c' was not found.
_ ERROR at setup of TestAcademicDomainsIntegration.test_delete_entry_with_academic_domain _
E   OSError: Database 'test_c7b8a0c2' was not found.

During handling of the above exception, another exception occurred:
E   app.utils.exceptions.DatabaseError: Connection failed: Database 'test_c7b8a0c2' was not found.

During handling of the above exception, another exception occurred:
E   app.utils.exceptions.DatabaseError: Failed to create database 'test_c7b8a0c2': Connection failed: Database 'test_c7b8a0c2' was not found.
------------------------------ Captured log setup ------------------------------
ERROR    app.database.basex_connector:basex_connector.py:71 Failed to connect to BaseX: Database 'test_c7b8a0c2' was not found.
ERROR    app.database.basex_connector:basex_connector.py:71 Failed to connect to BaseX: Database 'test_c7b8a0c2' was not found.
ERROR    app.database.basex_connector:basex_connector.py:205 Failed to create database 'test_c7b8a0c2': Connection failed: Database 'test_c7b8a0c2' was not found.
ERROR    conftest:conftest.py:386 Failed to ensure test database test_c7b8a0c2: Failed to create database 'test_c7b8a0c2': Connection failed: Database 'test_c7b8a0c2' was not found.
_ ERROR at setup of TestAcademicDomainsIntegration.test_create_entry_without_academic_domain _
E   OSError: Database 'test_6c77dcc2' was not found.

During handling of the above exception, another exception occurred:
E   app.utils.exceptions.DatabaseError: Connection failed: Database 'test_6c77dcc2' was not found.

During handling of the above exception, another exception occurred:
E   app.utils.exceptions.DatabaseError: Failed to create database 'test_6c77dcc2': Connection failed: Database 'test_6c77dcc2' was not found.
------------------------------ Captured log setup ------------------------------
ERROR    app.database.basex_connector:basex_connector.py:71 Failed to connect to BaseX: Database 'test_6c77dcc2' was not found.
ERROR    app.database.basex_connector:basex_connector.py:71 Failed to connect to BaseX: Database 'test_6c77dcc2' was not found.
ERROR    app.database.basex_connector:basex_connector.py:205 Failed to create database 'test_6c77dcc2': Connection failed: Database 'test_6c77dcc2' was not found.
ERROR    conftest:conftest.py:386 Failed to ensure test database test_6c77dcc2: Failed to create database 'test_6c77dcc2': Connection failed: Database 'test_6c77dcc2' was not found.
_ ERROR at setup of TestAcademicDomainsIntegration.test_create_entry_with_empty_academic_domain _
E   OSError: Database 'test_6320d4da' was not found.

During handling of the above exception, another exception occurred:
E   app.utils.exceptions.DatabaseError: Connection failed: Database 'test_6320d4da' was not found.

During handling of the above exception, another exception occurred:
E   app.utils.exceptions.DatabaseError: Failed to create database 'test_6320d4da': Connection failed: Database 'test_6320d4da' was not found.
------------------------------ Captured log setup ------------------------------
ERROR    app.database.basex_connector:basex_connector.py:71 Failed to connect to BaseX: Database 'test_6320d4da' was not found.
ERROR    app.database.basex_connector:basex_connector.py:71 Failed to connect to BaseX: Database 'test_6320d4da' was not found.
ERROR    app.database.basex_connector:basex_connector.py:205 Failed to create database 'test_6320d4da': Connection failed: Database 'test_6320d4da' was not found.
ERROR    conftest:conftest.py:386 Failed to ensure test database test_6320d4da: Failed to create database 'test_6320d4da': Connection failed: Database 'test_6320d4da' was not found.
_ ERROR at setup of TestAcademicDomainsIntegration.test_multiple_senses_different_academic_domains _
E   OSError: Database 'test_15db39c2' was not found.

During handling of the above exception, another exception occurred:
E   app.utils.exceptions.DatabaseError: Connection failed: Database 'test_15db39c2' was not found.

During handling of the above exception, another exception occurred:
E   app.utils.exceptions.DatabaseError: Failed to create database 'test_15db39c2': Connection failed: Database 'test_15db39c2' was not found.
------------------------------ Captured log setup ------------------------------
ERROR    app.database.basex_connector:basex_connector.py:71 Failed to connect to BaseX: Database 'test_15db39c2' was not found.
ERROR    app.database.basex_connector:basex_connector.py:71 Failed to connect to BaseX: Database 'test_15db39c2' was not found.
ERROR    app.database.basex_connector:basex_connector.py:205 Failed to create database 'test_15db39c2': Connection failed: Database 'test_15db39c2' was not found.
ERROR    conftest:conftest.py:386 Failed to ensure test database test_15db39c2: Failed to create database 'test_15db39c2': Connection failed: Database 'test_15db39c2' was not found.
_ ERROR at setup of TestAcademicDomainsIntegration.test_unicode_academic_domain_handling _
E   OSError: Database 'test_99b58fc5' was not found.

During handling of the above exception, another exception occurred:
E   app.utils.exceptions.DatabaseError: Connection failed: Database 'test_99b58fc5' was not found.

During handling of the above exception, another exception occurred:
E   app.utils.exceptions.DatabaseError: Failed to create database 'test_99b58fc5': Connection failed: Database 'test_99b58fc5' was not found.
------------------------------ Captured log setup ------------------------------
ERROR    app.database.basex_connector:basex_connector.py:71 Failed to connect to BaseX: Database 'test_99b58fc5' was not found.
ERROR    app.database.basex_connector:basex_connector.py:71 Failed to connect to BaseX: Database 'test_99b58fc5' was not found.
ERROR    app.database.basex_connector:basex_connector.py:205 Failed to create database 'test_99b58fc5': Connection failed: Database 'test_99b58fc5' was not found.
ERROR    conftest:conftest.py:386 Failed to ensure test database test_99b58fc5: Failed to create database 'test_99b58fc5': Connection failed: Database 'test_99b58fc5' was not found.
_ ERROR at setup of TestAcademicDomainsIntegration.test_academic_domain_serialization_roundtrip _
E   OSError: Database 'test_00acc2b8' was not found.

During handling of the above exception, another exception occurred:
E   app.utils.exceptions.DatabaseError: Connection failed: Database 'test_00acc2b8' was not found.

During handling of the above exception, another exception occurred:
E   app.utils.exceptions.DatabaseError: Failed to create database 'test_00acc2b8': Connection failed: Database 'test_00acc2b8' was not found.
------------------------------ Captured log setup ------------------------------
ERROR    app.database.basex_connector:basex_connector.py:71 Failed to connect to BaseX: Database 'test_00acc2b8' was not found.
ERROR    app.database.basex_connector:basex_connector.py:71 Failed to connect to BaseX: Database 'test_00acc2b8' was not found.
ERROR    app.database.basex_connector:basex_connector.py:205 Failed to create database 'test_00acc2b8': Connection failed: Database 'test_00acc2b8' was not found.
ERROR    conftest:conftest.py:386 Failed to ensure test database test_00acc2b8: Failed to create database 'test_00acc2b8': Connection failed: Database 'test_00acc2b8' was not found.
_ ERROR at setup of TestAcademicDomainsIntegration.test_form_data_processing_academic_domain _
E   OSError: Database 'test_fd783ea2' was not found.

During handling of the above exception, another exception occurred:
E   app.utils.exceptions.DatabaseError: Connection failed: Database 'test_fd783ea2' was not found.

During handling of the above exception, another exception occurred:
E   app.utils.exceptions.DatabaseError: Failed to create database 'test_fd783ea2': Connection failed: Database 'test_fd783ea2' was not found.
------------------------------ Captured log setup ------------------------------
ERROR    app.database.basex_connector:basex_connector.py:71 Failed to connect to BaseX: Database 'test_fd783ea2' was not found.
ERROR    app.database.basex_connector:basex_connector.py:71 Failed to connect to BaseX: Database 'test_fd783ea2' was not found.
ERROR    app.database.basex_connector:basex_connector.py:205 Failed to create database 'test_fd783ea2': Connection failed: Database 'test_fd783ea2' was not found.
ERROR    conftest:conftest.py:386 Failed to ensure test database test_fd783ea2: Failed to create database 'test_fd783ea2': Connection failed: Database 'test_fd783ea2' was not found.
_ ERROR at setup of TestAcademicDomainsFormIntegration.test_form_submission_entry_level_academic_domain _
file /mnt/d/Dokumenty/slownik-wielki/flask-app/tests/integration/test_academic_domains_form_integration.py, line 58
      @pytest.mark.integration
      def test_form_submission_entry_level_academic_domain(
file /mnt/d/Dokumenty/slownik-wielki/flask-app/tests/integration/test_academic_domains_form_integration.py, line 27
      @pytest.fixture
      def client(self, app: Flask) -> Client:
E       fixture 'app' not found
>       available fixtures: _verify_url, base_url, cache, capfd, capfdbinary, caplog, capsys, capsysbinary, class_mocker, client, cov, dict_service_with_db, doctest_namespace, flask_test_server, mocker, module_mocker, monkeypatch, no_cover, package_mocker, populated_dict_service, pytestconfig, record_property, record_testsuite_property, record_xml_attribute, recwarn, sample_entries, sample_entry, sample_entry_with_pronunciation, session_mocker, temp_lift_file, test_entry_data_entry_level_academic_domain, test_entry_data_multiple_domains, tmp_path, tmp_path_factory, tmpdir, tmpdir_factory
>       use 'pytest --fixtures [testpath]' for help on them.

/mnt/d/Dokumenty/slownik-wielki/flask-app/tests/integration/test_academic_domains_form_integration.py:27
_ ERROR at setup of TestAcademicDomainsFormIntegration.test_form_submission_multiple_academic_domains _
file /mnt/d/Dokumenty/slownik-wielki/flask-app/tests/integration/test_academic_domains_form_integration.py, line 82
      @pytest.mark.integration
      def test_form_submission_multiple_academic_domains(
file /mnt/d/Dokumenty/slownik-wielki/flask-app/tests/integration/test_academic_domains_form_integration.py, line 27
      @pytest.fixture
      def client(self, app: Flask) -> Client:
E       fixture 'app' not found
>       available fixtures: _verify_url, base_url, cache, capfd, capfdbinary, caplog, capsys, capsysbinary, class_mocker, client, cov, dict_service_with_db, doctest_namespace, flask_test_server, mocker, module_mocker, monkeypatch, no_cover, package_mocker, populated_dict_service, pytestconfig, record_property, record_testsuite_property, record_xml_attribute, recwarn, sample_entries, sample_entry, sample_entry_with_pronunciation, session_mocker, temp_lift_file, test_entry_data_entry_level_academic_domain, test_entry_data_multiple_domains, tmp_path, tmp_path_factory, tmpdir, tmpdir_factory
>       use 'pytest --fixtures [testpath]' for help on them.

/mnt/d/Dokumenty/slownik-wielki/flask-app/tests/integration/test_academic_domains_form_integration.py:27
_ ERROR at setup of TestAcademicDomainsFormIntegration.test_form_edit_entry_remove_academic_domain _
file /mnt/d/Dokumenty/slownik-wielki/flask-app/tests/integration/test_academic_domains_form_integration.py, line 108
      @pytest.mark.integration
      def test_form_edit_entry_remove_academic_domain(
file /mnt/d/Dokumenty/slownik-wielki/flask-app/tests/integration/test_academic_domains_form_integration.py, line 27
      @pytest.fixture
      def client(self, app: Flask) -> Client:
E       fixture 'app' not found
>       available fixtures: _verify_url, base_url, cache, capfd, capfdbinary, caplog, capsys, capsysbinary, class_mocker, client, cov, dict_service_with_db, doctest_namespace, flask_test_server, mocker, module_mocker, monkeypatch, no_cover, package_mocker, populated_dict_service, pytestconfig, record_property, record_testsuite_property, record_xml_attribute, recwarn, sample_entries, sample_entry, sample_entry_with_pronunciation, session_mocker, temp_lift_file, test_entry_data_entry_level_academic_domain, test_entry_data_multiple_domains, tmp_path, tmp_path_factory, tmpdir, tmpdir_factory
>       use 'pytest --fixtures [testpath]' for help on them.

/mnt/d/Dokumenty/slownik-wielki/flask-app/tests/integration/test_academic_domains_form_integration.py:27
_ ERROR at setup of TestAcademicDomainsFormIntegration.test_form_edit_entry_add_academic_domain _
file /mnt/d/Dokumenty/slownik-wielki/flask-app/tests/integration/test_academic_domains_form_integration.py, line 149
      @pytest.mark.integration
      def test_form_edit_entry_add_academic_domain(
file /mnt/d/Dokumenty/slownik-wielki/flask-app/tests/integration/test_academic_domains_form_integration.py, line 27
      @pytest.fixture
      def client(self, app: Flask) -> Client:
E       fixture 'app' not found
>       available fixtures: _verify_url, base_url, cache, capfd, capfdbinary, caplog, capsys, capsysbinary, class_mocker, client, cov, dict_service_with_db, doctest_namespace, flask_test_server, mocker, module_mocker, monkeypatch, no_cover, package_mocker, populated_dict_service, pytestconfig, record_property, record_testsuite_property, record_xml_attribute, recwarn, sample_entries, sample_entry, sample_entry_with_pronunciation, session_mocker, temp_lift_file, test_entry_data_entry_level_academic_domain, test_entry_data_multiple_domains, tmp_path, tmp_path_factory, tmpdir, tmpdir_factory
>       use 'pytest --fixtures [testpath]' for help on them.

/mnt/d/Dokumenty/slownik-wielki/flask-app/tests/integration/test_academic_domains_form_integration.py:27
_ ERROR at setup of TestAcademicDomainsFormIntegration.test_form_validation_invalid_academic_domain _
file /mnt/d/Dokumenty/slownik-wielki/flask-app/tests/integration/test_academic_domains_form_integration.py, line 189
      @pytest.mark.integration
      def test_form_validation_invalid_academic_domain(
file /mnt/d/Dokumenty/slownik-wielki/flask-app/tests/integration/test_academic_domains_form_integration.py, line 27
      @pytest.fixture
      def client(self, app: Flask) -> Client:
E       fixture 'app' not found
>       available fixtures: _verify_url, base_url, cache, capfd, capfdbinary, caplog, capsys, capsysbinary, class_mocker, client, cov, dict_service_with_db, doctest_namespace, flask_test_server, mocker, module_mocker, monkeypatch, no_cover, package_mocker, populated_dict_service, pytestconfig, record_property, record_testsuite_property, record_xml_attribute, recwarn, sample_entries, sample_entry, sample_entry_with_pronunciation, session_mocker, temp_lift_file, test_entry_data_entry_level_academic_domain, test_entry_data_multiple_domains, tmp_path, tmp_path_factory, tmpdir, tmpdir_factory
>       use 'pytest --fixtures [testpath]' for help on them.

/mnt/d/Dokumenty/slownik-wielki/flask-app/tests/integration/test_academic_domains_form_integration.py:27
_ ERROR at setup of TestAcademicDomainsFormIntegration.test_academic_domain_view_display _
file /mnt/d/Dokumenty/slownik-wielki/flask-app/tests/integration/test_academic_domains_form_integration.py, line 213
      @pytest.mark.integration
      def test_academic_domain_view_display(
file /mnt/d/Dokumenty/slownik-wielki/flask-app/tests/integration/test_academic_domains_form_integration.py, line 27
      @pytest.fixture
      def client(self, app: Flask) -> Client:
E       fixture 'app' not found
>       available fixtures: _verify_url, base_url, cache, capfd, capfdbinary, caplog, capsys, capsysbinary, class_mocker, client, cov, dict_service_with_db, doctest_namespace, flask_test_server, mocker, module_mocker, monkeypatch, no_cover, package_mocker, populated_dict_service, pytestconfig, record_property, record_testsuite_property, record_xml_attribute, recwarn, sample_entries, sample_entry, sample_entry_with_pronunciation, session_mocker, temp_lift_file, test_entry_data_entry_level_academic_domain, test_entry_data_multiple_domains, tmp_path, tmp_path_factory, tmpdir, tmpdir_factory
>       use 'pytest --fixtures [testpath]' for help on them.

/mnt/d/Dokumenty/slownik-wielki/flask-app/tests/integration/test_academic_domains_form_integration.py:27
_ ERROR at setup of TestAcademicDomainsFormIntegration.test_form_unicode_academic_domains _
file /mnt/d/Dokumenty/slownik-wielki/flask-app/tests/integration/test_academic_domains_form_integration.py, line 252
      @pytest.mark.integration
      def test_form_unicode_academic_domains(
file /mnt/d/Dokumenty/slownik-wielki/flask-app/tests/integration/test_academic_domains_form_integration.py, line 27
      @pytest.fixture
      def client(self, app: Flask) -> Client:
E       fixture 'app' not found
>       available fixtures: _verify_url, base_url, cache, capfd, capfdbinary, caplog, capsys, capsysbinary, class_mocker, client, cov, dict_service_with_db, doctest_namespace, flask_test_server, mocker, module_mocker, monkeypatch, no_cover, package_mocker, populated_dict_service, pytestconfig, record_property, record_testsuite_property, record_xml_attribute, recwarn, sample_entries, sample_entry, sample_entry_with_pronunciation, session_mocker, temp_lift_file, test_entry_data_entry_level_academic_domain, test_entry_data_multiple_domains, tmp_path, tmp_path_factory, tmpdir, tmpdir_factory
>       use 'pytest --fixtures [testpath]' for help on them.

/mnt/d/Dokumenty/slownik-wielki/flask-app/tests/integration/test_academic_domains_form_integration.py:27
_ ERROR at setup of TestAcademicDomainsFormIntegration.test_academic_domain_form_field_visibility _
file /mnt/d/Dokumenty/slownik-wielki/flask-app/tests/integration/test_academic_domains_form_integration.py, line 282
      @pytest.mark.integration
      def test_academic_domain_form_field_visibility(
file /mnt/d/Dokumenty/slownik-wielki/flask-app/tests/integration/test_academic_domains_form_integration.py, line 27
      @pytest.fixture
      def client(self, app: Flask) -> Client:
E       fixture 'app' not found
>       available fixtures: _verify_url, base_url, cache, capfd, capfdbinary, caplog, capsys, capsysbinary, class_mocker, client, cov, dict_service_with_db, doctest_namespace, flask_test_server, mocker, module_mocker, monkeypatch, no_cover, package_mocker, populated_dict_service, pytestconfig, record_property, record_testsuite_property, record_xml_attribute, recwarn, sample_entries, sample_entry, sample_entry_with_pronunciation, session_mocker, temp_lift_file, test_entry_data_entry_level_academic_domain, test_entry_data_multiple_domains, tmp_path, tmp_path_factory, tmpdir, tmpdir_factory
>       use 'pytest --fixtures [testpath]' for help on them.

/mnt/d/Dokumenty/slownik-wielki/flask-app/tests/integration/test_academic_domains_form_integration.py:27
_ ERROR at setup of TestAcademicDomainsFormIntegration.test_academic_domain_roundtrip_compatibility _
file /mnt/d/Dokumenty/slownik-wielki/flask-app/tests/integration/test_academic_domains_form_integration.py, line 303
      @pytest.mark.integration
      def test_academic_domain_roundtrip_compatibility(
file /mnt/d/Dokumenty/slownik-wielki/flask-app/tests/integration/test_academic_domains_form_integration.py, line 27
      @pytest.fixture
      def client(self, app: Flask) -> Client:
E       fixture 'app' not found
>       available fixtures: _verify_url, base_url, cache, capfd, capfdbinary, caplog, capsys, capsysbinary, class_mocker, client, cov, dict_service_with_db, doctest_namespace, flask_test_server, mocker, module_mocker, monkeypatch, no_cover, package_mocker, populated_dict_service, pytestconfig, record_property, record_testsuite_property, record_xml_attribute, recwarn, sample_entries, sample_entry, sample_entry_with_pronunciation, session_mocker, temp_lift_file, test_entry_data_entry_level_academic_domain, test_entry_data_multiple_domains, tmp_path, tmp_path_factory, tmpdir, tmpdir_factory
>       use 'pytest --fixtures [testpath]' for help on them.

/mnt/d/Dokumenty/slownik-wielki/flask-app/tests/integration/test_academic_domains_form_integration.py:27
_ ERROR at setup of TestAddingDataToEmptyFields.test_adding_definition_to_empty_field _
file /mnt/d/Dokumenty/slownik-wielki/flask-app/tests/integration/test_adding_data_bug.py, line 24
      @pytest.mark.integration
      def test_adding_definition_to_empty_field(self, app: Flask):
E       fixture 'app' not found
>       available fixtures: _verify_url, base_url, cache, capfd, capfdbinary, caplog, capsys, capsysbinary, class_mocker, cov, dict_service_with_db, doctest_namespace, flask_test_server, mocker, module_mocker, monkeypatch, no_cover, package_mocker, populated_dict_service, pytestconfig, record_property, record_testsuite_property, record_xml_attribute, recwarn, sample_entries, sample_entry, sample_entry_with_pronunciation, session_mocker, temp_lift_file, tmp_path, tmp_path_factory, tmpdir, tmpdir_factory
>       use 'pytest --fixtures [testpath]' for help on them.

/mnt/d/Dokumenty/slownik-wielki/flask-app/tests/integration/test_adding_data_bug.py:24
_ ERROR at setup of TestAddingDataToEmptyFields.test_adding_definition_string_vs_dict_format _
file /mnt/d/Dokumenty/slownik-wielki/flask-app/tests/integration/test_adding_data_bug.py, line 91
      @pytest.mark.integration
      def test_adding_definition_string_vs_dict_format(self, app):
E       fixture 'app' not found
>       available fixtures: _verify_url, base_url, cache, capfd, capfdbinary, caplog, capsys, capsysbinary, class_mocker, cov, dict_service_with_db, doctest_namespace, flask_test_server, mocker, module_mocker, monkeypatch, no_cover, package_mocker, populated_dict_service, pytestconfig, record_property, record_testsuite_property, record_xml_attribute, recwarn, sample_entries, sample_entry, sample_entry_with_pronunciation, session_mocker, temp_lift_file, tmp_path, tmp_path_factory, tmpdir, tmpdir_factory
>       use 'pytest --fixtures [testpath]' for help on them.

/mnt/d/Dokumenty/slownik-wielki/flask-app/tests/integration/test_adding_data_bug.py:91
______ ERROR at setup of TestAdvancedCRUD.test_create_entry_duplicate_id _______
E   OSError: Database 'test_e2ed3208' was not found.

During handling of the above exception, another exception occurred:
E   app.utils.exceptions.DatabaseError: Connection failed: Database 'test_e2ed3208' was not found.

During handling of the above exception, another exception occurred:
E   app.utils.exceptions.DatabaseError: Failed to create database 'test_e2ed3208': Connection failed: Database 'test_e2ed3208' was not found.
------------------------------ Captured log setup ------------------------------
ERROR    app.database.basex_connector:basex_connector.py:71 Failed to connect to BaseX: Database 'test_e2ed3208' was not found.
ERROR    app.database.basex_connector:basex_connector.py:71 Failed to connect to BaseX: Database 'test_e2ed3208' was not found.
ERROR    app.database.basex_connector:basex_connector.py:205 Failed to create database 'test_e2ed3208': Connection failed: Database 'test_e2ed3208' was not found.
ERROR    conftest:conftest.py:386 Failed to ensure test database test_e2ed3208: Failed to create database 'test_e2ed3208': Connection failed: Database 'test_e2ed3208' was not found.
____ ERROR at setup of TestAdvancedCRUD.test_create_entry_with_invalid_data ____
E   OSError: Database 'test_112afc24' was not found.

During handling of the above exception, another exception occurred:
E   app.utils.exceptions.DatabaseError: Connection failed: Database 'test_112afc24' was not found.

During handling of the above exception, another exception occurred:
E   app.utils.exceptions.DatabaseError: Failed to create database 'test_112afc24': Connection failed: Database 'test_112afc24' was not found.
------------------------------ Captured log setup ------------------------------
ERROR    app.database.basex_connector:basex_connector.py:71 Failed to connect to BaseX: Database 'test_112afc24' was not found.
ERROR    app.database.basex_connector:basex_connector.py:71 Failed to connect to BaseX: Database 'test_112afc24' was not found.
ERROR    app.database.basex_connector:basex_connector.py:205 Failed to create database 'test_112afc24': Connection failed: Database 'test_112afc24' was not found.
ERROR    conftest:conftest.py:386 Failed to ensure test database test_112afc24: Failed to create database 'test_112afc24': Connection failed: Database 'test_112afc24' was not found.
_ ERROR at setup of TestAdvancedCRUD.test_create_entry_with_complex_structure __
E   OSError: Database 'test_e7f13957' was not found.

During handling of the above exception, another exception occurred:
E   app.utils.exceptions.DatabaseError: Connection failed: Database 'test_e7f13957' was not found.

During handling of the above exception, another exception occurred:
E   app.utils.exceptions.DatabaseError: Failed to create database 'test_e7f13957': Connection failed: Database 'test_e7f13957' was not found.
------------------------------ Captured log setup ------------------------------
ERROR    app.database.basex_connector:basex_connector.py:71 Failed to connect to BaseX: Database 'test_e7f13957' was not found.
ERROR    app.database.basex_connector:basex_connector.py:71 Failed to connect to BaseX: Database 'test_e7f13957' was not found.
ERROR    app.database.basex_connector:basex_connector.py:205 Failed to create database 'test_e7f13957': Connection failed: Database 'test_e7f13957' was not found.
ERROR    conftest:conftest.py:386 Failed to ensure test database test_e7f13957: Failed to create database 'test_e7f13957': Connection failed: Database 'test_e7f13957' was not found.
_______ ERROR at setup of TestAdvancedCRUD.test_update_nonexistent_entry _______
E   OSError: Database 'test_3206c594' was not found.

During handling of the above exception, another exception occurred:
E   app.utils.exceptions.DatabaseError: Connection failed: Database 'test_3206c594' was not found.

During handling of the above exception, another exception occurred:
E   app.utils.exceptions.DatabaseError: Failed to create database 'test_3206c594': Connection failed: Database 'test_3206c594' was not found.
------------------------------ Captured log setup ------------------------------
ERROR    app.database.basex_connector:basex_connector.py:71 Failed to connect to BaseX: Database 'test_3206c594' was not found.
ERROR    app.database.basex_connector:basex_connector.py:71 Failed to connect to BaseX: Database 'test_3206c594' was not found.
ERROR    app.database.basex_connector:basex_connector.py:205 Failed to create database 'test_3206c594': Connection failed: Database 'test_3206c594' was not found.
ERROR    conftest:conftest.py:386 Failed to ensure test database test_3206c594: Failed to create database 'test_3206c594': Connection failed: Database 'test_3206c594' was not found.
_______ ERROR at setup of TestAdvancedCRUD.test_delete_nonexistent_entry _______
E   OSError: Database 'test_559bc3d2' was not found.

During handling of the above exception, another exception occurred:
E   app.utils.exceptions.DatabaseError: Connection failed: Database 'test_559bc3d2' was not found.

During handling of the above exception, another exception occurred:
E   app.utils.exceptions.DatabaseError: Failed to create database 'test_559bc3d2': Connection failed: Database 'test_559bc3d2' was not found.
------------------------------ Captured log setup ------------------------------
ERROR    app.database.basex_connector:basex_connector.py:71 Failed to connect to BaseX: Database 'test_559bc3d2' was not found.
ERROR    app.database.basex_connector:basex_connector.py:71 Failed to connect to BaseX: Database 'test_559bc3d2' was not found.
ERROR    app.database.basex_connector:basex_connector.py:205 Failed to create database 'test_559bc3d2': Connection failed: Database 'test_559bc3d2' was not found.
ERROR    conftest:conftest.py:386 Failed to ensure test database test_559bc3d2: Failed to create database 'test_559bc3d2': Connection failed: Database 'test_559bc3d2' was not found.
________ ERROR at setup of TestAdvancedCRUD.test_create_or_update_entry ________
E   OSError: Database 'test_d1b89bdc' was not found.

During handling of the above exception, another exception occurred:
E   app.utils.exceptions.DatabaseError: Connection failed: Database 'test_d1b89bdc' was not found.

During handling of the above exception, another exception occurred:
E   app.utils.exceptions.DatabaseError: Failed to create database 'test_d1b89bdc': Connection failed: Database 'test_d1b89bdc' was not found.
------------------------------ Captured log setup ------------------------------
ERROR    app.database.basex_connector:basex_connector.py:71 Failed to connect to BaseX: Database 'test_d1b89bdc' was not found.
ERROR    app.database.basex_connector:basex_connector.py:71 Failed to connect to BaseX: Database 'test_d1b89bdc' was not found.
ERROR    app.database.basex_connector:basex_connector.py:205 Failed to create database 'test_d1b89bdc': Connection failed: Database 'test_d1b89bdc' was not found.
ERROR    conftest:conftest.py:386 Failed to ensure test database test_d1b89bdc: Failed to create database 'test_d1b89bdc': Connection failed: Database 'test_d1b89bdc' was not found.
___________ ERROR at setup of TestAdvancedCRUD.test_related_entries ____________
E   OSError: Database 'test_7d1af539' was not found.

During handling of the above exception, another exception occurred:
E   app.utils.exceptions.DatabaseError: Connection failed: Database 'test_7d1af539' was not found.

During handling of the above exception, another exception occurred:
E   app.utils.exceptions.DatabaseError: Failed to create database 'test_7d1af539': Connection failed: Database 'test_7d1af539' was not found.
------------------------------ Captured log setup ------------------------------
ERROR    app.database.basex_connector:basex_connector.py:71 Failed to connect to BaseX: Database 'test_7d1af539' was not found.
ERROR    app.database.basex_connector:basex_connector.py:71 Failed to connect to BaseX: Database 'test_7d1af539' was not found.
ERROR    app.database.basex_connector:basex_connector.py:205 Failed to create database 'test_7d1af539': Connection failed: Database 'test_7d1af539' was not found.
ERROR    conftest:conftest.py:386 Failed to ensure test database test_7d1af539: Failed to create database 'test_7d1af539': Connection failed: Database 'test_7d1af539' was not found.
_____ ERROR at setup of TestAdvancedCRUD.test_entries_by_grammatical_info ______
E   OSError: Database 'test_14262320' was not found.

During handling of the above exception, another exception occurred:
E   app.utils.exceptions.DatabaseError: Connection failed: Database 'test_14262320' was not found.

During handling of the above exception, another exception occurred:
E   app.utils.exceptions.DatabaseError: Failed to create database 'test_14262320': Connection failed: Database 'test_14262320' was not found.
------------------------------ Captured log setup ------------------------------
ERROR    app.database.basex_connector:basex_connector.py:71 Failed to connect to BaseX: Database 'test_14262320' was not found.
ERROR    app.database.basex_connector:basex_connector.py:71 Failed to connect to BaseX: Database 'test_14262320' was not found.
ERROR    app.database.basex_connector:basex_connector.py:205 Failed to create database 'test_14262320': Connection failed: Database 'test_14262320' was not found.
ERROR    conftest:conftest.py:386 Failed to ensure test database test_14262320: Failed to create database 'test_14262320': Connection failed: Database 'test_14262320' was not found.
_ ERROR at setup of TestAllRangesDropdownsPlaywright.test_grammatical_info_dropdown_populated _
file /mnt/d/Dokumenty/slownik-wielki/flask-app/tests/integration/test_all_ranges_dropdowns_playwright.py, line 21
      def test_grammatical_info_dropdown_populated(self, playwright_page: Page, live_server, basex_test_connector):
E       fixture 'playwright_page' not found
>       available fixtures: _verify_url, base_url, cache, capfd, capfdbinary, caplog, capsys, capsysbinary, class_mocker, cov, dict_service_with_db, doctest_namespace, flask_test_server, mocker, module_mocker, monkeypatch, no_cover, package_mocker, populated_dict_service, pytestconfig, record_property, record_testsuite_property, record_xml_attribute, recwarn, sample_entries, sample_entry, sample_entry_with_pronunciation, session_mocker, temp_lift_file, tmp_path, tmp_path_factory, tmpdir, tmpdir_factory
>       use 'pytest --fixtures [testpath]' for help on them.

/mnt/d/Dokumenty/slownik-wielki/flask-app/tests/integration/test_all_ranges_dropdowns_playwright.py:21
_ ERROR at setup of TestAllRangesDropdownsPlaywright.test_academic_domain_dropdown_populated _
file /mnt/d/Dokumenty/slownik-wielki/flask-app/tests/integration/test_all_ranges_dropdowns_playwright.py, line 47
      def test_academic_domain_dropdown_populated(self, playwright_page: Page, live_server, basex_test_connector):
E       fixture 'playwright_page' not found
>       available fixtures: _verify_url, base_url, cache, capfd, capfdbinary, caplog, capsys, capsysbinary, class_mocker, cov, dict_service_with_db, doctest_namespace, flask_test_server, mocker, module_mocker, monkeypatch, no_cover, package_mocker, populated_dict_service, pytestconfig, record_property, record_testsuite_property, record_xml_attribute, recwarn, sample_entries, sample_entry, sample_entry_with_pronunciation, session_mocker, temp_lift_file, tmp_path, tmp_path_factory, tmpdir, tmpdir_factory
>       use 'pytest --fixtures [testpath]' for help on them.

/mnt/d/Dokumenty/slownik-wielki/flask-app/tests/integration/test_all_ranges_dropdowns_playwright.py:47
_ ERROR at setup of TestAllRangesDropdownsPlaywright.test_semantic_domain_dropdown_populated _
file /mnt/d/Dokumenty/slownik-wielki/flask-app/tests/integration/test_all_ranges_dropdowns_playwright.py, line 86
      def test_semantic_domain_dropdown_populated(self, playwright_page: Page, live_server, basex_test_connector):
E       fixture 'playwright_page' not found
>       available fixtures: _verify_url, base_url, cache, capfd, capfdbinary, caplog, capsys, capsysbinary, class_mocker, cov, dict_service_with_db, doctest_namespace, flask_test_server, mocker, module_mocker, monkeypatch, no_cover, package_mocker, populated_dict_service, pytestconfig, record_property, record_testsuite_property, record_xml_attribute, recwarn, sample_entries, sample_entry, sample_entry_with_pronunciation, session_mocker, temp_lift_file, tmp_path, tmp_path_factory, tmpdir, tmpdir_factory
>       use 'pytest --fixtures [testpath]' for help on them.

/mnt/d/Dokumenty/slownik-wielki/flask-app/tests/integration/test_all_ranges_dropdowns_playwright.py:86
_ ERROR at setup of TestAllRangesDropdownsPlaywright.test_usage_type_dropdown_populated _
file /mnt/d/Dokumenty/slownik-wielki/flask-app/tests/integration/test_all_ranges_dropdowns_playwright.py, line 124
      def test_usage_type_dropdown_populated(self, playwright_page: Page, live_server, basex_test_connector):
E       fixture 'playwright_page' not found
>       available fixtures: _verify_url, base_url, cache, capfd, capfdbinary, caplog, capsys, capsysbinary, class_mocker, cov, dict_service_with_db, doctest_namespace, flask_test_server, mocker, module_mocker, monkeypatch, no_cover, package_mocker, populated_dict_service, pytestconfig, record_property, record_testsuite_property, record_xml_attribute, recwarn, sample_entries, sample_entry, sample_entry_with_pronunciation, session_mocker, temp_lift_file, tmp_path, tmp_path_factory, tmpdir, tmpdir_factory
>       use 'pytest --fixtures [testpath]' for help on them.

/mnt/d/Dokumenty/slownik-wielki/flask-app/tests/integration/test_all_ranges_dropdowns_playwright.py:124
_ ERROR at setup of TestAllRangesDropdownsPlaywright.test_all_ranges_api_accessible _
file /mnt/d/Dokumenty/slownik-wielki/flask-app/tests/integration/test_all_ranges_dropdowns_playwright.py, line 162
      def test_all_ranges_api_accessible(self, playwright_page: Page, live_server, basex_test_connector):
E       fixture 'playwright_page' not found
>       available fixtures: _verify_url, base_url, cache, capfd, capfdbinary, caplog, capsys, capsysbinary, class_mocker, cov, dict_service_with_db, doctest_namespace, flask_test_server, mocker, module_mocker, monkeypatch, no_cover, package_mocker, populated_dict_service, pytestconfig, record_property, record_testsuite_property, record_xml_attribute, recwarn, sample_entries, sample_entry, sample_entry_with_pronunciation, session_mocker, temp_lift_file, tmp_path, tmp_path_factory, tmpdir, tmpdir_factory
>       use 'pytest --fixtures [testpath]' for help on them.

/mnt/d/Dokumenty/slownik-wielki/flask-app/tests/integration/test_all_ranges_dropdowns_playwright.py:162
_ ERROR at setup of TestAllRangesDropdownsPlaywright.test_dynamic_lift_range_initialization _
file /mnt/d/Dokumenty/slownik-wielki/flask-app/tests/integration/test_all_ranges_dropdowns_playwright.py, line 208
      def test_dynamic_lift_range_initialization(self, playwright_page: Page, live_server, basex_test_connector):
E       fixture 'playwright_page' not found
>       available fixtures: _verify_url, base_url, cache, capfd, capfdbinary, caplog, capsys, capsysbinary, class_mocker, cov, dict_service_with_db, doctest_namespace, flask_test_server, mocker, module_mocker, monkeypatch, no_cover, package_mocker, populated_dict_service, pytestconfig, record_property, record_testsuite_property, record_xml_attribute, recwarn, sample_entries, sample_entry, sample_entry_with_pronunciation, session_mocker, temp_lift_file, tmp_path, tmp_path_factory, tmpdir, tmpdir_factory
>       use 'pytest --fixtures [testpath]' for help on them.

/mnt/d/Dokumenty/slownik-wielki/flask-app/tests/integration/test_all_ranges_dropdowns_playwright.py:208
_ ERROR at setup of TestAnnotationsPlaywright.test_add_entry_level_annotation __
file /mnt/d/Dokumenty/slownik-wielki/flask-app/tests/integration/test_annotations_playwright.py, line 45
      def test_add_entry_level_annotation(self, page: Page) -> None:
file /mnt/d/Dokumenty/slownik-wielki/flask-app/tests/integration/test_annotations_playwright.py, line 31
      @pytest.fixture(autouse=True)
      def setup_test_entry(self, page: Page) -> None:
E       fixture 'page' not found
>       available fixtures: _verify_url, base_url, cache, capfd, capfdbinary, caplog, capsys, capsysbinary, class_mocker, cov, dict_service_with_db, doctest_namespace, flask_test_server, mocker, module_mocker, monkeypatch, no_cover, package_mocker, populated_dict_service, pytestconfig, record_property, record_testsuite_property, record_xml_attribute, recwarn, sample_entries, sample_entry, sample_entry_with_pronunciation, session_mocker, setup_test_entry, temp_lift_file, tmp_path, tmp_path_factory, tmpdir, tmpdir_factory
>       use 'pytest --fixtures [testpath]' for help on them.

/mnt/d/Dokumenty/slownik-wielki/flask-app/tests/integration/test_annotations_playwright.py:31
_ ERROR at setup of TestAnnotationsPlaywright.test_remove_entry_level_annotation _
file /mnt/d/Dokumenty/slownik-wielki/flask-app/tests/integration/test_annotations_playwright.py, line 81
      def test_remove_entry_level_annotation(self, page: Page) -> None:
file /mnt/d/Dokumenty/slownik-wielki/flask-app/tests/integration/test_annotations_playwright.py, line 31
      @pytest.fixture(autouse=True)
      def setup_test_entry(self, page: Page) -> None:
E       fixture 'page' not found
>       available fixtures: _verify_url, base_url, cache, capfd, capfdbinary, caplog, capsys, capsysbinary, class_mocker, cov, dict_service_with_db, doctest_namespace, flask_test_server, mocker, module_mocker, monkeypatch, no_cover, package_mocker, populated_dict_service, pytestconfig, record_property, record_testsuite_property, record_xml_attribute, recwarn, sample_entries, sample_entry, sample_entry_with_pronunciation, session_mocker, setup_test_entry, temp_lift_file, tmp_path, tmp_path_factory, tmpdir, tmpdir_factory
>       use 'pytest --fixtures [testpath]' for help on them.

/mnt/d/Dokumenty/slownik-wielki/flask-app/tests/integration/test_annotations_playwright.py:31
_ ERROR at setup of TestAnnotationsPlaywright.test_add_sense_level_annotation __
file /mnt/d/Dokumenty/slownik-wielki/flask-app/tests/integration/test_annotations_playwright.py, line 102
      def test_add_sense_level_annotation(self, page: Page) -> None:
file /mnt/d/Dokumenty/slownik-wielki/flask-app/tests/integration/test_annotations_playwright.py, line 31
      @pytest.fixture(autouse=True)
      def setup_test_entry(self, page: Page) -> None:
E       fixture 'page' not found
>       available fixtures: _verify_url, base_url, cache, capfd, capfdbinary, caplog, capsys, capsysbinary, class_mocker, cov, dict_service_with_db, doctest_namespace, flask_test_server, mocker, module_mocker, monkeypatch, no_cover, package_mocker, populated_dict_service, pytestconfig, record_property, record_testsuite_property, record_xml_attribute, recwarn, sample_entries, sample_entry, sample_entry_with_pronunciation, session_mocker, setup_test_entry, temp_lift_file, tmp_path, tmp_path_factory, tmpdir, tmpdir_factory
>       use 'pytest --fixtures [testpath]' for help on them.

/mnt/d/Dokumenty/slownik-wielki/flask-app/tests/integration/test_annotations_playwright.py:31
_ ERROR at setup of TestAnnotationsPlaywright.test_remove_sense_level_annotation _
file /mnt/d/Dokumenty/slownik-wielki/flask-app/tests/integration/test_annotations_playwright.py, line 136
      def test_remove_sense_level_annotation(self, page: Page) -> None:
file /mnt/d/Dokumenty/slownik-wielki/flask-app/tests/integration/test_annotations_playwright.py, line 31
      @pytest.fixture(autouse=True)
      def setup_test_entry(self, page: Page) -> None:
E       fixture 'page' not found
>       available fixtures: _verify_url, base_url, cache, capfd, capfdbinary, caplog, capsys, capsysbinary, class_mocker, cov, dict_service_with_db, doctest_namespace, flask_test_server, mocker, module_mocker, monkeypatch, no_cover, package_mocker, populated_dict_service, pytestconfig, record_property, record_testsuite_property, record_xml_attribute, recwarn, sample_entries, sample_entry, sample_entry_with_pronunciation, session_mocker, setup_test_entry, temp_lift_file, tmp_path, tmp_path_factory, tmpdir, tmpdir_factory
>       use 'pytest --fixtures [testpath]' for help on them.

/mnt/d/Dokumenty/slownik-wielki/flask-app/tests/integration/test_annotations_playwright.py:31
=================================== FAILURES ===================================
/mnt/d/Dokumenty/slownik-wielki/flask-app/tests/integration/test_annotations_integration.py:36: AttributeError: 'LIFTParser' object has no attribute 'generate_lift_xml'. Did you mean: 'generate_lift_file'?
/mnt/d/Dokumenty/slownik-wielki/flask-app/tests/integration/test_annotations_integration.py:82: AttributeError: 'LIFTParser' object has no attribute 'generate_lift_xml'. Did you mean: 'generate_lift_file'?
/mnt/d/Dokumenty/slownik-wielki/flask-app/tests/integration/test_annotations_integration.py:128: AttributeError: 'LIFTParser' object has no attribute 'generate_lift_xml'. Did you mean: 'generate_lift_file'?
/mnt/d/Dokumenty/slownik-wielki/flask-app/tests/integration/test_annotations_integration.py:161: AttributeError: 'LIFTParser' object has no attribute 'generate_lift_xml'. Did you mean: 'generate_lift_file'?
/mnt/d/Dokumenty/slownik-wielki/flask-app/tests/integration/test_annotations_integration.py:195: AttributeError: 'LIFTParser' object has no attribute 'generate_lift_xml'. Did you mean: 'generate_lift_file'?
/mnt/d/Dokumenty/slownik-wielki/flask-app/tests/integration/test_annotations_integration.py:260: AttributeError: 'LIFTParser' object has no attribute 'generate_lift_xml'. Did you mean: 'generate_lift_file'?
/mnt/d/Dokumenty/slownik-wielki/flask-app/tests/integration/test_annotations_integration.py:295: AttributeError: 'LIFTParser' object has no attribute 'generate_lift_xml'. Did you mean: 'generate_lift_file'?
/mnt/d/Dokumenty/slownik-wielki/flask-app/tests/integration/test_annotations_integration.py:349: AttributeError: 'LIFTParser' object has no attribute 'generate_lift_xml'. Did you mean: 'generate_lift_file'?
=========================== short test summary info ============================
FAILED tests/integration/test_annotations_integration.py::TestAnnotationsIntegration::test_entry_level_annotation_persistence
FAILED tests/integration/test_annotations_integration.py::TestAnnotationsIntegration::test_sense_level_annotation_persistence
FAILED tests/integration/test_annotations_integration.py::TestAnnotationsIntegration::test_multiple_annotations_per_element
FAILED tests/integration/test_annotations_integration.py::TestAnnotationsIntegration::test_annotation_with_multitext_content
FAILED tests/integration/test_annotations_integration.py::TestAnnotationsIntegration::test_annotation_minimal_structure
FAILED tests/integration/test_annotations_integration.py::TestAnnotationsIntegration::test_mixed_entry_and_sense_annotations
FAILED tests/integration/test_annotations_integration.py::TestAnnotationsIntegration::test_annotation_common_workflow_names
FAILED tests/integration/test_annotations_integration.py::TestAnnotationsIntegration::test_empty_annotations_list
ERROR tests/integration/test_academic_domains_crud.py::TestAcademicDomainsIntegration::test_create_entry_with_entry_level_academic_domain
ERROR tests/integration/test_academic_domains_crud.py::TestAcademicDomainsIntegration::test_create_entry_with_sense_level_academic_domain
ERROR tests/integration/test_academic_domains_crud.py::TestAcademicDomainsIntegration::test_create_entry_with_both_entry_and_sense_academic_domains
ERROR tests/integration/test_academic_domains_crud.py::TestAcademicDomainsIntegration::test_update_entry_academic_domain
ERROR tests/integration/test_academic_domains_crud.py::TestAcademicDomainsIntegration::test_update_sense_academic_domain
ERROR tests/integration/test_academic_domains_crud.py::TestAcademicDomainsIntegration::test_retrieve_entries_by_academic_domain
ERROR tests/integration/test_academic_domains_crud.py::TestAcademicDomainsIntegration::test_delete_entry_with_academic_domain
ERROR tests/integration/test_academic_domains_crud.py::TestAcademicDomainsIntegration::test_create_entry_without_academic_domain
ERROR tests/integration/test_academic_domains_crud.py::TestAcademicDomainsIntegration::test_create_entry_with_empty_academic_domain
ERROR tests/integration/test_academic_domains_crud.py::TestAcademicDomainsIntegration::test_multiple_senses_different_academic_domains
ERROR tests/integration/test_academic_domains_crud.py::TestAcademicDomainsIntegration::test_unicode_academic_domain_handling
ERROR tests/integration/test_academic_domains_crud.py::TestAcademicDomainsIntegration::test_academic_domain_serialization_roundtrip
ERROR tests/integration/test_academic_domains_crud.py::TestAcademicDomainsIntegration::test_form_data_processing_academic_domain
ERROR tests/integration/test_academic_domains_form_integration.py::TestAcademicDomainsFormIntegration::test_form_submission_entry_level_academic_domain
ERROR tests/integration/test_academic_domains_form_integration.py::TestAcademicDomainsFormIntegration::test_form_submission_multiple_academic_domains
ERROR tests/integration/test_academic_domains_form_integration.py::TestAcademicDomainsFormIntegration::test_form_edit_entry_remove_academic_domain
ERROR tests/integration/test_academic_domains_form_integration.py::TestAcademicDomainsFormIntegration::test_form_edit_entry_add_academic_domain
ERROR tests/integration/test_academic_domains_form_integration.py::TestAcademicDomainsFormIntegration::test_form_validation_invalid_academic_domain
ERROR tests/integration/test_academic_domains_form_integration.py::TestAcademicDomainsFormIntegration::test_academic_domain_view_display
ERROR tests/integration/test_academic_domains_form_integration.py::TestAcademicDomainsFormIntegration::test_form_unicode_academic_domains
ERROR tests/integration/test_academic_domains_form_integration.py::TestAcademicDomainsFormIntegration::test_academic_domain_form_field_visibility
ERROR tests/integration/test_academic_domains_form_integration.py::TestAcademicDomainsFormIntegration::test_academic_domain_roundtrip_compatibility
ERROR tests/integration/test_adding_data_bug.py::TestAddingDataToEmptyFields::test_adding_definition_to_empty_field
ERROR tests/integration/test_adding_data_bug.py::TestAddingDataToEmptyFields::test_adding_definition_string_vs_dict_format
ERROR tests/integration/test_advanced_crud.py::TestAdvancedCRUD::test_create_entry_duplicate_id
ERROR tests/integration/test_advanced_crud.py::TestAdvancedCRUD::test_create_entry_with_invalid_data
ERROR tests/integration/test_advanced_crud.py::TestAdvancedCRUD::test_create_entry_with_complex_structure
ERROR tests/integration/test_advanced_crud.py::TestAdvancedCRUD::test_update_nonexistent_entry
ERROR tests/integration/test_advanced_crud.py::TestAdvancedCRUD::test_delete_nonexistent_entry
ERROR tests/integration/test_advanced_crud.py::TestAdvancedCRUD::test_create_or_update_entry
ERROR tests/integration/test_advanced_crud.py::TestAdvancedCRUD::test_related_entries
ERROR tests/integration/test_advanced_crud.py::TestAdvancedCRUD::test_entries_by_grammatical_info
ERROR tests/integration/test_all_ranges_dropdowns_playwright.py::TestAllRangesDropdownsPlaywright::test_grammatical_info_dropdown_populated
ERROR tests/integration/test_all_ranges_dropdowns_playwright.py::TestAllRangesDropdownsPlaywright::test_academic_domain_dropdown_populated
ERROR tests/integration/test_all_ranges_dropdowns_playwright.py::TestAllRangesDropdownsPlaywright::test_semantic_domain_dropdown_populated
ERROR tests/integration/test_all_ranges_dropdowns_playwright.py::TestAllRangesDropdownsPlaywright::test_usage_type_dropdown_populated
ERROR tests/integration/test_all_ranges_dropdowns_playwright.py::TestAllRangesDropdownsPlaywright::test_all_ranges_api_accessible
ERROR tests/integration/test_all_ranges_dropdowns_playwright.py::TestAllRangesDropdownsPlaywright::test_dynamic_lift_range_initialization
ERROR tests/integration/test_annotations_playwright.py::TestAnnotationsPlaywright::test_add_entry_level_annotation
ERROR tests/integration/test_annotations_playwright.py::TestAnnotationsPlaywright::test_remove_entry_level_annotation
ERROR tests/integration/test_annotations_playwright.py::TestAnnotationsPlaywright::test_add_sense_level_annotation
ERROR tests/integration/test_annotations_playwright.py::TestAnnotationsPlaywright::test_remove_sense_level_annotation
!!!!!!!!!!!!!!!!!!!!!!!!!! stopping after 50 failures !!!!!!!!!!!!!!!!!!!!!!!!!!
=================== 8 failed, 2 passed, 42 errors in 36.37s ====================
