============================= test session starts ==============================
platform linux -- Python 3.10.12, pytest-7.4.0, pluggy-1.6.0 -- /mnt/d/Dokumenty/slownik-wielki/flask-app/.venv/bin/python
rootdir: /mnt/d/Dokumenty/slownik-wielki/flask-app
configfile: pytest.ini
plugins: base-url-2.1.0, cov-4.1.0, mock-3.11.1, playwright-0.5.0
collecting ... collected 1192 items / 14 deselected / 1178 selected

tests/integration/test_settings_page_playwright.py::TestSettingsPageUX::test_source_language_selection_functionality[chromium] PASSED [  0%]
tests/integration/test_settings_page_playwright.py::TestSettingsPageUX::test_target_languages_interface_exists[chromium] PASSED [  0%]
tests/integration/test_settings_page_playwright.py::TestSettingsPageUX::test_form_submission_works[chromium] PASSED [  0%]
tests/integration/test_settings_page_playwright.py::TestSettingsPageUX::test_current_settings_display[chromium] FAILED [  0%]
tests/integration/test_settings_page_playwright.py::TestSettingsLanguageUXRequirements::test_multiple_target_languages_can_be_selected[chromium] FAILED [  0%]
tests/integration/test_settings_page_playwright.py::TestSettingsLanguageUXRequirements::test_language_options_are_comprehensive[chromium] FAILED [  0%]
tests/integration/test_settings_page_playwright.py::TestSettingsLanguageUXRequirements::test_language_selection_updates_json_storage[chromium] FAILED [  0%]
tests/integration/test_settings_page_playwright.py::TestSettingsLanguageUXRequirements::test_settings_affect_entry_form_language_options[chromium] FAILED [  0%]
tests/integration/test_settings_page_playwright.py::TestSettingsLanguageUXRequirements::test_language_validation_and_warnings[chromium] FAILED [  0%]
tests/integration/test_validation_playwright.py::test_validation_respects_project_settings[chromium] PASSED [  0%]
tests/integration/test_validation_playwright.py::test_empty_source_language_definition_allowed[chromium] PASSED [  0%]
tests/integration/test_validation_playwright.py::test_ipa_character_validation[chromium] PASSED [  1%]
tests/integration/test_academic_domains_crud.py::TestAcademicDomainsIntegration::test_create_entry_with_entry_level_academic_domain PASSED [  1%]
tests/integration/test_academic_domains_crud.py::TestAcademicDomainsIntegration::test_create_entry_with_sense_level_academic_domain PASSED [  1%]
tests/integration/test_academic_domains_crud.py::TestAcademicDomainsIntegration::test_create_entry_with_both_entry_and_sense_academic_domains PASSED [  1%]
tests/integration/test_academic_domains_crud.py::TestAcademicDomainsIntegration::test_update_entry_academic_domain PASSED [  1%]
tests/integration/test_academic_domains_crud.py::TestAcademicDomainsIntegration::test_update_sense_academic_domain PASSED [  1%]
tests/integration/test_academic_domains_crud.py::TestAcademicDomainsIntegration::test_retrieve_entries_by_academic_domain PASSED [  1%]
tests/integration/test_academic_domains_crud.py::TestAcademicDomainsIntegration::test_delete_entry_with_academic_domain PASSED [  1%]
tests/integration/test_academic_domains_crud.py::TestAcademicDomainsIntegration::test_create_entry_without_academic_domain PASSED [  1%]
tests/integration/test_academic_domains_crud.py::TestAcademicDomainsIntegration::test_create_entry_with_empty_academic_domain PASSED [  1%]
tests/integration/test_academic_domains_crud.py::TestAcademicDomainsIntegration::test_multiple_senses_different_academic_domains PASSED [  1%]
tests/integration/test_academic_domains_crud.py::TestAcademicDomainsIntegration::test_unicode_academic_domain_handling PASSED [  1%]
tests/integration/test_academic_domains_crud.py::TestAcademicDomainsIntegration::test_academic_domain_serialization_roundtrip PASSED [  2%]
tests/integration/test_academic_domains_crud.py::TestAcademicDomainsIntegration::test_form_data_processing_academic_domain PASSED [  2%]
tests/integration/test_academic_domains_form_integration.py::TestAcademicDomainsFormIntegration::test_form_submission_entry_level_academic_domain PASSED [  2%]
tests/integration/test_academic_domains_form_integration.py::TestAcademicDomainsFormIntegration::test_form_submission_multiple_academic_domains PASSED [  2%]
tests/integration/test_academic_domains_form_integration.py::TestAcademicDomainsFormIntegration::test_form_edit_entry_remove_academic_domain PASSED [  2%]
tests/integration/test_academic_domains_form_integration.py::TestAcademicDomainsFormIntegration::test_form_edit_entry_add_academic_domain PASSED [  2%]
tests/integration/test_academic_domains_form_integration.py::TestAcademicDomainsFormIntegration::test_form_validation_invalid_academic_domain PASSED [  2%]
tests/integration/test_academic_domains_form_integration.py::TestAcademicDomainsFormIntegration::test_academic_domain_view_display PASSED [  2%]
tests/integration/test_academic_domains_form_integration.py::TestAcademicDomainsFormIntegration::test_form_unicode_academic_domains PASSED [  2%]
tests/integration/test_academic_domains_form_integration.py::TestAcademicDomainsFormIntegration::test_academic_domain_form_field_visibility PASSED [  2%]
tests/integration/test_academic_domains_form_integration.py::TestAcademicDomainsFormIntegration::test_academic_domain_roundtrip_compatibility PASSED [  2%]
tests/integration/test_adding_data_bug.py::TestAddingDataToEmptyFields::test_adding_definition_to_empty_field PASSED [  2%]
tests/integration/test_adding_data_bug.py::TestAddingDataToEmptyFields::test_adding_definition_string_vs_dict_format PASSED [  3%]
tests/integration/test_advanced_crud.py::TestAdvancedCRUD::test_create_entry_duplicate_id PASSED [  3%]
tests/integration/test_advanced_crud.py::TestAdvancedCRUD::test_create_entry_with_invalid_data PASSED [  3%]
tests/integration/test_advanced_crud.py::TestAdvancedCRUD::test_create_entry_with_complex_structure PASSED [  3%]
tests/integration/test_advanced_crud.py::TestAdvancedCRUD::test_update_nonexistent_entry PASSED [  3%]
tests/integration/test_advanced_crud.py::TestAdvancedCRUD::test_delete_nonexistent_entry PASSED [  3%]
tests/integration/test_advanced_crud.py::TestAdvancedCRUD::test_create_or_update_entry PASSED [  3%]
tests/integration/test_advanced_crud.py::TestAdvancedCRUD::test_related_entries PASSED [  3%]
tests/integration/test_advanced_crud.py::TestAdvancedCRUD::test_entries_by_grammatical_info PASSED [  3%]
tests/integration/test_api_caching_improvements.py::TestAPICachingImprovements::test_dashboard_api_caching_behavior PASSED [  3%]
tests/integration/test_api_caching_improvements.py::TestAPICachingImprovements::test_entries_api_caching_improvements PASSED [  3%]
tests/integration/test_api_caching_improvements.py::TestAPICachingImprovements::test_cache_clear_functionality PASSED [  3%]
tests/integration/test_api_caching_improvements.py::TestAPICachingImprovements::test_api_error_handling_with_cache PASSED [  4%]
tests/integration/test_api_caching_improvements.py::TestAPICachingImprovements::test_corpus_stats_api_caching PASSED [  4%]
tests/integration/test_api_comprehensive.py::TestEntriesAPI::test_entries_list_with_pagination PASSED [  4%]
tests/integration/test_api_comprehensive.py::TestEntriesAPI::test_entries_list_invalid_pagination PASSED [  4%]
tests/integration/test_api_comprehensive.py::TestEntriesAPI::test_entries_get_single_not_found PASSED [  4%]
tests/integration/test_api_comprehensive.py::TestEntriesAPI::test_entries_create_validation_error FAILED [  4%]
tests/integration/test_api_comprehensive.py::TestEntriesAPI::test_entries_create_invalid_json PASSED [  4%]
tests/integration/test_api_comprehensive.py::TestEntriesAPI::test_entries_update_not_found PASSED [  4%]
tests/integration/test_api_comprehensive.py::TestEntriesAPI::test_entries_delete_not_found PASSED [  4%]
tests/integration/test_api_comprehensive.py::TestSearchAPI::test_search_with_all_parameters PASSED [  4%]
tests/integration/test_api_comprehensive.py::TestSearchAPI::test_search_empty_query PASSED [  4%]
tests/integration/test_api_comprehensive.py::TestSearchAPI::test_search_database_error PASSED [  5%]
tests/integration/test_api_comprehensive.py::TestSearchAPI::test_search_invalid_limit PASSED [  5%]
tests/integration/test_api_comprehensive.py::TestSearchAPI::test_search_invalid_offset PASSED [  5%]
tests/integration/test_api_comprehensive.py::TestValidationAPI::test_validation_check_valid_entry PASSED [  5%]
tests/integration/test_api_comprehensive.py::TestValidationAPI::test_validation_check_invalid_entry PASSED [  5%]
tests/integration/test_api_comprehensive.py::TestValidationAPI::test_validation_check_invalid_json PASSED [  5%]
tests/integration/test_api_comprehensive.py::TestValidationAPI::test_validation_batch_success PASSED [  5%]
tests/integration/test_api_comprehensive.py::TestValidationAPI::test_validation_batch_missing_entries PASSED [  5%]
tests/integration/test_api_comprehensive.py::TestValidationAPI::test_validation_schema_success PASSED [  5%]
tests/integration/test_api_comprehensive.py::TestValidationAPI::test_validation_rules_success PASSED [  5%]
tests/integration/test_api_entries_fix.py::test_list_entries_displays_definitions_correctly PASSED [  5%]
tests/integration/test_api_integration.py::TestAPIIntegration::test_api_entries_get_list PASSED [  5%]
tests/integration/test_api_integration.py::TestAPIIntegration::test_api_entries_get_single PASSED [  6%]
tests/integration/test_api_integration.py::TestAPIIntegration::test_api_entries_get_single_detailed PASSED [  6%]
tests/integration/test_api_integration.py::TestAPIIntegration::test_api_entries_create PASSED [  6%]
tests/integration/test_api_integration.py::TestAPIIntegration::test_api_entries_update PASSED [  6%]
tests/integration/test_api_integration.py::TestAPIIntegration::test_api_entries_delete PASSED [  6%]
tests/integration/test_api_integration.py::TestAPIIntegration::test_api_search PASSED [  6%]
tests/integration/test_api_integration.py::TestAPIIntegration::test_api_export_lift PASSED [  6%]
tests/integration/test_api_integration.py::TestAPIIntegration::test_api_validation_check PASSED [  6%]
tests/integration/test_api_integration.py::TestAPIIntegration::test_api_error_handling PASSED [  6%]
tests/integration/test_api_integration.py::TestExporterIntegration::test_kindle_exporter_integration PASSED [  6%]
tests/integration/test_api_integration.py::TestExporterIntegration::test_sqlite_exporter_integration PASSED [  6%]
tests/integration/test_api_integration.py::TestEnhancedParserIntegration::test_enhanced_lift_parser_parsing PASSED [  6%]
tests/integration/test_app_consistency.py::TestAppConsistency::test_consistent_app_title_in_templates PASSED [  7%]
tests/integration/test_app_consistency.py::TestAppConsistency::test_corpus_management_single_route PASSED [  7%]
tests/integration/test_app_consistency.py::TestAppConsistency::test_corpus_management_postgres_connection PASSED [  7%]
tests/integration/test_app_consistency.py::TestAppConsistency::test_navigation_consistency PASSED [  7%]
tests/integration/test_app_consistency.py::TestRedisCacheIntegration::test_cache_service_initialization PASSED [  7%]
tests/integration/test_app_consistency.py::TestRedisCacheIntegration::test_cache_service_connection PASSED [  7%]
tests/integration/test_app_consistency.py::TestRedisCacheIntegration::test_entries_api_caching PASSED [  7%]
tests/integration/test_auto_save_requirements.py::TestAutoSaveManagerRequirements::test_autosave_manager_initialization PASSED [  7%]
tests/integration/test_auto_save_requirements.py::TestAutoSaveManagerRequirements::test_autosave_start_functionality PASSED [  7%]
tests/integration/test_auto_save_requirements.py::TestAutoSaveManagerRequirements::test_debounced_save_behavior PASSED [  7%]
tests/integration/test_auto_save_requirements.py::TestAutoSaveManagerRequirements::test_validation_before_save PASSED [  7%]
tests/integration/test_auto_save_requirements.py::TestAutoSaveManagerRequirements::test_version_conflict_detection PASSED [  7%]
tests/integration/test_auto_save_requirements.py::TestAutoSaveManagerRequirements::test_save_indicator_updates PASSED [  8%]
tests/integration/test_auto_save_requirements.py::TestAutoSaveManagerRequirements::test_network_error_handling PASSED [  8%]
tests/integration/test_auto_save_requirements.py::TestAutoSaveEndpointRequirements::test_autosave_endpoint_exists PASSED [  8%]
tests/integration/test_auto_save_requirements.py::TestAutoSaveEndpointRequirements::test_validation_integration PASSED [  8%]
tests/integration/test_auto_save_requirements.py::TestAutoSaveEndpointRequirements::test_version_conflict_check PASSED [  8%]
tests/integration/test_auto_save_requirements.py::TestAutoSaveEndpointRequirements::test_successful_save_response PASSED [  8%]
tests/integration/test_auto_save_requirements.py::TestAutoSaveEndpointRequirements::test_error_responses PASSED [  8%]
tests/integration/test_auto_save_requirements.py::TestAutoSaveIntegrationRequirements::test_form_state_manager_integration PASSED [  8%]
tests/integration/test_auto_save_requirements.py::TestAutoSaveIntegrationRequirements::test_validation_engine_integration PASSED [  8%]
tests/integration/test_auto_save_requirements.py::TestAutoSaveIntegrationRequirements::test_entry_form_integration PASSED [  8%]
tests/integration/test_autosave_system.py::TestAutoSaveSystem::test_autosave_api_test_endpoint PASSED [  8%]
tests/integration/test_autosave_system.py::TestAutoSaveSystem::test_autosave_missing_data PASSED [  8%]
tests/integration/test_autosave_system.py::TestAutoSaveSystem::test_autosave_missing_entry_data PASSED [  9%]
tests/integration/test_autosave_system.py::TestAutoSaveSystem::test_autosave_valid_entry PASSED [  9%]
tests/integration/test_autosave_system.py::TestAutoSaveSystem::test_autosave_validation_errors PASSED [  9%]
tests/integration/test_autosave_system.py::TestAutoSaveSystem::test_autosave_with_warnings PASSED [  9%]
tests/integration/test_autosave_system.py::TestAutoSaveManagerIntegration::test_autosave_manager_initialization PASSED [  9%]
tests/integration/test_autosave_system.py::TestAutoSaveManagerIntegration::test_validation_engine_integration PASSED [  9%]
tests/integration/test_backend_dict_field_error.py::test_update_entry_with_dict_field_logs_error PASSED [  9%]
tests/integration/test_basex_connector.py::TestBaseXConnector::test_connection PASSED [  9%]
tests/integration/test_basex_connector.py::TestBaseXConnector::test_wrong_credentials PASSED [  9%]
tests/integration/test_basex_connector.py::TestBaseXConnector::test_execute_query PASSED [  9%]
tests/integration/test_basex_connector.py::TestBaseXConnector::test_create_and_drop_database PASSED [  9%]
tests/integration/test_basex_connector.py::TestBaseXConnector::test_add_xml_to_database PASSED [ 10%]
tests/integration/test_basic_postgresql.py::TestBasicPostgreSQLSetup::test_config_loading PASSED [ 10%]
tests/integration/test_basic_postgresql.py::TestBasicPostgreSQLSetup::test_config_from_env PASSED [ 10%]
tests/integration/test_basic_postgresql.py::TestBasicPostgreSQLSetup::test_schema_sql_generation PASSED [ 10%]
tests/integration/test_basic_postgresql.py::TestSQLiteDataReading::test_sqlite_data_extraction PASSED [ 10%]
tests/integration/test_basic_postgresql.py::TestSQLiteDataReading::test_data_transformation_for_postgresql PASSED [ 10%]
tests/integration/test_basic_postgresql.py::TestMigrationLogic::test_batch_processing_logic PASSED [ 10%]
tests/integration/test_basic_postgresql.py::TestMigrationLogic::test_id_mapping_logic PASSED [ 10%]
tests/integration/test_basic_postgresql.py::TestMigrationLogic::test_error_handling_logic PASSED [ 10%]
tests/integration/test_basic_postgresql.py::TestPostgreSQLQueryGeneration::test_insert_query_generation PASSED [ 10%]
tests/integration/test_basic_postgresql.py::TestPostgreSQLQueryGeneration::test_index_creation_queries PASSED [ 10%]
tests/integration/test_basic_postgresql.py::TestPostgreSQLQueryGeneration::test_full_text_search_setup PASSED [ 10%]
tests/integration/test_basic_postgresql.py::test_setup_script_functionality SKIPPED [ 11%]
tests/integration/test_caching_integration.py::TestDashboardWithCaching::test_homepage_with_caching_enabled SKIPPED [ 11%]
tests/integration/test_caching_integration.py::TestDashboardWithCaching::test_dashboard_api_endpoint_with_caching SKIPPED [ 11%]
tests/integration/test_caching_integration.py::TestCorpusManagementWithCaching::test_corpus_management_with_cache_miss PASSED [ 11%]
tests/integration/test_caching_integration.py::TestCorpusManagementWithCaching::test_corpus_management_with_cache_hit PASSED [ 11%]
tests/integration/test_caching_integration.py::TestCorpusManagementWithCaching::test_corpus_management_cache_fallback PASSED [ 11%]
tests/integration/test_centralized_validation_integration.py::TestCentralizedValidationIntegration::test_entry_model_uses_centralized_validation PASSED [ 11%]
tests/integration/test_centralized_validation_integration.py::TestCentralizedValidationIntegration::test_entry_validation_catches_critical_errors PASSED [ 11%]
tests/integration/test_centralized_validation_integration.py::TestCentralizedValidationIntegration::test_entry_validation_catches_empty_senses PASSED [ 11%]
tests/integration/test_centralized_validation_integration.py::TestCentralizedValidationIntegration::test_sense_validation_integration PASSED [ 11%]
tests/integration/test_centralized_validation_integration.py::TestCentralizedValidationIntegration::test_language_code_validation_integration PASSED [ 11%]
tests/integration/test_centralized_validation_integration.py::TestCentralizedValidationIntegration::test_validation_result_contains_rule_information PASSED [ 11%]
tests/integration/test_centralized_validation_integration.py::TestCentralizedValidationIntegration::test_validation_priority_categorization PASSED [ 12%]
tests/integration/test_centralized_validation_integration.py::TestCentralizedValidationIntegration::test_custom_validation_functions_work PASSED [ 12%]
tests/integration/test_centralized_validation_integration.py::TestCentralizedValidationIntegration::test_model_to_dict_compatibility PASSED [ 12%]
tests/integration/test_centralized_validation_integration.py::TestCentralizedValidationIntegration::test_variant_entry_listing_without_validation_errors PASSED [ 12%]
tests/integration/test_centralized_validation_integration.py::TestValidationEnginePerformance::test_validation_engine_performance PASSED [ 12%]
tests/integration/test_centralized_validation_integration.py::TestValidationEnginePerformance::test_multiple_validations_performance PASSED [ 12%]
tests/integration/test_complete_filtering_and_refresh.py::TestCompleteFilteringAndRefresh::test_entries_filtering_api_integration PASSED [ 12%]
tests/integration/test_complete_filtering_and_refresh.py::TestCompleteFilteringAndRefresh::test_dashboard_cache_clear_endpoint PASSED [ 12%]
tests/integration/test_complete_filtering_and_refresh.py::TestCompleteFilteringAndRefresh::test_entries_cache_clear_endpoint PASSED [ 12%]
tests/integration/test_complete_filtering_and_refresh.py::TestCompleteFilteringAndRefresh::test_entries_cache_behavior_with_different_filters PASSED [ 12%]
tests/integration/test_complete_filtering_and_refresh.py::TestCompleteFilteringAndRefresh::test_sort_order_functionality PASSED [ 12%]
tests/integration/test_complete_flow.py::test_complete_entry_flow PASSED [ 12%]
tests/integration/test_complex_forms.py::test_complex_form_submission PASSED [ 13%]
tests/integration/test_complex_forms.py::test_problematic_multilingual_data PASSED [ 13%]
tests/integration/test_corpus_analytics_fix.py::test_corpus_management_uses_analytics_database PASSED [ 13%]
tests/integration/test_corpus_caching.py::test_corpus_management_uses_cache PASSED [ 13%]
tests/integration/test_corpus_caching.py::test_corpus_management_cache_miss PASSED [ 13%]
tests/integration/test_corpus_management_integration.py::TestCorpusManagementIntegration::test_corpus_management_connects_to_postgresql PASSED [ 13%]
tests/integration/test_corpus_management_integration.py::TestCorpusManagementIntegration::test_corpus_management_displays_connection_status PASSED [ 13%]
tests/integration/test_corpus_management_integration.py::TestCorpusManagementIntegration::test_corpus_management_handles_postgresql_error PASSED [ 13%]
tests/integration/test_corpus_management_integration.py::TestCorpusManagementIntegration::test_corpus_management_navigation_to_home PASSED [ 13%]
tests/integration/test_corpus_management_integration.py::TestCorpusManagementIntegration::test_corpus_management_breadcrumb_navigation PASSED [ 13%]
tests/integration/test_corpus_management_integration.py::TestCorpusManagementIntegration::test_corpus_management_displays_correct_postgresql_stats PASSED [ 13%]
tests/integration/test_corpus_management_missing_table.py::TestCorpusManagementIntegrationTableMissing::test_corpus_management_handles_missing_table_gracefully PASSED [ 14%]
tests/integration/test_corpus_management_missing_table.py::TestCorpusManagementIntegrationTableMissing::test_corpus_management_shows_real_stats_when_table_exists PASSED [ 14%]
tests/integration/test_corpus_management_view.py::TestCorpusManagement::test_corpus_management_renders_successfully PASSED [ 14%]
tests/integration/test_corpus_management_view.py::TestCorpusManagement::test_corpus_management_default_context PASSED [ 14%]
tests/integration/test_corpus_management_view.py::TestCorpusManagement::test_corpus_management_template_structure PASSED [ 14%]
tests/integration/test_corpus_migrator_stats.py::TestCorpusMigratorStats::test_get_corpus_stats_table_not_exists PASSED [ 14%]
tests/integration/test_corpus_migrator_stats.py::TestCorpusMigratorStats::test_get_corpus_stats_with_data PASSED [ 14%]
tests/integration/test_corpus_migrator_stats.py::TestCorpusMigratorStats::test_get_corpus_stats_empty_table PASSED [ 14%]
tests/integration/test_corpus_routes.py::TestCorpusUpload::test_upload_tmx_file_success PASSED [ 14%]
tests/integration/test_corpus_routes.py::TestCorpusUpload::test_upload_csv_file_success PASSED [ 14%]
tests/integration/test_corpus_routes.py::TestCorpusUpload::test_upload_no_file_error PASSED [ 14%]
tests/integration/test_corpus_routes.py::TestCorpusUpload::test_upload_invalid_file_type PASSED [ 14%]
tests/integration/test_corpus_routes.py::TestCorpusStats::test_get_corpus_stats_success PASSED [ 15%]
tests/integration/test_corpus_routes.py::TestCorpusCleanup::test_cleanup_corpus_success PASSED [ 15%]
tests/integration/test_corpus_routes.py::TestCorpusCleanup::test_deduplicate_corpus_success PASSED [ 15%]
tests/integration/test_corpus_routes.py::TestTmxToCsvConversion::test_convert_tmx_to_csv_success PASSED [ 15%]
tests/integration/test_corpus_routes.py::TestTmxToCsvConversion::test_convert_tmx_no_file_error PASSED [ 15%]
tests/integration/test_cross_reference_functionality.py::test_query_builder_api_endpoints PASSED [ 15%]
tests/integration/test_cross_reference_functionality.py::test_worksets_api_endpoints PASSED [ 15%]
tests/integration/test_cross_reference_functionality.py::test_cross_reference_search_with_dynamic_types PASSED [ 15%]
tests/integration/test_cross_reference_functionality.py::test_variant_search_with_dynamic_types PASSED [ 15%]
tests/integration/test_cross_reference_functionality.py::test_grammatical_info_search_with_dynamic_types PASSED [ 15%]
tests/integration/test_cross_reference_functionality.py::test_workset_creation_with_complex_query PASSED [ 15%]
tests/integration/test_cross_reference_functionality.py::test_ranges_api_provides_all_necessary_types PASSED [ 15%]
tests/integration/test_dashboard.py::TestDashboard::test_homepage_loads_successfully PASSED [ 16%]
tests/integration/test_dashboard.py::TestDashboard::test_homepage_contains_title PASSED [ 16%]
tests/integration/test_dashboard.py::TestDashboard::test_homepage_contains_system_status_section PASSED [ 16%]
tests/integration/test_dashboard.py::TestDashboard::test_homepage_contains_stats_section PASSED [ 16%]
tests/integration/test_dashboard.py::TestDashboard::test_homepage_contains_system_status_badges_with_ids PASSED [ 16%]
tests/integration/test_dashboard.py::TestDashboard::test_homepage_does_not_contain_debug_info PASSED [ 16%]
tests/integration/test_dashboard.py::TestDashboard::test_homepage_with_specific_mock_data PASSED [ 16%]
tests/integration/test_dashboard.py::TestDashboard::test_homepage_with_database_error PASSED [ 16%]
tests/integration/test_dashboard.py::TestDashboard::test_system_status_api_endpoint PASSED [ 16%]
tests/integration/test_dashboard.py::TestDashboard::test_system_status_api_with_mock_data PASSED [ 16%]
tests/integration/test_dashboard.py::TestDashboard::test_dashboard_javascript_included PASSED [ 16%]
tests/integration/test_dashboard.py::TestDashboard::test_homepage_accessibility_features PASSED [ 16%]
tests/integration/test_dashboard.py::TestDashboard::test_homepage_responsive_layout PASSED [ 17%]
tests/integration/test_dashboard.py::TestDashboard::test_recent_activity_section PASSED [ 17%]
tests/integration/test_dashboard.py::TestDashboard::test_quick_actions_section PASSED [ 17%]
tests/integration/test_dashboard.py::TestDashboard::test_homepage_error_handling PASSED [ 17%]
tests/integration/test_dashboard.py::TestDashboard::test_no_sensitive_info_exposed PASSED [ 17%]
tests/integration/test_dashboard.py::TestDashboard::test_csrf_protection_meta_tag PASSED [ 17%]
tests/integration/test_dashboard.py::TestDashboard::test_system_status_badge_colors PASSED [ 17%]
tests/integration/test_dashboard.py::TestDashboard::test_homepage_contains_icons PASSED [ 17%]
tests/integration/test_dashboard.py::TestDashboard::test_specific_debug_patterns_not_present PASSED [ 17%]
tests/integration/test_dashboard.py::TestDashboard::test_system_status_properly_formatted PASSED [ 17%]
tests/integration/test_dashboard_mock_only.py::test_mock_only PASSED     [ 17%]
tests/integration/test_dashboard_optimized.py::TestDashboard::test_homepage_loads_successfully PASSED [ 17%]
tests/integration/test_dashboard_optimized.py::TestDashboard::test_homepage_contains_title PASSED [ 18%]
tests/integration/test_dashboard_optimized.py::TestDashboard::test_homepage_contains_system_status_section PASSED [ 18%]
tests/integration/test_dashboard_optimized.py::TestDashboard::test_homepage_contains_stats_section PASSED [ 18%]
tests/integration/test_dashboard_optimized.py::TestDashboard::test_homepage_contains_system_status_badges_with_ids PASSED [ 18%]
tests/integration/test_dashboard_optimized.py::TestDashboard::test_homepage_does_not_contain_debug_info PASSED [ 18%]
tests/integration/test_dashboard_optimized.py::TestDashboard::test_homepage_with_specific_mock_data PASSED [ 18%]
tests/integration/test_dashboard_optimized.py::TestDashboard::test_homepage_with_database_error PASSED [ 18%]
tests/integration/test_dashboard_optimized.py::TestDashboard::test_system_status_api_endpoint PASSED [ 18%]
tests/integration/test_dashboard_optimized.py::TestDashboard::test_system_status_api_with_mock_data PASSED [ 18%]
tests/integration/test_dashboard_optimized.py::TestDashboard::test_dashboard_javascript_included PASSED [ 18%]
tests/integration/test_dashboard_optimized.py::TestDashboard::test_homepage_accessibility_features PASSED [ 18%]
tests/integration/test_dashboard_optimized.py::TestDashboard::test_homepage_responsive_layout PASSED [ 19%]
tests/integration/test_dashboard_optimized.py::TestDashboard::test_recent_activity_section PASSED [ 19%]
tests/integration/test_dashboard_optimized.py::TestDashboard::test_quick_actions_section PASSED [ 19%]
tests/integration/test_dashboard_optimized.py::TestDashboard::test_homepage_error_handling PASSED [ 19%]
tests/integration/test_dashboard_optimized.py::TestDashboard::test_no_sensitive_info_exposed PASSED [ 19%]
tests/integration/test_dashboard_optimized.py::TestDashboard::test_csrf_protection_meta_tag PASSED [ 19%]
tests/integration/test_dashboard_optimized.py::TestDashboard::test_system_status_badge_colors PASSED [ 19%]
tests/integration/test_dashboard_optimized.py::TestDashboard::test_homepage_contains_icons PASSED [ 19%]
tests/integration/test_dashboard_optimized.py::TestDashboard::test_specific_debug_patterns_not_present PASSED [ 19%]
tests/integration/test_dashboard_optimized.py::TestDashboard::test_system_status_properly_formatted PASSED [ 19%]
tests/integration/test_dates_ui.py::TestDatesUI::test_query_builder_has_date_sorting_options PASSED [ 19%]
tests/integration/test_dates_ui.py::TestDatesUI::test_date_sorting_functionality PASSED [ 19%]
tests/integration/test_debug_relations.py::test_debug_relations PASSED   [ 20%]
tests/integration/test_definition_conflict.py::test_single_definition_field PASSED [ 20%]
tests/integration/test_definition_conflict.py::test_form_data_single_definition PASSED [ 20%]
tests/integration/test_definition_conflict.py::test_empty_single_definition PASSED [ 20%]
tests/integration/test_delete_entry.py::test_delete_entry ERROR          [ 20%]
tests/integration/test_dictionary_service.py::TestDictionaryService::test_initialize_database PASSED [ 20%]
tests/integration/test_dictionary_service.py::TestDictionaryService::test_get_entry PASSED [ 20%]
tests/integration/test_dictionary_service.py::TestDictionaryService::test_create_entry PASSED [ 20%]
tests/integration/test_dictionary_service.py::TestDictionaryService::test_update_entry PASSED [ 20%]
tests/integration/test_dictionary_service.py::TestDictionaryService::test_delete_entry PASSED [ 20%]
tests/integration/test_dictionary_service.py::TestDictionaryService::test_list_entries PASSED [ 20%]
tests/integration/test_dictionary_service.py::TestDictionaryService::test_search_entries PASSED [ 20%]
tests/integration/test_dictionary_service.py::TestDictionaryService::test_import_lift PASSED [ 21%]
tests/integration/test_dictionary_service.py::TestDictionaryService::test_export_lift PASSED [ 21%]
tests/integration/test_display_api.py::TestDisplayAPI::test_create_profile SKIPPED [ 21%]
tests/integration/test_display_api.py::TestDisplayAPI::test_get_profile SKIPPED [ 21%]
tests/integration/test_display_api.py::TestDisplayAPI::test_list_profiles SKIPPED [ 21%]
tests/integration/test_display_api.py::TestDisplayAPI::test_update_profile SKIPPED [ 21%]
tests/integration/test_display_api.py::TestDisplayAPI::test_delete_profile SKIPPED [ 21%]
tests/integration/test_dynamic_ranges.py::test_ranges_api_endpoint PASSED [ 21%]
tests/integration/test_dynamic_ranges.py::test_lexical_relation_range PASSED [ 21%]
tests/integration/test_dynamic_ranges.py::test_search_page_loads_without_hardcoded_pos PASSED [ 21%]
tests/integration/test_dynamic_ranges.py::test_entry_form_loads_without_hardcoded_pos PASSED [ 21%]
tests/integration/test_dynamic_ranges.py::test_query_builder_workset_functionality PASSED [ 21%]
tests/integration/test_dynamic_ranges.py::test_ranges_fallback_functionality PASSED [ 22%]
tests/integration/test_enhanced_relations.py::test_relations_ui_contains_search_functionality PASSED [ 22%]
tests/integration/test_enhanced_relations.py::test_correct_search_endpoint_used PASSED [ 22%]
tests/integration/test_enhanced_relations_ui.py::test_relation_search_returns_entries_with_senses PASSED [ 22%]
tests/integration/test_enhanced_relations_ui.py::test_relation_ui_page_loads_with_enhanced_search PASSED [ 22%]
tests/integration/test_enhanced_relations_ui.py::test_entry_creation_with_sense_level_relations PASSED [ 22%]
tests/integration/test_enhanced_relations_ui.py::test_relation_form_submission_with_sense_target PASSED [ 22%]
tests/integration/test_enhanced_relations_ui.py::test_api_search_with_sense_filtering PASSED [ 22%]
tests/integration/test_entries_api_postgresql_integration.py::test_entries_api_uses_basex_not_postgresql PASSED [ 22%]
tests/integration/test_entries_api_postgresql_integration.py::test_entries_api_basex_unavailable PASSED [ 22%]
tests/integration/test_entries_api_postgresql_integration.py::test_entries_api_architecture_compliance PASSED [ 22%]
tests/integration/test_entries_clear_cache.py::test_clear_entries_cache PASSED [ 23%]
tests/integration/test_entries_filtering_integration.py::TestEntriesFilteringIntegration::test_entries_api_supports_filter_parameter PASSED [ 23%]
tests/integration/test_entries_filtering_integration.py::TestEntriesFilteringIntegration::test_entries_api_supports_sort_order_parameter PASSED [ 23%]
tests/integration/test_entries_filtering_integration.py::TestEntriesFilteringIntegration::test_entries_api_supports_combined_filter_and_sort PASSED [ 23%]
tests/integration/test_entries_filtering_integration.py::TestEntriesFilteringIntegration::test_entries_api_maintains_backward_compatibility PASSED [ 23%]
tests/integration/test_entries_filtering_integration.py::TestEntriesFilteringIntegration::test_entries_api_cache_key_includes_filter_parameters PASSED [ 23%]
tests/integration/test_entry_edit_pos.py::test_entry_edit_pos_inheritance PASSED [ 23%]
tests/integration/test_entry_editing_always_works.py::test_invalid_entry_editable PASSED [ 23%]
tests/integration/test_entry_form_layout.py::test_entry_form_layout_structure PASSED [ 23%]
tests/integration/test_entry_form_loads.py::TestEntryFormLoading::test_ranges_api_available PASSED [ 23%]
tests/integration/test_entry_form_loads.py::TestEntryFormLoading::test_entry_form_loads_successfully PASSED [ 23%]
tests/integration/test_entry_form_loads.py::TestEntryFormLoading::test_ranges_loader_javascript_present PASSED [ 23%]
tests/integration/test_entry_form_loads.py::TestEntryFormLoading::test_entry_form_has_lift_selects PASSED [ 24%]
tests/integration/test_entry_manual.py::test_entry_update PASSED         [ 24%]
tests/integration/test_entry_update.py::test_entry_update PASSED         [ 24%]
tests/integration/test_etymology_ui.py::TestEtymologyAPISupport::test_api_entry_creation_with_etymologies PASSED [ 24%]
tests/integration/test_etymology_ui.py::TestEtymologyAPISupport::test_api_entry_update_with_etymologies PASSED [ 24%]
tests/integration/test_etymology_ui.py::TestEtymologyRangesIntegration::test_etymology_types_from_ranges PASSED [ 24%]
tests/integration/test_etymology_ui.py::TestEtymologyLifecycle::test_add_etymology_to_existing_entry PASSED [ 24%]
tests/integration/test_etymology_ui.py::TestEtymologyLifecycle::test_remove_etymology_from_entry PASSED [ 24%]
tests/integration/test_etymology_ui.py::TestEtymologyLifecycle::test_modify_etymology_in_entry PASSED [ 24%]
tests/integration/test_exporter_integration.py::TestExporterIntegration::test_kindle_exporter_real_data PASSED [ 24%]
tests/integration/test_exporter_integration.py::TestExporterIntegration::test_kindle_exporter_custom_options PASSED [ 24%]
tests/integration/test_exporter_integration.py::TestExporterIntegration::test_sqlite_exporter_real_data PASSED [ 24%]
tests/integration/test_exporter_integration.py::TestExporterIntegration::test_sqlite_exporter_schema_validation PASSED [ 25%]
tests/integration/test_exporter_integration.py::TestExporterIntegration::test_exporter_error_handling PASSED [ 25%]
tests/integration/test_exporter_integration.py::TestExporterIntegration::test_empty_database_export PASSED [ 25%]
tests/integration/test_fast_corpus_processing.py::TestFastCorpusProcessor::test_processor_initialization SKIPPED [ 25%]
tests/integration/test_fast_corpus_processing.py::TestFastCorpusProcessor::test_batch_processing_performance SKIPPED [ 25%]
tests/integration/test_fast_corpus_processing.py::TestFastCorpusProcessor::test_linguistic_caching SKIPPED [ 25%]
tests/integration/test_fast_corpus_processing.py::TestFastCorpusProcessor::test_memory_efficient_streaming SKIPPED [ 25%]
tests/integration/test_fast_corpus_processing.py::TestFastCorpusProcessor::test_parallel_processing SKIPPED [ 25%]
tests/integration/test_fast_corpus_processing.py::TestFastCorpusProcessor::test_spacy_optimization SKIPPED [ 25%]
tests/integration/test_fast_corpus_processing.py::TestFastCorpusProcessor::test_error_handling_resilience SKIPPED [ 25%]
tests/integration/test_fast_corpus_processing.py::TestFastCorpusProcessor::test_batch_size_optimization SKIPPED [ 25%]
tests/integration/test_fast_corpus_processing.py::TestFastCorpusProcessor::test_corpus_statistics_collection SKIPPED [ 25%]
tests/integration/test_fast_corpus_processing.py::TestFastCorpusProcessor::test_linguistic_feature_extraction SKIPPED [ 26%]
tests/integration/test_fast_corpus_processing.py::TestCorpusBatch::test_batch_creation SKIPPED [ 26%]
tests/integration/test_fast_corpus_processing.py::TestCorpusBatch::test_batch_serialization SKIPPED [ 26%]
tests/integration/test_fast_corpus_processing.py::TestPerformanceBenchmarks::test_large_corpus_benchmark SKIPPED [ 26%]
tests/integration/test_filtering_validation.py::test_filtering_and_refresh_integration PASSED [ 26%]
tests/integration/test_filtering_validation.py::test_namespace_handling_in_filtering PASSED [ 26%]
tests/integration/test_final_save_process.py::test_protestantism_save_process PASSED [ 26%]
tests/integration/test_flask_search_endpoint.py::FlaskSearchEndpointTest::test_direct_api_search PASSED [ 26%]
tests/integration/test_flask_search_endpoint.py::FlaskSearchEndpointTest::test_search_endpoint_empty_query PASSED [ 26%]
tests/integration/test_flask_search_endpoint.py::FlaskSearchEndpointTest::test_search_endpoint_pagination PASSED [ 26%]
tests/integration/test_flask_search_endpoint.py::FlaskSearchEndpointTest::test_search_endpoint_with_results PASSED [ 26%]
tests/integration/test_focused_coverage.py::TestDatabaseConnectorsCoverage::test_basex_connector_instantiation PASSED [ 26%]
tests/integration/test_focused_coverage.py::TestDatabaseConnectorsCoverage::test_mock_connector_coverage PASSED [ 27%]
tests/integration/test_focused_coverage.py::TestDatabaseConnectorsCoverage::test_connector_factory_coverage PASSED [ 27%]
tests/integration/test_focused_coverage.py::TestSearchIntegrationCoverage::test_xquery_builder_coverage PASSED [ 27%]
tests/integration/test_focused_coverage.py::TestSearchIntegrationCoverage::test_search_with_mock_data PASSED [ 27%]
tests/integration/test_focused_coverage.py::TestParserCoverage::test_lift_parser_basic_coverage PASSED [ 27%]
tests/integration/test_focused_coverage.py::TestParserCoverage::test_enhanced_lift_parser_coverage PASSED [ 27%]
tests/integration/test_focused_coverage.py::TestNamespaceManagerCoverage::test_lift_namespace_manager_coverage PASSED [ 27%]
tests/integration/test_focused_coverage.py::TestUtilitiesCoverage::test_exceptions_coverage PASSED [ 27%]
tests/integration/test_focused_coverage.py::TestUtilitiesCoverage::test_dictionary_service_edge_cases PASSED [ 27%]
tests/integration/test_form_serializer_integration.py::test_serializer_integration_with_flask PASSED [ 27%]
tests/integration/test_form_state_management_requirements.py::TestFormStateManagerRequirements::test_form_state_manager_initialization PASSED [ 27%]
tests/integration/test_form_state_management_requirements.py::TestFormStateManagerRequirements::test_json_path_binding_requirements PASSED [ 28%]
tests/integration/test_form_state_management_requirements.py::TestFormStateManagerRequirements::test_change_detection_requirements PASSED [ 28%]
tests/integration/test_form_state_management_requirements.py::TestFormStateManagerRequirements::test_form_serialization_requirements PASSED [ 28%]
tests/integration/test_form_state_management_requirements.py::TestClientValidationIntegration::test_validation_rule_loading PASSED [ 28%]
tests/integration/test_form_state_management_requirements.py::TestClientValidationIntegration::test_debounced_validation_requirements PASSED [ 28%]
tests/integration/test_form_state_management_requirements.py::TestClientValidationIntegration::test_validation_error_display_requirements PASSED [ 28%]
tests/integration/test_form_submission.py::test_form_submission PASSED   [ 28%]
tests/integration/test_full_ranges_integration.py::test_grammatical_info_has_full_lift_ranges PASSED [ 28%]
tests/integration/test_full_ranges_integration.py::test_lexical_relation_types_available PASSED [ 28%]
tests/integration/test_full_ranges_integration.py::test_entry_form_loads_dynamic_ranges PASSED [ 28%]
tests/integration/test_full_ranges_integration.py::test_all_ranges_available PASSED [ 28%]
tests/integration/test_grammatical_category_integration.py::TestGrammaticalCategoryIntegration::test_protestant_scenario_integration PASSED [ 28%]
tests/integration/test_grammatical_category_integration.py::TestGrammaticalCategoryIntegration::test_multiple_senses_partial_form_data PASSED [ 29%]
tests/integration/test_high_impact_coverage.py::TestHighImpactCoverage::test_base_model_comprehensive PASSED [ 29%]
tests/integration/test_high_impact_coverage.py::TestHighImpactCoverage::test_entry_model_comprehensive PASSED [ 29%]
tests/integration/test_high_impact_coverage.py::TestHighImpactCoverage::test_sense_model_comprehensive PASSED [ 29%]
tests/integration/test_high_impact_coverage.py::TestHighImpactCoverage::test_example_model_comprehensive PASSED [ 29%]
tests/integration/test_high_impact_coverage.py::TestHighImpactCoverage::test_pronunciation_model_comprehensive PASSED [ 29%]
tests/integration/test_high_impact_coverage.py::TestHighImpactCoverage::test_xquery_builder_comprehensive PASSED [ 29%]
tests/integration/test_high_impact_coverage.py::TestHighImpactCoverage::test_namespace_manager_comprehensive PASSED [ 29%]
tests/integration/test_high_impact_coverage.py::TestHighImpactCoverage::test_lift_parser_comprehensive PASSED [ 29%]
tests/integration/test_high_impact_coverage.py::TestHighImpactCoverage::test_enhanced_lift_parser_coverage PASSED [ 29%]
tests/integration/test_high_impact_coverage.py::TestHighImpactCoverage::test_connectors_comprehensive PASSED [ 29%]
tests/integration/test_high_impact_coverage.py::TestHighImpactCoverage::test_exception_variations PASSED [ 29%]
tests/integration/test_homograph_numbers.py::TestHomographNumberModel::test_entry_creation_with_homograph_number PASSED [ 30%]
tests/integration/test_homograph_numbers.py::TestHomographNumberModel::test_entry_creation_without_homograph_number PASSED [ 30%]
tests/integration/test_homograph_numbers.py::TestHomographNumberModel::test_entry_homograph_number_type_validation PASSED [ 30%]
tests/integration/test_homograph_numbers.py::TestHomographNumberLIFTParsing::test_parse_entry_with_homograph_number PASSED [ 30%]
tests/integration/test_homograph_numbers.py::TestHomographNumberLIFTParsing::test_parse_entry_with_homograph_number_2 PASSED [ 30%]
tests/integration/test_homograph_numbers.py::TestHomographNumberLIFTParsing::test_parse_entry_without_homograph_number PASSED [ 30%]
tests/integration/test_homograph_numbers.py::TestHomographNumberLIFTParsing::test_parse_entry_with_invalid_homograph_number PASSED [ 30%]
tests/integration/test_homograph_numbers.py::TestHomographNumberLIFTGeneration::test_generate_lift_with_homograph_number PASSED [ 30%]
tests/integration/test_homograph_numbers.py::TestHomographNumberLIFTGeneration::test_generate_lift_with_homograph_number_2 PASSED [ 30%]
tests/integration/test_homograph_numbers.py::TestHomographNumberLIFTGeneration::test_generate_lift_without_homograph_number PASSED [ 30%]
tests/integration/test_homograph_numbers.py::TestHomographNumberLIFTGeneration::test_generate_lift_multiple_entries_with_homograph_numbers PASSED [ 30%]
tests/integration/test_homograph_numbers.py::TestHomographNumberUIIntegration::test_entry_list_displays_homograph_number PASSED [ 30%]
tests/integration/test_homograph_numbers.py::TestHomographNumberUIIntegration::test_entry_form_displays_homograph_number PASSED [ 31%]
tests/integration/test_homograph_numbers.py::TestHomographNumberUIIntegration::test_entry_title_displays_homograph_number PASSED [ 31%]
tests/integration/test_homograph_numbers.py::TestHomographNumberUIIntegration::test_homograph_number_1_displays_in_ui PASSED [ 31%]
tests/integration/test_homograph_numbers.py::TestHomographNumberUIIntegration::test_consistent_homograph_spacing_across_templates PASSED [ 31%]
tests/integration/test_homograph_numbers.py::TestHomographNumberRoundTrip::test_homograph_number_round_trip PASSED [ 31%]
tests/integration/test_homograph_numbers.py::TestHomographNumberRoundTrip::test_multiple_homographs_round_trip PASSED [ 31%]
tests/integration/test_integration_ui_fixes.py::test_complete_workflow PASSED [ 31%]
tests/integration/test_invalid_entry_editability.py::TestInvalidEntryEditability::test_get_entry_for_editing_bypasses_validation PASSED [ 31%]
tests/integration/test_invalid_entry_editability.py::TestInvalidEntryEditability::test_view_entry_route_uses_non_validating_method PASSED [ 31%]
tests/integration/test_invalid_entry_editability.py::TestInvalidEntryEditability::test_edit_entry_route_uses_non_validating_method PASSED [ 31%]
tests/integration/test_invalid_entry_editability.py::TestInvalidEntryEditability::test_search_includes_invalid_entries PASSED [ 31%]
tests/integration/test_invalid_entry_editability.py::TestInvalidEntryEditability::test_validation_errors_shown_as_guidance_not_blockers PASSED [ 32%]
tests/integration/test_invalid_entry_editing.py::TestInvalidEntryEditing::test_get_entry_for_editing_bypasses_validation PASSED [ 32%]
tests/integration/test_invalid_entry_editing.py::TestInvalidEntryEditing::test_get_entry_for_editing_vs_regular_get_entry PASSED [ 32%]
tests/integration/test_invalid_entry_editing.py::TestInvalidEntryEditing::test_validation_shown_as_guidance_not_blocker PASSED [ 32%]
tests/integration/test_invalid_entry_editing.py::TestInvalidEntryEditing::test_edit_entry_view_uses_non_validating_method PASSED [ 32%]
tests/integration/test_invalid_entry_editing.py::TestInvalidEntryEditing::test_post_entry_update_uses_non_validating_method PASSED [ 32%]
tests/integration/test_invalid_entry_editing.py::TestInvalidEntryEditing::test_entry_not_found_still_raises_error PASSED [ 32%]
tests/integration/test_invalid_entry_editing.py::TestInvalidEntryEditing::test_real_scholastic_assessment_entry_editable SKIPPED [ 32%]
tests/integration/test_language_constraints.py::test_language_constraints FAILED [ 32%]
tests/integration/test_language_selector.py::test_language_selector_shows_only_configured_languages ERROR [ 32%]
tests/integration/test_language_selector.py::test_language_selector_shows_warning_for_unconfigured_languages SKIPPED [ 32%]
tests/integration/test_lift_entry_dates_integration.py::test_lift_parser_extracts_entry_dates_from_sample_file PASSED [ 32%]
tests/integration/test_lift_ranges_comprehensive.py::TestLIFTRangesParserComprehensive::test_parse_sample_ranges_file_all_types PASSED [ 33%]
tests/integration/test_lift_ranges_comprehensive.py::TestLIFTRangesParserComprehensive::test_parse_range_with_hierarchical_structure PASSED [ 33%]
tests/integration/test_lift_ranges_comprehensive.py::TestLIFTRangesParserComprehensive::test_parse_range_with_guid_support PASSED [ 33%]
tests/integration/test_lift_ranges_comprehensive.py::TestLIFTRangesParserComprehensive::test_parse_range_with_multilingual_labels PASSED [ 33%]
tests/integration/test_lift_ranges_comprehensive.py::TestLIFTRangesParserComprehensive::test_parse_range_with_abbreviations PASSED [ 33%]
tests/integration/test_lift_ranges_comprehensive.py::TestLIFTRangesParserComprehensive::test_parse_semantic_domain_large_hierarchy PASSED [ 33%]
tests/integration/test_lift_ranges_comprehensive.py::TestLIFTRangesParserComprehensive::test_parse_simple_ranges PASSED [ 33%]
tests/integration/test_lift_ranges_comprehensive.py::TestLIFTRangesParserComprehensive::test_parse_range_with_traits PASSED [ 33%]
tests/integration/test_lift_ranges_comprehensive.py::TestLIFTRangesParserComprehensive::test_parse_range_with_parent_attribute PASSED [ 33%]
tests/integration/test_lift_ranges_comprehensive.py::TestLIFTRangesParserComprehensive::test_parse_range_error_handling PASSED [ 33%]
tests/integration/test_lift_ranges_comprehensive.py::TestLIFTRangesParserComprehensive::test_parse_range_namespace_handling PASSED [ 33%]
tests/integration/test_lift_ranges_comprehensive.py::TestLIFTRangesParserComprehensive::test_parse_range_performance_large_file PASSED [ 33%]
tests/integration/test_lift_ranges_e2e_integration.py::TestLIFTRangesEndToEndIntegration::test_complete_lift_ranges_pipeline PASSED [ 34%]
tests/integration/test_lift_ranges_e2e_integration.py::TestLIFTRangesEndToEndIntegration::test_hierarchical_ranges_structure SKIPPED [ 34%]
tests/integration/test_lift_ranges_e2e_integration.py::TestLIFTRangesEndToEndIntegration::test_multilingual_range_support PASSED [ 34%]
tests/integration/test_lift_ranges_e2e_integration.py::TestLIFTRangesEndToEndIntegration::test_range_performance_with_large_dataset PASSED [ 34%]
tests/integration/test_lift_ranges_e2e_integration.py::TestLIFTRangesEndToEndIntegration::test_ui_integration_compatibility PASSED [ 34%]
tests/integration/test_lift_ranges_integration.py::test_entry_form_loads_lift_ranges PASSED [ 34%]
tests/integration/test_lift_ranges_integration.py::test_pronunciation_display_with_seh_fonipa PASSED [ 34%]
tests/integration/test_lift_ranges_integration.py::test_variant_forms_ui_with_ranges PASSED [ 34%]
tests/integration/test_lift_ranges_integration.py::test_relations_ui_with_ranges PASSED [ 34%]
tests/integration/test_lift_ranges_integration.py::test_usages_and_academic_domains_visible PASSED [ 34%]
tests/integration/test_lift_ranges_integration.py::test_all_lift_ranges_available_via_api PASSED [ 34%]
tests/integration/test_lift_ranges_integration.py::test_lift_ranges_api_performance PASSED [ 34%]
tests/integration/test_lift_ranges_integration.py::test_lift_ranges_entry_form_integration PASSED [ 35%]
tests/integration/test_lift_ranges_integration.py::test_lift_ranges_dynamic_loading_verification PASSED [ 35%]
tests/integration/test_lift_ranges_parser_comprehensive.py::TestLIFTRangesParserComprehensive::test_parser_parses_all_range_types PASSED [ 35%]
tests/integration/test_lift_ranges_parser_comprehensive.py::TestLIFTRangesParserComprehensive::test_parser_handles_simple_ranges PASSED [ 35%]
tests/integration/test_lift_ranges_parser_comprehensive.py::TestLIFTRangesParserComprehensive::test_parser_handles_hierarchical_ranges PASSED [ 35%]
tests/integration/test_lift_ranges_parser_comprehensive.py::TestLIFTRangesParserComprehensive::test_parser_handles_multilingual_content PASSED [ 35%]
tests/integration/test_lift_ranges_parser_comprehensive.py::TestLIFTRangesParserComprehensive::test_parser_handles_deep_hierarchy PASSED [ 35%]
tests/integration/test_lift_ranges_parser_comprehensive.py::TestLIFTRangesParserComprehensive::test_parser_handles_guid_and_traits PASSED [ 35%]
tests/integration/test_lift_ranges_parser_comprehensive.py::TestLIFTRangesParserComprehensive::test_parser_with_real_sample_file PASSED [ 35%]
tests/integration/test_lift_ranges_parser_comprehensive.py::TestLIFTRangesParserComprehensive::test_parser_error_handling PASSED [ 35%]
tests/integration/test_lift_ranges_parser_comprehensive.py::TestLIFTRangesParserComprehensive::test_parser_empty_ranges PASSED [ 35%]
tests/integration/test_lift_ranges_parser_comprehensive.py::TestLIFTRangesParserComprehensive::test_parser_namespace_handling PASSED [ 35%]
tests/integration/test_lift_ranges_sample_file.py::test_lift_ranges_with_sample_file PASSED [ 36%]
tests/integration/test_lift_ranges_sample_file.py::test_lift_ranges_parser_with_sample_file PASSED [ 36%]
tests/integration/test_lift_ranges_sample_file.py::test_lift_ranges_service_fallback PASSED [ 36%]
tests/integration/test_live_search_functionality.py::TestLiveSearchFunctionality::test_basic_search PASSED [ 36%]
tests/integration/test_live_search_functionality.py::TestLiveSearchFunctionality::test_count_entries PASSED [ 36%]
tests/integration/test_live_search_functionality.py::TestLiveSearchFunctionality::test_search_edge_cases PASSED [ 36%]
tests/integration/test_live_search_functionality.py::TestLiveSearchFunctionality::test_search_pagination PASSED [ 36%]
tests/integration/test_live_search_functionality.py::TestLiveSearchFunctionality::test_search_special_characters PASSED [ 36%]
tests/integration/test_live_search_functionality.py::TestLiveSearchFunctionality::test_search_with_fields PASSED [ 36%]
tests/integration/test_migration_real_integration.py::TestCorpusMigration::test_schema_creation PASSED [ 36%]
tests/integration/test_migration_real_integration.py::TestCorpusMigration::test_csv_export_import_workflow PASSED [ 36%]
tests/integration/test_migration_real_integration.py::TestCorpusMigration::test_complete_migration_workflow PASSED [ 37%]
tests/integration/test_migration_real_integration.py::TestCorpusMigration::test_migration_with_edge_cases PASSED [ 37%]
tests/integration/test_migration_real_integration.py::TestCorpusMigration::test_deduplication PASSED [ 37%]
tests/integration/test_migration_real_integration.py::TestCorpusMigration::test_migration_performance PASSED [ 37%]
tests/integration/test_migration_real_integration.py::TestCorpusMigration::test_corpus_stats PASSED [ 37%]
tests/integration/test_migration_real_integration.py::TestCorpusMigration::test_migration_error_handling PASSED [ 37%]
tests/integration/test_model_integration.py::test_entry_validation_integration PASSED [ 37%]
tests/integration/test_model_integration.py::test_sense_validation_integration PASSED [ 37%]
tests/integration/test_model_integration.py::test_centralized_validation_consistency PASSED [ 37%]
tests/integration/test_morph_type_inheritance.py::TestMorphTypeInheritance::test_existing_morph_type_not_overridden PASSED [ 37%]
tests/integration/test_morph_type_inheritance.py::TestMorphTypeInheritance::test_empty_morph_type_gets_auto_classified PASSED [ 37%]
tests/integration/test_morph_type_inheritance.py::TestMorphTypeInheritance::test_morph_type_patterns PASSED [ 37%]
tests/integration/test_morph_type_inheritance.py::TestMorphTypeInheritance::test_lift_data_preservation PASSED [ 38%]
tests/integration/test_morph_type_inheritance.py::TestMorphTypeInheritance::test_flask_app_morph_type_handling PASSED [ 38%]
tests/integration/test_morph_type_inheritance_fixed.py::TestMorphTypeInheritance::test_existing_morph_type_not_overridden PASSED [ 38%]
tests/integration/test_morph_type_inheritance_fixed.py::TestMorphTypeInheritance::test_empty_morph_type_gets_auto_classified PASSED [ 38%]
tests/integration/test_morph_type_inheritance_fixed.py::TestMorphTypeInheritance::test_morph_type_patterns PASSED [ 38%]
tests/integration/test_morph_type_inheritance_fixed.py::TestMorphTypeInheritance::test_lift_data_preservation PASSED [ 38%]
tests/integration/test_morph_type_inheritance_fixed.py::TestMorphTypeInheritance::test_flask_app_morph_type_handling PASSED [ 38%]
tests/integration/test_morph_type_integration.py::TestMorphTypeIntegration::test_new_entry_form_shows_empty_morph_type PASSED [ 38%]
tests/integration/test_morph_type_integration.py::TestMorphTypeIntegration::test_existing_entry_form_shows_backend_morph_type PASSED [ 38%]
tests/integration/test_morph_type_integration.py::TestMorphTypeIntegration::test_create_entry_api_auto_classifies_morph_type FAILED [ 38%]
tests/integration/test_morph_type_integration.py::TestMorphTypeIntegration::test_create_entry_api_preserves_explicit_morph_type PASSED [ 38%]
tests/integration/test_morph_type_integration.py::TestMorphTypeIntegration::test_entry_model_auto_classification_logic PASSED [ 38%]
tests/integration/test_morph_type_integration.py::TestMorphTypeIntegration::test_lift_parser_preserves_entry_morph_type PASSED [ 39%]
tests/integration/test_morph_type_integration.py::TestMorphTypeIntegration::test_javascript_morph_type_removal PASSED [ 39%]
tests/integration/test_morph_type_integration.py::TestMorphTypeIntegration::test_template_morph_type_data_selected PASSED [ 39%]
tests/integration/test_morph_type_integration.py::TestMorphTypeIntegration::test_api_json_response_includes_morph_type PASSED [ 39%]
tests/integration/test_morph_type_integration.py::TestMorphTypeIntegration::test_server_side_classification_accuracy[headword0-stem] PASSED [ 39%]
tests/integration/test_morph_type_integration.py::TestMorphTypeIntegration::test_server_side_classification_accuracy[headword1-phrase] PASSED [ 39%]
tests/integration/test_morph_type_integration.py::TestMorphTypeIntegration::test_server_side_classification_accuracy[headword2-prefix] PASSED [ 39%]
tests/integration/test_morph_type_integration.py::TestMorphTypeIntegration::test_server_side_classification_accuracy[headword3-suffix] PASSED [ 39%]
tests/integration/test_morph_type_integration.py::TestMorphTypeIntegration::test_server_side_classification_accuracy[headword4-infix] PASSED [ 39%]
tests/integration/test_morph_type_integration.py::TestMorphTypeIntegration::test_server_side_classification_accuracy[headword5-stem] PASSED [ 39%]
tests/integration/test_morph_type_integration.py::TestMorphTypeIntegration::test_no_override_of_lift_data PASSED [ 39%]
tests/integration/test_morph_type_integration.py::TestMorphTypeIntegration::test_end_to_end_morph_type_workflow PASSED [ 39%]
tests/integration/test_morph_type_lift.py::test_lift_morph_type_parsing PASSED [ 40%]
tests/integration/test_morph_type_manual.py::test_morph_type_behavior PASSED [ 40%]
tests/integration/test_morph_type_server_side.py::TestMorphTypeServerSide::test_existing_morph_type_preserved PASSED [ 40%]
tests/integration/test_morph_type_server_side.py::TestMorphTypeServerSide::test_auto_classify_phrase PASSED [ 40%]
tests/integration/test_morph_type_server_side.py::TestMorphTypeServerSide::test_auto_classify_prefix PASSED [ 40%]
tests/integration/test_morph_type_server_side.py::TestMorphTypeServerSide::test_auto_classify_suffix PASSED [ 40%]
tests/integration/test_morph_type_server_side.py::TestMorphTypeServerSide::test_auto_classify_infix PASSED [ 40%]
tests/integration/test_morph_type_server_side.py::TestMorphTypeServerSide::test_auto_classify_default_stem PASSED [ 40%]
tests/integration/test_multilingual_dots.py::test_complex_multilingual_notes PASSED [ 40%]
tests/integration/test_multilingual_dots.py::test_dot_notation_edge_cases PASSED [ 40%]
tests/integration/test_multilingual_editing.py::TestMultilingualFieldEditing::test_multilingual_note_parsing_from_lift PASSED [ 40%]
tests/integration/test_multilingual_editing.py::TestMultilingualFieldEditing::test_multilingual_note_serialization_to_dict PASSED [ 41%]
tests/integration/test_multilingual_editing.py::TestMultilingualFieldEditing::test_multilingual_sense_note_parsing PASSED [ 41%]
tests/integration/test_multilingual_editing.py::TestMultilingualFieldEditing::test_multilingual_note_form_rendering_in_ui PASSED [ 41%]
tests/integration/test_multilingual_editing.py::TestMultilingualFieldEditing::test_multilingual_note_form_submission_processing PASSED [ 41%]
tests/integration/test_multilingual_editing.py::TestMultilingualFieldEditing::test_multilingual_custom_field_support PASSED [ 41%]
tests/integration/test_multilingual_editing.py::TestMultilingualFieldEditing::test_form_shows_non_project_language PASSED [ 41%]
tests/integration/test_multilingual_entry_integration.py::TestMultilingualEntryIntegration::test_entry_creation_with_multilingual_notes PASSED [ 41%]
tests/integration/test_multilingual_entry_integration.py::TestMultilingualEntryIntegration::test_entry_update_with_multilingual_notes PASSED [ 41%]
tests/integration/test_multilingual_entry_integration.py::TestMultilingualEntryIntegration::test_entry_roundtrip_to_dict_from_dict PASSED [ 41%]
tests/integration/test_multilingual_entry_integration.py::TestMultilingualEntryIntegration::test_entry_mixed_notes_legacy_and_multilingual PASSED [ 41%]
tests/integration/test_multilingual_entry_integration.py::TestMultilingualEntryIntegration::test_entry_with_empty_multilingual_notes PASSED [ 41%]
tests/integration/test_multilingual_entry_integration.py::TestMultilingualEntryIntegration::test_entry_json_serialization_with_multilingual_notes PASSED [ 41%]
tests/integration/test_multilingual_notes_form_processing.py::TestMultilingualNotesFormProcessing::test_process_multilingual_notes_form_data PASSED [ 42%]
tests/integration/test_multilingual_notes_form_processing.py::TestMultilingualNotesFormProcessing::test_entry_creation_with_multilingual_notes PASSED [ 42%]
tests/integration/test_multilingual_notes_form_processing.py::TestMultilingualNotesFormProcessing::test_entry_serialization_with_multilingual_notes PASSED [ 42%]
tests/integration/test_multilingual_notes_form_processing.py::TestMultilingualNotesFormProcessing::test_backward_compatibility_with_simple_notes PASSED [ 42%]
tests/integration/test_multilingual_notes_form_processing.py::TestMultilingualNotesFormProcessing::test_process_multilingual_field_form_data PASSED [ 42%]
tests/integration/test_multilingual_notes_form_processing.py::TestMultilingualNotesFormProcessing::test_process_multilingual_field_form_data_empty_field PASSED [ 42%]
tests/integration/test_multilingual_notes_form_processing.py::TestMultilingualNotesFormProcessing::test_merge_form_data_with_multilingual_lexical_unit PASSED [ 42%]
tests/integration/test_multilingual_notes_search.py::TestMultilingualNotesSearch::test_search_multilingual_notes_unit PASSED [ 42%]
tests/integration/test_multilingual_notes_search.py::TestMultilingualNotesSearch::test_search_legacy_notes_unit PASSED [ 42%]
tests/integration/test_multilingual_notes_search.py::TestMultilingualNotesSearch::test_search_mixed_notes_unit PASSED [ 42%]
tests/integration/test_multilingual_notes_search.py::TestMultilingualNotesSearch::test_notes_serialization_for_search PASSED [ 42%]
tests/integration/test_multilingual_notes_search.py::TestMultilingualNotesSearch::test_get_searchable_note_content PASSED [ 42%]
tests/integration/test_multilingual_notes_search.py::TestMultilingualNotesSearch::test_search_with_notes_field_integration PASSED [ 43%]
tests/integration/test_namespace_handling.py::TestLIFTNamespaceManager::test_detect_namespaces_with_lift_namespace PASSED [ 43%]
tests/integration/test_namespace_handling.py::TestLIFTNamespaceManager::test_detect_namespaces_without_namespace PASSED [ 43%]
tests/integration/test_namespace_handling.py::TestLIFTNamespaceManager::test_normalize_add_namespace PASSED [ 43%]
tests/integration/test_namespace_handling.py::TestLIFTNamespaceManager::test_normalize_remove_namespace PASSED [ 43%]
tests/integration/test_namespace_handling.py::TestLIFTNamespaceManager::test_xpath_with_namespace PASSED [ 43%]
tests/integration/test_namespace_handling.py::TestLIFTNamespaceManager::test_xpath_without_namespace PASSED [ 43%]
tests/integration/test_namespace_handling.py::TestXPathBuilder::test_entry_xpath_with_namespace PASSED [ 43%]
tests/integration/test_namespace_handling.py::TestXPathBuilder::test_entry_xpath_without_namespace PASSED [ 43%]
tests/integration/test_namespace_handling.py::TestXPathBuilder::test_sense_xpath PASSED [ 43%]
tests/integration/test_namespace_handling.py::TestXPathBuilder::test_lexical_unit_xpath PASSED [ 43%]
tests/integration/test_namespace_handling.py::TestXQueryBuilder::test_namespace_prologue PASSED [ 43%]
tests/integration/test_namespace_handling.py::TestXQueryBuilder::test_entry_by_id_query_with_namespace PASSED [ 44%]
tests/integration/test_namespace_handling.py::TestXQueryBuilder::test_entry_by_id_query_without_namespace PASSED [ 44%]
tests/integration/test_namespace_handling.py::TestXQueryBuilder::test_search_query_with_pagination PASSED [ 44%]
tests/integration/test_namespace_handling.py::TestXQueryBuilder::test_count_entries_query PASSED [ 44%]
tests/integration/test_namespace_handling.py::TestXQueryBuilder::test_insert_entry_query PASSED [ 44%]
tests/integration/test_namespace_handling.py::TestXQueryBuilder::test_update_entry_query PASSED [ 44%]
tests/integration/test_namespace_handling.py::TestXQueryBuilder::test_delete_entry_query PASSED [ 44%]
tests/integration/test_namespace_handling.py::TestXQueryBuilder::test_statistics_query PASSED [ 44%]
tests/integration/test_namespace_handling.py::TestXQueryBuilder::test_advanced_search_query PASSED [ 44%]
tests/integration/test_namespace_handling.py::TestXQueryBuilder::test_escape_xquery_string PASSED [ 44%]
tests/integration/test_namespace_handling.py::TestNamespaceIntegration::test_round_trip_namespace_handling PASSED [ 44%]
tests/integration/test_namespace_handling.py::TestNamespaceIntegration::test_xpath_and_xquery_consistency PASSED [ 44%]
tests/integration/test_navigation_performance.py::TestMainNavigation::test_corpus_management_navigation_exists PASSED [ 45%]
tests/integration/test_navigation_performance.py::TestMainNavigation::test_corpus_management_page_loads PASSED [ 45%]
tests/integration/test_navigation_performance.py::TestPerformanceOptimization::test_entries_page_performance PASSED [ 45%]
tests/integration/test_navigation_performance.py::TestPerformanceOptimization::test_entries_with_caching_mock PASSED [ 45%]
tests/integration/test_parser_comprehensive.py::TestLIFTParserComprehensive::test_lift_parser_instantiation PASSED [ 45%]
tests/integration/test_parser_comprehensive.py::TestLIFTParserComprehensive::test_lift_parser_basic_parsing PASSED [ 45%]
tests/integration/test_parser_comprehensive.py::TestLIFTParserComprehensive::test_lift_parser_complex_structure PASSED [ 45%]
tests/integration/test_parser_comprehensive.py::TestLIFTParserComprehensive::test_lift_parser_empty_file PASSED [ 45%]
tests/integration/test_parser_comprehensive.py::TestLIFTParserComprehensive::test_lift_parser_malformed_xml PASSED [ 45%]
tests/integration/test_parser_comprehensive.py::TestLIFTParserComprehensive::test_lift_parser_special_characters PASSED [ 45%]
tests/integration/test_parser_comprehensive.py::TestLIFTParserComprehensive::test_lift_parser_memory_efficiency PASSED [ 45%]
tests/integration/test_parser_comprehensive.py::TestEnhancedLiftParserComprehensive::test_enhanced_lift_parser_instantiation PASSED [ 46%]
tests/integration/test_parser_comprehensive.py::TestEnhancedLiftParserComprehensive::test_enhanced_parser_vs_basic_parser PASSED [ 46%]
tests/integration/test_parser_comprehensive.py::TestEnhancedLiftParserComprehensive::test_enhanced_parser_advanced_features PASSED [ 46%]
tests/integration/test_parser_comprehensive.py::TestParserErrorHandling::test_parser_file_not_found PASSED [ 46%]
tests/integration/test_parser_comprehensive.py::TestParserErrorHandling::test_parser_permission_denied PASSED [ 46%]
tests/integration/test_parser_comprehensive.py::TestParserErrorHandling::test_parser_encoding_issues PASSED [ 46%]
tests/integration/test_parser_comprehensive.py::TestParserIntegration::test_parser_with_real_lift_files PASSED [ 46%]
tests/integration/test_parser_comprehensive.py::TestParserIntegration::test_parser_performance_baseline PASSED [ 46%]
tests/integration/test_performance_benchmarks.py::TestPerformanceBenchmarks::test_bulk_entry_creation_performance ERROR [ 46%]
tests/integration/test_performance_benchmarks.py::TestPerformanceBenchmarks::test_search_performance ERROR [ 46%]
tests/integration/test_performance_benchmarks.py::TestPerformanceBenchmarks::test_entry_retrieval_performance ERROR [ 46%]
tests/integration/test_performance_benchmarks.py::TestPerformanceBenchmarks::test_count_operations_performance ERROR [ 46%]
tests/integration/test_performance_benchmarks.py::TestPerformanceBenchmarks::test_memory_usage_during_operations ERROR [ 47%]
tests/integration/test_performance_benchmarks.py::TestPerformanceBenchmarks::test_concurrent_operations_performance ERROR [ 47%]
tests/integration/test_performance_benchmarks.py::TestPerformanceRegression::test_baseline_operations PASSED [ 47%]
tests/integration/test_phase_3_integration.py::TestPhase3AutoSaveIntegration::test_auto_save_endpoint_integration PASSED [ 47%]
tests/integration/test_phase_3_integration.py::TestPhase3AutoSaveIntegration::test_auto_save_with_validation_errors PASSED [ 47%]
tests/integration/test_phase_3_integration.py::TestPhase3AutoSaveIntegration::test_auto_save_endpoint_missing_data PASSED [ 47%]
tests/integration/test_phase_3_integration.py::TestPhase3AutoSaveIntegration::test_auto_save_test_endpoint PASSED [ 47%]
tests/integration/test_phase_3_integration.py::TestPhase3AutoSaveIntegration::test_entry_form_includes_autosave_scripts PASSED [ 47%]
tests/integration/test_phase_3_integration.py::TestPhase3AutoSaveIntegration::test_phase_3_javascript_integration PASSED [ 47%]
tests/integration/test_phase_3_integration.py::TestPhase3AutoSaveIntegration::test_complete_phase_3_integration PASSED [ 47%]
tests/integration/test_phase_4_real_time_validation.py::TestPhase4RealTimeValidation::test_validation_ui_components_available PASSED [ 47%]
tests/integration/test_phase_4_real_time_validation.py::TestPhase4RealTimeValidation::test_field_level_validation_structure PASSED [ 47%]
tests/integration/test_phase_4_real_time_validation.py::TestPhase4RealTimeValidation::test_inline_validation_css_classes PASSED [ 48%]
tests/integration/test_phase_4_real_time_validation.py::TestPhase4RealTimeValidation::test_section_validation_badges_present PASSED [ 48%]
tests/integration/test_phase_4_real_time_validation.py::TestPhase4RealTimeValidation::test_section_validation_javascript_integration PASSED [ 48%]
tests/integration/test_phase_4_real_time_validation.py::TestPhase4RealTimeValidation::test_real_time_validation_endpoint PASSED [ 48%]
tests/integration/test_phase_4_real_time_validation.py::TestPhase4RealTimeValidation::test_section_validation_endpoint PASSED [ 48%]
tests/integration/test_phase_4_real_time_validation.py::TestPhase4RealTimeValidation::test_form_validation_endpoint PASSED [ 48%]
tests/integration/test_phase_4_real_time_validation.py::TestPhase4RealTimeValidation::test_form_submission_with_validation_blocking PASSED [ 48%]
tests/integration/test_phase_4_real_time_validation.py::TestPhase4RealTimeValidation::test_form_submission_with_warnings_allowed PASSED [ 48%]
tests/integration/test_phase_4_real_time_validation.py::TestPhase4RealTimeValidation::test_validation_state_persistence PASSED [ 48%]
tests/integration/test_phase_4_real_time_validation.py::TestPhase4RealTimeValidation::test_real_time_validation_performance PASSED [ 48%]
tests/integration/test_phase_4_real_time_validation.py::TestPhase4RealTimeValidation::test_section_validation_performance PASSED [ 48%]
tests/integration/test_phase_4_real_time_validation.py::TestPhase4RealTimeValidation::test_phase_4_complete_integration PASSED [ 48%]
tests/integration/test_phase_4_real_time_validation.py::TestPhase4RealTimeValidation::test_validation_feedback_accessibility PASSED [ 49%]
tests/integration/test_phase_4_real_time_validation.py::TestPhase4RealTimeValidation::test_validation_internationalization PASSED [ 49%]
tests/integration/test_pos_inheritance_scenarios.py::test_pos_inheritance_scenarios PASSED [ 49%]
tests/integration/test_pos_inheritance_scenarios.py::test_hardcoded_entry_inheritance PASSED [ 49%]
tests/integration/test_pos_ui.py::test_pos_inheritance_ui ERROR          [ 49%]
tests/integration/test_postgresql_integration.py::TestPostgreSQLConnector::test_config_from_env PASSED [ 49%]
tests/integration/test_postgresql_integration.py::TestPostgreSQLConnector::test_connection_success PASSED [ 49%]
tests/integration/test_postgresql_integration.py::TestPostgreSQLConnector::test_connection_failure PASSED [ 49%]
tests/integration/test_postgresql_integration.py::TestPostgreSQLConnector::test_execute_query_success PASSED [ 49%]
tests/integration/test_postgresql_integration.py::TestPostgreSQLConnector::test_execute_query_failure PASSED [ 49%]
tests/integration/test_postgresql_integration.py::TestPostgreSQLConnector::test_fetch_all_success PASSED [ 49%]
tests/integration/test_postgresql_integration.py::TestPostgreSQLConnector::test_fetch_all_failure PASSED [ 50%]
tests/integration/test_postgresql_integration.py::TestPostgreSQLConnector::test_context_manager PASSED [ 50%]
tests/integration/test_postgresql_integration.py::TestPostgreSQLSetup::test_schema_creation_sql PASSED [ 50%]
tests/integration/test_postgresql_integration.py::TestPostgreSQLSetup::test_index_creation_sql PASSED [ 50%]
tests/integration/test_postgresql_integration.py::TestSimpleMigration::test_sqlite_data_reading PASSED [ 50%]
tests/integration/test_postgresql_integration.py::TestSimpleMigration::test_data_transformation PASSED [ 50%]
tests/integration/test_postgresql_integration.py::TestPostgreSQLIntegration::test_real_connection PASSED [ 50%]
tests/integration/test_postgresql_integration.py::TestPostgreSQLIntegration::test_schema_creation_real PASSED [ 50%]
tests/integration/test_postgresql_real_integration.py::TestPostgreSQLRealIntegration::test_postgresql_connection PASSED [ 50%]
tests/integration/test_postgresql_real_integration.py::TestPostgreSQLRealIntegration::test_create_dictionary_schema PASSED [ 50%]
tests/integration/test_postgresql_real_integration.py::TestPostgreSQLRealIntegration::test_sqlite_to_postgresql_migration PASSED [ 50%]
tests/integration/test_postgresql_real_integration.py::TestPostgreSQLRealIntegration::test_advanced_corpus_features PASSED [ 50%]
tests/integration/test_postgresql_real_integration.py::TestPostgreSQLRealIntegration::test_word_sketch_features PASSED [ 51%]
tests/integration/test_postgresql_real_integration.py::TestPostgreSQLRealIntegration::test_performance_with_large_dataset PASSED [ 51%]
tests/integration/test_postgresql_real_integration.py::TestPostgreSQLRealIntegration::test_transaction_handling PASSED [ 51%]
tests/integration/test_pronunciation_and_dynamic_ranges.py::test_pronunciation_restricted_language_code PASSED [ 51%]
tests/integration/test_pronunciation_and_dynamic_ranges.py::test_dictionary_service_language_codes PASSED [ 51%]
tests/integration/test_pronunciation_and_dynamic_ranges.py::test_variant_types_from_traits PASSED [ 51%]
tests/integration/test_pronunciation_and_dynamic_ranges.py::test_api_endpoints_for_dynamic_ranges PASSED [ 51%]
tests/integration/test_pronunciation_display.py::test_pronunciation_display_in_entry_form PASSED [ 51%]
tests/integration/test_pronunciation_display.py::test_pronunciation_conversion PASSED [ 51%]
tests/integration/test_pronunciation_form_display.py::test_pronunciation_field_displays_in_form PASSED [ 51%]
tests/integration/test_pronunciation_form_display.py::test_pronunciation_form_renders_input_fields PASSED [ 51%]
tests/integration/test_pronunciation_unicode_fix.py::TestPronunciationUnicodeDisplay::test_pronunciation_unicode_encoding_in_js PASSED [ 51%]
tests/integration/test_pronunciation_unicode_fix.py::TestPronunciationUnicodeDisplay::test_pronunciation_template_json_encoding PASSED [ 52%]
tests/integration/test_pronunciation_unicode_fix.py::TestPronunciationUnicodeDisplay::test_api_endpoints_work PASSED [ 52%]
tests/integration/test_query_builder.py::test_simple_lexical_unit_search PASSED [ 52%]
tests/integration/test_query_builder.py::test_sense_definition_search PASSED [ 52%]
tests/integration/test_query_builder.py::test_grammatical_info_search PASSED [ 52%]
tests/integration/test_query_builder.py::test_etymology_search PASSED    [ 52%]
tests/integration/test_query_builder.py::test_relation_search PASSED     [ 52%]
tests/integration/test_query_builder.py::test_complex_multi_field_query PASSED [ 52%]
tests/integration/test_query_builder_filter_consistency.py::TestQueryBuilderFilterConsistency::test_initial_filter_has_comprehensive_fields PASSED [ 52%]
tests/integration/test_query_builder_filter_consistency.py::TestQueryBuilderFilterConsistency::test_initial_filter_has_comprehensive_operators PASSED [ 52%]
tests/integration/test_query_builder_filter_consistency.py::TestQueryBuilderFilterConsistency::test_javascript_creates_identical_filter_options PASSED [ 52%]
tests/integration/test_query_builder_filter_consistency.py::TestQueryBuilderFilterConsistency::test_no_hardcoded_options_in_javascript PASSED [ 52%]
tests/integration/test_query_builder_filter_consistency.py::TestQueryBuilderFilterConsistency::test_optgroup_structure_preservation PASSED [ 53%]
tests/integration/test_query_builder_ui.py::TestQueryBuilderUI::test_query_builder_page_renders PASSED [ 53%]
tests/integration/test_query_builder_ui.py::TestQueryBuilderUI::test_query_builder_has_field_options PASSED [ 53%]
tests/integration/test_query_builder_ui.py::TestQueryBuilderUI::test_query_builder_has_operator_options PASSED [ 53%]
tests/integration/test_query_builder_ui.py::TestQueryBuilderUI::test_query_builder_dynamic_filter_management PASSED [ 53%]
tests/integration/test_query_builder_ui.py::TestQueryBuilderUI::test_query_builder_has_sorting_options PASSED [ 53%]
tests/integration/test_query_builder_ui.py::TestQueryBuilderUI::test_query_builder_preview_functionality PASSED [ 53%]
tests/integration/test_query_builder_ui.py::TestQueryBuilderUI::test_query_builder_save_functionality PASSED [ 53%]
tests/integration/test_query_builder_ui.py::TestQueryBuilderAPI::test_validate_query_endpoint PASSED [ 53%]
tests/integration/test_query_builder_ui.py::TestQueryBuilderAPI::test_preview_query_endpoint PASSED [ 53%]
tests/integration/test_query_builder_ui.py::TestQueryBuilderAPI::test_save_query_endpoint PASSED [ 53%]
tests/integration/test_query_builder_ui.py::TestQueryBuilderAPI::test_load_saved_queries_endpoint PASSED [ 53%]
tests/integration/test_query_builder_ui.py::TestQueryBuilderAPI::test_execute_query_and_create_workset PASSED [ 54%]
tests/integration/test_query_builder_ui.py::TestQueryBuilderPerformance::test_query_validation_response_time PASSED [ 54%]
tests/integration/test_query_builder_ui.py::TestQueryBuilderPerformance::test_query_preview_handles_large_results PASSED [ 54%]
tests/integration/test_ranges_api.py::TestRangesAPI::test_get_ranges_returns_structured_data PASSED [ 54%]
tests/integration/test_ranges_api.py::TestRangesAPI::test_get_ranges_handles_empty_ranges PASSED [ 54%]
tests/integration/test_ranges_api.py::TestRangesAPI::test_get_ranges_caches_results PASSED [ 54%]
tests/integration/test_ranges_api.py::TestRangesAPI::test_grammatical_info_range_structure PASSED [ 54%]
tests/integration/test_ranges_api.py::TestRangesAPI::test_lexical_relation_range_structure PASSED [ 54%]
tests/integration/test_ranges_api.py::TestRangesAPIEndpoints::test_ranges_endpoint_structure_ready PASSED [ 54%]
tests/integration/test_ranges_api.py::TestRangesAPIEndpoints::test_specific_range_endpoint_structure PASSED [ 54%]
tests/integration/test_real_endpoint.py::test_real_edit_entry PASSED     [ 54%]
tests/integration/test_real_integration.py::TestRealIntegration::test_real_entry_creation_and_retrieval PASSED [ 55%]
tests/integration/test_real_integration.py::TestRealIntegration::test_real_search_functionality PASSED [ 55%]
tests/integration/test_real_integration.py::TestRealIntegration::test_real_entry_update_and_delete PASSED [ 55%]
tests/integration/test_real_integration.py::TestRealIntegration::test_real_statistics_and_counts PASSED [ 55%]
tests/integration/test_real_integration.py::TestRealIntegration::test_real_lift_import_export_roundtrip PASSED [ 55%]
tests/integration/test_real_integration.py::TestRealIntegration::test_real_error_handling PASSED [ 55%]
tests/integration/test_real_integration.py::TestRealIntegration::test_real_sense_operations PASSED [ 55%]
tests/integration/test_real_integration.py::TestRealModelInteractions::test_sense_property_setters PASSED [ 55%]
tests/integration/test_real_integration.py::TestRealModelInteractions::test_entry_sense_integration PASSED [ 55%]
tests/integration/test_real_integration.py::TestRealModelInteractions::test_entry_validation_comprehensive PASSED [ 55%]
tests/integration/test_real_submission.py::test_real_form_submission PASSED [ 55%]
tests/integration/test_relation_variant_types.py::TestRelationBasedVariants::test_parse_relation_with_variant_type_trait PASSED [ 55%]
tests/integration/test_relation_variant_types.py::TestRelationBasedVariants::test_parse_multiple_relations_with_variant_traits PASSED [ 56%]
tests/integration/test_relation_variant_types.py::TestRelationBasedVariants::test_generate_lift_with_relation_variant_traits PASSED [ 56%]
tests/integration/test_relation_variant_types.py::TestRelationBasedVariants::test_get_variant_type_relations PASSED [ 56%]
tests/integration/test_relation_variant_types.py::TestRelationBasedVariants::test_variant_type_round_trip PASSED [ 56%]
tests/integration/test_relations_ui.py::TestRelationsUI::test_relation_object_creation PASSED [ 56%]
tests/integration/test_relations_ui.py::TestRelationsUI::test_entry_model_supports_relations_list PASSED [ 56%]
tests/integration/test_relations_ui.py::TestRelationsUI::test_entry_relations_serialization PASSED [ 56%]
tests/integration/test_relations_ui.py::TestRelationsUI::test_empty_relations_handling PASSED [ 56%]
tests/integration/test_relations_ui.py::TestRelationsUI::test_add_relation_method PASSED [ 56%]
tests/integration/test_relations_ui.py::TestRelationsAPISupport::test_api_entry_creation_with_relations PASSED [ 56%]
tests/integration/test_relations_ui.py::TestRelationsAPISupport::test_api_entry_update_with_relations PASSED [ 56%]
tests/integration/test_relations_ui.py::TestRelationsRangesIntegration::test_relation_types_from_ranges PASSED [ 56%]
tests/integration/test_relations_ui.py::TestRelationsRangesIntegration::test_relation_validation_ready PASSED [ 57%]
tests/integration/test_relations_ui.py::TestRelationsLifecycle::test_add_relation_to_existing_entry PASSED [ 57%]
tests/integration/test_relations_ui.py::TestRelationsLifecycle::test_remove_relation_from_entry PASSED [ 57%]
tests/integration/test_relations_ui.py::TestRelationsLifecycle::test_modify_relation_in_entry PASSED [ 57%]
tests/integration/test_relations_variants_ui_playwright.py::TestRelationsVariantsUIPlaywright::test_variant_container_displays_correctly ERROR [ 57%]
tests/integration/test_relations_variants_ui_playwright.py::TestRelationsVariantsUIPlaywright::test_relations_container_displays_correctly ERROR [ 57%]
tests/integration/test_relations_variants_ui_playwright.py::TestRelationsVariantsUIPlaywright::test_variant_form_interaction ERROR [ 57%]
tests/integration/test_relations_variants_ui_playwright.py::TestRelationsVariantsUIPlaywright::test_relation_form_interaction ERROR [ 57%]
tests/integration/test_save_debug.py::test_entry_save PASSED             [ 57%]
tests/integration/test_search.py::TestSearch::test_basic_search PASSED   [ 57%]
tests/integration/test_search.py::TestSearch::test_search_exact_match PASSED [ 57%]
tests/integration/test_search.py::TestSearch::test_search_by_field PASSED [ 57%]
tests/integration/test_search.py::TestSearch::test_search_special_characters PASSED [ 58%]
tests/integration/test_search.py::TestSearch::test_search_pagination PASSED [ 58%]
tests/integration/test_search.py::TestSearch::test_search_no_results PASSED [ 58%]
tests/integration/test_search.py::TestSearch::test_search_after_update PASSED [ 58%]
tests/integration/test_search_api_debug.py::TestSearchAPI::test_search_api_basic PASSED [ 58%]
tests/integration/test_search_api_debug.py::TestSearchAPI::test_search_with_notes_field PASSED [ 58%]
tests/integration/test_search_api_debug.py::TestSearchAPI::test_search_with_multiple_fields PASSED [ 58%]
tests/integration/test_search_api_debug.py::TestSearchAPI::test_search_error_handling PASSED [ 58%]
tests/integration/test_search_api_debug.py::TestSearchAPI::test_search_debug_info PASSED [ 58%]
tests/integration/test_search_functionality.py::test_count_entries PASSED [ 58%]
tests/integration/test_search_functionality.py::test_basic_search PASSED [ 58%]
tests/integration/test_search_functionality.py::test_search_api_endpoint_exists PASSED [ 58%]
tests/integration/test_search_functionality.py::test_search_api_response_structure PASSED [ 59%]
tests/integration/test_search_functionality.py::test_search_api_parameter_validation PASSED [ 59%]
tests/integration/test_search_functionality.py::test_search_frontend_page_loads PASSED [ 59%]
tests/integration/test_search_functionality.py::test_search_frontend_javascript_integration PASSED [ 59%]
tests/integration/test_search_functionality.py::test_search_javascript_file_accessible PASSED [ 59%]
tests/integration/test_search_functionality.py::test_search_api_with_frontend_query PASSED [ 59%]
tests/integration/test_search_functionality.py::test_search_error_handling PASSED [ 59%]
tests/integration/test_search_integration_comprehensive.py::TestSearchIntegrationComprehensive::test_search_basic PASSED [ 59%]
tests/integration/test_search_integration_comprehensive.py::TestSearchIntegrationComprehensive::test_exact_match_search PASSED [ 59%]
tests/integration/test_search_integration_comprehensive.py::TestSearchIntegrationComprehensive::test_partial_match_search PASSED [ 59%]
tests/integration/test_search_integration_comprehensive.py::TestSearchIntegrationComprehensive::test_multilingual_search PASSED [ 59%]
tests/integration/test_search_integration_comprehensive.py::TestSearchIntegrationComprehensive::test_case_insensitive_search PASSED [ 60%]
tests/integration/test_search_integration_comprehensive.py::TestSearchIntegrationComprehensive::test_empty_search_query PASSED [ 60%]
tests/integration/test_search_integration_comprehensive.py::TestSearchIntegrationComprehensive::test_search_pagination PASSED [ 60%]
tests/integration/test_search_integration_comprehensive.py::TestSearchIntegrationComprehensive::test_search_special_characters PASSED [ 60%]
tests/integration/test_search_integration_comprehensive.py::TestSearchIntegrationComprehensive::test_search_performance_limits PASSED [ 60%]
tests/integration/test_search_integration_comprehensive.py::TestXQueryBuilderComprehensive::test_xquery_builder_instantiation PASSED [ 60%]
tests/integration/test_search_integration_comprehensive.py::TestXQueryBuilderComprehensive::test_xquery_builder_entry_retrieval PASSED [ 60%]
tests/integration/test_search_integration_comprehensive.py::TestXQueryBuilderComprehensive::test_xquery_builder_count_query PASSED [ 60%]
tests/integration/test_search_integration_comprehensive.py::TestXQueryBuilderComprehensive::test_xquery_builder_special_characters PASSED [ 60%]
tests/integration/test_search_integration_comprehensive.py::TestXQueryBuilderComprehensive::test_xquery_builder_pagination PASSED [ 60%]
tests/integration/test_search_integration_comprehensive.py::TestLIFTNamespaceManagerComprehensive::test_namespace_manager_instantiation PASSED [ 60%]
tests/integration/test_search_integration_comprehensive.py::TestLIFTNamespaceManagerComprehensive::test_namespace_manager_lift_namespace PASSED [ 60%]
tests/integration/test_search_integration_comprehensive.py::TestLIFTNamespaceManagerComprehensive::test_namespace_manager_prefix_operations PASSED [ 61%]
tests/integration/test_search_integration_comprehensive.py::TestLIFTNamespaceManagerComprehensive::test_namespace_manager_xml_declaration PASSED [ 61%]
tests/integration/test_search_integration_comprehensive.py::TestSearchEdgeCases::test_search_with_mock_connector PASSED [ 61%]
tests/integration/test_search_integration_comprehensive.py::TestSearchEdgeCases::test_search_error_handling PASSED [ 61%]
tests/integration/test_search_integration_comprehensive.py::TestSearchEdgeCases::test_search_memory_efficiency PASSED [ 61%]
tests/integration/test_search_invalid_entry.py::test_invalid_entry_in_search PASSED [ 61%]
tests/integration/test_search_pagination.py::TestSearchPagination::test_pagination_consistency PASSED [ 61%]
tests/integration/test_search_pagination.py::TestSearchPagination::test_search_with_limit_and_offset PASSED [ 61%]
tests/integration/test_search_pagination.py::TestSearchPagination::test_search_with_limit_only PASSED [ 61%]
tests/integration/test_search_pagination.py::TestSearchPagination::test_search_with_specific_limit PASSED [ 61%]
tests/integration/test_sense_deletion.py::test_sense_deletion_persists_after_save ERROR [ 61%]
tests/integration/test_sense_deletion.py::test_default_template_not_serialized ERROR [ 61%]
tests/integration/test_sense_deletion.py::test_multiple_deletions ERROR  [ 62%]
tests/integration/test_sense_deletion.py::test_add_and_remove_sense ERROR [ 62%]
tests/integration/test_sense_deletion_fixed.py::test_sense_deletion_persists_after_save ERROR [ 62%]
tests/integration/test_sense_deletion_fixed.py::test_default_template_not_serialized ERROR [ 62%]
tests/integration/test_sense_deletion_fixed.py::test_multiple_deletions ERROR [ 62%]
tests/integration/test_sense_level_fields_no_data_loss.py::TestSenseLevelFieldsNoDataLoss::test_usage_type_list_preserved_through_form_processing PASSED [ 62%]
tests/integration/test_sense_level_fields_no_data_loss.py::TestSenseLevelFieldsNoDataLoss::test_domain_type_list_preserved_through_form_processing PASSED [ 62%]
tests/integration/test_sense_level_fields_no_data_loss.py::TestSenseLevelFieldsNoDataLoss::test_semicolon_separated_string_converted_to_list PASSED [ 62%]
tests/integration/test_sense_level_fields_no_data_loss.py::TestSenseLevelFieldsNoDataLoss::test_empty_list_fields_handled_correctly PASSED [ 62%]
tests/integration/test_sense_level_fields_no_data_loss.py::TestSenseLevelFieldsNoDataLoss::test_entry_with_usage_type_saved_and_retrieved PASSED [ 62%]
tests/integration/test_sense_level_fields_no_data_loss.py::TestSenseLevelFieldsNoDataLoss::test_entry_with_domain_type_saved_and_retrieved PASSED [ 62%]
tests/integration/test_sense_level_fields_no_data_loss.py::TestSenseLevelFieldsNoDataLoss::test_form_submission_to_database_roundtrip PASSED [ 62%]
tests/integration/test_sense_level_fields_no_data_loss.py::TestSenseLevelFieldsNoDataLoss::test_multiple_senses_with_different_usage_types PASSED [ 63%]
tests/integration/test_sense_level_fields_no_data_loss.py::TestSenseLevelFieldsNoDataLoss::test_single_value_as_list PASSED [ 63%]
tests/integration/test_serialization_error.py::test_entry_serialization_issue PASSED [ 63%]
tests/integration/test_settings_page_playwright.py::TestSettingsPageUX::test_settings_page_basic_functionality ERROR [ 63%]
tests/integration/test_settings_route.py::TestSettingsRoute::test_get_settings_page PASSED [ 63%]
tests/integration/test_settings_route.py::TestSettingsRoute::test_language_choices_in_form PASSED [ 63%]
tests/integration/test_settings_route.py::TestSettingsRoute::test_settings_are_applied_immediately PASSED [ 63%]
tests/integration/test_settings_route.py::TestSettingsRoute::test_update_settings_successfully PASSED [ 63%]
tests/integration/test_settings_route.py::TestSettingsRoute::test_update_settings_validation_error PASSED [ 63%]
tests/integration/test_sorting_and_editing.py::test_date_modified_sorting_ascending ERROR [ 63%]
tests/integration/test_sorting_and_editing.py::test_date_modified_sorting_descending ERROR [ 63%]
tests/integration/test_sorting_and_editing.py::test_entry_editing_loads_successfully ERROR [ 64%]
tests/integration/test_sorting_and_editing.py::test_entry_editing_save_functionality ERROR [ 64%]
tests/integration/test_sorting_and_editing.py::test_multiple_entries_sorting_consistency ERROR [ 64%]
tests/integration/test_statistics_and_status.py::TestDictionaryStatistics::test_count_entries PASSED [ 64%]
tests/integration/test_statistics_and_status.py::TestDictionaryStatistics::test_count_senses_and_examples PASSED [ 64%]
tests/integration/test_statistics_and_status.py::TestDictionaryStatistics::test_statistics_after_import PASSED [ 64%]
tests/integration/test_statistics_and_status.py::TestSystemStatus::test_get_system_status PASSED [ 64%]
tests/integration/test_statistics_and_status.py::TestSystemStatus::test_system_status_disconnected PASSED [ 64%]
tests/integration/test_template_rendering.py::test_template_rendering PASSED [ 64%]
tests/integration/test_tools_page.py::test_tools_page PASSED             [ 64%]
tests/integration/test_tools_page.py::test_clear_cache PASSED            [ 64%]
tests/integration/test_ui_fixes.py::test_homograph_field_visibility PASSED [ 64%]
tests/integration/test_ui_fixes.py::test_tooltip_consistency PASSED      [ 65%]
tests/integration/test_ui_form_submission.py::TestUIFormSubmissionWorkflow::test_create_new_entry_with_usage_type_from_form PASSED [ 65%]
tests/integration/test_ui_form_submission.py::TestUIFormSubmissionWorkflow::test_edit_existing_entry_update_usage_type_from_form PASSED [ 65%]
tests/integration/test_ui_form_submission.py::TestUIFormSubmissionWorkflow::test_add_sense_with_usage_type_to_existing_entry PASSED [ 65%]
tests/integration/test_ui_form_submission.py::TestUIFormSubmissionWorkflow::test_empty_usage_type_removes_field PASSED [ 65%]
tests/integration/test_ui_form_submission.py::TestUIFormSubmissionWorkflow::test_single_value_usage_type_becomes_list PASSED [ 65%]
tests/integration/test_ui_ranges_phase4.py::TestUIRangesDynamicIntegration::test_entry_form_loads_dynamic_grammatical_info PASSED [ 65%]
tests/integration/test_ui_ranges_phase4.py::TestUIRangesDynamicIntegration::test_entry_form_loads_dynamic_relation_types PASSED [ 65%]
tests/integration/test_ui_ranges_phase4.py::TestUIRangesDynamicIntegration::test_search_page_uses_dynamic_ranges PASSED [ 65%]
tests/integration/test_ui_ranges_phase4.py::TestUIRangesDynamicIntegration::test_entry_form_hierarchical_semantic_domain_editor PASSED [ 65%]
tests/integration/test_ui_ranges_phase4.py::TestUIRangesDynamicIntegration::test_ui_gracefully_handles_missing_ranges PASSED [ 65%]
tests/integration/test_ui_ranges_phase4.py::TestUIRangesDynamicIntegration::test_javascript_ranges_loader_functionality PASSED [ 65%]
tests/integration/test_ui_ranges_phase4.py::TestUIRangesDynamicIntegration::test_entry_form_etymology_types_dropdown PASSED [ 66%]
tests/integration/test_ui_ranges_phase4.py::TestUIRangesDynamicIntegration::test_entry_form_status_and_usage_type_selectors PASSED [ 66%]
tests/integration/test_ui_ranges_phase4.py::TestUIRangesDynamicIntegration::test_query_builder_uses_dynamic_ranges PASSED [ 66%]
tests/integration/test_ui_ranges_phase4.py::TestUIRangesSpecialEditors::test_semantic_domain_hierarchical_tree_view PASSED [ 66%]
tests/integration/test_ui_ranges_phase4.py::TestUIRangesSpecialEditors::test_grammatical_info_hierarchical_categories PASSED [ 66%]
tests/integration/test_ui_ranges_phase4.py::TestUIRangesSpecialEditors::test_range_editor_multilingual_display PASSED [ 66%]
tests/integration/test_ui_ranges_phase4.py::TestUIRangesSpecialEditors::test_range_search_and_filter_functionality PASSED [ 66%]
tests/integration/test_ui_ranges_phase4.py::TestUIRangesSpecialEditors::test_range_validation_and_error_handling_in_ui PASSED [ 66%]
tests/integration/test_usage_type_string_bug.py::test_usage_type_string_incorrectly_split_into_characters PASSED [ 66%]
tests/integration/test_usage_type_string_bug.py::test_usage_type_as_list_works_correctly PASSED [ 66%]
tests/integration/test_validation_relaxation.py::test_get_ranges_crash PASSED [ 66%]
tests/integration/test_validation_relaxation.py::test_validation_allows_empty_source_definition PASSED [ 66%]
tests/integration/test_validation_relaxation.py::test_validation_rejects_empty_all_definitions PASSED [ 67%]
tests/integration/test_validation_relaxation.py::test_validation_allows_empty_source_with_gloss PASSED [ 67%]
tests/integration/test_validation_rules.py::TestValidationModes::test_entry_without_senses_draft_mode PASSED [ 67%]
tests/integration/test_validation_rules.py::TestValidationModes::test_entry_deletion_bypasses_validation PASSED [ 67%]
tests/integration/test_validation_rules.py::TestValidationModes::test_progressive_workflow PASSED [ 67%]
tests/integration/test_validation_rules.py::TestValidationModes::test_dictionary_service_draft_mode PASSED [ 67%]
tests/integration/test_validation_rules.py::TestEntryValidationRules::test_r1_1_1_entry_id_required PASSED [ 67%]
tests/integration/test_validation_rules.py::TestEntryValidationRules::test_r1_1_2_lexical_unit_required PASSED [ 67%]
tests/integration/test_validation_rules.py::TestEntryValidationRules::test_r1_1_3_at_least_one_sense_required PASSED [ 67%]
tests/integration/test_validation_rules.py::TestEntryValidationRules::test_r1_2_1_entry_id_format_validation PASSED [ 67%]
tests/integration/test_validation_rules.py::TestEntryValidationRules::test_r1_2_2_lexical_unit_format_validation PASSED [ 67%]
tests/integration/test_validation_rules.py::TestEntryValidationRules::test_r1_2_3_language_code_validation PASSED [ 67%]
tests/integration/test_validation_rules.py::TestSenseValidationRules::test_r2_1_1_sense_id_required PASSED [ 68%]
tests/integration/test_validation_rules.py::TestSenseValidationRules::test_r2_1_2_sense_definition_or_gloss_required PASSED [ 68%]
tests/integration/test_validation_rules.py::TestSenseValidationRules::test_r2_1_3_variant_sense_validation PASSED [ 68%]
tests/integration/test_validation_rules.py::TestSenseValidationRules::test_r2_2_1_definition_content_validation PASSED [ 68%]
tests/integration/test_validation_rules.py::TestSenseValidationRules::test_r2_2_2_gloss_content_validation PASSED [ 68%]
tests/integration/test_validation_rules.py::TestSenseValidationRules::test_r2_2_3_example_text_validation PASSED [ 68%]
tests/integration/test_validation_rules.py::TestNoteValidationRules::test_r3_1_1_unique_note_types PASSED [ 68%]
tests/integration/test_validation_rules.py::TestNoteValidationRules::test_r3_1_2_note_content_validation PASSED [ 68%]
tests/integration/test_validation_rules.py::TestNoteValidationRules::test_r3_1_3_multilingual_note_structure PASSED [ 68%]
tests/integration/test_validation_rules.py::TestPronunciationValidationRules::test_r4_1_1_pronunciation_language_restriction PASSED [ 68%]
tests/integration/test_validation_rules.py::TestPronunciationValidationRules::test_r4_1_2_ipa_character_validation PASSED [ 68%]
tests/integration/test_validation_rules.py::TestPronunciationValidationRules::test_r4_2_1_no_double_stress_markers PASSED [ 69%]
tests/integration/test_validation_rules.py::TestPronunciationValidationRules::test_r4_2_2_no_double_length_markers PASSED [ 69%]
tests/integration/test_validation_rules.py::TestPOSConsistencyRules::test_r6_1_1_entry_sense_pos_consistency PASSED [ 69%]
tests/integration/test_validation_rules.py::TestPOSConsistencyRules::test_r6_1_2_conflicting_sense_pos_requires_manual_entry_pos PASSED [ 69%]
tests/integration/test_validation_rules.py::TestRelationValidationRules::test_r5_1_1_entry_reference_integrity PASSED [ 69%]
tests/integration/test_validation_rules.py::TestRelationValidationRules::test_r5_1_2_sense_level_reference_integrity PASSED [ 69%]
tests/integration/test_validation_rules.py::TestRelationValidationRules::test_r5_2_1_relation_type_validation SKIPPED [ 69%]
tests/integration/test_validation_rules.py::TestDynamicRangeValidation::test_r8_1_1_types_from_lift_ranges PASSED [ 69%]
tests/integration/test_validation_rules.py::TestDynamicRangeValidation::test_r8_2_1_variant_types_from_traits PASSED [ 69%]
tests/integration/test_validation_rules.py::TestDynamicRangeValidation::test_r8_2_2_language_codes_from_lift_data PASSED [ 69%]
tests/integration/test_validation_rules.py::TestPerformanceValidationRules::test_r10_1_1_bulk_validation_performance SKIPPED [ 69%]
tests/integration/test_validation_rules.py::TestPerformanceValidationRules::test_r10_2_1_error_reporting_with_field_paths PASSED [ 69%]
tests/integration/test_validation_rules_fixed.py::TestValidationModes::test_save_entry_without_senses_in_draft_mode PASSED [ 70%]
tests/integration/test_validation_rules_fixed.py::TestValidationModes::test_delete_entry_bypasses_validation PASSED [ 70%]
tests/integration/test_validation_rules_fixed.py::TestValidationModes::test_progressive_validation_workflow PASSED [ 70%]
tests/integration/test_validation_rules_fixed.py::TestEntryValidationRulesFixed::test_r1_1_1_entry_id_required PASSED [ 70%]
tests/integration/test_validation_rules_fixed.py::TestEntryValidationRulesFixed::test_r1_1_2_lexical_unit_required PASSED [ 70%]
tests/integration/test_validation_rules_fixed.py::TestEntryValidationRulesFixed::test_r1_1_3_at_least_one_sense_required_save_mode PASSED [ 70%]
tests/integration/test_validation_rules_fixed.py::TestEntryValidationRulesFixed::test_r1_1_3_sense_not_required_draft_mode PASSED [ 70%]
tests/integration/test_validation_rules_fixed.py::TestEntryValidationRulesFixed::test_r1_2_1_entry_id_format_validation PASSED [ 70%]
tests/integration/test_validation_rules_fixed.py::TestEntryValidationRulesFixed::test_r1_2_2_lexical_unit_format_validation PASSED [ 70%]
tests/integration/test_validation_rules_fixed.py::TestSenseValidationRulesFixed::test_r2_1_1_sense_id_required PASSED [ 70%]
tests/integration/test_validation_rules_fixed.py::TestSenseValidationRulesFixed::test_r2_1_2_sense_definition_or_gloss_required PASSED [ 70%]
tests/integration/test_validation_rules_fixed.py::TestSenseValidationRulesFixed::test_r2_2_1_definition_content_validation PASSED [ 70%]
tests/integration/test_validation_rules_fixed.py::TestSenseValidationRulesFixed::test_r2_2_2_gloss_content_validation PASSED [ 71%]
tests/integration/test_validation_rules_fixed.py::TestValidationEngineDirectly::test_validation_engine_with_proper_data PASSED [ 71%]
tests/integration/test_validation_rules_fixed.py::TestValidationEngineDirectly::test_validation_modes_in_engine PASSED [ 71%]
tests/integration/test_variant_container.py::TestVariantContainer::test_extract_variant_relations_from_traits PASSED [ 71%]
tests/integration/test_variant_container.py::TestVariantContainer::test_extract_variant_relations_no_traits PASSED [ 71%]
tests/integration/test_variant_container.py::TestVariantContainer::test_extract_variant_relations_without_order PASSED [ 71%]
tests/integration/test_variant_container.py::TestVariantContainer::test_entry_to_dict_includes_variant_relations PASSED [ 71%]
tests/integration/test_variant_entry_complete.py::test_variant_entry_without_senses PASSED [ 71%]
tests/integration/test_variant_entry_complete.py::test_regular_entry_requires_senses PASSED [ 71%]
tests/integration/test_variant_entry_complete.py::test_variant_entry_with_senses PASSED [ 71%]
tests/integration/test_variant_entry_complete.py::test_non_variant_relation_requires_senses PASSED [ 71%]
tests/integration/test_variant_entry_listing_fix.py::test_variant_entry_listing_without_validation_errors PASSED [ 71%]
tests/integration/test_variant_entry_listing_fix.py::test_validation_still_works_for_create_operations PASSED [ 72%]
tests/integration/test_variant_entry_listing_fix.py::test_non_validating_parser_accepts_variant_entries PASSED [ 72%]
tests/integration/test_variant_forms_ui.py::TestVariantFormsUI::test_entry_model_supports_variants PASSED [ 72%]
tests/integration/test_variant_forms_ui.py::TestVariantFormsUI::test_variant_object_creation_and_serialization PASSED [ 72%]
tests/integration/test_variant_forms_ui.py::TestVariantFormsUI::test_entry_variant_serialization PASSED [ 72%]
tests/integration/test_variant_forms_ui.py::TestVariantFormsUI::test_empty_variants_handling PASSED [ 72%]
tests/integration/test_variant_forms_ui.py::TestVariantFormsUI::test_variant_validation_requirements PASSED [ 72%]
tests/integration/test_variant_forms_ui.py::TestVariantFormsAPISupport::test_api_entry_creation_with_variants PASSED [ 72%]
tests/integration/test_variant_forms_ui.py::TestVariantFormsAPISupport::test_api_entry_update_with_variants PASSED [ 72%]
tests/integration/test_variant_forms_ui.py::TestVariantFormsRangesIntegration::test_variant_type_from_ranges PASSED [ 72%]
tests/integration/test_variant_forms_ui.py::TestVariantFormsRangesIntegration::test_form_language_code_validation_ready PASSED [ 72%]
tests/integration/test_variant_forms_ui.py::TestVariantFormsLifecycle::test_add_variant_to_existing_entry PASSED [ 73%]
tests/integration/test_variant_forms_ui.py::TestVariantFormsLifecycle::test_remove_variant_from_entry PASSED [ 73%]
tests/integration/test_variant_forms_ui.py::TestVariantFormsLifecycle::test_modify_variant_in_entry PASSED [ 73%]
tests/integration/test_variant_sense_validation.py::test_variant_entries_have_no_senses PASSED [ 73%]
tests/integration/test_variant_trait_labels_ui.py::TestVariantTraitLabelsUI::test_variant_types_from_traits_api_endpoint PASSED [ 73%]
tests/integration/test_variant_trait_labels_ui.py::TestVariantTraitLabelsUI::test_entry_form_contains_variant_container PASSED [ 73%]
tests/integration/test_variant_trait_labels_ui.py::TestVariantTraitLabelsUI::test_variant_forms_uses_traits_based_range_id PASSED [ 73%]
tests/integration/test_variant_trait_labels_ui.py::TestVariantTraitLabelsUI::test_variant_forms_manager_initialization PASSED [ 73%]
tests/integration/test_variant_validation_fix.py::test_variant_entry_validation PASSED [ 73%]
tests/integration/test_web_endpoint.py::test_json_submission PASSED      [ 73%]
tests/integration/test_web_endpoint.py::test_form_submission PASSED      [ 73%]
tests/integration/test_web_form_protestantism.py::test_protestantism_form_submission PASSED [ 73%]
tests/integration/test_web_form_protestantism.py::test_form_data_parsing PASSED [ 74%]
tests/integration/test_web_form_real.py::TestRealWebFormSubmission::test_web_form_definition_preservation PASSED [ 74%]
tests/integration/test_web_form_real.py::TestRealWebFormSubmission::test_web_form_with_new_definition PASSED [ 74%]
tests/integration/test_word_sketch_integration.py::TestWordSketchPostgreSQLIntegration::test_create_word_sketch_table_schema PASSED [ 74%]
tests/integration/test_word_sketch_integration.py::TestWordSketchPostgreSQLIntegration::test_insert_word_sketch PASSED [ 74%]
tests/integration/test_word_sketch_integration.py::TestWordSketchPostgreSQLIntegration::test_query_word_sketches_by_headword PASSED [ 74%]
tests/integration/test_word_sketch_integration.py::TestWordSketchPostgreSQLIntegration::test_calculate_logdice_score PASSED [ 74%]
tests/integration/test_word_sketch_integration.py::TestSUBTLEXIntegration::test_import_subtlex_data PASSED [ 74%]
tests/integration/test_word_sketch_integration.py::TestSUBTLEXIntegration::test_calculate_psychological_accessibility PASSED [ 74%]
tests/integration/test_word_sketch_integration.py::TestSUBTLEXIntegration::test_frequency_analysis_integration PASSED [ 74%]
tests/integration/test_word_sketch_integration.py::TestSentenceAlignedProcessing::test_batch_process_aligned_sentences PASSED [ 74%]
tests/integration/test_word_sketch_integration.py::TestSentenceAlignedProcessing::test_extract_word_sketches_from_sentences PASSED [ 74%]
tests/integration/test_word_sketch_integration.py::TestSentenceAlignedProcessing::test_linguistic_cache_functionality PASSED [ 75%]
tests/integration/test_word_sketch_integration.py::TestSketchGrammarProcessing::test_load_sketch_grammar_patterns PASSED [ 75%]
tests/integration/test_word_sketch_integration.py::TestSketchGrammarProcessing::test_apply_sketch_patterns_to_sentence PASSED [ 75%]
tests/integration/test_working_coverage.py::test_dictionary_service_with_real_basex PASSED [ 75%]
tests/integration/test_workset_api.py::TestWorksetAPI::test_create_workset_from_query PASSED [ 75%]
tests/integration/test_workset_api.py::TestWorksetAPI::test_get_workset_with_pagination PASSED [ 75%]
tests/integration/test_workset_api.py::TestWorksetAPI::test_update_workset_query PASSED [ 75%]
tests/integration/test_workset_api.py::TestWorksetAPI::test_delete_workset PASSED [ 75%]
tests/integration/test_workset_api.py::TestWorksetAPI::test_bulk_update_workset PASSED [ 75%]
tests/integration/test_workset_api.py::TestWorksetAPI::test_get_bulk_operation_progress PASSED [ 75%]
tests/integration/test_workset_api.py::TestWorksetAPI::test_validate_workset_query PASSED [ 75%]
tests/integration/test_workset_api.py::TestWorksetPerformance::test_workset_handles_large_datasets PASSED [ 75%]
tests/integration/test_worksets.py::test_create_workset PASSED           [ 76%]
tests/unit/test_academic_domains.py::TestAcademicDomainsEntryLevel::test_entry_model_accepts_academic_domain_string PASSED [ 76%]
tests/unit/test_academic_domains.py::TestAcademicDomainsEntryLevel::test_entry_model_accepts_academic_domain_none PASSED [ 76%]
tests/unit/test_academic_domains.py::TestAcademicDomainsEntryLevel::test_entry_model_defaults_to_none PASSED [ 76%]
tests/unit/test_academic_domains.py::TestAcademicDomainsEntryLevel::test_entry_to_dict_includes_academic_domain PASSED [ 76%]
tests/unit/test_academic_domains.py::TestAcademicDomainsEntryLevel::test_entry_to_template_dict_includes_academic_domain PASSED [ 76%]
tests/unit/test_academic_domains.py::TestAcademicDomainsEntryLevel::test_entry_form_processing_academic_domain PASSED [ 76%]
tests/unit/test_academic_domains.py::TestAcademicDomainsEntryLevel::test_entry_form_processing_empty_academic_domain PASSED [ 76%]
tests/unit/test_academic_domains.py::TestAcademicDomainsSenseLevel::test_sense_model_accepts_academic_domain_string PASSED [ 76%]
tests/unit/test_academic_domains.py::TestAcademicDomainsSenseLevel::test_sense_model_accepts_academic_domain_none PASSED [ 76%]
tests/unit/test_academic_domains.py::TestAcademicDomainsSenseLevel::test_sense_model_defaults_to_none PASSED [ 76%]
tests/unit/test_academic_domains.py::TestAcademicDomainsSenseLevel::test_sense_to_dict_includes_academic_domain PASSED [ 76%]
tests/unit/test_academic_domains.py::TestAcademicDomainsSenseLevel::test_form_processor_handles_sense_academic_domain PASSED [ 77%]
tests/unit/test_academic_domains.py::TestAcademicDomainsSenseLevel::test_form_processor_handles_empty_sense_academic_domain PASSED [ 77%]
tests/unit/test_academic_domains.py::TestAcademicDomainsSenseLevel::test_multiple_senses_with_different_academic_domains PASSED [ 77%]
tests/unit/test_academic_domains.py::TestAcademicDomainsLIFTIntegration::test_entry_with_semantic_and_academic_domains PASSED [ 77%]
tests/unit/test_academic_domains.py::TestAcademicDomainsLIFTIntegration::test_academic_domain_values_from_lift_ranges PASSED [ 77%]
tests/unit/test_academic_domains.py::TestAcademicDomainsLIFTIntegration::test_entry_academic_domain_independent_of_senses PASSED [ 77%]
tests/unit/test_academic_domains.py::TestAcademicDomainsValidation::test_invalid_academic_domain_type_string_conversion PASSED [ 77%]
tests/unit/test_academic_domains.py::TestAcademicDomainsValidation::test_empty_string_academic_domain PASSED [ 77%]
tests/unit/test_academic_domains.py::TestAcademicDomainsValidation::test_whitespace_only_academic_domain PASSED [ 77%]
tests/unit/test_academic_domains.py::TestAcademicDomainsValidation::test_unicode_academic_domain PASSED [ 77%]
tests/unit/test_additional_coverage.py::TestNamespaceManager::test_lift_namespace_manager_detect_with_namespace PASSED [ 77%]
tests/unit/test_additional_coverage.py::TestNamespaceManager::test_lift_namespace_manager_detect_without_namespace PASSED [ 78%]
tests/unit/test_additional_coverage.py::TestNamespaceManager::test_lift_namespace_manager_normalize_add PASSED [ 78%]
tests/unit/test_additional_coverage.py::TestNamespaceManager::test_lift_namespace_manager_normalize_remove PASSED [ 78%]
tests/unit/test_additional_coverage.py::TestNamespaceManager::test_xpath_builder_entry_xpath PASSED [ 78%]
tests/unit/test_additional_coverage.py::TestNamespaceManager::test_xpath_builder_sense_xpath PASSED [ 78%]
tests/unit/test_additional_coverage.py::TestNamespaceManager::test_xpath_builder_lexical_unit_xpath PASSED [ 78%]
tests/unit/test_additional_coverage.py::TestXQueryBuilder::test_namespace_prologue_with_namespace PASSED [ 78%]
tests/unit/test_additional_coverage.py::TestXQueryBuilder::test_namespace_prologue_without_namespace PASSED [ 78%]
tests/unit/test_additional_coverage.py::TestXQueryBuilder::test_entry_by_id_query PASSED [ 78%]
tests/unit/test_additional_coverage.py::TestXQueryBuilder::test_search_query_with_pagination PASSED [ 78%]
tests/unit/test_additional_coverage.py::TestXQueryBuilder::test_count_entries_query PASSED [ 78%]
tests/unit/test_additional_coverage.py::TestXQueryBuilder::test_insert_entry_query PASSED [ 78%]
tests/unit/test_additional_coverage.py::TestXQueryBuilder::test_update_entry_query PASSED [ 79%]
tests/unit/test_additional_coverage.py::TestXQueryBuilder::test_delete_entry_query PASSED [ 79%]
tests/unit/test_additional_coverage.py::TestXQueryBuilder::test_escape_xquery_string PASSED [ 79%]
tests/unit/test_additional_coverage.py::TestModelComprehensive::test_base_model_str_method PASSED [ 79%]
tests/unit/test_additional_coverage.py::TestModelComprehensive::test_base_model_repr_method PASSED [ 79%]
tests/unit/test_additional_coverage.py::TestModelComprehensive::test_entry_add_sense_with_validation PASSED [ 79%]
tests/unit/test_additional_coverage.py::TestModelComprehensive::test_entry_add_pronunciation_method PASSED [ 79%]
tests/unit/test_additional_coverage.py::TestModelComprehensive::test_sense_add_example_method PASSED [ 79%]
tests/unit/test_additional_coverage.py::TestModelComprehensive::test_sense_custom_fields_handling PASSED [ 79%]
tests/unit/test_additional_coverage.py::TestModelComprehensive::test_example_form_text_property PASSED [ 79%]
tests/unit/test_additional_coverage.py::TestModelComprehensive::test_pronunciation_validation_edge_cases PASSED [ 79%]
tests/unit/test_additional_coverage.py::TestConnectorFactory::test_create_basex_connector PASSED [ 79%]
tests/unit/test_additional_coverage.py::TestBaseExporter::test_base_exporter_initialization PASSED [ 80%]
tests/unit/test_additional_coverage.py::TestBaseExporter::test_base_exporter_abstract_methods PASSED [ 80%]
tests/unit/test_additional_coverage.py::TestDictionaryServiceEdgeCases::test_service_initialization_with_none_values PASSED [ 80%]
tests/unit/test_additional_coverage.py::TestDictionaryServiceEdgeCases::test_service_get_entry_count_error_handling PASSED [ 80%]
tests/unit/test_additional_coverage.py::TestDictionaryServiceEdgeCases::test_service_validate_entry_edge_cases PASSED [ 80%]
tests/unit/test_additional_coverage.py::TestUtilityFunctions::test_file_operations PASSED [ 80%]
tests/unit/test_additional_coverage.py::TestUtilityFunctions::test_string_validation PASSED [ 80%]
tests/unit/test_additional_coverage.py::TestUtilityFunctions::test_list_operations PASSED [ 80%]
tests/unit/test_additional_coverage.py::TestUtilityFunctions::test_dict_operations PASSED [ 80%]
tests/unit/test_additional_coverage.py::TestModelValidation::test_id_validation PASSED [ 80%]
tests/unit/test_additional_coverage.py::TestModelValidation::test_language_code_validation PASSED [ 80%]
tests/unit/test_additional_coverage.py::TestModelValidation::test_text_content_validation PASSED [ 80%]
tests/unit/test_basic.py::TestEntry::test_entry_creation PASSED          [ 81%]
tests/unit/test_basic.py::TestEntry::test_entry_validation PASSED        [ 81%]
tests/unit/test_basic.py::TestEntry::test_entry_add_sense PASSED         [ 81%]
tests/unit/test_basic.py::TestEntry::test_entry_add_pronunciation PASSED [ 81%]
tests/unit/test_basic.py::TestBaseXConnector::test_connector_initialization PASSED [ 81%]
tests/unit/test_basic.py::TestBaseXConnector::test_connector_connection PASSED [ 81%]
tests/unit/test_basic.py::TestBaseXConnector::test_connector_context_manager PASSED [ 81%]
tests/unit/test_basic.py::TestDictionaryService::test_service_initialization PASSED [ 81%]
tests/unit/test_basic.py::TestDictionaryService::test_get_entry_count PASSED [ 81%]
tests/unit/test_basic.py::TestDictionaryService::test_get_ranges PASSED  [ 81%]
tests/unit/test_basic.py::TestFlaskApp::test_app_creation PASSED         [ 81%]
tests/unit/test_basic.py::TestFlaskApp::test_index_route PASSED          [ 82%]
tests/unit/test_basic.py::TestFlaskApp::test_health_check PASSED         [ 82%]
tests/unit/test_basic.py::TestFlaskApp::test_404_error PASSED            [ 82%]
tests/unit/test_cache_service.py::TestCacheService::test_cache_service_initialization PASSED [ 82%]
tests/unit/test_cache_service.py::TestCacheService::test_cache_set_get PASSED [ 82%]
tests/unit/test_cache_service.py::TestCacheService::test_cache_delete PASSED [ 82%]
tests/unit/test_cache_service.py::TestCacheService::test_cache_clear_pattern PASSED [ 82%]
tests/unit/test_cache_service.py::TestCacheService::test_cache_fallback_when_redis_unavailable PASSED [ 82%]
tests/unit/test_centralized_validation.py::TestValidationEngine::test_validation_engine_initialization PASSED [ 82%]
tests/unit/test_centralized_validation.py::TestValidationEngine::test_r1_1_1_entry_id_required_json PASSED [ 82%]
tests/unit/test_centralized_validation.py::TestValidationEngine::test_r1_1_2_lexical_unit_required_json PASSED [ 82%]
tests/unit/test_centralized_validation.py::TestValidationEngine::test_r1_1_3_sense_required_json PASSED [ 82%]
tests/unit/test_centralized_validation.py::TestValidationEngine::test_r1_2_1_entry_id_format_json PASSED [ 83%]
tests/unit/test_centralized_validation.py::TestValidationEngine::test_r4_1_1_pronunciation_language_restriction_json PASSED [ 83%]
tests/unit/test_centralized_validation.py::TestValidationEngine::test_r2_1_2_variant_entry_sense_validation PASSED [ 83%]
tests/unit/test_centralized_validation.py::TestSchematronValidator::test_schematron_validator_initialization PASSED [ 83%]
tests/unit/test_centralized_validation.py::TestSchematronValidator::test_xml_validation_basic PASSED [ 83%]
tests/unit/test_centralized_validation.py::TestValidationRulesSchemaValidator::test_schema_validator_initialization PASSED [ 83%]
tests/unit/test_centralized_validation.py::TestValidationRulesSchemaValidator::test_valid_rules_file PASSED [ 83%]
tests/unit/test_centralized_validation.py::TestValidationRulesSchemaValidator::test_invalid_json_syntax PASSED [ 83%]
tests/unit/test_centralized_validation.py::TestValidationRulesSchemaValidator::test_missing_required_field PASSED [ 83%]
tests/unit/test_centralized_validation.py::TestValidationRulesSchemaValidator::test_invalid_priority_value PASSED [ 83%]
tests/unit/test_centralized_validation.py::TestValidationRuleLoading::test_validation_rules_file_exists PASSED [ 83%]
tests/unit/test_centralized_validation.py::TestValidationRuleLoading::test_rule_structure_validation PASSED [ 83%]
tests/unit/test_comprehensive_empty_fields.py::test_empty_to_filled_scenario PASSED [ 84%]
tests/unit/test_comprehensive_empty_fields.py::test_whitespace_only_to_content PASSED [ 84%]
tests/unit/test_comprehensive_empty_fields.py::test_none_vs_empty_string_vs_missing PASSED [ 84%]
tests/unit/test_comprehensive_empty_fields.py::test_preserve_existing_when_form_empty PASSED [ 84%]
tests/unit/test_comprehensive_empty_fields.py::test_edge_case_form_explicitly_empty PASSED [ 84%]
tests/unit/test_config_manager.py::TestConfigManager::test_get_all_settings PASSED [ 84%]
tests/unit/test_cross_reference_queries.py::TestCrossReferenceQueries::test_parse_cross_reference_syntax PASSED [ 84%]
tests/unit/test_cross_reference_queries.py::TestCrossReferenceQueries::test_validate_cross_reference_exists PASSED [ 84%]
tests/unit/test_cross_reference_queries.py::TestCrossReferenceQueries::test_validate_cross_reference_field_compatibility PASSED [ 84%]
tests/unit/test_cross_reference_queries.py::TestCrossReferenceQueries::test_cross_reference_circular_dependency PASSED [ 84%]
tests/unit/test_cross_reference_queries.py::TestCrossReferenceQueries::test_cross_reference_execution_order PASSED [ 84%]
tests/unit/test_cross_reference_queries.py::TestCrossReferenceQueries::test_complex_cross_reference_query PASSED [ 84%]
tests/unit/test_cross_reference_queries.py::TestCrossReferenceQueries::test_invalid_cross_reference_syntax PASSED [ 85%]
tests/unit/test_cross_reference_queries.py::TestCrossReferenceUI::test_element_reference_dropdown_population PASSED [ 85%]
tests/unit/test_cross_reference_queries.py::TestCrossReferenceUI::test_cross_reference_value_substitution PASSED [ 85%]
tests/unit/test_data_loss_critical.py::TestDataLossOnSave::test_save_without_changes_preserves_all_data PASSED [ 85%]
tests/unit/test_data_loss_critical.py::TestDataLossOnSave::test_minimal_form_data_preserves_complex_entry PASSED [ 85%]
tests/unit/test_dictionary_service_filtering.py::TestDictionaryServiceFilteringSorting::test_list_entries_with_sort_order_asc PASSED [ 85%]
tests/unit/test_dictionary_service_filtering.py::TestDictionaryServiceFilteringSorting::test_list_entries_with_sort_order_desc PASSED [ 85%]
tests/unit/test_dictionary_service_filtering.py::TestDictionaryServiceFilteringSorting::test_list_entries_with_filter_text PASSED [ 85%]
tests/unit/test_dictionary_service_filtering.py::TestDictionaryServiceFilteringSorting::test_list_entries_with_combined_filter_and_sort PASSED [ 85%]
tests/unit/test_dictionary_service_filtering.py::TestDictionaryServiceFilteringSorting::test_list_entries_backward_compatibility PASSED [ 85%]
tests/unit/test_entry_display.py::TestEntryDisplay::test_entry_to_dict PASSED [ 85%]
tests/unit/test_entry_display.py::TestEntryDisplay::test_entry_with_multiple_languages PASSED [ 85%]
tests/unit/test_entry_display.py::TestEntryTemplateDisplay::test_template_rendering PASSED [ 86%]
tests/unit/test_entry_model_comprehensive.py::TestEntryModelComprehensive::test_entry_initialization_minimal PASSED [ 86%]
tests/unit/test_entry_model_comprehensive.py::TestEntryModelComprehensive::test_entry_initialization_full PASSED [ 86%]
tests/unit/test_entry_model_comprehensive.py::TestEntryModelComprehensive::test_entry_from_dict_minimal PASSED [ 86%]
tests/unit/test_entry_model_comprehensive.py::TestEntryModelComprehensive::test_entry_from_dict_full PASSED [ 86%]
tests/unit/test_entry_model_comprehensive.py::TestEntryModelComprehensive::test_entry_to_dict_minimal PASSED [ 86%]
tests/unit/test_entry_model_comprehensive.py::TestEntryModelComprehensive::test_entry_to_dict_full PASSED [ 86%]
tests/unit/test_entry_model_comprehensive.py::TestEntryModelComprehensive::test_entry_validation_valid PASSED [ 86%]
tests/unit/test_entry_model_comprehensive.py::TestEntryModelComprehensive::test_entry_validation_missing_id PASSED [ 86%]
tests/unit/test_entry_model_comprehensive.py::TestEntryModelComprehensive::test_entry_validation_missing_lexical_unit PASSED [ 86%]
tests/unit/test_entry_model_comprehensive.py::TestEntryModelComprehensive::test_entry_validation_sense_without_id PASSED [ 86%]
tests/unit/test_entry_model_comprehensive.py::TestEntryModelComprehensive::test_entry_str_representation PASSED [ 87%]
tests/unit/test_entry_model_comprehensive.py::TestEntryModelComprehensive::test_entry_repr_representation PASSED [ 87%]
tests/unit/test_entry_model_comprehensive.py::TestEntryModelComprehensive::test_entry_from_dict_with_senses_dict PASSED [ 87%]
tests/unit/test_entry_model_comprehensive.py::TestEntryModelComprehensive::test_entry_with_complex_relations PASSED [ 87%]
tests/unit/test_entry_model_comprehensive.py::TestEntryModelComprehensive::test_entry_with_custom_fields PASSED [ 87%]
tests/unit/test_entry_model_comprehensive.py::TestEntryModelComprehensive::test_entry_add_sense_method PASSED [ 87%]
tests/unit/test_etymology_model.py::TestEtymologyModel::test_etymology_model_creation PASSED [ 87%]
tests/unit/test_etymology_ui_unit.py::TestEtymologyUI::test_etymology_object_creation PASSED [ 87%]
tests/unit/test_etymology_ui_unit.py::TestEtymologyUI::test_entry_model_supports_etymologies_list PASSED [ 87%]
tests/unit/test_etymology_ui_unit.py::TestEtymologyUI::test_etymology_serialization PASSED [ 87%]
tests/unit/test_etymology_ui_unit.py::TestEtymologyUI::test_empty_etymologies_handling PASSED [ 87%]
tests/unit/test_etymology_ui_unit.py::TestEtymologyUI::test_add_etymology_method PASSED [ 87%]
tests/unit/test_expanded_coverage.py::TestExpandedCoverage::test_entry_model_coverage PASSED [ 88%]
tests/unit/test_expanded_coverage.py::TestExpandedCoverage::test_sense_model_coverage PASSED [ 88%]
tests/unit/test_expanded_coverage.py::TestExpandedCoverage::test_example_model_coverage PASSED [ 88%]
tests/unit/test_expanded_coverage.py::TestExpandedCoverage::test_pronunciation_model_coverage PASSED [ 88%]
tests/unit/test_expanded_coverage.py::TestExpandedCoverage::test_namespace_manager_coverage PASSED [ 88%]
tests/unit/test_expanded_coverage.py::TestExpandedCoverage::test_xquery_builder_coverage PASSED [ 88%]
tests/unit/test_expanded_coverage.py::TestExpandedCoverage::test_lift_parser_coverage PASSED [ 88%]
tests/unit/test_expanded_coverage.py::TestExpandedCoverage::test_mock_connector_coverage PASSED [ 88%]
tests/unit/test_expanded_coverage.py::TestExpandedCoverage::test_exception_classes_coverage PASSED [ 88%]
tests/unit/test_final_coverage_push.py::TestFinalCoveragePush::test_entry_model_edge_cases PASSED [ 88%]
tests/unit/test_final_coverage_push.py::TestFinalCoveragePush::test_sense_model_edge_cases PASSED [ 88%]
tests/unit/test_final_coverage_push.py::TestFinalCoveragePush::test_models_with_empty_and_null_data PASSED [ 88%]
tests/unit/test_final_coverage_push.py::TestFinalCoveragePush::test_xquery_builder_edge_cases PASSED [ 89%]
tests/unit/test_final_coverage_push.py::TestFinalCoveragePush::test_namespace_manager_edge_cases PASSED [ 89%]
tests/unit/test_final_coverage_push.py::TestFinalCoveragePush::test_mock_connector_edge_cases PASSED [ 89%]
tests/unit/test_final_coverage_push.py::TestFinalCoveragePush::test_lift_parser_edge_cases PASSED [ 89%]
tests/unit/test_final_coverage_push.py::TestFinalCoveragePush::test_exception_edge_cases PASSED [ 89%]
tests/unit/test_form_serializer_unit.py::TestFormSerializerUnit::test_form_serializer_javascript_exists PASSED [ 89%]
tests/unit/test_form_serializer_unit.py::TestFormSerializerUnit::test_simple_field_serialization PASSED [ 89%]
tests/unit/test_form_serializer_unit.py::TestFormSerializerUnit::test_dot_notation_serialization PASSED [ 89%]
tests/unit/test_form_serializer_unit.py::TestFormSerializerUnit::test_array_notation_serialization PASSED [ 89%]
tests/unit/test_form_serializer_unit.py::TestFormSerializerUnit::test_complex_nested_serialization PASSED [ 89%]
tests/unit/test_form_serializer_unit.py::TestFormSerializerUnit::test_dictionary_entry_scenario PASSED [ 89%]
tests/unit/test_form_serializer_unit.py::TestFormSerializerUnit::test_empty_value_handling PASSED [ 89%]
tests/unit/test_form_serializer_unit.py::TestFormSerializerUnit::test_value_transformation PASSED [ 90%]
tests/unit/test_form_serializer_unit.py::TestFormSerializerUnit::test_form_validation_success PASSED [ 90%]
tests/unit/test_form_serializer_unit.py::TestFormSerializerUnit::test_form_validation_warnings PASSED [ 90%]
tests/unit/test_form_serializer_unit.py::TestFormSerializerUnit::test_array_gap_detection PASSED [ 90%]
tests/unit/test_form_serializer_unit.py::TestFormSerializerUnit::test_unicode_support PASSED [ 90%]
tests/unit/test_form_serializer_unit.py::TestFormSerializerUnit::test_large_form_structure PASSED [ 90%]
tests/unit/test_form_serializer_unit.py::TestFormSerializerUnit::test_error_handling_concepts PASSED [ 90%]
tests/unit/test_form_serializer_unit_fast.py::TestFormSerializerUnit::test_form_serializer_javascript_exists PASSED [ 90%]
tests/unit/test_form_serializer_unit_fast.py::TestFormSerializerUnit::test_simple_field_serialization PASSED [ 90%]
tests/unit/test_form_serializer_unit_fast.py::TestFormSerializerUnit::test_dot_notation_serialization PASSED [ 90%]
tests/unit/test_form_serializer_unit_fast.py::TestFormSerializerUnit::test_array_notation_serialization PASSED [ 90%]
tests/unit/test_form_serializer_unit_fast.py::TestFormSerializerUnit::test_complex_nested_serialization PASSED [ 91%]
tests/unit/test_form_serializer_unit_fast.py::TestFormSerializerUnit::test_dictionary_entry_scenario PASSED [ 91%]
tests/unit/test_form_serializer_unit_fast.py::TestFormSerializerUnit::test_empty_value_handling PASSED [ 91%]
tests/unit/test_form_serializer_unit_fast.py::TestFormSerializerUnit::test_value_transformation PASSED [ 91%]
tests/unit/test_form_serializer_unit_fast.py::TestFormSerializerUnit::test_form_validation_success PASSED [ 91%]
tests/unit/test_form_serializer_unit_fast.py::TestFormSerializerUnit::test_form_validation_warnings PASSED [ 91%]
tests/unit/test_form_serializer_unit_fast.py::TestFormSerializerUnit::test_array_gap_detection PASSED [ 91%]
tests/unit/test_form_serializer_unit_fast.py::TestFormSerializerUnit::test_unicode_support PASSED [ 91%]
tests/unit/test_form_serializer_unit_fast.py::TestFormSerializerUnit::test_large_form_structure PASSED [ 91%]
tests/unit/test_form_serializer_unit_fast.py::TestFormSerializerUnit::test_error_handling_concepts PASSED [ 91%]
tests/unit/test_grammatical_category_clearing.py::TestGrammaticalCategoryClearing::test_entry_creation_preserves_sense_grammatical_info PASSED [ 91%]
tests/unit/test_grammatical_category_clearing.py::TestGrammaticalCategoryClearing::test_entry_creation_with_multiple_different_pos_senses PASSED [ 91%]
tests/unit/test_grammatical_category_clearing.py::TestGrammaticalCategoryClearing::test_entry_creation_with_consistent_pos_senses PASSED [ 92%]
tests/unit/test_grammatical_category_fix.py::TestGrammaticalCategoryClearingFix::test_preserve_sense_grammatical_info_when_missing_from_form PASSED [ 92%]
tests/unit/test_grammatical_category_fix.py::TestGrammaticalCategoryClearingFix::test_preserve_sense_grammatical_info_when_empty_in_form PASSED [ 92%]
tests/unit/test_grammatical_category_fix.py::TestGrammaticalCategoryClearingFix::test_update_sense_grammatical_info_when_changed_in_form PASSED [ 92%]
tests/unit/test_grammatical_info_dot_notation.py::test_grammatical_info_dot_notation_flattening PASSED [ 92%]
tests/unit/test_grammatical_info_dot_notation.py::test_entry_creation_with_dot_notation_grammatical_info PASSED [ 92%]
tests/unit/test_grammatical_info_parsing.py::TestGrammaticalInfoParsing::test_grammatical_info_with_namespace PASSED [ 92%]
tests/unit/test_grammatical_info_parsing.py::TestGrammaticalInfoParsing::test_grammatical_info_without_namespace PASSED [ 92%]
tests/unit/test_grammatical_info_parsing.py::TestGrammaticalInfoParsing::test_multiple_senses_with_different_grammatical_info PASSED [ 92%]
tests/unit/test_grammatical_info_parsing.py::TestGrammaticalInfoParsing::test_sense_without_grammatical_info PASSED [ 92%]
tests/unit/test_grammatical_info_parsing.py::TestGrammaticalInfoParsing::test_empty_grammatical_info_value PASSED [ 92%]
tests/unit/test_id_generation.py::test_id_generation PASSED              [ 92%]
tests/unit/test_jinja_templates.py::TestJinjaTemplates::test_all_templates_jinja_syntax PASSED [ 93%]
tests/unit/test_jinja_templates.py::TestJinjaTemplates::test_entry_form_jinja_syntax PASSED [ 93%]
tests/unit/test_js_form_parsing.py::test_form_parsing PASSED             [ 93%]
tests/unit/test_language_selection_requirements.py::TestLanguageSelectionRequirements::test_source_language_should_have_predefined_choices PASSED [ 93%]
tests/unit/test_language_selection_requirements.py::TestLanguageSelectionRequirements::test_target_languages_should_have_available_options PASSED [ 93%]
tests/unit/test_language_selection_requirements.py::TestLanguageSelectionRequirements::test_form_should_populate_language_choices_automatically PASSED [ 93%]
tests/unit/test_lexical_unit_serialization.py::TestLexicalUnitSerialization::test_lexical_unit_single_language_serialization PASSED [ 93%]
tests/unit/test_lexical_unit_serialization.py::TestLexicalUnitSerialization::test_lexical_unit_multiple_languages_serialization PASSED [ 93%]
tests/unit/test_lexical_unit_serialization.py::TestLexicalUnitSerialization::test_lexical_unit_empty_text_filtered PASSED [ 93%]
tests/unit/test_lexical_unit_serialization.py::TestLexicalUnitSerialization::test_lexical_unit_requires_at_least_one_language PASSED [ 93%]
tests/unit/test_lexical_unit_serialization.py::TestLexicalUnitSerialization::test_lexical_unit_invalid_structure_raises_error PASSED [ 93%]
tests/unit/test_lexical_unit_serialization.py::TestLexicalUnitSerialization::test_lexical_unit_missing_text_field_raises_error PASSED [ 93%]
tests/unit/test_lexical_unit_serialization.py::TestLexicalUnitIntegrationWithEntry::test_entry_accepts_multilingual_lexical_unit PASSED [ 94%]
tests/unit/test_lexical_unit_serialization.py::TestLexicalUnitIntegrationWithEntry::test_entry_rejects_string_lexical_unit PASSED [ 94%]
tests/unit/test_lift_date_parsing.py::test_lift_parser_extracts_dates PASSED [ 94%]
tests/unit/test_lift_parser.py::test_parse_entry_with_complex_structures PASSED [ 94%]
tests/unit/test_lift_parser_extended.py::test_parse_entry_with_multiple_senses PASSED [ 94%]
tests/unit/test_lift_parser_extended.py::test_parse_minimal_entry PASSED [ 94%]
tests/unit/test_lift_parser_senses.py::test_parse_entry_with_single_sense PASSED [ 94%]
tests/unit/test_lift_traits_and_language_codes.py::TestLIFTTraitsAndLanguageCodes::test_extract_variant_types_from_traits PASSED [ 94%]
tests/unit/test_lift_traits_and_language_codes.py::TestLIFTTraitsAndLanguageCodes::test_extract_language_codes PASSED [ 94%]
tests/unit/test_lift_traits_and_language_codes.py::TestLIFTTraitsAndLanguageCodes::test_dictionary_service_variant_types PASSED [ 94%]
tests/unit/test_lift_traits_and_language_codes.py::TestLIFTTraitsAndLanguageCodes::test_note_extraction_with_lang_forms PASSED [ 94%]
tests/unit/test_lift_traits_and_language_codes.py::TestLIFTTraitsAndLanguageCodes::test_fixed_pronunciation_language PASSED [ 94%]
tests/unit/test_list_fields.py::test_entry_with_list_fields PASSED       [ 95%]
tests/unit/test_pos_inheritance.py::TestPOSInheritance::test_pos_inheritance_single_sense PASSED [ 95%]
tests/unit/test_pos_inheritance.py::TestPOSInheritance::test_pos_inheritance_multiple_senses_agree PASSED [ 95%]
tests/unit/test_pos_inheritance.py::TestPOSInheritance::test_pos_inheritance_multiple_senses_disagree PASSED [ 95%]
tests/unit/test_pos_inheritance.py::TestPOSInheritance::test_pos_inheritance_explicit_entry_level_pos PASSED [ 95%]
tests/unit/test_pos_inheritance.py::TestPOSInheritance::test_pos_inheritance_empty_senses PASSED [ 95%]
tests/unit/test_pos_inheritance.py::TestPOSInheritance::test_pos_inheritance_senses_without_pos PASSED [ 95%]
tests/unit/test_pos_inheritance.py::TestPOSInheritance::test_pos_inheritance_mixed_empty_and_set_senses PASSED [ 95%]
tests/unit/test_pos_inheritance.py::TestPOSInheritance::test_pos_validation_consistency_success PASSED [ 95%]
tests/unit/test_pos_inheritance.py::TestPOSInheritance::test_pos_validation_consistency_failure PASSED [ 95%]
tests/unit/test_pos_inheritance_debug.py::test_pos_inheritance PASSED    [ 95%]
tests/unit/test_processor_fix.py::test_processor PASSED                  [ 96%]
tests/unit/test_scholastic_assessment_entry.py::test_scholastic_assessment_test_entry PASSED [ 96%]
tests/unit/test_sense_level_fields.py::TestSenseLevelFields::test_sense_model_accepts_usage_type_list PASSED [ 96%]
tests/unit/test_sense_level_fields.py::TestSenseLevelFields::test_sense_model_accepts_domain_type_list PASSED [ 96%]
tests/unit/test_sense_level_fields.py::TestSenseLevelFields::test_sense_model_defaults_to_empty_lists PASSED [ 96%]
tests/unit/test_sense_level_fields.py::TestSenseLevelFields::test_form_processor_handles_usage_type_as_list PASSED [ 96%]
tests/unit/test_sense_level_fields.py::TestSenseLevelFields::test_form_processor_handles_domain_type_as_list PASSED [ 96%]
tests/unit/test_sense_level_fields.py::TestSenseLevelFields::test_form_processor_handles_semicolon_separated_string PASSED [ 96%]
tests/unit/test_sense_level_fields.py::TestSenseLevelFields::test_form_processor_handles_empty_values PASSED [ 96%]
tests/unit/test_sense_level_fields.py::TestSenseLevelFields::test_sense_to_dict_includes_usage_type_and_domain_type PASSED [ 96%]
tests/unit/test_sense_level_fields.py::TestSenseLevelFields::test_multiple_senses_with_different_values PASSED [ 96%]
tests/unit/test_settings_form_current_state.py::TestCurrentSettingsFormProblems::test_current_form_has_no_language_dropdowns PASSED [ 96%]
tests/unit/test_settings_form_current_state.py::TestCurrentSettingsFormProblems::test_current_form_has_no_target_language_selection_ui PASSED [ 97%]
tests/unit/test_settings_form_current_state.py::TestCurrentSettingsFormProblems::test_current_form_provides_no_language_options PASSED [ 97%]
tests/unit/test_settings_form_current_state.py::TestCurrentSettingsFormProblems::test_form_population_from_config_works_for_basic_data PASSED [ 97%]
tests/unit/test_settings_form_current_state.py::TestCurrentSettingsFormProblems::test_form_can_save_to_config PASSED [ 97%]
tests/unit/test_settings_form_current_state.py::TestRequiredSettingsFormImprovements::test_source_language_should_have_dropdown_options SKIPPED [ 97%]
tests/unit/test_settings_form_current_state.py::TestRequiredSettingsFormImprovements::test_target_languages_should_show_available_options SKIPPED [ 97%]
tests/unit/test_settings_form_current_state.py::TestRequiredSettingsFormImprovements::test_language_selection_should_update_json_field SKIPPED [ 97%]
tests/unit/test_settings_form_current_state.py::TestRequiredSettingsFormImprovements::test_form_should_validate_language_selections SKIPPED [ 97%]
tests/unit/test_simple_unit.py::test_simple_unit PASSED                  [ 97%]
tests/unit/test_system_status.py::TestSystemStatus::test_system_status_connected PASSED [ 97%]
tests/unit/test_system_status.py::TestSystemStatus::test_system_status_disconnected PASSED [ 97%]
tests/unit/test_system_status.py::TestSystemStatus::test_system_status_error_handling PASSED [ 97%]
tests/unit/test_system_status.py::TestSystemStatus::test_system_status_error_in_size_calculation PASSED [ 98%]
tests/unit/test_unit_coverage.py::TestBaseExporter::test_base_exporter_initialization PASSED [ 98%]
tests/unit/test_unit_coverage.py::TestBaseExporter::test_base_exporter_abstract_methods PASSED [ 98%]
tests/unit/test_unit_coverage.py::TestExceptionClasses::test_export_error PASSED [ 98%]
tests/unit/test_unit_coverage.py::TestExceptionClasses::test_validation_error PASSED [ 98%]
tests/unit/test_unit_coverage.py::TestExceptionClasses::test_database_error PASSED [ 98%]
tests/unit/test_unit_coverage.py::TestExceptionClasses::test_not_found_error PASSED [ 98%]
tests/unit/test_unit_coverage.py::TestPronunciationModel::test_pronunciation_creation PASSED [ 98%]
tests/unit/test_unit_coverage.py::TestPronunciationModel::test_pronunciation_validation PASSED [ 98%]
tests/unit/test_unit_coverage.py::TestPronunciationModel::test_pronunciation_to_dict PASSED [ 98%]
tests/unit/test_unit_coverage.py::TestPronunciationModel::test_pronunciation_from_dict PASSED [ 98%]
tests/unit/test_unit_coverage.py::TestPronunciationModel::test_pronunciation_str_representation PASSED [ 98%]
tests/unit/test_unit_coverage.py::TestExampleModel::test_example_creation PASSED [ 99%]
tests/unit/test_unit_coverage.py::TestExampleModel::test_example_validation PASSED [ 99%]
tests/unit/test_unit_coverage.py::TestExampleModel::test_example_to_dict PASSED [ 99%]
tests/unit/test_unit_coverage.py::TestExampleModel::test_example_from_dict PASSED [ 99%]
tests/unit/test_unit_coverage.py::TestExampleModel::test_example_str_representation PASSED [ 99%]
tests/unit/test_unit_coverage.py::TestUtilityFunctions::test_file_operations PASSED [ 99%]
tests/unit/test_unit_coverage.py::TestUtilityFunctions::test_string_validation PASSED [ 99%]
tests/unit/test_unit_coverage.py::TestUtilityFunctions::test_list_operations PASSED [ 99%]
tests/unit/test_unit_coverage.py::TestUtilityFunctions::test_dict_operations PASSED [ 99%]
tests/unit/test_unit_coverage.py::TestModelValidation::test_id_validation PASSED [ 99%]
tests/unit/test_unit_coverage.py::TestModelValidation::test_language_code_validation PASSED [ 99%]
tests/unit/test_unit_coverage.py::TestModelValidation::test_text_content_validation PASSED [100%]

==================================== ERRORS ====================================
_____________________ ERROR at setup of test_delete_entry ______________________
tests/integration/conftest.py:411: in playwright_page
    with sync_playwright() as p:
.venv/lib/python3.10/site-packages/playwright/sync_api/_context_manager.py:47: in __enter__
    raise Error(
E   playwright._impl._errors.Error: It looks like you are using Playwright Sync API inside the asyncio loop.
E   Please use the Async API instead.
---------------------------- Captured stdout setup -----------------------------
[BaseXConnector] Executing query:
count(//entry)
[BaseXConnector] Executing query:
count(//range)
DEBUG: Adding test entry 1 with content length 514
DEBUG: Successfully added test entry 1
DEBUG: Adding test entry 2 with content length 544
DEBUG: Successfully added test entry 2
DEBUG: Adding test entry 3 with content length 525
DEBUG: Successfully added test entry 3
[BaseXConnector] Executing query:
count(collection('test_347289ee')//entry[starts-with(@id, 'no_date_entry')])
------------------------------ Captured log setup ------------------------------
DEBUG    app.database.basex_connector:basex_connector.py:67 Connected to BaseX server at localhost:1984
DEBUG    app.database.basex_connector:basex_connector.py:148 Command executed successfully: CREATE DB test_347289ee
INFO     app.database.basex_connector:basex_connector.py:186 Database 'test_347289ee' created successfully
DEBUG    app.database.basex_connector:basex_connector.py:80 Disconnected from BaseX server
DEBUG    app.database.basex_connector:basex_connector.py:67 Connected to BaseX server at localhost:1984
DEBUG    app.database.basex_connector:basex_connector.py:148 Command executed successfully: ADD /mnt/d/Dokumenty/slownik-wielki/flask-app/sample-lift-file/sample-lift-file.lift
DEBUG    app.database.basex_connector:basex_connector.py:148 Command executed successfully: ADD /mnt/d/Dokumenty/slownik-wielki/flask-app/sample-lift-file/sample-lift-file.lift-ranges
INFO     app.database.basex_connector:basex_connector.py:103 Executing BaseX query:
count(//entry)
DEBUG    app.database.basex_connector:basex_connector.py:108 Query executed successfully: count(//entry)...
INFO     app.database.basex_connector:basex_connector.py:103 Executing BaseX query:
count(//range)
DEBUG    app.database.basex_connector:basex_connector.py:108 Query executed successfully: count(//range)...
DEBUG    app.database.basex_connector:basex_connector.py:167 Update executed successfully: db:add('test_347289ee', '<entry id="no_date_entry_1">
                <lexical-unit>
               ...
DEBUG    app.database.basex_connector:basex_connector.py:167 Update executed successfully: db:add('test_347289ee', '<entry id="no_date_entry_2" dateCreated="2023-01-01T10:00:00Z">
           ...
DEBUG    app.database.basex_connector:basex_connector.py:167 Update executed successfully: db:add('test_347289ee', '<entry id="no_date_entry_3">
                <lexical-unit>
               ...
INFO     app.database.basex_connector:basex_connector.py:103 Executing BaseX query:
count(collection('test_347289ee')//entry[starts-with(@id, 'no_date_entry')])
DEBUG    app.database.basex_connector:basex_connector.py:108 Query executed successfully: count(collection('test_347289ee')//entry[starts-with(@id, 'no_date_entry')])...
INFO     app.services.dictionary_service:dictionary_service.py:90 Skipping BaseX connection during tests
___ ERROR at setup of test_language_selector_shows_only_configured_languages ___
tests/integration/conftest.py:411: in playwright_page
    with sync_playwright() as p:
.venv/lib/python3.10/site-packages/playwright/sync_api/_context_manager.py:47: in __enter__
    raise Error(
E   playwright._impl._errors.Error: It looks like you are using Playwright Sync API inside the asyncio loop.
E   Please use the Async API instead.
---------------------------- Captured stdout setup -----------------------------
[BaseXConnector] Executing query:
count(//entry)
[BaseXConnector] Executing query:
count(//range)
DEBUG: Adding test entry 1 with content length 514
DEBUG: Successfully added test entry 1
DEBUG: Adding test entry 2 with content length 544
DEBUG: Successfully added test entry 2
DEBUG: Adding test entry 3 with content length 525
DEBUG: Successfully added test entry 3
[BaseXConnector] Executing query:
count(collection('test_9f8c8fab')//entry[starts-with(@id, 'no_date_entry')])
------------------------------ Captured log setup ------------------------------
DEBUG    app.database.basex_connector:basex_connector.py:67 Connected to BaseX server at localhost:1984
DEBUG    app.database.basex_connector:basex_connector.py:148 Command executed successfully: CREATE DB test_9f8c8fab
INFO     app.database.basex_connector:basex_connector.py:186 Database 'test_9f8c8fab' created successfully
DEBUG    app.database.basex_connector:basex_connector.py:80 Disconnected from BaseX server
DEBUG    app.database.basex_connector:basex_connector.py:67 Connected to BaseX server at localhost:1984
DEBUG    app.database.basex_connector:basex_connector.py:148 Command executed successfully: ADD /mnt/d/Dokumenty/slownik-wielki/flask-app/sample-lift-file/sample-lift-file.lift
DEBUG    app.database.basex_connector:basex_connector.py:148 Command executed successfully: ADD /mnt/d/Dokumenty/slownik-wielki/flask-app/sample-lift-file/sample-lift-file.lift-ranges
INFO     app.database.basex_connector:basex_connector.py:103 Executing BaseX query:
count(//entry)
DEBUG    app.database.basex_connector:basex_connector.py:108 Query executed successfully: count(//entry)...
INFO     app.database.basex_connector:basex_connector.py:103 Executing BaseX query:
count(//range)
DEBUG    app.database.basex_connector:basex_connector.py:108 Query executed successfully: count(//range)...
DEBUG    app.database.basex_connector:basex_connector.py:167 Update executed successfully: db:add('test_9f8c8fab', '<entry id="no_date_entry_1">
                <lexical-unit>
               ...
DEBUG    app.database.basex_connector:basex_connector.py:167 Update executed successfully: db:add('test_9f8c8fab', '<entry id="no_date_entry_2" dateCreated="2023-01-01T10:00:00Z">
           ...
DEBUG    app.database.basex_connector:basex_connector.py:167 Update executed successfully: db:add('test_9f8c8fab', '<entry id="no_date_entry_3">
                <lexical-unit>
               ...
INFO     app.database.basex_connector:basex_connector.py:103 Executing BaseX query:
count(collection('test_9f8c8fab')//entry[starts-with(@id, 'no_date_entry')])
DEBUG    app.database.basex_connector:basex_connector.py:108 Query executed successfully: count(collection('test_9f8c8fab')//entry[starts-with(@id, 'no_date_entry')])...
INFO     app.services.dictionary_service:dictionary_service.py:90 Skipping BaseX connection during tests
_ ERROR at setup of TestPerformanceBenchmarks.test_bulk_entry_creation_performance _
tests/integration/test_performance_benchmarks.py:37: in dict_service
    from conftest import ensure_test_database
E   ImportError: cannot import name 'ensure_test_database' from 'conftest' (/mnt/d/Dokumenty/slownik-wielki/flask-app/tests/unit/conftest.py)
_____ ERROR at setup of TestPerformanceBenchmarks.test_search_performance ______
tests/integration/test_performance_benchmarks.py:37: in dict_service
    from conftest import ensure_test_database
E   ImportError: cannot import name 'ensure_test_database' from 'conftest' (/mnt/d/Dokumenty/slownik-wielki/flask-app/tests/unit/conftest.py)
_ ERROR at setup of TestPerformanceBenchmarks.test_entry_retrieval_performance _
tests/integration/test_performance_benchmarks.py:37: in dict_service
    from conftest import ensure_test_database
E   ImportError: cannot import name 'ensure_test_database' from 'conftest' (/mnt/d/Dokumenty/slownik-wielki/flask-app/tests/unit/conftest.py)
_ ERROR at setup of TestPerformanceBenchmarks.test_count_operations_performance _
tests/integration/test_performance_benchmarks.py:37: in dict_service
    from conftest import ensure_test_database
E   ImportError: cannot import name 'ensure_test_database' from 'conftest' (/mnt/d/Dokumenty/slownik-wielki/flask-app/tests/unit/conftest.py)
_ ERROR at setup of TestPerformanceBenchmarks.test_memory_usage_during_operations _
tests/integration/test_performance_benchmarks.py:37: in dict_service
    from conftest import ensure_test_database
E   ImportError: cannot import name 'ensure_test_database' from 'conftest' (/mnt/d/Dokumenty/slownik-wielki/flask-app/tests/unit/conftest.py)
_ ERROR at setup of TestPerformanceBenchmarks.test_concurrent_operations_performance _
tests/integration/test_performance_benchmarks.py:37: in dict_service
    from conftest import ensure_test_database
E   ImportError: cannot import name 'ensure_test_database' from 'conftest' (/mnt/d/Dokumenty/slownik-wielki/flask-app/tests/unit/conftest.py)
__________________ ERROR at setup of test_pos_inheritance_ui ___________________
tests/integration/conftest.py:411: in playwright_page
    with sync_playwright() as p:
.venv/lib/python3.10/site-packages/playwright/sync_api/_context_manager.py:47: in __enter__
    raise Error(
E   playwright._impl._errors.Error: It looks like you are using Playwright Sync API inside the asyncio loop.
E   Please use the Async API instead.
---------------------------- Captured stdout setup -----------------------------
[BaseXConnector] Executing query:
count(//entry)
[BaseXConnector] Executing query:
count(//range)
DEBUG: Adding test entry 1 with content length 514
DEBUG: Successfully added test entry 1
DEBUG: Adding test entry 2 with content length 544
DEBUG: Successfully added test entry 2
DEBUG: Adding test entry 3 with content length 525
DEBUG: Successfully added test entry 3
[BaseXConnector] Executing query:
count(collection('test_3bf6f417')//entry[starts-with(@id, 'no_date_entry')])
------------------------------ Captured log setup ------------------------------
DEBUG    app.database.basex_connector:basex_connector.py:67 Connected to BaseX server at localhost:1984
DEBUG    app.database.basex_connector:basex_connector.py:148 Command executed successfully: CREATE DB test_3bf6f417
INFO     app.database.basex_connector:basex_connector.py:186 Database 'test_3bf6f417' created successfully
DEBUG    app.database.basex_connector:basex_connector.py:80 Disconnected from BaseX server
DEBUG    app.database.basex_connector:basex_connector.py:67 Connected to BaseX server at localhost:1984
DEBUG    app.database.basex_connector:basex_connector.py:148 Command executed successfully: ADD /mnt/d/Dokumenty/slownik-wielki/flask-app/sample-lift-file/sample-lift-file.lift
DEBUG    app.database.basex_connector:basex_connector.py:148 Command executed successfully: ADD /mnt/d/Dokumenty/slownik-wielki/flask-app/sample-lift-file/sample-lift-file.lift-ranges
INFO     app.database.basex_connector:basex_connector.py:103 Executing BaseX query:
count(//entry)
DEBUG    app.database.basex_connector:basex_connector.py:108 Query executed successfully: count(//entry)...
INFO     app.database.basex_connector:basex_connector.py:103 Executing BaseX query:
count(//range)
DEBUG    app.database.basex_connector:basex_connector.py:108 Query executed successfully: count(//range)...
DEBUG    app.database.basex_connector:basex_connector.py:167 Update executed successfully: db:add('test_3bf6f417', '<entry id="no_date_entry_1">
                <lexical-unit>
               ...
DEBUG    app.database.basex_connector:basex_connector.py:167 Update executed successfully: db:add('test_3bf6f417', '<entry id="no_date_entry_2" dateCreated="2023-01-01T10:00:00Z">
           ...
DEBUG    app.database.basex_connector:basex_connector.py:167 Update executed successfully: db:add('test_3bf6f417', '<entry id="no_date_entry_3">
                <lexical-unit>
               ...
INFO     app.database.basex_connector:basex_connector.py:103 Executing BaseX query:
count(collection('test_3bf6f417')//entry[starts-with(@id, 'no_date_entry')])
DEBUG    app.database.basex_connector:basex_connector.py:108 Query executed successfully: count(collection('test_3bf6f417')//entry[starts-with(@id, 'no_date_entry')])...
INFO     app.services.dictionary_service:dictionary_service.py:90 Skipping BaseX connection during tests
_ ERROR at setup of TestRelationsVariantsUIPlaywright.test_variant_container_displays_correctly _
tests/integration/conftest.py:411: in playwright_page
    with sync_playwright() as p:
.venv/lib/python3.10/site-packages/playwright/sync_api/_context_manager.py:47: in __enter__
    raise Error(
E   playwright._impl._errors.Error: It looks like you are using Playwright Sync API inside the asyncio loop.
E   Please use the Async API instead.
---------------------------- Captured stdout setup -----------------------------
[BaseXConnector] Executing query:
count(//entry)
[BaseXConnector] Executing query:
count(//range)
DEBUG: Adding test entry 1 with content length 514
DEBUG: Successfully added test entry 1
DEBUG: Adding test entry 2 with content length 544
DEBUG: Successfully added test entry 2
DEBUG: Adding test entry 3 with content length 525
DEBUG: Successfully added test entry 3
[BaseXConnector] Executing query:
count(collection('test_242246fe')//entry[starts-with(@id, 'no_date_entry')])
------------------------------ Captured log setup ------------------------------
DEBUG    app.database.basex_connector:basex_connector.py:67 Connected to BaseX server at localhost:1984
DEBUG    app.database.basex_connector:basex_connector.py:148 Command executed successfully: CREATE DB test_242246fe
INFO     app.database.basex_connector:basex_connector.py:186 Database 'test_242246fe' created successfully
DEBUG    app.database.basex_connector:basex_connector.py:80 Disconnected from BaseX server
DEBUG    app.database.basex_connector:basex_connector.py:67 Connected to BaseX server at localhost:1984
DEBUG    app.database.basex_connector:basex_connector.py:148 Command executed successfully: ADD /mnt/d/Dokumenty/slownik-wielki/flask-app/sample-lift-file/sample-lift-file.lift
DEBUG    app.database.basex_connector:basex_connector.py:148 Command executed successfully: ADD /mnt/d/Dokumenty/slownik-wielki/flask-app/sample-lift-file/sample-lift-file.lift-ranges
INFO     app.database.basex_connector:basex_connector.py:103 Executing BaseX query:
count(//entry)
DEBUG    app.database.basex_connector:basex_connector.py:108 Query executed successfully: count(//entry)...
INFO     app.database.basex_connector:basex_connector.py:103 Executing BaseX query:
count(//range)
DEBUG    app.database.basex_connector:basex_connector.py:108 Query executed successfully: count(//range)...
DEBUG    app.database.basex_connector:basex_connector.py:167 Update executed successfully: db:add('test_242246fe', '<entry id="no_date_entry_1">
                <lexical-unit>
               ...
DEBUG    app.database.basex_connector:basex_connector.py:167 Update executed successfully: db:add('test_242246fe', '<entry id="no_date_entry_2" dateCreated="2023-01-01T10:00:00Z">
           ...
DEBUG    app.database.basex_connector:basex_connector.py:167 Update executed successfully: db:add('test_242246fe', '<entry id="no_date_entry_3">
                <lexical-unit>
               ...
INFO     app.database.basex_connector:basex_connector.py:103 Executing BaseX query:
count(collection('test_242246fe')//entry[starts-with(@id, 'no_date_entry')])
DEBUG    app.database.basex_connector:basex_connector.py:108 Query executed successfully: count(collection('test_242246fe')//entry[starts-with(@id, 'no_date_entry')])...
INFO     app.services.dictionary_service:dictionary_service.py:90 Skipping BaseX connection during tests
_ ERROR at setup of TestRelationsVariantsUIPlaywright.test_relations_container_displays_correctly _
tests/integration/conftest.py:411: in playwright_page
    with sync_playwright() as p:
.venv/lib/python3.10/site-packages/playwright/sync_api/_context_manager.py:47: in __enter__
    raise Error(
E   playwright._impl._errors.Error: It looks like you are using Playwright Sync API inside the asyncio loop.
E   Please use the Async API instead.
---------------------------- Captured stdout setup -----------------------------
[BaseXConnector] Executing query:
count(//entry)
[BaseXConnector] Executing query:
count(//range)
DEBUG: Adding test entry 1 with content length 514
DEBUG: Successfully added test entry 1
DEBUG: Adding test entry 2 with content length 544
DEBUG: Successfully added test entry 2
DEBUG: Adding test entry 3 with content length 525
DEBUG: Successfully added test entry 3
[BaseXConnector] Executing query:
count(collection('test_f34972ca')//entry[starts-with(@id, 'no_date_entry')])
------------------------------ Captured log setup ------------------------------
DEBUG    app.database.basex_connector:basex_connector.py:67 Connected to BaseX server at localhost:1984
DEBUG    app.database.basex_connector:basex_connector.py:148 Command executed successfully: CREATE DB test_f34972ca
INFO     app.database.basex_connector:basex_connector.py:186 Database 'test_f34972ca' created successfully
DEBUG    app.database.basex_connector:basex_connector.py:80 Disconnected from BaseX server
DEBUG    app.database.basex_connector:basex_connector.py:67 Connected to BaseX server at localhost:1984
DEBUG    app.database.basex_connector:basex_connector.py:148 Command executed successfully: ADD /mnt/d/Dokumenty/slownik-wielki/flask-app/sample-lift-file/sample-lift-file.lift
DEBUG    app.database.basex_connector:basex_connector.py:148 Command executed successfully: ADD /mnt/d/Dokumenty/slownik-wielki/flask-app/sample-lift-file/sample-lift-file.lift-ranges
INFO     app.database.basex_connector:basex_connector.py:103 Executing BaseX query:
count(//entry)
DEBUG    app.database.basex_connector:basex_connector.py:108 Query executed successfully: count(//entry)...
INFO     app.database.basex_connector:basex_connector.py:103 Executing BaseX query:
count(//range)
DEBUG    app.database.basex_connector:basex_connector.py:108 Query executed successfully: count(//range)...
DEBUG    app.database.basex_connector:basex_connector.py:167 Update executed successfully: db:add('test_f34972ca', '<entry id="no_date_entry_1">
                <lexical-unit>
               ...
DEBUG    app.database.basex_connector:basex_connector.py:167 Update executed successfully: db:add('test_f34972ca', '<entry id="no_date_entry_2" dateCreated="2023-01-01T10:00:00Z">
           ...
DEBUG    app.database.basex_connector:basex_connector.py:167 Update executed successfully: db:add('test_f34972ca', '<entry id="no_date_entry_3">
                <lexical-unit>
               ...
INFO     app.database.basex_connector:basex_connector.py:103 Executing BaseX query:
count(collection('test_f34972ca')//entry[starts-with(@id, 'no_date_entry')])
DEBUG    app.database.basex_connector:basex_connector.py:108 Query executed successfully: count(collection('test_f34972ca')//entry[starts-with(@id, 'no_date_entry')])...
INFO     app.services.dictionary_service:dictionary_service.py:90 Skipping BaseX connection during tests
_ ERROR at setup of TestRelationsVariantsUIPlaywright.test_variant_form_interaction _
tests/integration/conftest.py:411: in playwright_page
    with sync_playwright() as p:
.venv/lib/python3.10/site-packages/playwright/sync_api/_context_manager.py:47: in __enter__
    raise Error(
E   playwright._impl._errors.Error: It looks like you are using Playwright Sync API inside the asyncio loop.
E   Please use the Async API instead.
---------------------------- Captured stdout setup -----------------------------
[BaseXConnector] Executing query:
count(//entry)
[BaseXConnector] Executing query:
count(//range)
DEBUG: Adding test entry 1 with content length 514
DEBUG: Successfully added test entry 1
DEBUG: Adding test entry 2 with content length 544
DEBUG: Successfully added test entry 2
DEBUG: Adding test entry 3 with content length 525
DEBUG: Successfully added test entry 3
[BaseXConnector] Executing query:
count(collection('test_0def0917')//entry[starts-with(@id, 'no_date_entry')])
------------------------------ Captured log setup ------------------------------
DEBUG    app.database.basex_connector:basex_connector.py:67 Connected to BaseX server at localhost:1984
DEBUG    app.database.basex_connector:basex_connector.py:148 Command executed successfully: CREATE DB test_0def0917
INFO     app.database.basex_connector:basex_connector.py:186 Database 'test_0def0917' created successfully
DEBUG    app.database.basex_connector:basex_connector.py:80 Disconnected from BaseX server
DEBUG    app.database.basex_connector:basex_connector.py:67 Connected to BaseX server at localhost:1984
DEBUG    app.database.basex_connector:basex_connector.py:148 Command executed successfully: ADD /mnt/d/Dokumenty/slownik-wielki/flask-app/sample-lift-file/sample-lift-file.lift
DEBUG    app.database.basex_connector:basex_connector.py:148 Command executed successfully: ADD /mnt/d/Dokumenty/slownik-wielki/flask-app/sample-lift-file/sample-lift-file.lift-ranges
INFO     app.database.basex_connector:basex_connector.py:103 Executing BaseX query:
count(//entry)
DEBUG    app.database.basex_connector:basex_connector.py:108 Query executed successfully: count(//entry)...
INFO     app.database.basex_connector:basex_connector.py:103 Executing BaseX query:
count(//range)
DEBUG    app.database.basex_connector:basex_connector.py:108 Query executed successfully: count(//range)...
DEBUG    app.database.basex_connector:basex_connector.py:167 Update executed successfully: db:add('test_0def0917', '<entry id="no_date_entry_1">
                <lexical-unit>
               ...
DEBUG    app.database.basex_connector:basex_connector.py:167 Update executed successfully: db:add('test_0def0917', '<entry id="no_date_entry_2" dateCreated="2023-01-01T10:00:00Z">
           ...
DEBUG    app.database.basex_connector:basex_connector.py:167 Update executed successfully: db:add('test_0def0917', '<entry id="no_date_entry_3">
                <lexical-unit>
               ...
INFO     app.database.basex_connector:basex_connector.py:103 Executing BaseX query:
count(collection('test_0def0917')//entry[starts-with(@id, 'no_date_entry')])
DEBUG    app.database.basex_connector:basex_connector.py:108 Query executed successfully: count(collection('test_0def0917')//entry[starts-with(@id, 'no_date_entry')])...
INFO     app.services.dictionary_service:dictionary_service.py:90 Skipping BaseX connection during tests
_ ERROR at setup of TestRelationsVariantsUIPlaywright.test_relation_form_interaction _
tests/integration/conftest.py:411: in playwright_page
    with sync_playwright() as p:
.venv/lib/python3.10/site-packages/playwright/sync_api/_context_manager.py:47: in __enter__
    raise Error(
E   playwright._impl._errors.Error: It looks like you are using Playwright Sync API inside the asyncio loop.
E   Please use the Async API instead.
---------------------------- Captured stdout setup -----------------------------
[BaseXConnector] Executing query:
count(//entry)
[BaseXConnector] Executing query:
count(//range)
DEBUG: Adding test entry 1 with content length 514
DEBUG: Successfully added test entry 1
DEBUG: Adding test entry 2 with content length 544
DEBUG: Successfully added test entry 2
DEBUG: Adding test entry 3 with content length 525
DEBUG: Successfully added test entry 3
[BaseXConnector] Executing query:
count(collection('test_3a656b09')//entry[starts-with(@id, 'no_date_entry')])
------------------------------ Captured log setup ------------------------------
DEBUG    app.database.basex_connector:basex_connector.py:67 Connected to BaseX server at localhost:1984
DEBUG    app.database.basex_connector:basex_connector.py:148 Command executed successfully: CREATE DB test_3a656b09
INFO     app.database.basex_connector:basex_connector.py:186 Database 'test_3a656b09' created successfully
DEBUG    app.database.basex_connector:basex_connector.py:80 Disconnected from BaseX server
DEBUG    app.database.basex_connector:basex_connector.py:67 Connected to BaseX server at localhost:1984
DEBUG    app.database.basex_connector:basex_connector.py:148 Command executed successfully: ADD /mnt/d/Dokumenty/slownik-wielki/flask-app/sample-lift-file/sample-lift-file.lift
DEBUG    app.database.basex_connector:basex_connector.py:148 Command executed successfully: ADD /mnt/d/Dokumenty/slownik-wielki/flask-app/sample-lift-file/sample-lift-file.lift-ranges
INFO     app.database.basex_connector:basex_connector.py:103 Executing BaseX query:
count(//entry)
DEBUG    app.database.basex_connector:basex_connector.py:108 Query executed successfully: count(//entry)...
INFO     app.database.basex_connector:basex_connector.py:103 Executing BaseX query:
count(//range)
DEBUG    app.database.basex_connector:basex_connector.py:108 Query executed successfully: count(//range)...
DEBUG    app.database.basex_connector:basex_connector.py:167 Update executed successfully: db:add('test_3a656b09', '<entry id="no_date_entry_1">
                <lexical-unit>
               ...
DEBUG    app.database.basex_connector:basex_connector.py:167 Update executed successfully: db:add('test_3a656b09', '<entry id="no_date_entry_2" dateCreated="2023-01-01T10:00:00Z">
           ...
DEBUG    app.database.basex_connector:basex_connector.py:167 Update executed successfully: db:add('test_3a656b09', '<entry id="no_date_entry_3">
                <lexical-unit>
               ...
INFO     app.database.basex_connector:basex_connector.py:103 Executing BaseX query:
count(collection('test_3a656b09')//entry[starts-with(@id, 'no_date_entry')])
DEBUG    app.database.basex_connector:basex_connector.py:108 Query executed successfully: count(collection('test_3a656b09')//entry[starts-with(@id, 'no_date_entry')])...
INFO     app.services.dictionary_service:dictionary_service.py:90 Skipping BaseX connection during tests
__________ ERROR at setup of test_sense_deletion_persists_after_save ___________
tests/integration/conftest.py:411: in playwright_page
    with sync_playwright() as p:
.venv/lib/python3.10/site-packages/playwright/sync_api/_context_manager.py:47: in __enter__
    raise Error(
E   playwright._impl._errors.Error: It looks like you are using Playwright Sync API inside the asyncio loop.
E   Please use the Async API instead.
---------------------------- Captured stdout setup -----------------------------
[BaseXConnector] Executing query:
count(//entry)
[BaseXConnector] Executing query:
count(//range)
DEBUG: Adding test entry 1 with content length 514
DEBUG: Successfully added test entry 1
DEBUG: Adding test entry 2 with content length 544
DEBUG: Successfully added test entry 2
DEBUG: Adding test entry 3 with content length 525
DEBUG: Successfully added test entry 3
[BaseXConnector] Executing query:
count(collection('test_0568c51b')//entry[starts-with(@id, 'no_date_entry')])
------------------------------ Captured log setup ------------------------------
DEBUG    app.database.basex_connector:basex_connector.py:67 Connected to BaseX server at localhost:1984
DEBUG    app.database.basex_connector:basex_connector.py:148 Command executed successfully: CREATE DB test_0568c51b
INFO     app.database.basex_connector:basex_connector.py:186 Database 'test_0568c51b' created successfully
DEBUG    app.database.basex_connector:basex_connector.py:80 Disconnected from BaseX server
DEBUG    app.database.basex_connector:basex_connector.py:67 Connected to BaseX server at localhost:1984
DEBUG    app.database.basex_connector:basex_connector.py:148 Command executed successfully: ADD /mnt/d/Dokumenty/slownik-wielki/flask-app/sample-lift-file/sample-lift-file.lift
DEBUG    app.database.basex_connector:basex_connector.py:148 Command executed successfully: ADD /mnt/d/Dokumenty/slownik-wielki/flask-app/sample-lift-file/sample-lift-file.lift-ranges
INFO     app.database.basex_connector:basex_connector.py:103 Executing BaseX query:
count(//entry)
DEBUG    app.database.basex_connector:basex_connector.py:108 Query executed successfully: count(//entry)...
INFO     app.database.basex_connector:basex_connector.py:103 Executing BaseX query:
count(//range)
DEBUG    app.database.basex_connector:basex_connector.py:108 Query executed successfully: count(//range)...
DEBUG    app.database.basex_connector:basex_connector.py:167 Update executed successfully: db:add('test_0568c51b', '<entry id="no_date_entry_1">
                <lexical-unit>
               ...
DEBUG    app.database.basex_connector:basex_connector.py:167 Update executed successfully: db:add('test_0568c51b', '<entry id="no_date_entry_2" dateCreated="2023-01-01T10:00:00Z">
           ...
DEBUG    app.database.basex_connector:basex_connector.py:167 Update executed successfully: db:add('test_0568c51b', '<entry id="no_date_entry_3">
                <lexical-unit>
               ...
INFO     app.database.basex_connector:basex_connector.py:103 Executing BaseX query:
count(collection('test_0568c51b')//entry[starts-with(@id, 'no_date_entry')])
DEBUG    app.database.basex_connector:basex_connector.py:108 Query executed successfully: count(collection('test_0568c51b')//entry[starts-with(@id, 'no_date_entry')])...
INFO     app.services.dictionary_service:dictionary_service.py:90 Skipping BaseX connection during tests
____________ ERROR at setup of test_default_template_not_serialized ____________
tests/integration/conftest.py:411: in playwright_page
    with sync_playwright() as p:
.venv/lib/python3.10/site-packages/playwright/sync_api/_context_manager.py:47: in __enter__
    raise Error(
E   playwright._impl._errors.Error: It looks like you are using Playwright Sync API inside the asyncio loop.
E   Please use the Async API instead.
---------------------------- Captured stdout setup -----------------------------
[BaseXConnector] Executing query:
count(//entry)
[BaseXConnector] Executing query:
count(//range)
DEBUG: Adding test entry 1 with content length 514
DEBUG: Successfully added test entry 1
DEBUG: Adding test entry 2 with content length 544
DEBUG: Successfully added test entry 2
DEBUG: Adding test entry 3 with content length 525
DEBUG: Successfully added test entry 3
[BaseXConnector] Executing query:
count(collection('test_4cc3ebb6')//entry[starts-with(@id, 'no_date_entry')])
------------------------------ Captured log setup ------------------------------
DEBUG    app.database.basex_connector:basex_connector.py:67 Connected to BaseX server at localhost:1984
DEBUG    app.database.basex_connector:basex_connector.py:148 Command executed successfully: CREATE DB test_4cc3ebb6
INFO     app.database.basex_connector:basex_connector.py:186 Database 'test_4cc3ebb6' created successfully
DEBUG    app.database.basex_connector:basex_connector.py:80 Disconnected from BaseX server
DEBUG    app.database.basex_connector:basex_connector.py:67 Connected to BaseX server at localhost:1984
DEBUG    app.database.basex_connector:basex_connector.py:148 Command executed successfully: ADD /mnt/d/Dokumenty/slownik-wielki/flask-app/sample-lift-file/sample-lift-file.lift
DEBUG    app.database.basex_connector:basex_connector.py:148 Command executed successfully: ADD /mnt/d/Dokumenty/slownik-wielki/flask-app/sample-lift-file/sample-lift-file.lift-ranges
INFO     app.database.basex_connector:basex_connector.py:103 Executing BaseX query:
count(//entry)
DEBUG    app.database.basex_connector:basex_connector.py:108 Query executed successfully: count(//entry)...
INFO     app.database.basex_connector:basex_connector.py:103 Executing BaseX query:
count(//range)
DEBUG    app.database.basex_connector:basex_connector.py:108 Query executed successfully: count(//range)...
DEBUG    app.database.basex_connector:basex_connector.py:167 Update executed successfully: db:add('test_4cc3ebb6', '<entry id="no_date_entry_1">
                <lexical-unit>
               ...
DEBUG    app.database.basex_connector:basex_connector.py:167 Update executed successfully: db:add('test_4cc3ebb6', '<entry id="no_date_entry_2" dateCreated="2023-01-01T10:00:00Z">
           ...
DEBUG    app.database.basex_connector:basex_connector.py:167 Update executed successfully: db:add('test_4cc3ebb6', '<entry id="no_date_entry_3">
                <lexical-unit>
               ...
INFO     app.database.basex_connector:basex_connector.py:103 Executing BaseX query:
count(collection('test_4cc3ebb6')//entry[starts-with(@id, 'no_date_entry')])
DEBUG    app.database.basex_connector:basex_connector.py:108 Query executed successfully: count(collection('test_4cc3ebb6')//entry[starts-with(@id, 'no_date_entry')])...
INFO     app.services.dictionary_service:dictionary_service.py:90 Skipping BaseX connection during tests
__________________ ERROR at setup of test_multiple_deletions ___________________
tests/integration/conftest.py:411: in playwright_page
    with sync_playwright() as p:
.venv/lib/python3.10/site-packages/playwright/sync_api/_context_manager.py:47: in __enter__
    raise Error(
E   playwright._impl._errors.Error: It looks like you are using Playwright Sync API inside the asyncio loop.
E   Please use the Async API instead.
---------------------------- Captured stdout setup -----------------------------
[BaseXConnector] Executing query:
count(//entry)
[BaseXConnector] Executing query:
count(//range)
DEBUG: Adding test entry 1 with content length 514
DEBUG: Successfully added test entry 1
DEBUG: Adding test entry 2 with content length 544
DEBUG: Successfully added test entry 2
DEBUG: Adding test entry 3 with content length 525
DEBUG: Successfully added test entry 3
[BaseXConnector] Executing query:
count(collection('test_38506e3a')//entry[starts-with(@id, 'no_date_entry')])
------------------------------ Captured log setup ------------------------------
DEBUG    app.database.basex_connector:basex_connector.py:67 Connected to BaseX server at localhost:1984
DEBUG    app.database.basex_connector:basex_connector.py:148 Command executed successfully: CREATE DB test_38506e3a
INFO     app.database.basex_connector:basex_connector.py:186 Database 'test_38506e3a' created successfully
DEBUG    app.database.basex_connector:basex_connector.py:80 Disconnected from BaseX server
DEBUG    app.database.basex_connector:basex_connector.py:67 Connected to BaseX server at localhost:1984
DEBUG    app.database.basex_connector:basex_connector.py:148 Command executed successfully: ADD /mnt/d/Dokumenty/slownik-wielki/flask-app/sample-lift-file/sample-lift-file.lift
DEBUG    app.database.basex_connector:basex_connector.py:148 Command executed successfully: ADD /mnt/d/Dokumenty/slownik-wielki/flask-app/sample-lift-file/sample-lift-file.lift-ranges
INFO     app.database.basex_connector:basex_connector.py:103 Executing BaseX query:
count(//entry)
DEBUG    app.database.basex_connector:basex_connector.py:108 Query executed successfully: count(//entry)...
INFO     app.database.basex_connector:basex_connector.py:103 Executing BaseX query:
count(//range)
DEBUG    app.database.basex_connector:basex_connector.py:108 Query executed successfully: count(//range)...
DEBUG    app.database.basex_connector:basex_connector.py:167 Update executed successfully: db:add('test_38506e3a', '<entry id="no_date_entry_1">
                <lexical-unit>
               ...
DEBUG    app.database.basex_connector:basex_connector.py:167 Update executed successfully: db:add('test_38506e3a', '<entry id="no_date_entry_2" dateCreated="2023-01-01T10:00:00Z">
           ...
DEBUG    app.database.basex_connector:basex_connector.py:167 Update executed successfully: db:add('test_38506e3a', '<entry id="no_date_entry_3">
                <lexical-unit>
               ...
INFO     app.database.basex_connector:basex_connector.py:103 Executing BaseX query:
count(collection('test_38506e3a')//entry[starts-with(@id, 'no_date_entry')])
DEBUG    app.database.basex_connector:basex_connector.py:108 Query executed successfully: count(collection('test_38506e3a')//entry[starts-with(@id, 'no_date_entry')])...
INFO     app.services.dictionary_service:dictionary_service.py:90 Skipping BaseX connection during tests
_________________ ERROR at setup of test_add_and_remove_sense __________________
tests/integration/conftest.py:411: in playwright_page
    with sync_playwright() as p:
.venv/lib/python3.10/site-packages/playwright/sync_api/_context_manager.py:47: in __enter__
    raise Error(
E   playwright._impl._errors.Error: It looks like you are using Playwright Sync API inside the asyncio loop.
E   Please use the Async API instead.
---------------------------- Captured stdout setup -----------------------------
[BaseXConnector] Executing query:
count(//entry)
[BaseXConnector] Executing query:
count(//range)
DEBUG: Adding test entry 1 with content length 514
DEBUG: Successfully added test entry 1
DEBUG: Adding test entry 2 with content length 544
DEBUG: Successfully added test entry 2
DEBUG: Adding test entry 3 with content length 525
DEBUG: Successfully added test entry 3
[BaseXConnector] Executing query:
count(collection('test_4afe821e')//entry[starts-with(@id, 'no_date_entry')])
------------------------------ Captured log setup ------------------------------
DEBUG    app.database.basex_connector:basex_connector.py:67 Connected to BaseX server at localhost:1984
DEBUG    app.database.basex_connector:basex_connector.py:148 Command executed successfully: CREATE DB test_4afe821e
INFO     app.database.basex_connector:basex_connector.py:186 Database 'test_4afe821e' created successfully
DEBUG    app.database.basex_connector:basex_connector.py:80 Disconnected from BaseX server
DEBUG    app.database.basex_connector:basex_connector.py:67 Connected to BaseX server at localhost:1984
DEBUG    app.database.basex_connector:basex_connector.py:148 Command executed successfully: ADD /mnt/d/Dokumenty/slownik-wielki/flask-app/sample-lift-file/sample-lift-file.lift
DEBUG    app.database.basex_connector:basex_connector.py:148 Command executed successfully: ADD /mnt/d/Dokumenty/slownik-wielki/flask-app/sample-lift-file/sample-lift-file.lift-ranges
INFO     app.database.basex_connector:basex_connector.py:103 Executing BaseX query:
count(//entry)
DEBUG    app.database.basex_connector:basex_connector.py:108 Query executed successfully: count(//entry)...
INFO     app.database.basex_connector:basex_connector.py:103 Executing BaseX query:
count(//range)
DEBUG    app.database.basex_connector:basex_connector.py:108 Query executed successfully: count(//range)...
DEBUG    app.database.basex_connector:basex_connector.py:167 Update executed successfully: db:add('test_4afe821e', '<entry id="no_date_entry_1">
                <lexical-unit>
               ...
DEBUG    app.database.basex_connector:basex_connector.py:167 Update executed successfully: db:add('test_4afe821e', '<entry id="no_date_entry_2" dateCreated="2023-01-01T10:00:00Z">
           ...
DEBUG    app.database.basex_connector:basex_connector.py:167 Update executed successfully: db:add('test_4afe821e', '<entry id="no_date_entry_3">
                <lexical-unit>
               ...
INFO     app.database.basex_connector:basex_connector.py:103 Executing BaseX query:
count(collection('test_4afe821e')//entry[starts-with(@id, 'no_date_entry')])
DEBUG    app.database.basex_connector:basex_connector.py:108 Query executed successfully: count(collection('test_4afe821e')//entry[starts-with(@id, 'no_date_entry')])...
INFO     app.services.dictionary_service:dictionary_service.py:90 Skipping BaseX connection during tests
__________ ERROR at setup of test_sense_deletion_persists_after_save ___________
tests/integration/conftest.py:411: in playwright_page
    with sync_playwright() as p:
.venv/lib/python3.10/site-packages/playwright/sync_api/_context_manager.py:47: in __enter__
    raise Error(
E   playwright._impl._errors.Error: It looks like you are using Playwright Sync API inside the asyncio loop.
E   Please use the Async API instead.
---------------------------- Captured stdout setup -----------------------------
[BaseXConnector] Executing query:
count(//entry)
[BaseXConnector] Executing query:
count(//range)
DEBUG: Adding test entry 1 with content length 514
DEBUG: Successfully added test entry 1
DEBUG: Adding test entry 2 with content length 544
DEBUG: Successfully added test entry 2
DEBUG: Adding test entry 3 with content length 525
DEBUG: Successfully added test entry 3
[BaseXConnector] Executing query:
count(collection('test_032d63f6')//entry[starts-with(@id, 'no_date_entry')])
------------------------------ Captured log setup ------------------------------
DEBUG    app.database.basex_connector:basex_connector.py:67 Connected to BaseX server at localhost:1984
DEBUG    app.database.basex_connector:basex_connector.py:148 Command executed successfully: CREATE DB test_032d63f6
INFO     app.database.basex_connector:basex_connector.py:186 Database 'test_032d63f6' created successfully
DEBUG    app.database.basex_connector:basex_connector.py:80 Disconnected from BaseX server
DEBUG    app.database.basex_connector:basex_connector.py:67 Connected to BaseX server at localhost:1984
DEBUG    app.database.basex_connector:basex_connector.py:148 Command executed successfully: ADD /mnt/d/Dokumenty/slownik-wielki/flask-app/sample-lift-file/sample-lift-file.lift
DEBUG    app.database.basex_connector:basex_connector.py:148 Command executed successfully: ADD /mnt/d/Dokumenty/slownik-wielki/flask-app/sample-lift-file/sample-lift-file.lift-ranges
INFO     app.database.basex_connector:basex_connector.py:103 Executing BaseX query:
count(//entry)
DEBUG    app.database.basex_connector:basex_connector.py:108 Query executed successfully: count(//entry)...
INFO     app.database.basex_connector:basex_connector.py:103 Executing BaseX query:
count(//range)
DEBUG    app.database.basex_connector:basex_connector.py:108 Query executed successfully: count(//range)...
DEBUG    app.database.basex_connector:basex_connector.py:167 Update executed successfully: db:add('test_032d63f6', '<entry id="no_date_entry_1">
                <lexical-unit>
               ...
DEBUG    app.database.basex_connector:basex_connector.py:167 Update executed successfully: db:add('test_032d63f6', '<entry id="no_date_entry_2" dateCreated="2023-01-01T10:00:00Z">
           ...
DEBUG    app.database.basex_connector:basex_connector.py:167 Update executed successfully: db:add('test_032d63f6', '<entry id="no_date_entry_3">
                <lexical-unit>
               ...
INFO     app.database.basex_connector:basex_connector.py:103 Executing BaseX query:
count(collection('test_032d63f6')//entry[starts-with(@id, 'no_date_entry')])
DEBUG    app.database.basex_connector:basex_connector.py:108 Query executed successfully: count(collection('test_032d63f6')//entry[starts-with(@id, 'no_date_entry')])...
INFO     app.services.dictionary_service:dictionary_service.py:90 Skipping BaseX connection during tests
____________ ERROR at setup of test_default_template_not_serialized ____________
tests/integration/conftest.py:411: in playwright_page
    with sync_playwright() as p:
.venv/lib/python3.10/site-packages/playwright/sync_api/_context_manager.py:47: in __enter__
    raise Error(
E   playwright._impl._errors.Error: It looks like you are using Playwright Sync API inside the asyncio loop.
E   Please use the Async API instead.
---------------------------- Captured stdout setup -----------------------------
[BaseXConnector] Executing query:
count(//entry)
[BaseXConnector] Executing query:
count(//range)
DEBUG: Adding test entry 1 with content length 514
DEBUG: Successfully added test entry 1
DEBUG: Adding test entry 2 with content length 544
DEBUG: Successfully added test entry 2
DEBUG: Adding test entry 3 with content length 525
DEBUG: Successfully added test entry 3
[BaseXConnector] Executing query:
count(collection('test_6e13ba27')//entry[starts-with(@id, 'no_date_entry')])
------------------------------ Captured log setup ------------------------------
DEBUG    app.database.basex_connector:basex_connector.py:67 Connected to BaseX server at localhost:1984
DEBUG    app.database.basex_connector:basex_connector.py:148 Command executed successfully: CREATE DB test_6e13ba27
INFO     app.database.basex_connector:basex_connector.py:186 Database 'test_6e13ba27' created successfully
DEBUG    app.database.basex_connector:basex_connector.py:80 Disconnected from BaseX server
DEBUG    app.database.basex_connector:basex_connector.py:67 Connected to BaseX server at localhost:1984
DEBUG    app.database.basex_connector:basex_connector.py:148 Command executed successfully: ADD /mnt/d/Dokumenty/slownik-wielki/flask-app/sample-lift-file/sample-lift-file.lift
DEBUG    app.database.basex_connector:basex_connector.py:148 Command executed successfully: ADD /mnt/d/Dokumenty/slownik-wielki/flask-app/sample-lift-file/sample-lift-file.lift-ranges
INFO     app.database.basex_connector:basex_connector.py:103 Executing BaseX query:
count(//entry)
DEBUG    app.database.basex_connector:basex_connector.py:108 Query executed successfully: count(//entry)...
INFO     app.database.basex_connector:basex_connector.py:103 Executing BaseX query:
count(//range)
DEBUG    app.database.basex_connector:basex_connector.py:108 Query executed successfully: count(//range)...
DEBUG    app.database.basex_connector:basex_connector.py:167 Update executed successfully: db:add('test_6e13ba27', '<entry id="no_date_entry_1">
                <lexical-unit>
               ...
DEBUG    app.database.basex_connector:basex_connector.py:167 Update executed successfully: db:add('test_6e13ba27', '<entry id="no_date_entry_2" dateCreated="2023-01-01T10:00:00Z">
           ...
DEBUG    app.database.basex_connector:basex_connector.py:167 Update executed successfully: db:add('test_6e13ba27', '<entry id="no_date_entry_3">
                <lexical-unit>
               ...
INFO     app.database.basex_connector:basex_connector.py:103 Executing BaseX query:
count(collection('test_6e13ba27')//entry[starts-with(@id, 'no_date_entry')])
DEBUG    app.database.basex_connector:basex_connector.py:108 Query executed successfully: count(collection('test_6e13ba27')//entry[starts-with(@id, 'no_date_entry')])...
INFO     app.services.dictionary_service:dictionary_service.py:90 Skipping BaseX connection during tests
__________________ ERROR at setup of test_multiple_deletions ___________________
tests/integration/conftest.py:411: in playwright_page
    with sync_playwright() as p:
.venv/lib/python3.10/site-packages/playwright/sync_api/_context_manager.py:47: in __enter__
    raise Error(
E   playwright._impl._errors.Error: It looks like you are using Playwright Sync API inside the asyncio loop.
E   Please use the Async API instead.
---------------------------- Captured stdout setup -----------------------------
[BaseXConnector] Executing query:
count(//entry)
[BaseXConnector] Executing query:
count(//range)
DEBUG: Adding test entry 1 with content length 514
DEBUG: Successfully added test entry 1
DEBUG: Adding test entry 2 with content length 544
DEBUG: Successfully added test entry 2
DEBUG: Adding test entry 3 with content length 525
DEBUG: Successfully added test entry 3
[BaseXConnector] Executing query:
count(collection('test_51c38807')//entry[starts-with(@id, 'no_date_entry')])
------------------------------ Captured log setup ------------------------------
DEBUG    app.database.basex_connector:basex_connector.py:67 Connected to BaseX server at localhost:1984
DEBUG    app.database.basex_connector:basex_connector.py:148 Command executed successfully: CREATE DB test_51c38807
INFO     app.database.basex_connector:basex_connector.py:186 Database 'test_51c38807' created successfully
DEBUG    app.database.basex_connector:basex_connector.py:80 Disconnected from BaseX server
DEBUG    app.database.basex_connector:basex_connector.py:67 Connected to BaseX server at localhost:1984
DEBUG    app.database.basex_connector:basex_connector.py:148 Command executed successfully: ADD /mnt/d/Dokumenty/slownik-wielki/flask-app/sample-lift-file/sample-lift-file.lift
DEBUG    app.database.basex_connector:basex_connector.py:148 Command executed successfully: ADD /mnt/d/Dokumenty/slownik-wielki/flask-app/sample-lift-file/sample-lift-file.lift-ranges
INFO     app.database.basex_connector:basex_connector.py:103 Executing BaseX query:
count(//entry)
DEBUG    app.database.basex_connector:basex_connector.py:108 Query executed successfully: count(//entry)...
INFO     app.database.basex_connector:basex_connector.py:103 Executing BaseX query:
count(//range)
DEBUG    app.database.basex_connector:basex_connector.py:108 Query executed successfully: count(//range)...
DEBUG    app.database.basex_connector:basex_connector.py:167 Update executed successfully: db:add('test_51c38807', '<entry id="no_date_entry_1">
                <lexical-unit>
               ...
DEBUG    app.database.basex_connector:basex_connector.py:167 Update executed successfully: db:add('test_51c38807', '<entry id="no_date_entry_2" dateCreated="2023-01-01T10:00:00Z">
           ...
DEBUG    app.database.basex_connector:basex_connector.py:167 Update executed successfully: db:add('test_51c38807', '<entry id="no_date_entry_3">
                <lexical-unit>
               ...
INFO     app.database.basex_connector:basex_connector.py:103 Executing BaseX query:
count(collection('test_51c38807')//entry[starts-with(@id, 'no_date_entry')])
DEBUG    app.database.basex_connector:basex_connector.py:108 Query executed successfully: count(collection('test_51c38807')//entry[starts-with(@id, 'no_date_entry')])...
INFO     app.services.dictionary_service:dictionary_service.py:90 Skipping BaseX connection during tests
_ ERROR at setup of TestSettingsPageUX.test_settings_page_basic_functionality __
tests/integration/conftest.py:411: in playwright_page
    with sync_playwright() as p:
.venv/lib/python3.10/site-packages/playwright/sync_api/_context_manager.py:47: in __enter__
    raise Error(
E   playwright._impl._errors.Error: It looks like you are using Playwright Sync API inside the asyncio loop.
E   Please use the Async API instead.
---------------------------- Captured stdout setup -----------------------------
[BaseXConnector] Executing query:
count(//entry)
[BaseXConnector] Executing query:
count(//range)
DEBUG: Adding test entry 1 with content length 514
DEBUG: Successfully added test entry 1
DEBUG: Adding test entry 2 with content length 544
DEBUG: Successfully added test entry 2
DEBUG: Adding test entry 3 with content length 525
DEBUG: Successfully added test entry 3
[BaseXConnector] Executing query:
count(collection('test_c9db09c8')//entry[starts-with(@id, 'no_date_entry')])
------------------------------ Captured log setup ------------------------------
DEBUG    app.database.basex_connector:basex_connector.py:67 Connected to BaseX server at localhost:1984
DEBUG    app.database.basex_connector:basex_connector.py:148 Command executed successfully: CREATE DB test_c9db09c8
INFO     app.database.basex_connector:basex_connector.py:186 Database 'test_c9db09c8' created successfully
DEBUG    app.database.basex_connector:basex_connector.py:80 Disconnected from BaseX server
DEBUG    app.database.basex_connector:basex_connector.py:67 Connected to BaseX server at localhost:1984
DEBUG    app.database.basex_connector:basex_connector.py:148 Command executed successfully: ADD /mnt/d/Dokumenty/slownik-wielki/flask-app/sample-lift-file/sample-lift-file.lift
DEBUG    app.database.basex_connector:basex_connector.py:148 Command executed successfully: ADD /mnt/d/Dokumenty/slownik-wielki/flask-app/sample-lift-file/sample-lift-file.lift-ranges
INFO     app.database.basex_connector:basex_connector.py:103 Executing BaseX query:
count(//entry)
DEBUG    app.database.basex_connector:basex_connector.py:108 Query executed successfully: count(//entry)...
INFO     app.database.basex_connector:basex_connector.py:103 Executing BaseX query:
count(//range)
DEBUG    app.database.basex_connector:basex_connector.py:108 Query executed successfully: count(//range)...
DEBUG    app.database.basex_connector:basex_connector.py:167 Update executed successfully: db:add('test_c9db09c8', '<entry id="no_date_entry_1">
                <lexical-unit>
               ...
DEBUG    app.database.basex_connector:basex_connector.py:167 Update executed successfully: db:add('test_c9db09c8', '<entry id="no_date_entry_2" dateCreated="2023-01-01T10:00:00Z">
           ...
DEBUG    app.database.basex_connector:basex_connector.py:167 Update executed successfully: db:add('test_c9db09c8', '<entry id="no_date_entry_3">
                <lexical-unit>
               ...
INFO     app.database.basex_connector:basex_connector.py:103 Executing BaseX query:
count(collection('test_c9db09c8')//entry[starts-with(@id, 'no_date_entry')])
DEBUG    app.database.basex_connector:basex_connector.py:108 Query executed successfully: count(collection('test_c9db09c8')//entry[starts-with(@id, 'no_date_entry')])...
INFO     app.services.dictionary_service:dictionary_service.py:90 Skipping BaseX connection during tests
____________ ERROR at setup of test_date_modified_sorting_ascending ____________
tests/integration/conftest.py:411: in playwright_page
    with sync_playwright() as p:
.venv/lib/python3.10/site-packages/playwright/sync_api/_context_manager.py:47: in __enter__
    raise Error(
E   playwright._impl._errors.Error: It looks like you are using Playwright Sync API inside the asyncio loop.
E   Please use the Async API instead.
---------------------------- Captured stdout setup -----------------------------
[BaseXConnector] Executing query:
count(//entry)
[BaseXConnector] Executing query:
count(//range)
DEBUG: Adding test entry 1 with content length 514
DEBUG: Successfully added test entry 1
DEBUG: Adding test entry 2 with content length 544
DEBUG: Successfully added test entry 2
DEBUG: Adding test entry 3 with content length 525
DEBUG: Successfully added test entry 3
[BaseXConnector] Executing query:
count(collection('test_ab20eb5e')//entry[starts-with(@id, 'no_date_entry')])
------------------------------ Captured log setup ------------------------------
DEBUG    app.database.basex_connector:basex_connector.py:67 Connected to BaseX server at localhost:1984
DEBUG    app.database.basex_connector:basex_connector.py:148 Command executed successfully: CREATE DB test_ab20eb5e
INFO     app.database.basex_connector:basex_connector.py:186 Database 'test_ab20eb5e' created successfully
DEBUG    app.database.basex_connector:basex_connector.py:80 Disconnected from BaseX server
DEBUG    app.database.basex_connector:basex_connector.py:67 Connected to BaseX server at localhost:1984
DEBUG    app.database.basex_connector:basex_connector.py:148 Command executed successfully: ADD /mnt/d/Dokumenty/slownik-wielki/flask-app/sample-lift-file/sample-lift-file.lift
DEBUG    app.database.basex_connector:basex_connector.py:148 Command executed successfully: ADD /mnt/d/Dokumenty/slownik-wielki/flask-app/sample-lift-file/sample-lift-file.lift-ranges
INFO     app.database.basex_connector:basex_connector.py:103 Executing BaseX query:
count(//entry)
DEBUG    app.database.basex_connector:basex_connector.py:108 Query executed successfully: count(//entry)...
INFO     app.database.basex_connector:basex_connector.py:103 Executing BaseX query:
count(//range)
DEBUG    app.database.basex_connector:basex_connector.py:108 Query executed successfully: count(//range)...
DEBUG    app.database.basex_connector:basex_connector.py:167 Update executed successfully: db:add('test_ab20eb5e', '<entry id="no_date_entry_1">
                <lexical-unit>
               ...
DEBUG    app.database.basex_connector:basex_connector.py:167 Update executed successfully: db:add('test_ab20eb5e', '<entry id="no_date_entry_2" dateCreated="2023-01-01T10:00:00Z">
           ...
DEBUG    app.database.basex_connector:basex_connector.py:167 Update executed successfully: db:add('test_ab20eb5e', '<entry id="no_date_entry_3">
                <lexical-unit>
               ...
INFO     app.database.basex_connector:basex_connector.py:103 Executing BaseX query:
count(collection('test_ab20eb5e')//entry[starts-with(@id, 'no_date_entry')])
DEBUG    app.database.basex_connector:basex_connector.py:108 Query executed successfully: count(collection('test_ab20eb5e')//entry[starts-with(@id, 'no_date_entry')])...
INFO     app.services.dictionary_service:dictionary_service.py:90 Skipping BaseX connection during tests
___________ ERROR at setup of test_date_modified_sorting_descending ____________
tests/integration/conftest.py:411: in playwright_page
    with sync_playwright() as p:
.venv/lib/python3.10/site-packages/playwright/sync_api/_context_manager.py:47: in __enter__
    raise Error(
E   playwright._impl._errors.Error: It looks like you are using Playwright Sync API inside the asyncio loop.
E   Please use the Async API instead.
---------------------------- Captured stdout setup -----------------------------
[BaseXConnector] Executing query:
count(//entry)
[BaseXConnector] Executing query:
count(//range)
DEBUG: Adding test entry 1 with content length 514
DEBUG: Successfully added test entry 1
DEBUG: Adding test entry 2 with content length 544
DEBUG: Successfully added test entry 2
DEBUG: Adding test entry 3 with content length 525
DEBUG: Successfully added test entry 3
[BaseXConnector] Executing query:
count(collection('test_c8bc7abc')//entry[starts-with(@id, 'no_date_entry')])
------------------------------ Captured log setup ------------------------------
DEBUG    app.database.basex_connector:basex_connector.py:67 Connected to BaseX server at localhost:1984
DEBUG    app.database.basex_connector:basex_connector.py:148 Command executed successfully: CREATE DB test_c8bc7abc
INFO     app.database.basex_connector:basex_connector.py:186 Database 'test_c8bc7abc' created successfully
DEBUG    app.database.basex_connector:basex_connector.py:80 Disconnected from BaseX server
DEBUG    app.database.basex_connector:basex_connector.py:67 Connected to BaseX server at localhost:1984
DEBUG    app.database.basex_connector:basex_connector.py:148 Command executed successfully: ADD /mnt/d/Dokumenty/slownik-wielki/flask-app/sample-lift-file/sample-lift-file.lift
DEBUG    app.database.basex_connector:basex_connector.py:148 Command executed successfully: ADD /mnt/d/Dokumenty/slownik-wielki/flask-app/sample-lift-file/sample-lift-file.lift-ranges
INFO     app.database.basex_connector:basex_connector.py:103 Executing BaseX query:
count(//entry)
DEBUG    app.database.basex_connector:basex_connector.py:108 Query executed successfully: count(//entry)...
INFO     app.database.basex_connector:basex_connector.py:103 Executing BaseX query:
count(//range)
DEBUG    app.database.basex_connector:basex_connector.py:108 Query executed successfully: count(//range)...
DEBUG    app.database.basex_connector:basex_connector.py:167 Update executed successfully: db:add('test_c8bc7abc', '<entry id="no_date_entry_1">
                <lexical-unit>
               ...
DEBUG    app.database.basex_connector:basex_connector.py:167 Update executed successfully: db:add('test_c8bc7abc', '<entry id="no_date_entry_2" dateCreated="2023-01-01T10:00:00Z">
           ...
DEBUG    app.database.basex_connector:basex_connector.py:167 Update executed successfully: db:add('test_c8bc7abc', '<entry id="no_date_entry_3">
                <lexical-unit>
               ...
INFO     app.database.basex_connector:basex_connector.py:103 Executing BaseX query:
count(collection('test_c8bc7abc')//entry[starts-with(@id, 'no_date_entry')])
DEBUG    app.database.basex_connector:basex_connector.py:108 Query executed successfully: count(collection('test_c8bc7abc')//entry[starts-with(@id, 'no_date_entry')])...
INFO     app.services.dictionary_service:dictionary_service.py:90 Skipping BaseX connection during tests
___________ ERROR at setup of test_entry_editing_loads_successfully ____________
tests/integration/conftest.py:411: in playwright_page
    with sync_playwright() as p:
.venv/lib/python3.10/site-packages/playwright/sync_api/_context_manager.py:47: in __enter__
    raise Error(
E   playwright._impl._errors.Error: It looks like you are using Playwright Sync API inside the asyncio loop.
E   Please use the Async API instead.
---------------------------- Captured stdout setup -----------------------------
[BaseXConnector] Executing query:
count(//entry)
[BaseXConnector] Executing query:
count(//range)
DEBUG: Adding test entry 1 with content length 514
DEBUG: Successfully added test entry 1
DEBUG: Adding test entry 2 with content length 544
DEBUG: Successfully added test entry 2
DEBUG: Adding test entry 3 with content length 525
DEBUG: Successfully added test entry 3
[BaseXConnector] Executing query:
count(collection('test_09973806')//entry[starts-with(@id, 'no_date_entry')])
------------------------------ Captured log setup ------------------------------
DEBUG    app.database.basex_connector:basex_connector.py:67 Connected to BaseX server at localhost:1984
DEBUG    app.database.basex_connector:basex_connector.py:148 Command executed successfully: CREATE DB test_09973806
INFO     app.database.basex_connector:basex_connector.py:186 Database 'test_09973806' created successfully
DEBUG    app.database.basex_connector:basex_connector.py:80 Disconnected from BaseX server
DEBUG    app.database.basex_connector:basex_connector.py:67 Connected to BaseX server at localhost:1984
DEBUG    app.database.basex_connector:basex_connector.py:148 Command executed successfully: ADD /mnt/d/Dokumenty/slownik-wielki/flask-app/sample-lift-file/sample-lift-file.lift
DEBUG    app.database.basex_connector:basex_connector.py:148 Command executed successfully: ADD /mnt/d/Dokumenty/slownik-wielki/flask-app/sample-lift-file/sample-lift-file.lift-ranges
INFO     app.database.basex_connector:basex_connector.py:103 Executing BaseX query:
count(//entry)
DEBUG    app.database.basex_connector:basex_connector.py:108 Query executed successfully: count(//entry)...
INFO     app.database.basex_connector:basex_connector.py:103 Executing BaseX query:
count(//range)
DEBUG    app.database.basex_connector:basex_connector.py:108 Query executed successfully: count(//range)...
DEBUG    app.database.basex_connector:basex_connector.py:167 Update executed successfully: db:add('test_09973806', '<entry id="no_date_entry_1">
                <lexical-unit>
               ...
DEBUG    app.database.basex_connector:basex_connector.py:167 Update executed successfully: db:add('test_09973806', '<entry id="no_date_entry_2" dateCreated="2023-01-01T10:00:00Z">
           ...
DEBUG    app.database.basex_connector:basex_connector.py:167 Update executed successfully: db:add('test_09973806', '<entry id="no_date_entry_3">
                <lexical-unit>
               ...
INFO     app.database.basex_connector:basex_connector.py:103 Executing BaseX query:
count(collection('test_09973806')//entry[starts-with(@id, 'no_date_entry')])
DEBUG    app.database.basex_connector:basex_connector.py:108 Query executed successfully: count(collection('test_09973806')//entry[starts-with(@id, 'no_date_entry')])...
INFO     app.services.dictionary_service:dictionary_service.py:90 Skipping BaseX connection during tests
___________ ERROR at setup of test_entry_editing_save_functionality ____________
tests/integration/conftest.py:411: in playwright_page
    with sync_playwright() as p:
.venv/lib/python3.10/site-packages/playwright/sync_api/_context_manager.py:47: in __enter__
    raise Error(
E   playwright._impl._errors.Error: It looks like you are using Playwright Sync API inside the asyncio loop.
E   Please use the Async API instead.
---------------------------- Captured stdout setup -----------------------------
[BaseXConnector] Executing query:
count(//entry)
[BaseXConnector] Executing query:
count(//range)
DEBUG: Adding test entry 1 with content length 514
DEBUG: Successfully added test entry 1
DEBUG: Adding test entry 2 with content length 544
DEBUG: Successfully added test entry 2
DEBUG: Adding test entry 3 with content length 525
DEBUG: Successfully added test entry 3
[BaseXConnector] Executing query:
count(collection('test_3386114a')//entry[starts-with(@id, 'no_date_entry')])
------------------------------ Captured log setup ------------------------------
DEBUG    app.database.basex_connector:basex_connector.py:67 Connected to BaseX server at localhost:1984
DEBUG    app.database.basex_connector:basex_connector.py:148 Command executed successfully: CREATE DB test_3386114a
INFO     app.database.basex_connector:basex_connector.py:186 Database 'test_3386114a' created successfully
DEBUG    app.database.basex_connector:basex_connector.py:80 Disconnected from BaseX server
DEBUG    app.database.basex_connector:basex_connector.py:67 Connected to BaseX server at localhost:1984
DEBUG    app.database.basex_connector:basex_connector.py:148 Command executed successfully: ADD /mnt/d/Dokumenty/slownik-wielki/flask-app/sample-lift-file/sample-lift-file.lift
DEBUG    app.database.basex_connector:basex_connector.py:148 Command executed successfully: ADD /mnt/d/Dokumenty/slownik-wielki/flask-app/sample-lift-file/sample-lift-file.lift-ranges
INFO     app.database.basex_connector:basex_connector.py:103 Executing BaseX query:
count(//entry)
DEBUG    app.database.basex_connector:basex_connector.py:108 Query executed successfully: count(//entry)...
INFO     app.database.basex_connector:basex_connector.py:103 Executing BaseX query:
count(//range)
DEBUG    app.database.basex_connector:basex_connector.py:108 Query executed successfully: count(//range)...
DEBUG    app.database.basex_connector:basex_connector.py:167 Update executed successfully: db:add('test_3386114a', '<entry id="no_date_entry_1">
                <lexical-unit>
               ...
DEBUG    app.database.basex_connector:basex_connector.py:167 Update executed successfully: db:add('test_3386114a', '<entry id="no_date_entry_2" dateCreated="2023-01-01T10:00:00Z">
           ...
DEBUG    app.database.basex_connector:basex_connector.py:167 Update executed successfully: db:add('test_3386114a', '<entry id="no_date_entry_3">
                <lexical-unit>
               ...
INFO     app.database.basex_connector:basex_connector.py:103 Executing BaseX query:
count(collection('test_3386114a')//entry[starts-with(@id, 'no_date_entry')])
DEBUG    app.database.basex_connector:basex_connector.py:108 Query executed successfully: count(collection('test_3386114a')//entry[starts-with(@id, 'no_date_entry')])...
INFO     app.services.dictionary_service:dictionary_service.py:90 Skipping BaseX connection during tests
_________ ERROR at setup of test_multiple_entries_sorting_consistency __________
tests/integration/conftest.py:411: in playwright_page
    with sync_playwright() as p:
.venv/lib/python3.10/site-packages/playwright/sync_api/_context_manager.py:47: in __enter__
    raise Error(
E   playwright._impl._errors.Error: It looks like you are using Playwright Sync API inside the asyncio loop.
E   Please use the Async API instead.
---------------------------- Captured stdout setup -----------------------------
[BaseXConnector] Executing query:
count(//entry)
[BaseXConnector] Executing query:
count(//range)
DEBUG: Adding test entry 1 with content length 514
DEBUG: Successfully added test entry 1
DEBUG: Adding test entry 2 with content length 544
DEBUG: Successfully added test entry 2
DEBUG: Adding test entry 3 with content length 525
DEBUG: Successfully added test entry 3
[BaseXConnector] Executing query:
count(collection('test_190b4045')//entry[starts-with(@id, 'no_date_entry')])
------------------------------ Captured log setup ------------------------------
DEBUG    app.database.basex_connector:basex_connector.py:67 Connected to BaseX server at localhost:1984
DEBUG    app.database.basex_connector:basex_connector.py:148 Command executed successfully: CREATE DB test_190b4045
INFO     app.database.basex_connector:basex_connector.py:186 Database 'test_190b4045' created successfully
DEBUG    app.database.basex_connector:basex_connector.py:80 Disconnected from BaseX server
DEBUG    app.database.basex_connector:basex_connector.py:67 Connected to BaseX server at localhost:1984
DEBUG    app.database.basex_connector:basex_connector.py:148 Command executed successfully: ADD /mnt/d/Dokumenty/slownik-wielki/flask-app/sample-lift-file/sample-lift-file.lift
DEBUG    app.database.basex_connector:basex_connector.py:148 Command executed successfully: ADD /mnt/d/Dokumenty/slownik-wielki/flask-app/sample-lift-file/sample-lift-file.lift-ranges
INFO     app.database.basex_connector:basex_connector.py:103 Executing BaseX query:
count(//entry)
DEBUG    app.database.basex_connector:basex_connector.py:108 Query executed successfully: count(//entry)...
INFO     app.database.basex_connector:basex_connector.py:103 Executing BaseX query:
count(//range)
DEBUG    app.database.basex_connector:basex_connector.py:108 Query executed successfully: count(//range)...
DEBUG    app.database.basex_connector:basex_connector.py:167 Update executed successfully: db:add('test_190b4045', '<entry id="no_date_entry_1">
                <lexical-unit>
               ...
DEBUG    app.database.basex_connector:basex_connector.py:167 Update executed successfully: db:add('test_190b4045', '<entry id="no_date_entry_2" dateCreated="2023-01-01T10:00:00Z">
           ...
DEBUG    app.database.basex_connector:basex_connector.py:167 Update executed successfully: db:add('test_190b4045', '<entry id="no_date_entry_3">
                <lexical-unit>
               ...
INFO     app.database.basex_connector:basex_connector.py:103 Executing BaseX query:
count(collection('test_190b4045')//entry[starts-with(@id, 'no_date_entry')])
DEBUG    app.database.basex_connector:basex_connector.py:108 Query executed successfully: count(collection('test_190b4045')//entry[starts-with(@id, 'no_date_entry')])...
INFO     app.services.dictionary_service:dictionary_service.py:90 Skipping BaseX connection during tests
=================================== FAILURES ===================================
__________ TestSettingsPageUX.test_current_settings_display[chromium] __________
tests/integration/test_settings_page_playwright.py:98: in test_current_settings_display
    page.goto("http://localhost:5000/settings/")
.venv/lib/python3.10/site-packages/playwright/sync_api/_generated.py:8851: in goto
    self._sync(
.venv/lib/python3.10/site-packages/playwright/_impl/_page.py:524: in goto
    return await self._main_frame.goto(**locals_to_params(locals()))
.venv/lib/python3.10/site-packages/playwright/_impl/_frame.py:145: in goto
    await self._channel.send("goto", locals_to_params(locals()))
.venv/lib/python3.10/site-packages/playwright/_impl/_connection.py:59: in send
    return await self._connection.wrap_api_call(
.venv/lib/python3.10/site-packages/playwright/_impl/_connection.py:514: in wrap_api_call
    raise rewrite_error(error, f"{parsed_st['apiName']}: {error}") from None
E   playwright._impl._errors.Error: Page.goto: net::ERR_CONNECTION_REFUSED at http://localhost:5000/settings/
E   Call log:
E   navigating to "http://localhost:5000/settings/", waiting until "load"
_ TestSettingsLanguageUXRequirements.test_multiple_target_languages_can_be_selected[chromium] _
tests/integration/test_settings_page_playwright.py:124: in test_multiple_target_languages_can_be_selected
    page.goto("http://localhost:5000/settings/")
.venv/lib/python3.10/site-packages/playwright/sync_api/_generated.py:8851: in goto
    self._sync(
.venv/lib/python3.10/site-packages/playwright/_impl/_page.py:524: in goto
    return await self._main_frame.goto(**locals_to_params(locals()))
.venv/lib/python3.10/site-packages/playwright/_impl/_frame.py:145: in goto
    await self._channel.send("goto", locals_to_params(locals()))
.venv/lib/python3.10/site-packages/playwright/_impl/_connection.py:59: in send
    return await self._connection.wrap_api_call(
.venv/lib/python3.10/site-packages/playwright/_impl/_connection.py:514: in wrap_api_call
    raise rewrite_error(error, f"{parsed_st['apiName']}: {error}") from None
E   playwright._impl._errors.Error: Page.goto: net::ERR_CONNECTION_REFUSED at http://localhost:5000/settings/
E   Call log:
E   navigating to "http://localhost:5000/settings/", waiting until "load"
_ TestSettingsLanguageUXRequirements.test_language_options_are_comprehensive[chromium] _
tests/integration/test_settings_page_playwright.py:153: in test_language_options_are_comprehensive
    page.goto("http://localhost:5000/settings/")
.venv/lib/python3.10/site-packages/playwright/sync_api/_generated.py:8851: in goto
    self._sync(
.venv/lib/python3.10/site-packages/playwright/_impl/_page.py:524: in goto
    return await self._main_frame.goto(**locals_to_params(locals()))
.venv/lib/python3.10/site-packages/playwright/_impl/_frame.py:145: in goto
    await self._channel.send("goto", locals_to_params(locals()))
.venv/lib/python3.10/site-packages/playwright/_impl/_connection.py:59: in send
    return await self._connection.wrap_api_call(
.venv/lib/python3.10/site-packages/playwright/_impl/_connection.py:514: in wrap_api_call
    raise rewrite_error(error, f"{parsed_st['apiName']}: {error}") from None
E   playwright._impl._errors.Error: Page.goto: net::ERR_CONNECTION_REFUSED at http://localhost:5000/settings/
E   Call log:
E   navigating to "http://localhost:5000/settings/", waiting until "load"
_ TestSettingsLanguageUXRequirements.test_language_selection_updates_json_storage[chromium] _
tests/integration/test_settings_page_playwright.py:186: in test_language_selection_updates_json_storage
    page.goto("http://localhost:5000/settings/")
.venv/lib/python3.10/site-packages/playwright/sync_api/_generated.py:8851: in goto
    self._sync(
.venv/lib/python3.10/site-packages/playwright/_impl/_page.py:524: in goto
    return await self._main_frame.goto(**locals_to_params(locals()))
.venv/lib/python3.10/site-packages/playwright/_impl/_frame.py:145: in goto
    await self._channel.send("goto", locals_to_params(locals()))
.venv/lib/python3.10/site-packages/playwright/_impl/_connection.py:59: in send
    return await self._connection.wrap_api_call(
.venv/lib/python3.10/site-packages/playwright/_impl/_connection.py:514: in wrap_api_call
    raise rewrite_error(error, f"{parsed_st['apiName']}: {error}") from None
E   playwright._impl._errors.Error: Page.goto: net::ERR_CONNECTION_REFUSED at http://localhost:5000/settings/
E   Call log:
E   navigating to "http://localhost:5000/settings/", waiting until "load"
_ TestSettingsLanguageUXRequirements.test_settings_affect_entry_form_language_options[chromium] _
tests/integration/test_settings_page_playwright.py:202: in test_settings_affect_entry_form_language_options
    page.goto("http://localhost:5000/settings/")
.venv/lib/python3.10/site-packages/playwright/sync_api/_generated.py:8851: in goto
    self._sync(
.venv/lib/python3.10/site-packages/playwright/_impl/_page.py:524: in goto
    return await self._main_frame.goto(**locals_to_params(locals()))
.venv/lib/python3.10/site-packages/playwright/_impl/_frame.py:145: in goto
    await self._channel.send("goto", locals_to_params(locals()))
.venv/lib/python3.10/site-packages/playwright/_impl/_connection.py:59: in send
    return await self._connection.wrap_api_call(
.venv/lib/python3.10/site-packages/playwright/_impl/_connection.py:514: in wrap_api_call
    raise rewrite_error(error, f"{parsed_st['apiName']}: {error}") from None
E   playwright._impl._errors.Error: Page.goto: net::ERR_CONNECTION_REFUSED at http://localhost:5000/settings/
E   Call log:
E   navigating to "http://localhost:5000/settings/", waiting until "load"
_ TestSettingsLanguageUXRequirements.test_language_validation_and_warnings[chromium] _
tests/integration/test_settings_page_playwright.py:240: in test_language_validation_and_warnings
    page.goto("http://localhost:5000/settings/")
.venv/lib/python3.10/site-packages/playwright/sync_api/_generated.py:8851: in goto
    self._sync(
.venv/lib/python3.10/site-packages/playwright/_impl/_page.py:524: in goto
    return await self._main_frame.goto(**locals_to_params(locals()))
.venv/lib/python3.10/site-packages/playwright/_impl/_frame.py:145: in goto
    await self._channel.send("goto", locals_to_params(locals()))
.venv/lib/python3.10/site-packages/playwright/_impl/_connection.py:59: in send
    return await self._connection.wrap_api_call(
.venv/lib/python3.10/site-packages/playwright/_impl/_connection.py:514: in wrap_api_call
    raise rewrite_error(error, f"{parsed_st['apiName']}: {error}") from None
E   playwright._impl._errors.Error: Page.goto: net::ERR_CONNECTION_REFUSED at http://localhost:5000/settings/
E   Call log:
E   navigating to "http://localhost:5000/settings/", waiting until "load"
_____________ TestEntriesAPI.test_entries_create_validation_error ______________
tests/integration/test_api_comprehensive.py:59: in test_entries_create_validation_error
    assert response.status_code == 400
E   assert 500 == 400
E    +  where 500 = <WrapperTestResponse streamed [500 INTERNAL SERVER ERROR]>.status_code
---------------------------- Captured stdout setup -----------------------------
[BaseXConnector] Executing query:
count(//entry)
[BaseXConnector] Executing query:
count(//range)
DEBUG: Adding test entry 1 with content length 514
DEBUG: Successfully added test entry 1
DEBUG: Adding test entry 2 with content length 544
DEBUG: Successfully added test entry 2
DEBUG: Adding test entry 3 with content length 525
DEBUG: Successfully added test entry 3
[BaseXConnector] Executing query:
count(collection('test_799435e6')//entry[starts-with(@id, 'no_date_entry')])
------------------------------ Captured log call -------------------------------
ERROR    app.api.entries:entries.py:523 Error creating entry: lexical_unit must have at least one language with non-empty text
__________________________ test_language_constraints ___________________________
.venv/lib/python3.10/site-packages/urllib3/connection.py:198: in _new_conn
    sock = connection.create_connection(
.venv/lib/python3.10/site-packages/urllib3/util/connection.py:85: in create_connection
    raise err
.venv/lib/python3.10/site-packages/urllib3/util/connection.py:73: in create_connection
    sock.connect(sa)
E   ConnectionRefusedError: [Errno 111] Connection refused

The above exception was the direct cause of the following exception:
.venv/lib/python3.10/site-packages/urllib3/connectionpool.py:787: in urlopen
    response = self._make_request(
.venv/lib/python3.10/site-packages/urllib3/connectionpool.py:493: in _make_request
    conn.request(
.venv/lib/python3.10/site-packages/urllib3/connection.py:494: in request
    self.endheaders()
/usr/lib/python3.10/http/client.py:1278: in endheaders
    self._send_output(message_body, encode_chunked=encode_chunked)
/usr/lib/python3.10/http/client.py:1038: in _send_output
    self.send(msg)
/usr/lib/python3.10/http/client.py:976: in send
    self.connect()
.venv/lib/python3.10/site-packages/urllib3/connection.py:325: in connect
    self.sock = self._new_conn()
.venv/lib/python3.10/site-packages/urllib3/connection.py:213: in _new_conn
    raise NewConnectionError(
E   urllib3.exceptions.NewConnectionError: <urllib3.connection.HTTPConnection object at 0x7f6c523b2470>: Failed to establish a new connection: [Errno 111] Connection refused

The above exception was the direct cause of the following exception:
.venv/lib/python3.10/site-packages/requests/adapters.py:486: in send
    resp = conn.urlopen(
.venv/lib/python3.10/site-packages/urllib3/connectionpool.py:841: in urlopen
    retries = retries.increment(
.venv/lib/python3.10/site-packages/urllib3/util/retry.py:519: in increment
    raise MaxRetryError(_pool, url, reason) from reason  # type: ignore[arg-type]
E   urllib3.exceptions.MaxRetryError: HTTPConnectionPool(host='127.0.0.1', port=5000): Max retries exceeded with url: /api/ranges/language-codes (Caused by NewConnectionError('<urllib3.connection.HTTPConnection object at 0x7f6c523b2470>: Failed to establish a new connection: [Errno 111] Connection refused'))

During handling of the above exception, another exception occurred:
tests/integration/test_language_constraints.py:17: in test_language_constraints
    response = requests.get('http://127.0.0.1:5000/api/ranges/language-codes')
.venv/lib/python3.10/site-packages/requests/api.py:73: in get
    return request("get", url, params=params, **kwargs)
.venv/lib/python3.10/site-packages/requests/api.py:59: in request
    return session.request(method=method, url=url, **kwargs)
.venv/lib/python3.10/site-packages/requests/sessions.py:589: in request
    resp = self.send(prep, **send_kwargs)
.venv/lib/python3.10/site-packages/requests/sessions.py:703: in send
    r = adapter.send(request, **kwargs)
.venv/lib/python3.10/site-packages/requests/adapters.py:519: in send
    raise ConnectionError(e, request=request)
E   requests.exceptions.ConnectionError: HTTPConnectionPool(host='127.0.0.1', port=5000): Max retries exceeded with url: /api/ranges/language-codes (Caused by NewConnectionError('<urllib3.connection.HTTPConnection object at 0x7f6c523b2470>: Failed to establish a new connection: [Errno 111] Connection refused'))
----------------------------- Captured stdout call -----------------------------
=== Getting allowed languages ===
__ TestMorphTypeIntegration.test_create_entry_api_auto_classifies_morph_type ___
tests/integration/test_morph_type_integration.py:112: in test_create_entry_api_auto_classifies_morph_type
    assert response.status_code == 302  # Redirect after successful creation
E   assert 500 == 302
E    +  where 500 = <WrapperTestResponse streamed [500 INTERNAL SERVER ERROR]>.status_code
---------------------------- Captured stdout setup -----------------------------
[BaseXConnector] Executing query:
count(//entry)
[BaseXConnector] Executing query:
count(//range)
DEBUG: Adding test entry 1 with content length 514
DEBUG: Successfully added test entry 1
DEBUG: Adding test entry 2 with content length 544
DEBUG: Successfully added test entry 2
DEBUG: Adding test entry 3 with content length 525
DEBUG: Successfully added test entry 3
[BaseXConnector] Executing query:
count(collection('test_b6e8df68')//entry[starts-with(@id, 'no_date_entry')])
------------------------------ Captured log setup ------------------------------
DEBUG    app.database.basex_connector:basex_connector.py:67 Connected to BaseX server at localhost:1984
DEBUG    app.database.basex_connector:basex_connector.py:148 Command executed successfully: CREATE DB test_b6e8df68
INFO     app.database.basex_connector:basex_connector.py:186 Database 'test_b6e8df68' created successfully
DEBUG    app.database.basex_connector:basex_connector.py:80 Disconnected from BaseX server
DEBUG    app.database.basex_connector:basex_connector.py:67 Connected to BaseX server at localhost:1984
DEBUG    app.database.basex_connector:basex_connector.py:148 Command executed successfully: ADD /mnt/d/Dokumenty/slownik-wielki/flask-app/sample-lift-file/sample-lift-file.lift
DEBUG    app.database.basex_connector:basex_connector.py:148 Command executed successfully: ADD /mnt/d/Dokumenty/slownik-wielki/flask-app/sample-lift-file/sample-lift-file.lift-ranges
INFO     app.database.basex_connector:basex_connector.py:103 Executing BaseX query:
count(//entry)
DEBUG    app.database.basex_connector:basex_connector.py:108 Query executed successfully: count(//entry)...
INFO     app.database.basex_connector:basex_connector.py:103 Executing BaseX query:
count(//range)
DEBUG    app.database.basex_connector:basex_connector.py:108 Query executed successfully: count(//range)...
DEBUG    app.database.basex_connector:basex_connector.py:167 Update executed successfully: db:add('test_b6e8df68', '<entry id="no_date_entry_1">
                <lexical-unit>
               ...
DEBUG    app.database.basex_connector:basex_connector.py:167 Update executed successfully: db:add('test_b6e8df68', '<entry id="no_date_entry_2" dateCreated="2023-01-01T10:00:00Z">
           ...
DEBUG    app.database.basex_connector:basex_connector.py:167 Update executed successfully: db:add('test_b6e8df68', '<entry id="no_date_entry_3">
                <lexical-unit>
               ...
INFO     app.database.basex_connector:basex_connector.py:103 Executing BaseX query:
count(collection('test_b6e8df68')//entry[starts-with(@id, 'no_date_entry')])
DEBUG    app.database.basex_connector:basex_connector.py:108 Query executed successfully: count(collection('test_b6e8df68')//entry[starts-with(@id, 'no_date_entry')])...
INFO     app.services.dictionary_service:dictionary_service.py:90 Skipping BaseX connection during tests
------------------------------ Captured log call -------------------------------
DEBUG    app.utils.multilingual_form_processor:multilingual_form_processor.py:98 [MERGE DEBUG] Input form_data keys: ['lexical_unit']
DEBUG    app.utils.multilingual_form_processor:multilingual_form_processor.py:99 [MERGE DEBUG] Input entry_data keys: []
ERROR    app.views:views.py:504 Error adding entry: lexical_unit must be a dict {lang: text}, got string format
ERROR    app.views:views.py:507 Traceback: Traceback (most recent call last):
  File "/mnt/d/Dokumenty/slownik-wielki/flask-app/app/views.py", line 464, in add_entry
    merged_data = merge_form_data_with_entry_data(data, empty_entry_data)
  File "/mnt/d/Dokumenty/slownik-wielki/flask-app/app/utils/multilingual_form_processor.py", line 143, in merge_form_data_with_entry_data
    raise ValueError("lexical_unit must be a dict {lang: text}, got string format")
ValueError: lexical_unit must be a dict {lang: text}, got string format
---------------------------- Captured log teardown -----------------------------
DEBUG    app.database.basex_connector:basex_connector.py:148 Command executed successfully: DROP DB test_b6e8df68
INFO     app.database.basex_connector:basex_connector.py:201 Database 'test_b6e8df68' dropped successfully
DEBUG    app.database.basex_connector:basex_connector.py:80 Disconnected from BaseX server
=========================== short test summary info ============================
FAILED tests/integration/test_settings_page_playwright.py::TestSettingsPageUX::test_current_settings_display[chromium]
FAILED tests/integration/test_settings_page_playwright.py::TestSettingsLanguageUXRequirements::test_multiple_target_languages_can_be_selected[chromium]
FAILED tests/integration/test_settings_page_playwright.py::TestSettingsLanguageUXRequirements::test_language_options_are_comprehensive[chromium]
FAILED tests/integration/test_settings_page_playwright.py::TestSettingsLanguageUXRequirements::test_language_selection_updates_json_storage[chromium]
FAILED tests/integration/test_settings_page_playwright.py::TestSettingsLanguageUXRequirements::test_settings_affect_entry_form_language_options[chromium]
FAILED tests/integration/test_settings_page_playwright.py::TestSettingsLanguageUXRequirements::test_language_validation_and_warnings[chromium]
FAILED tests/integration/test_api_comprehensive.py::TestEntriesAPI::test_entries_create_validation_error
FAILED tests/integration/test_language_constraints.py::test_language_constraints
FAILED tests/integration/test_morph_type_integration.py::TestMorphTypeIntegration::test_create_entry_api_auto_classifies_morph_type
ERROR tests/integration/test_delete_entry.py::test_delete_entry - playwright....
ERROR tests/integration/test_language_selector.py::test_language_selector_shows_only_configured_languages
ERROR tests/integration/test_performance_benchmarks.py::TestPerformanceBenchmarks::test_bulk_entry_creation_performance
ERROR tests/integration/test_performance_benchmarks.py::TestPerformanceBenchmarks::test_search_performance
ERROR tests/integration/test_performance_benchmarks.py::TestPerformanceBenchmarks::test_entry_retrieval_performance
ERROR tests/integration/test_performance_benchmarks.py::TestPerformanceBenchmarks::test_count_operations_performance
ERROR tests/integration/test_performance_benchmarks.py::TestPerformanceBenchmarks::test_memory_usage_during_operations
ERROR tests/integration/test_performance_benchmarks.py::TestPerformanceBenchmarks::test_concurrent_operations_performance
ERROR tests/integration/test_pos_ui.py::test_pos_inheritance_ui - playwright....
ERROR tests/integration/test_relations_variants_ui_playwright.py::TestRelationsVariantsUIPlaywright::test_variant_container_displays_correctly
ERROR tests/integration/test_relations_variants_ui_playwright.py::TestRelationsVariantsUIPlaywright::test_relations_container_displays_correctly
ERROR tests/integration/test_relations_variants_ui_playwright.py::TestRelationsVariantsUIPlaywright::test_variant_form_interaction
ERROR tests/integration/test_relations_variants_ui_playwright.py::TestRelationsVariantsUIPlaywright::test_relation_form_interaction
ERROR tests/integration/test_sense_deletion.py::test_sense_deletion_persists_after_save
ERROR tests/integration/test_sense_deletion.py::test_default_template_not_serialized
ERROR tests/integration/test_sense_deletion.py::test_multiple_deletions - pla...
ERROR tests/integration/test_sense_deletion.py::test_add_and_remove_sense - p...
ERROR tests/integration/test_sense_deletion_fixed.py::test_sense_deletion_persists_after_save
ERROR tests/integration/test_sense_deletion_fixed.py::test_default_template_not_serialized
ERROR tests/integration/test_sense_deletion_fixed.py::test_multiple_deletions
ERROR tests/integration/test_settings_page_playwright.py::TestSettingsPageUX::test_settings_page_basic_functionality
ERROR tests/integration/test_sorting_and_editing.py::test_date_modified_sorting_ascending
ERROR tests/integration/test_sorting_and_editing.py::test_date_modified_sorting_descending
ERROR tests/integration/test_sorting_and_editing.py::test_entry_editing_loads_successfully
ERROR tests/integration/test_sorting_and_editing.py::test_entry_editing_save_functionality
ERROR tests/integration/test_sorting_and_editing.py::test_multiple_entries_sorting_consistency
= 9 failed, 1113 passed, 30 skipped, 14 deselected, 26 errors in 192.69s (0:03:12) =
