=========================== short test summary info ============================
FAILED tests/integration/test_complete_filtering_and_refresh.py::TestCompleteFilteringAndRefresh::test_entries_cache_behavior_with_different_filters
FAILED tests/integration/test_complete_filtering_and_refresh.py::TestCompleteFilteringAndRefresh::test_sort_order_functionality
FAILED tests/integration/test_custom_ranges_config_api.py::test_add_custom_range_via_api
FAILED tests/integration/test_custom_ranges_config_behavior.py::test_custom_config_range_is_provided_and_marked
FAILED tests/integration/test_custom_ranges_config_behavior.py::test_api_returns_provided_flag_for_config_range
FAILED tests/integration/test_dashboard_integration.py::TestDashboardIntegration::test_activity_recording
FAILED tests/integration/test_dates_ui.py::TestDatesUI::test_date_sorting_functionality
FAILED tests/integration/test_delete_custom_range.py::test_delete_custom_range_removes_db_rows
FAILED tests/integration/test_edit_nonexistent_entry_route.py::TestEditNonexistentEntryRoute::test_get_nonexistent_entry_shows_form
FAILED tests/integration/test_edit_nonexistent_entry_route.py::TestEditNonexistentEntryRoute::test_post_nonexistent_entry_creates_it
FAILED tests/integration/test_edit_nonexistent_entry_route.py::TestEditNonexistentEntryRoute::test_multiple_relations_to_nonexistent_targets
FAILED tests/integration/test_enhanced_relations_ui.py::test_relation_search_returns_entries_with_senses
FAILED tests/integration/test_enhanced_relations_ui.py::test_relation_ui_page_loads_with_enhanced_search
FAILED tests/integration/test_enhanced_relations_ui.py::test_entry_creation_with_sense_level_relations
FAILED tests/integration/test_enhanced_relations_ui.py::test_relation_form_submission_with_sense_target
FAILED tests/integration/test_enhanced_relations_ui.py::test_edit_entry_with_space_in_id_loads
FAILED tests/integration/test_enhanced_relations_ui.py::test_api_search_with_sense_filtering
FAILED tests/integration/test_enhanced_relations_ui.py::test_edit_page_handles_range_value_with_none_description
FAILED tests/integration/test_entries_filtering_integration.py::TestEntriesFilteringIntegration::test_entries_api_supports_filter_parameter
FAILED tests/integration/test_entries_filtering_integration.py::TestEntriesFilteringIntegration::test_entries_api_supports_sort_order_parameter
FAILED tests/integration/test_entries_filtering_integration.py::TestEntriesFilteringIntegration::test_entries_api_supports_combined_filter_and_sort
FAILED tests/integration/test_entries_filtering_integration.py::TestEntriesFilteringIntegration::test_entries_api_maintains_backward_compatibility
FAILED tests/integration/test_entries_filtering_integration.py::TestEntriesFilteringIntegration::test_entries_api_cache_key_includes_filter_parameters
FAILED tests/integration/test_entry_form_preview.py::TestEntryFormPreview::test_dictionary_preview_and_layout
FAILED tests/integration/test_fieldworks_flag_behavior.py::test_fieldworks_flags_for_lift_provided_range
FAILED tests/integration/test_fieldworks_flag_behavior.py::test_fieldworks_flags_for_config_only_range
FAILED tests/integration/test_filtering_validation.py::test_filtering_and_refresh_integration
FAILED tests/integration/test_final_save_process.py::test_protestantism_save_process
FAILED tests/integration/test_lift_ranges_integration.py::test_entry_form_loads_lift_ranges
FAILED tests/integration/test_lift_ranges_integration.py::test_variant_forms_ui_with_ranges
FAILED tests/integration/test_lift_ranges_integration.py::test_relations_ui_with_ranges
FAILED tests/integration/test_lift_ranges_integration.py::test_usages_and_academic_domains_visible
FAILED tests/integration/test_multilingual_editing.py::TestMultilingualFieldEditing::test_form_shows_non_project_language
FAILED tests/integration/test_ranges_editor_api.py::TestRangesEditorAPI::test_list_ranges
FAILED tests/integration/test_ranges_editor_api.py::TestRangesEditorAPI::test_get_range_returns_id_and_label
FAILED tests/integration/test_ranges_editor_api.py::TestRangesEditorAPI::test_get_specific_range_not_found
FAILED tests/integration/test_ranges_editor_api.py::TestRangesEditorAPI::test_create_range_missing_labels
FAILED tests/integration/test_ranges_editor_api.py::TestRangesEditorAPI::test_delete_range_not_found
FAILED tests/integration/test_ranges_editor_api.py::TestRangesEditorAPI::test_list_range_elements_not_found
FAILED tests/integration/test_ranges_editor_api.py::TestRangesEditorAPI::test_create_range_element_missing_id
FAILED tests/integration/test_ranges_editor_api.py::TestRangesEditorAPI::test_create_update_delete_range_workflow
FAILED tests/integration/test_ranges_editor_api.py::TestRangesEditorAPI::test_api_returns_json_content_type
FAILED tests/integration/test_ranges_labels_and_official_flag.py::test_ranges_editor_api_includes_label_and_official_flag
FAILED tests/integration/test_ranges_labels_and_official_flag.py::test_custom_ranges_marked_as_custom
FAILED tests/integration/test_search_api_debug.py::TestSearchAPI::test_search_api_basic
FAILED tests/integration/test_search_api_debug.py::TestSearchAPI::test_search_with_multiple_fields
FAILED tests/integration/test_search_api_debug.py::TestSearchAPI::test_search_debug_info
FAILED tests/integration/test_standard_ranges_metadata_and_duplicates.py::test_standard_ranges_config_does_not_duplicate_and_label_fallback
FAILED tests/integration/test_standard_ranges_metadata_and_duplicates.py::test_config_not_applied_when_lift_has_same_range
FAILED tests/integration/test_ui_enhancements.py::TestPronunciationUIElements::test_pronunciation_has_separate_buttons
FAILED tests/integration/test_ui_enhancements.py::TestIllustrationUIElements::test_illustration_has_upload_button
FAILED tests/integration/test_ui_enhancements.py::TestIllustrationUIElements::test_illustration_has_preview_container
FAILED tests/integration/test_web_form_protestantism.py::test_protestantism_form_submission
FAILED tests/integration/test_web_form_protestantism.py::test_form_data_parsing
FAILED tests/integration/test_xml_api_nonexistent_entry.py::TestXMLAPINonexistentEntry::test_put_entry_with_multiple_relations
FAILED tests/unit/test_domain_types.py::TestDomainTypesSenseLevel::test_sense_model_accepts_domain_type_none
FAILED tests/unit/test_domain_types.py::TestDomainTypesSenseLevel::test_sense_model_defaults_to_none
FAILED tests/unit/test_domain_types.py::TestDomainTypesValidation::test_empty_string_domain_type
FAILED tests/unit/test_domain_types.py::TestDomainTypesValidation::test_whitespace_only_domain_type
FAILED tests/unit/test_sense_level_fields.py::TestSenseLevelFields::test_sense_model_accepts_domain_type_list
FAILED tests/unit/test_sense_level_fields.py::TestSenseLevelFields::test_sense_model_defaults_to_empty_lists
ERROR tests/integration/test_entry_form_loads.py::TestEntryFormLoading::test_entry_form_loads_successfully
ERROR tests/integration/test_entry_form_loads.py::TestEntryFormLoading::test_ranges_loader_javascript_present
ERROR tests/integration/test_entry_form_loads.py::TestEntryFormLoading::test_entry_form_has_lift_selects
61 failed, 1979 passed, 58 skipped, 1 deselected, 3 errors in 1261.34s (0:21:01)
FAILED_COUNT: 61
ERROR_COUNT: 204
