TN:
SF:app/static/js/auto-save-manager-clean.js
FN:13,(anonymous_0)
FN:37,(anonymous_1)
FN:46,(anonymous_2)
FN:53,(anonymous_3)
FN:63,(anonymous_4)
FN:82,(anonymous_5)
FN:92,(anonymous_6)
FN:102,(anonymous_7)
FN:158,(anonymous_8)
FN:172,(anonymous_9)
FN:193,(anonymous_10)
FN:194,(anonymous_11)
FN:195,(anonymous_12)
FN:196,(anonymous_13)
FN:204,(anonymous_14)
FN:241,(anonymous_15)
FN:261,(anonymous_16)
FN:289,(anonymous_17)
FN:315,(anonymous_18)
FN:331,(anonymous_19)
FN:333,executedFunction
FN:334,(anonymous_21)
FN:346,(anonymous_22)
FN:357,(anonymous_23)
FNF:24
FNH:0
FNDA:0,(anonymous_0)
FNDA:0,(anonymous_1)
FNDA:0,(anonymous_2)
FNDA:0,(anonymous_3)
FNDA:0,(anonymous_4)
FNDA:0,(anonymous_5)
FNDA:0,(anonymous_6)
FNDA:0,(anonymous_7)
FNDA:0,(anonymous_8)
FNDA:0,(anonymous_9)
FNDA:0,(anonymous_10)
FNDA:0,(anonymous_11)
FNDA:0,(anonymous_12)
FNDA:0,(anonymous_13)
FNDA:0,(anonymous_14)
FNDA:0,(anonymous_15)
FNDA:0,(anonymous_16)
FNDA:0,(anonymous_17)
FNDA:0,(anonymous_18)
FNDA:0,(anonymous_19)
FNDA:0,executedFunction
FNDA:0,(anonymous_21)
FNDA:0,(anonymous_22)
FNDA:0,(anonymous_23)
DA:14,0
DA:15,0
DA:18,0
DA:19,0
DA:22,0
DA:23,0
DA:24,0
DA:25,0
DA:28,0
DA:31,0
DA:38,0
DA:39,0
DA:40,0
DA:43,0
DA:46,0
DA:47,0
DA:48,0
DA:53,0
DA:54,0
DA:57,0
DA:64,0
DA:66,0
DA:67,0
DA:68,0
DA:71,0
DA:72,0
DA:73,0
DA:76,0
DA:83,0
DA:85,0
DA:86,0
DA:93,0
DA:94,0
DA:97,0
DA:100,0
DA:101,0
DA:102,0
DA:104,0
DA:105,0
DA:106,0
DA:107,0
DA:111,0
DA:124,0
DA:126,0
DA:127,0
DA:128,0
DA:129,0
DA:132,0
DA:133,0
DA:136,0
DA:138,0
DA:139,0
DA:140,0
DA:143,0
DA:144,0
DA:145,0
DA:149,0
DA:150,0
DA:151,0
DA:159,0
DA:162,0
DA:163,0
DA:166,0
DA:173,0
DA:174,0
DA:175,0
DA:193,0
DA:194,0
DA:195,0
DA:196,0
DA:198,0
DA:205,0
DA:207,0
DA:210,0
DA:211,0
DA:215,0
DA:216,0
DA:217,0
DA:221,0
DA:222,0
DA:223,0
DA:224,0
DA:228,0
DA:229,0
DA:233,0
DA:234,0
DA:243,0
DA:244,0
DA:245,0
DA:246,0
DA:249,0
DA:250,0
DA:251,0
DA:253,0
DA:262,0
DA:263,0
DA:264,0
DA:265,0
DA:269,0
DA:271,0
DA:272,0
DA:274,0
DA:276,0
DA:277,0
DA:278,0
DA:281,0
DA:282,0
DA:283,0
DA:286,0
DA:287,0
DA:289,0
DA:290,0
DA:291,0
DA:292,0
DA:295,0
DA:298,0
DA:299,0
DA:300,0
DA:303,0
DA:304,0
DA:305,0
DA:308,0
DA:309,0
DA:310,0
DA:313,0
DA:314,0
DA:315,0
DA:316,0
DA:317,0
DA:318,0
DA:321,0
DA:324,0
DA:325,0
DA:333,0
DA:334,0
DA:335,0
DA:336,0
DA:338,0
DA:339,0
DA:347,0
DA:348,0
DA:349,0
DA:351,0
DA:358,0
DA:368,0
DA:369,0
DA:370,0
DA:371,0
LF:148
LH:0
BRDA:38,0,0,0
BRDA:38,0,1,0
BRDA:47,1,0,0
BRDA:47,1,1,0
BRDA:66,2,0,0
BRDA:66,2,1,0
BRDA:71,3,0,0
BRDA:71,3,1,0
BRDA:83,4,0,0
BRDA:83,4,1,0
BRDA:101,5,0,0
BRDA:101,5,1,0
BRDA:104,6,0,0
BRDA:104,6,1,0
BRDA:126,7,0,0
BRDA:126,7,1,0
BRDA:126,8,0,0
BRDA:126,8,1,0
BRDA:132,9,0,0
BRDA:132,9,1,0
BRDA:132,10,0,0
BRDA:132,10,1,0
BRDA:138,11,0,0
BRDA:138,11,1,0
BRDA:207,12,0,0
BRDA:207,12,1,0
BRDA:207,12,2,0
BRDA:207,12,3,0
BRDA:233,13,0,0
BRDA:233,13,1,0
BRDA:243,14,0,0
BRDA:243,14,1,0
BRDA:250,15,0,0
BRDA:250,15,1,0
BRDA:263,16,0,0
BRDA:263,16,1,0
BRDA:274,17,0,0
BRDA:274,17,1,0
BRDA:274,17,2,0
BRDA:274,17,3,0
BRDA:274,17,4,0
BRDA:274,17,5,0
BRDA:274,17,6,0
BRDA:290,18,0,0
BRDA:290,18,1,0
BRDA:316,19,0,0
BRDA:316,19,1,0
BRDA:347,20,0,0
BRDA:347,20,1,0
BRDA:368,21,0,0
BRDA:368,21,1,0
BRDA:368,22,0,0
BRDA:368,22,1,0
BRDA:370,23,0,0
BRDA:370,23,1,0
BRF:55
BRH:0
end_of_record
TN:
SF:app/static/js/auto-save-manager.js
FN:13,(anonymous_0)
FN:37,(anonymous_1)
FN:46,(anonymous_2)
FN:53,(anonymous_3)
FN:63,(anonymous_4)
FN:82,(anonymous_5)
FN:92,(anonymous_6)
FN:102,(anonymous_7)
FN:158,(anonymous_8)
FN:172,(anonymous_9)
FN:193,(anonymous_10)
FN:194,(anonymous_11)
FN:195,(anonymous_12)
FN:196,(anonymous_13)
FN:204,(anonymous_14)
FN:241,(anonymous_15)
FN:261,(anonymous_16)
FN:289,(anonymous_17)
FN:315,(anonymous_18)
FN:331,(anonymous_19)
FN:333,executedFunction
FN:334,(anonymous_21)
FN:346,(anonymous_22)
FN:357,(anonymous_23)
FNF:24
FNH:0
FNDA:0,(anonymous_0)
FNDA:0,(anonymous_1)
FNDA:0,(anonymous_2)
FNDA:0,(anonymous_3)
FNDA:0,(anonymous_4)
FNDA:0,(anonymous_5)
FNDA:0,(anonymous_6)
FNDA:0,(anonymous_7)
FNDA:0,(anonymous_8)
FNDA:0,(anonymous_9)
FNDA:0,(anonymous_10)
FNDA:0,(anonymous_11)
FNDA:0,(anonymous_12)
FNDA:0,(anonymous_13)
FNDA:0,(anonymous_14)
FNDA:0,(anonymous_15)
FNDA:0,(anonymous_16)
FNDA:0,(anonymous_17)
FNDA:0,(anonymous_18)
FNDA:0,(anonymous_19)
FNDA:0,executedFunction
FNDA:0,(anonymous_21)
FNDA:0,(anonymous_22)
FNDA:0,(anonymous_23)
DA:14,0
DA:15,0
DA:18,0
DA:19,0
DA:22,0
DA:23,0
DA:24,0
DA:25,0
DA:28,0
DA:31,0
DA:38,0
DA:39,0
DA:40,0
DA:43,0
DA:46,0
DA:47,0
DA:48,0
DA:53,0
DA:54,0
DA:57,0
DA:64,0
DA:66,0
DA:67,0
DA:68,0
DA:71,0
DA:72,0
DA:73,0
DA:76,0
DA:83,0
DA:85,0
DA:86,0
DA:93,0
DA:94,0
DA:97,0
DA:100,0
DA:101,0
DA:102,0
DA:104,0
DA:105,0
DA:106,0
DA:107,0
DA:111,0
DA:124,0
DA:126,0
DA:127,0
DA:128,0
DA:129,0
DA:132,0
DA:133,0
DA:136,0
DA:138,0
DA:139,0
DA:140,0
DA:143,0
DA:144,0
DA:145,0
DA:149,0
DA:150,0
DA:151,0
DA:159,0
DA:162,0
DA:163,0
DA:166,0
DA:173,0
DA:174,0
DA:175,0
DA:193,0
DA:194,0
DA:195,0
DA:196,0
DA:198,0
DA:205,0
DA:207,0
DA:210,0
DA:211,0
DA:215,0
DA:216,0
DA:217,0
DA:221,0
DA:222,0
DA:223,0
DA:224,0
DA:228,0
DA:229,0
DA:233,0
DA:234,0
DA:243,0
DA:244,0
DA:245,0
DA:246,0
DA:249,0
DA:250,0
DA:251,0
DA:253,0
DA:262,0
DA:263,0
DA:264,0
DA:265,0
DA:269,0
DA:271,0
DA:272,0
DA:274,0
DA:276,0
DA:277,0
DA:278,0
DA:281,0
DA:282,0
DA:283,0
DA:286,0
DA:287,0
DA:289,0
DA:290,0
DA:291,0
DA:292,0
DA:295,0
DA:298,0
DA:299,0
DA:300,0
DA:303,0
DA:304,0
DA:305,0
DA:308,0
DA:309,0
DA:310,0
DA:313,0
DA:314,0
DA:315,0
DA:316,0
DA:317,0
DA:318,0
DA:321,0
DA:324,0
DA:325,0
DA:333,0
DA:334,0
DA:335,0
DA:336,0
DA:338,0
DA:339,0
DA:347,0
DA:348,0
DA:349,0
DA:351,0
DA:358,0
DA:368,0
DA:369,0
DA:370,0
DA:371,0
LF:148
LH:0
BRDA:38,0,0,0
BRDA:38,0,1,0
BRDA:47,1,0,0
BRDA:47,1,1,0
BRDA:66,2,0,0
BRDA:66,2,1,0
BRDA:71,3,0,0
BRDA:71,3,1,0
BRDA:83,4,0,0
BRDA:83,4,1,0
BRDA:101,5,0,0
BRDA:101,5,1,0
BRDA:104,6,0,0
BRDA:104,6,1,0
BRDA:126,7,0,0
BRDA:126,7,1,0
BRDA:126,8,0,0
BRDA:126,8,1,0
BRDA:132,9,0,0
BRDA:132,9,1,0
BRDA:132,10,0,0
BRDA:132,10,1,0
BRDA:138,11,0,0
BRDA:138,11,1,0
BRDA:207,12,0,0
BRDA:207,12,1,0
BRDA:207,12,2,0
BRDA:207,12,3,0
BRDA:233,13,0,0
BRDA:233,13,1,0
BRDA:243,14,0,0
BRDA:243,14,1,0
BRDA:250,15,0,0
BRDA:250,15,1,0
BRDA:263,16,0,0
BRDA:263,16,1,0
BRDA:274,17,0,0
BRDA:274,17,1,0
BRDA:274,17,2,0
BRDA:274,17,3,0
BRDA:274,17,4,0
BRDA:274,17,5,0
BRDA:274,17,6,0
BRDA:290,18,0,0
BRDA:290,18,1,0
BRDA:316,19,0,0
BRDA:316,19,1,0
BRDA:347,20,0,0
BRDA:347,20,1,0
BRDA:368,21,0,0
BRDA:368,21,1,0
BRDA:368,22,0,0
BRDA:368,22,1,0
BRDA:370,23,0,0
BRDA:370,23,1,0
BRF:55
BRH:0
end_of_record
TN:
SF:app/static/js/client-validation-engine.js
FN:15,(anonymous_0)
FN:28,(anonymous_1)
FN:55,(anonymous_2)
FN:57,(anonymous_3)
FN:60,(anonymous_4)
FN:70,(anonymous_5)
FN:83,(anonymous_6)
FN:113,(anonymous_7)
FN:148,(anonymous_8)
FN:183,(anonymous_9)
FN:212,(anonymous_10)
FN:225,(anonymous_11)
FN:247,(anonymous_12)
FN:250,(anonymous_13)
FN:271,(anonymous_14)
FN:302,(anonymous_15)
FN:305,(anonymous_16)
FN:311,(anonymous_17)
FN:327,(anonymous_18)
FN:331,(anonymous_19)
FN:338,(anonymous_20)
FN:357,(anonymous_21)
FN:374,(anonymous_22)
FN:382,(anonymous_23)
FN:390,(anonymous_24)
FN:398,(anonymous_25)
FN:406,(anonymous_26)
FN:417,(anonymous_27)
FN:426,(anonymous_28)
FN:440,(anonymous_29)
FNF:30
FNH:0
FNDA:0,(anonymous_0)
FNDA:0,(anonymous_1)
FNDA:0,(anonymous_2)
FNDA:0,(anonymous_3)
FNDA:0,(anonymous_4)
FNDA:0,(anonymous_5)
FNDA:0,(anonymous_6)
FNDA:0,(anonymous_7)
FNDA:0,(anonymous_8)
FNDA:0,(anonymous_9)
FNDA:0,(anonymous_10)
FNDA:0,(anonymous_11)
FNDA:0,(anonymous_12)
FNDA:0,(anonymous_13)
FNDA:0,(anonymous_14)
FNDA:0,(anonymous_15)
FNDA:0,(anonymous_16)
FNDA:0,(anonymous_17)
FNDA:0,(anonymous_18)
FNDA:0,(anonymous_19)
FNDA:0,(anonymous_20)
FNDA:0,(anonymous_21)
FNDA:0,(anonymous_22)
FNDA:0,(anonymous_23)
FNDA:0,(anonymous_24)
FNDA:0,(anonymous_25)
FNDA:0,(anonymous_26)
FNDA:0,(anonymous_27)
FNDA:0,(anonymous_28)
FNDA:0,(anonymous_29)
DA:16,0
DA:17,0
DA:18,0
DA:19,0
DA:21,0
DA:29,0
DA:30,0
DA:31,0
DA:32,0
DA:35,0
DA:36,0
DA:39,0
DA:41,0
DA:42,0
DA:45,0
DA:47,0
DA:48,0
DA:57,0
DA:58,0
DA:59,0
DA:60,0
DA:61,0
DA:66,0
DA:70,0
DA:71,0
DA:72,0
DA:73,0
DA:74,0
DA:79,0
DA:83,0
DA:84,0
DA:86,0
DA:87,0
DA:88,0
DA:90,0
DA:92,0
DA:93,0
DA:96,0
DA:97,0
DA:100,0
DA:101,0
DA:104,0
DA:107,0
DA:114,0
DA:138,0
DA:149,0
DA:151,0
DA:152,0
DA:153,0
DA:156,0
DA:157,0
DA:159,0
DA:160,0
DA:161,0
DA:162,0
DA:173,0
DA:175,0
DA:184,0
DA:186,0
DA:192,0
DA:193,0
DA:196,0
DA:197,0
DA:200,0
DA:203,0
DA:213,0
DA:215,0
DA:216,0
DA:219,0
DA:221,0
DA:222,0
DA:223,0
DA:225,0
DA:226,0
DA:227,0
DA:228,0
DA:229,0
DA:234,0
DA:248,0
DA:250,0
DA:251,0
DA:254,0
DA:257,0
DA:258,0
DA:260,0
DA:272,0
DA:275,0
DA:276,0
DA:280,0
DA:282,0
DA:284,0
DA:286,0
DA:288,0
DA:290,0
DA:292,0
DA:293,0
DA:303,0
DA:305,0
DA:311,0
DA:328,0
DA:330,0
DA:331,0
DA:332,0
DA:333,0
DA:334,0
DA:337,0
DA:338,0
DA:339,0
DA:340,0
DA:342,0
DA:343,0
DA:348,0
DA:358,0
DA:359,0
DA:361,0
DA:362,0
DA:363,0
DA:365,0
DA:369,0
DA:375,0
DA:376,0
DA:383,0
DA:384,0
DA:391,0
DA:392,0
DA:399,0
DA:400,0
DA:407,0
DA:408,0
DA:418,0
DA:419,0
DA:427,0
DA:441,0
DA:442,0
DA:447,0
DA:448,0
DA:452,0
DA:453,0
LF:138
LH:0
BRDA:31,0,0,0
BRDA:31,0,1,0
BRDA:36,1,0,0
BRDA:36,1,1,0
BRDA:59,2,0,0
BRDA:59,2,1,0
BRDA:59,3,0,0
BRDA:59,3,1,0
BRDA:63,4,0,0
BRDA:63,4,1,0
BRDA:71,5,0,0
BRDA:71,5,1,0
BRDA:71,6,0,0
BRDA:71,6,1,0
BRDA:76,7,0,0
BRDA:76,7,1,0
BRDA:84,8,0,0
BRDA:84,8,1,0
BRDA:84,9,0,0
BRDA:84,9,1,0
BRDA:92,10,0,0
BRDA:92,10,1,0
BRDA:96,11,0,0
BRDA:96,11,1,0
BRDA:100,12,0,0
BRDA:100,12,1,0
BRDA:148,13,0,0
BRDA:152,14,0,0
BRDA:152,14,1,0
BRDA:161,15,0,0
BRDA:161,15,1,0
BRDA:167,16,0,0
BRDA:167,16,1,0
BRDA:192,17,0,0
BRDA:192,17,1,0
BRDA:226,18,0,0
BRDA:226,18,1,0
BRDA:228,19,0,0
BRDA:228,19,1,0
BRDA:248,20,0,0
BRDA:248,20,1,0
BRDA:251,21,0,0
BRDA:251,21,1,0
BRDA:254,22,0,0
BRDA:254,22,1,0
BRDA:275,23,0,0
BRDA:275,23,1,0
BRDA:280,24,0,0
BRDA:280,24,1,0
BRDA:280,24,2,0
BRDA:280,24,3,0
BRDA:280,24,4,0
BRDA:280,24,5,0
BRDA:304,25,0,0
BRDA:304,25,1,0
BRDA:304,25,2,0
BRDA:305,26,0,0
BRDA:305,26,1,0
BRDA:306,27,0,0
BRDA:306,27,1,0
BRDA:308,28,0,0
BRDA:308,28,1,0
BRDA:309,29,0,0
BRDA:309,29,1,0
BRDA:311,30,0,0
BRDA:311,30,1,0
BRDA:312,31,0,0
BRDA:312,31,1,0
BRDA:314,32,0,0
BRDA:314,32,1,0
BRDA:315,33,0,0
BRDA:315,33,1,0
BRDA:317,34,0,0
BRDA:317,34,1,0
BRDA:327,35,0,0
BRDA:330,36,0,0
BRDA:330,36,1,0
BRDA:333,37,0,0
BRDA:333,37,1,0
BRDA:333,38,0,0
BRDA:333,38,1,0
BRDA:337,39,0,0
BRDA:337,39,1,0
BRDA:337,40,0,0
BRDA:337,40,1,0
BRDA:339,41,0,0
BRDA:339,41,1,0
BRDA:342,42,0,0
BRDA:342,42,1,0
BRDA:342,43,0,0
BRDA:342,43,1,0
BRDA:362,44,0,0
BRDA:362,44,1,0
BRDA:362,45,0,0
BRDA:362,45,1,0
BRDA:362,45,2,0
BRDA:375,46,0,0
BRDA:375,46,1,0
BRDA:375,46,2,0
BRDA:378,47,0,0
BRDA:378,47,1,0
BRDA:383,48,0,0
BRDA:383,48,1,0
BRDA:383,48,2,0
BRDA:386,49,0,0
BRDA:386,49,1,0
BRDA:391,50,0,0
BRDA:391,50,1,0
BRDA:394,51,0,0
BRDA:394,51,1,0
BRDA:399,52,0,0
BRDA:399,52,1,0
BRDA:402,53,0,0
BRDA:402,53,1,0
BRDA:407,54,0,0
BRDA:407,54,1,0
BRDA:410,55,0,0
BRDA:410,55,1,0
BRDA:428,56,0,0
BRDA:428,56,1,0
BRDA:447,57,0,0
BRDA:447,57,1,0
BRDA:452,58,0,0
BRDA:452,58,1,0
BRDA:452,59,0,0
BRDA:452,59,1,0
BRF:126
BRH:0
end_of_record
TN:
SF:app/static/js/common.js
FN:7,(anonymous_0)
FN:10,(anonymous_1)
FN:16,(anonymous_2)
FN:22,(anonymous_3)
FN:23,(anonymous_4)
FN:36,formatDate
FN:51,formatFileSize
FN:68,truncateText
FN:81,escapeHtml
FN:93,showToast
FN:129,(anonymous_10)
FN:141,confirmDialog
FN:190,(anonymous_12)
FN:198,(anonymous_13)
FNF:14
FNH:0
FNDA:0,(anonymous_0)
FNDA:0,(anonymous_1)
FNDA:0,(anonymous_2)
FNDA:0,(anonymous_3)
FNDA:0,(anonymous_4)
FNDA:0,formatDate
FNDA:0,formatFileSize
FNDA:0,truncateText
FNDA:0,escapeHtml
FNDA:0,showToast
FNDA:0,(anonymous_10)
FNDA:0,confirmDialog
FNDA:0,(anonymous_12)
FNDA:0,(anonymous_13)
DA:7,0
DA:9,0
DA:10,0
DA:11,0
DA:15,0
DA:16,0
DA:17,0
DA:21,0
DA:22,0
DA:23,0
DA:24,0
DA:25,0
DA:37,0
DA:39,0
DA:41,0
DA:52,0
DA:54,0
DA:55,0
DA:56,0
DA:58,0
DA:69,0
DA:70,0
DA:72,0
DA:82,0
DA:83,0
DA:84,0
DA:95,0
DA:96,0
DA:97,0
DA:98,0
DA:99,0
DA:100,0
DA:101,0
DA:105,0
DA:106,0
DA:107,0
DA:108,0
DA:109,0
DA:112,0
DA:122,0
DA:125,0
DA:126,0
DA:129,0
DA:130,0
DA:143,0
DA:145,0
DA:147,0
DA:148,0
DA:149,0
DA:150,0
DA:151,0
DA:154,0
DA:173,0
DA:177,0
DA:180,0
DA:183,0
DA:186,0
DA:187,0
DA:190,0
DA:191,0
DA:192,0
DA:193,0
DA:198,0
DA:199,0
DA:200,0
DA:205,0
LF:66
LH:0
BRDA:37,0,0,0
BRDA:37,0,1,0
BRDA:52,1,0,0
BRDA:52,1,1,0
BRDA:68,2,0,0
BRDA:69,3,0,0
BRDA:69,3,1,0
BRDA:70,4,0,0
BRDA:70,4,1,0
BRDA:93,5,0,0
BRDA:96,6,0,0
BRDA:96,6,1,0
BRDA:106,7,0,0
BRDA:106,7,1,0
BRDA:141,8,0,0
BRDA:145,9,0,0
BRDA:145,9,1,0
BRDA:192,10,0,0
BRDA:192,10,1,0
BRDA:199,11,0,0
BRDA:199,11,1,0
BRF:21
BRH:0
end_of_record
TN:
SF:app/static/js/dashboard.js
FN:7,(anonymous_0)
FN:17,(anonymous_1)
FN:26,fetchDashboardData
FN:28,(anonymous_3)
FN:34,(anonymous_4)
FN:64,(anonymous_5)
FN:73,updateSystemStatus
FN:105,updateRecentActivity
FN:116,(anonymous_8)
FN:150,showErrorIndicators
FN:152,(anonymous_10)
FN:164,(anonymous_11)
FN:189,refreshDashboardStats
FN:202,(anonymous_13)
FN:203,(anonymous_14)
FN:211,(anonymous_15)
FN:217,(anonymous_16)
FN:227,(anonymous_17)
FN:235,(anonymous_18)
FNF:19
FNH:0
FNDA:0,(anonymous_0)
FNDA:0,(anonymous_1)
FNDA:0,fetchDashboardData
FNDA:0,(anonymous_3)
FNDA:0,(anonymous_4)
FNDA:0,(anonymous_5)
FNDA:0,updateSystemStatus
FNDA:0,updateRecentActivity
FNDA:0,(anonymous_8)
FNDA:0,showErrorIndicators
FNDA:0,(anonymous_10)
FNDA:0,(anonymous_11)
FNDA:0,refreshDashboardStats
FNDA:0,(anonymous_13)
FNDA:0,(anonymous_14)
FNDA:0,(anonymous_15)
FNDA:0,(anonymous_16)
FNDA:0,(anonymous_17)
FNDA:0,(anonymous_18)
DA:7,0
DA:9,0
DA:12,0
DA:15,0
DA:16,0
DA:17,0
DA:18,0
DA:27,0
DA:29,0
DA:30,0
DA:32,0
DA:35,0
DA:36,0
DA:39,0
DA:40,0
DA:41,0
DA:42,0
DA:44,0
DA:45,0
DA:46,0
DA:50,0
DA:51,0
DA:55,0
DA:56,0
DA:59,0
DA:61,0
DA:65,0
DA:66,0
DA:75,0
DA:76,0
DA:77,0
DA:78,0
DA:82,0
DA:83,0
DA:84,0
DA:88,0
DA:89,0
DA:90,0
DA:91,0
DA:92,0
DA:93,0
DA:94,0
DA:95,0
DA:97,0
DA:98,0
DA:106,0
DA:107,0
DA:110,0
DA:111,0
DA:114,0
DA:116,0
DA:117,0
DA:118,0
DA:120,0
DA:121,0
DA:122,0
DA:124,0
DA:126,0
DA:127,0
DA:129,0
DA:131,0
DA:132,0
DA:133,0
DA:134,0
DA:136,0
DA:140,0
DA:141,0
DA:142,0
DA:143,0
DA:152,0
DA:153,0
DA:154,0
DA:158,0
DA:164,0
DA:165,0
DA:166,0
DA:167,0
DA:168,0
DA:173,0
DA:174,0
DA:175,0
DA:176,0
DA:179,0
DA:180,0
DA:181,0
DA:182,0
DA:190,0
DA:191,0
DA:193,0
DA:194,0
DA:195,0
DA:196,0
DA:197,0
DA:201,0
DA:202,0
DA:204,0
DA:206,0
DA:208,0
DA:213,0
DA:214,0
DA:215,0
DA:217,0
DA:218,0
DA:219,0
DA:220,0
DA:221,0
DA:222,0
DA:223,0
DA:228,0
DA:231,0
DA:232,0
DA:233,0
DA:235,0
DA:236,0
DA:237,0
DA:238,0
DA:239,0
DA:240,0
DA:241,0
LF:119
LH:0
BRDA:16,0,0,0
BRDA:16,0,1,0
BRDA:29,1,0,0
BRDA:29,1,1,0
BRDA:35,2,0,0
BRDA:35,2,1,0
BRDA:39,3,0,0
BRDA:39,3,1,0
BRDA:44,4,0,0
BRDA:44,4,1,0
BRDA:44,5,0,0
BRDA:44,5,1,0
BRDA:45,6,0,0
BRDA:45,6,1,0
BRDA:45,7,0,0
BRDA:45,7,1,0
BRDA:46,8,0,0
BRDA:46,8,1,0
BRDA:46,9,0,0
BRDA:46,9,1,0
BRDA:50,10,0,0
BRDA:50,10,1,0
BRDA:55,11,0,0
BRDA:55,11,1,0
BRDA:59,12,0,0
BRDA:59,12,1,0
BRDA:61,13,0,0
BRDA:61,13,1,0
BRDA:76,14,0,0
BRDA:76,14,1,0
BRDA:77,15,0,0
BRDA:77,15,1,0
BRDA:78,16,0,0
BRDA:78,16,1,0
BRDA:83,17,0,0
BRDA:83,17,1,0
BRDA:84,18,0,0
BRDA:84,18,1,0
BRDA:89,19,0,0
BRDA:89,19,1,0
BRDA:90,20,0,0
BRDA:90,20,1,0
BRDA:92,21,0,0
BRDA:92,21,1,0
BRDA:94,22,0,0
BRDA:94,22,1,0
BRDA:107,23,0,0
BRDA:107,23,1,0
BRDA:114,24,0,0
BRDA:114,24,1,0
BRDA:114,25,0,0
BRDA:114,25,1,0
BRDA:165,26,0,0
BRDA:165,26,1,0
BRDA:174,27,0,0
BRDA:174,27,1,0
BRDA:191,28,0,0
BRDA:191,28,1,0
BRDA:196,29,0,0
BRDA:196,29,1,0
BRDA:204,30,0,0
BRDA:204,30,1,0
BRDA:208,31,0,0
BRDA:208,31,1,0
BRDA:222,32,0,0
BRDA:222,32,1,0
BRDA:240,33,0,0
BRDA:240,33,1,0
BRF:68
BRH:0
end_of_record
TN:
SF:app/static/js/entries.js
FN:35,(anonymous_0)
FN:42,setupEventListeners
FN:43,(anonymous_2)
FN:44,(anonymous_3)
FN:54,(anonymous_4)
FN:64,(anonymous_5)
FN:73,loadVisibleColumns
FN:79,(anonymous_7)
FN:87,(anonymous_8)
FN:87,(anonymous_9)
FN:90,saveVisibleColumns
FN:94,initializeColumnVisibilityMenu
FN:98,(anonymous_12)
FN:117,(anonymous_13)
FN:126,(anonymous_14)
FN:144,updateDisabledStatesInColumnMenu
FN:146,(anonymous_16)
FN:147,(anonymous_17)
FN:154,initializeSortButtons
FN:158,(anonymous_19)
FN:164,(anonymous_20)
FN:170,handleSortClick
FN:183,updateSortIcons
FN:185,(anonymous_23)
FN:198,(anonymous_24)
FN:225,loadEntries
FN:257,(anonymous_26)
FN:261,(anonymous_27)
FN:268,(anonymous_28)
FN:281,renderTableHeaders
FN:286,(anonymous_30)
FN:299,(anonymous_31)
FN:310,renderTableBody
FN:331,(anonymous_33)
FN:342,(anonymous_34)
FN:394,(anonymous_35)
FN:423,getMultilingualField
FN:441,updatePagination
FN:448,(anonymous_38)
FN:461,(anonymous_39)
FN:486,deleteEntry
FN:488,(anonymous_41)
FN:492,(anonymous_42)
FN:496,(anonymous_43)
FN:502,formatDate
FN:529,refreshEntries
FN:538,(anonymous_46)
FN:539,(anonymous_47)
FN:545,(anonymous_48)
FN:550,(anonymous_49)
FN:554,(anonymous_50)
FN:562,showBootstrapAlert
FN:584,(anonymous_52)
FNF:53
FNH:0
FNDA:0,(anonymous_0)
FNDA:0,setupEventListeners
FNDA:0,(anonymous_2)
FNDA:0,(anonymous_3)
FNDA:0,(anonymous_4)
FNDA:0,(anonymous_5)
FNDA:0,loadVisibleColumns
FNDA:0,(anonymous_7)
FNDA:0,(anonymous_8)
FNDA:0,(anonymous_9)
FNDA:0,saveVisibleColumns
FNDA:0,initializeColumnVisibilityMenu
FNDA:0,(anonymous_12)
FNDA:0,(anonymous_13)
FNDA:0,(anonymous_14)
FNDA:0,updateDisabledStatesInColumnMenu
FNDA:0,(anonymous_16)
FNDA:0,(anonymous_17)
FNDA:0,initializeSortButtons
FNDA:0,(anonymous_19)
FNDA:0,(anonymous_20)
FNDA:0,handleSortClick
FNDA:0,updateSortIcons
FNDA:0,(anonymous_23)
FNDA:0,(anonymous_24)
FNDA:0,loadEntries
FNDA:0,(anonymous_26)
FNDA:0,(anonymous_27)
FNDA:0,(anonymous_28)
FNDA:0,renderTableHeaders
FNDA:0,(anonymous_30)
FNDA:0,(anonymous_31)
FNDA:0,renderTableBody
FNDA:0,(anonymous_33)
FNDA:0,(anonymous_34)
FNDA:0,(anonymous_35)
FNDA:0,getMultilingualField
FNDA:0,updatePagination
FNDA:0,(anonymous_38)
FNDA:0,(anonymous_39)
FNDA:0,deleteEntry
FNDA:0,(anonymous_41)
FNDA:0,(anonymous_42)
FNDA:0,(anonymous_43)
FNDA:0,formatDate
FNDA:0,refreshEntries
FNDA:0,(anonymous_46)
FNDA:0,(anonymous_47)
FNDA:0,(anonymous_48)
FNDA:0,(anonymous_49)
FNDA:0,(anonymous_50)
FNDA:0,showBootstrapAlert
FNDA:0,(anonymous_52)
DA:8,0
DA:29,0
DA:30,0
DA:31,0
DA:32,0
DA:35,0
DA:36,0
DA:37,0
DA:38,0
DA:39,0
DA:43,0
DA:44,0
DA:45,0
DA:47,0
DA:50,0
DA:51,0
DA:52,0
DA:54,0
DA:55,0
DA:56,0
DA:57,0
DA:58,0
DA:59,0
DA:60,0
DA:64,0
DA:65,0
DA:66,0
DA:67,0
DA:74,0
DA:75,0
DA:76,0
DA:77,0
DA:79,0
DA:81,0
DA:84,0
DA:87,0
DA:91,0
DA:95,0
DA:96,0
DA:98,0
DA:99,0
DA:103,0
DA:104,0
DA:105,0
DA:106,0
DA:107,0
DA:108,0
DA:109,0
DA:110,0
DA:113,0
DA:114,0
DA:117,0
DA:118,0
DA:119,0
DA:120,0
DA:121,0
DA:125,0
DA:126,0
DA:128,0
DA:129,0
DA:132,0
DA:133,0
DA:134,0
DA:137,0
DA:138,0
DA:139,0
DA:140,0
DA:145,0
DA:146,0
DA:147,0
DA:148,0
DA:156,0
DA:157,0
DA:158,0
DA:159,0
DA:162,0
DA:163,0
DA:164,0
DA:165,0
DA:171,0
DA:172,0
DA:174,0
DA:175,0
DA:177,0
DA:178,0
DA:180,0
DA:185,0
DA:186,0
DA:187,0
DA:188,0
DA:189,0
DA:190,0
DA:191,0
DA:192,0
DA:198,0
DA:199,0
DA:203,0
DA:204,0
DA:205,0
DA:206,0
DA:207,0
DA:208,0
DA:209,0
DA:213,0
DA:214,0
DA:215,0
DA:216,0
DA:217,0
DA:218,0
DA:226,0
DA:227,0
DA:228,0
DA:230,0
DA:231,0
DA:232,0
DA:235,0
DA:236,0
DA:247,0
DA:248,0
DA:249,0
DA:251,0
DA:252,0
DA:253,0
DA:256,0
DA:258,0
DA:259,0
DA:262,0
DA:263,0
DA:264,0
DA:265,0
DA:266,0
DA:269,0
DA:270,0
DA:282,0
DA:283,0
DA:284,0
DA:286,0
DA:287,0
DA:288,0
DA:289,0
DA:290,0
DA:291,0
DA:293,0
DA:294,0
DA:295,0
DA:296,0
DA:297,0
DA:298,0
DA:299,0
DA:300,0
DA:303,0
DA:306,0
DA:307,0
DA:311,0
DA:312,0
DA:313,0
DA:315,0
DA:316,0
DA:323,0
DA:326,0
DA:328,0
DA:329,0
DA:331,0
DA:333,0
DA:335,0
DA:336,0
DA:337,0
DA:340,0
DA:342,0
DA:343,0
DA:344,0
DA:345,0
DA:347,0
DA:349,0
DA:350,0
DA:351,0
DA:352,0
DA:353,0
DA:354,0
DA:355,0
DA:356,0
DA:357,0
DA:358,0
DA:359,0
DA:361,0
DA:362,0
DA:367,0
DA:368,0
DA:369,0
DA:371,0
DA:372,0
DA:374,0
DA:375,0
DA:376,0
DA:377,0
DA:378,0
DA:379,0
DA:381,0
DA:382,0
DA:383,0
DA:385,0
DA:386,0
DA:387,0
DA:389,0
DA:390,0
DA:392,0
DA:393,0
DA:394,0
DA:395,0
DA:398,0
DA:399,0
DA:401,0
DA:402,0
DA:404,0
DA:410,0
DA:411,0
DA:413,0
DA:415,0
DA:418,0
DA:424,0
DA:425,0
DA:426,0
DA:427,0
DA:428,0
DA:429,0
DA:431,0
DA:442,0
DA:443,0
DA:445,0
DA:446,0
DA:448,0
DA:449,0
DA:450,0
DA:451,0
DA:452,0
DA:453,0
DA:454,0
DA:455,0
DA:456,0
DA:458,0
DA:460,0
DA:461,0
DA:462,0
DA:463,0
DA:466,0
DA:467,0
DA:470,0
DA:472,0
DA:473,0
DA:474,0
DA:475,0
DA:478,0
DA:479,0
DA:482,0
DA:487,0
DA:489,0
DA:490,0
DA:493,0
DA:494,0
DA:497,0
DA:498,0
DA:503,0
DA:504,0
DA:507,0
DA:508,0
DA:509,0
DA:514,0
DA:530,0
DA:531,0
DA:532,0
DA:534,0
DA:535,0
DA:537,0
DA:538,0
DA:540,0
DA:542,0
DA:544,0
DA:545,0
DA:546,0
DA:547,0
DA:551,0
DA:552,0
DA:553,0
DA:554,0
DA:555,0
DA:556,0
DA:563,0
DA:564,0
DA:566,0
DA:567,0
DA:568,0
DA:569,0
DA:574,0
DA:575,0
DA:576,0
DA:577,0
DA:578,0
DA:580,0
DA:584,0
DA:585,0
DA:586,0
DA:587,0
LF:302
LH:0
BRDA:29,0,0,0
BRDA:29,0,1,0
BRDA:30,1,0,0
BRDA:30,1,1,0
BRDA:45,2,0,0
BRDA:45,2,1,0
BRDA:55,3,0,0
BRDA:55,3,1,0
BRDA:65,4,0,0
BRDA:65,4,1,0
BRDA:75,5,0,0
BRDA:75,5,1,0
BRDA:79,6,0,0
BRDA:79,6,1,0
BRDA:79,7,0,0
BRDA:79,7,1,0
BRDA:81,8,0,0
BRDA:81,8,1,0
BRDA:99,9,0,0
BRDA:99,9,1,0
BRDA:99,10,0,0
BRDA:99,10,1,0
BRDA:99,10,2,0
BRDA:99,10,3,0
BRDA:113,11,0,0
BRDA:113,11,1,0
BRDA:113,12,0,0
BRDA:113,12,1,0
BRDA:119,13,0,0
BRDA:119,13,1,0
BRDA:120,14,0,0
BRDA:120,14,1,0
BRDA:125,15,0,0
BRDA:125,15,1,0
BRDA:148,16,0,0
BRDA:148,16,1,0
BRDA:157,17,0,0
BRDA:157,17,1,0
BRDA:163,18,0,0
BRDA:163,18,1,0
BRDA:170,19,0,0
BRDA:171,20,0,0
BRDA:171,20,1,0
BRDA:172,21,0,0
BRDA:172,21,1,0
BRDA:187,22,0,0
BRDA:187,22,1,0
BRDA:189,23,0,0
BRDA:189,23,1,0
BRDA:191,24,0,0
BRDA:191,24,1,0
BRDA:192,25,0,0
BRDA:192,25,1,0
BRDA:204,26,0,0
BRDA:204,26,1,0
BRDA:206,27,0,0
BRDA:206,27,1,0
BRDA:208,28,0,0
BRDA:208,28,1,0
BRDA:213,29,0,0
BRDA:213,29,1,0
BRDA:215,30,0,0
BRDA:215,30,1,0
BRDA:215,31,0,0
BRDA:215,31,1,0
BRDA:216,32,0,0
BRDA:216,32,1,0
BRDA:218,33,0,0
BRDA:218,33,1,0
BRDA:218,34,0,0
BRDA:218,34,1,0
BRDA:225,35,0,0
BRDA:225,36,0,0
BRDA:225,37,0,0
BRDA:252,38,0,0
BRDA:252,38,1,0
BRDA:258,39,0,0
BRDA:258,39,1,0
BRDA:287,40,0,0
BRDA:287,40,1,0
BRDA:290,41,0,0
BRDA:290,41,1,0
BRDA:293,42,0,0
BRDA:293,42,1,0
BRDA:295,43,0,0
BRDA:295,43,1,0
BRDA:315,44,0,0
BRDA:315,44,1,0
BRDA:328,45,0,0
BRDA:328,45,1,0
BRDA:343,46,0,0
BRDA:343,46,1,0
BRDA:347,47,0,0
BRDA:347,47,1,0
BRDA:347,47,2,0
BRDA:347,47,3,0
BRDA:347,47,4,0
BRDA:347,47,5,0
BRDA:347,47,6,0
BRDA:347,47,7,0
BRDA:347,47,8,0
BRDA:347,47,9,0
BRDA:354,48,0,0
BRDA:354,48,1,0
BRDA:368,49,0,0
BRDA:368,49,1,0
BRDA:368,50,0,0
BRDA:368,50,1,0
BRDA:371,51,0,0
BRDA:371,51,1,0
BRDA:374,52,0,0
BRDA:374,52,1,0
BRDA:374,53,0,0
BRDA:374,53,1,0
BRDA:374,54,0,0
BRDA:374,54,1,0
BRDA:377,55,0,0
BRDA:377,55,1,0
BRDA:381,56,0,0
BRDA:381,56,1,0
BRDA:381,57,0,0
BRDA:381,57,1,0
BRDA:382,58,0,0
BRDA:382,58,1,0
BRDA:385,59,0,0
BRDA:385,59,1,0
BRDA:385,60,0,0
BRDA:385,60,1,0
BRDA:386,61,0,0
BRDA:386,61,1,0
BRDA:389,62,0,0
BRDA:389,62,1,0
BRDA:393,63,0,0
BRDA:393,63,1,0
BRDA:395,64,0,0
BRDA:395,64,1,0
BRDA:410,65,0,0
BRDA:410,65,1,0
BRDA:424,66,0,0
BRDA:424,66,1,0
BRDA:425,67,0,0
BRDA:425,67,1,0
BRDA:426,68,0,0
BRDA:426,68,1,0
BRDA:427,69,0,0
BRDA:427,69,1,0
BRDA:429,70,0,0
BRDA:429,70,1,0
BRDA:446,71,0,0
BRDA:446,71,1,0
BRDA:448,72,0,0
BRDA:448,73,0,0
BRDA:448,74,0,0
BRDA:450,75,0,0
BRDA:450,75,1,0
BRDA:450,76,0,0
BRDA:450,76,1,0
BRDA:454,77,0,0
BRDA:454,77,1,0
BRDA:456,78,0,0
BRDA:456,78,1,0
BRDA:460,79,0,0
BRDA:460,79,1,0
BRDA:460,80,0,0
BRDA:460,80,1,0
BRDA:474,81,0,0
BRDA:474,81,1,0
BRDA:474,82,0,0
BRDA:474,82,1,0
BRDA:489,83,0,0
BRDA:489,83,1,0
BRDA:503,84,0,0
BRDA:503,84,1,0
BRDA:507,85,0,0
BRDA:507,85,1,0
BRDA:540,86,0,0
BRDA:540,86,1,0
BRDA:562,87,0,0
BRDA:564,88,0,0
BRDA:564,88,1,0
BRDA:575,89,0,0
BRDA:575,89,1,0
BRDA:575,90,0,0
BRDA:575,90,1,0
BRDA:577,91,0,0
BRDA:577,91,1,0
BRDA:586,92,0,0
BRDA:586,92,1,0
BRF:188
BRH:0
end_of_record
TN:
SF:app/static/js/entry-form.js
FN:10,showToast
FN:29,(anonymous_1)
FN:41,(anonymous_2)
FN:53,initializeDynamicSelects
FN:57,(anonymous_4)
FN:73,(anonymous_5)
FN:86,(anonymous_6)
FN:101,updateGrammaticalCategoryInheritance
FN:109,(anonymous_8)
FN:110,(anonymous_9)
FN:159,setupGrammaticalInheritanceListeners
FN:163,(anonymous_11)
FN:175,(anonymous_12)
FN:190,(anonymous_13)
FN:212,(anonymous_14)
FN:231,(anonymous_15)
FN:233,(anonymous_16)
FN:241,(anonymous_17)
FN:247,(anonymous_18)
FN:253,(anonymous_19)
FN:260,(anonymous_20)
FN:261,(anonymous_21)
FN:281,(anonymous_22)
FN:304,(anonymous_23)
FN:316,(anonymous_24)
FN:335,(anonymous_25)
FN:349,(anonymous_26)
FN:418,(anonymous_27)
FN:438,validateForm
FN:443,(anonymous_29)
FN:458,(anonymous_30)
FN:482,(anonymous_31)
FN:491,(anonymous_32)
FN:522,(anonymous_33)
FN:535,(anonymous_34)
FN:548,submitForm
FN:580,(anonymous_36)
FN:588,(anonymous_37)
FN:598,(anonymous_38)
FN:622,(anonymous_39)
FN:651,(anonymous_40)
FN:690,(anonymous_41)
FN:701,addPronunciation
FN:726,addSense
FN:785,addExample
FN:808,reindexSenses
FN:810,(anonymous_46)
FN:815,(anonymous_47)
FN:822,(anonymous_48)
FN:832,(anonymous_49)
FN:837,(anonymous_50)
FN:848,(anonymous_51)
FN:866,reindexExamples
FN:868,(anonymous_53)
FN:884,(anonymous_54)
FN:898,generateAudio
FN:916,(anonymous_56)
FN:918,(anonymous_57)
FN:923,(anonymous_58)
FN:934,(anonymous_59)
FN:938,(anonymous_60)
FNF:61
FNH:0
FNDA:0,showToast
FNDA:0,(anonymous_1)
FNDA:0,(anonymous_2)
FNDA:0,initializeDynamicSelects
FNDA:0,(anonymous_4)
FNDA:0,(anonymous_5)
FNDA:0,(anonymous_6)
FNDA:0,updateGrammaticalCategoryInheritance
FNDA:0,(anonymous_8)
FNDA:0,(anonymous_9)
FNDA:0,setupGrammaticalInheritanceListeners
FNDA:0,(anonymous_11)
FNDA:0,(anonymous_12)
FNDA:0,(anonymous_13)
FNDA:0,(anonymous_14)
FNDA:0,(anonymous_15)
FNDA:0,(anonymous_16)
FNDA:0,(anonymous_17)
FNDA:0,(anonymous_18)
FNDA:0,(anonymous_19)
FNDA:0,(anonymous_20)
FNDA:0,(anonymous_21)
FNDA:0,(anonymous_22)
FNDA:0,(anonymous_23)
FNDA:0,(anonymous_24)
FNDA:0,(anonymous_25)
FNDA:0,(anonymous_26)
FNDA:0,(anonymous_27)
FNDA:0,validateForm
FNDA:0,(anonymous_29)
FNDA:0,(anonymous_30)
FNDA:0,(anonymous_31)
FNDA:0,(anonymous_32)
FNDA:0,(anonymous_33)
FNDA:0,(anonymous_34)
FNDA:0,submitForm
FNDA:0,(anonymous_36)
FNDA:0,(anonymous_37)
FNDA:0,(anonymous_38)
FNDA:0,(anonymous_39)
FNDA:0,(anonymous_40)
FNDA:0,(anonymous_41)
FNDA:0,addPronunciation
FNDA:0,addSense
FNDA:0,addExample
FNDA:0,reindexSenses
FNDA:0,(anonymous_46)
FNDA:0,(anonymous_47)
FNDA:0,(anonymous_48)
FNDA:0,(anonymous_49)
FNDA:0,(anonymous_50)
FNDA:0,(anonymous_51)
FNDA:0,reindexExamples
FNDA:0,(anonymous_53)
FNDA:0,(anonymous_54)
FNDA:0,generateAudio
FNDA:0,(anonymous_56)
FNDA:0,(anonymous_57)
FNDA:0,(anonymous_58)
FNDA:0,(anonymous_59)
FNDA:0,(anonymous_60)
DA:11,0
DA:12,0
DA:13,0
DA:14,0
DA:21,0
DA:26,0
DA:29,0
DA:31,0
DA:32,0
DA:33,0
DA:34,0
DA:35,0
DA:41,0
DA:43,0
DA:44,0
DA:47,0
DA:55,0
DA:57,0
DA:58,0
DA:59,0
DA:60,0
DA:62,0
DA:67,0
DA:71,0
DA:73,0
DA:74,0
DA:75,0
DA:76,0
DA:77,0
DA:79,0
DA:80,0
DA:81,0
DA:87,0
DA:90,0
DA:93,0
DA:102,0
DA:103,0
DA:104,0
DA:107,0
DA:108,0
DA:109,0
DA:110,0
DA:113,0
DA:114,0
DA:115,0
DA:116,0
DA:119,0
DA:121,0
DA:122,0
DA:123,0
DA:126,0
DA:128,0
DA:130,0
DA:131,0
DA:132,0
DA:133,0
DA:135,0
DA:136,0
DA:137,0
DA:138,0
DA:139,0
DA:142,0
DA:143,0
DA:144,0
DA:145,0
DA:146,0
DA:147,0
DA:152,0
DA:162,0
DA:163,0
DA:164,0
DA:165,0
DA:171,0
DA:175,0
DA:176,0
DA:178,0
DA:187,0
DA:190,0
DA:191,0
DA:194,0
DA:198,0
DA:202,0
DA:211,0
DA:212,0
DA:213,0
DA:216,0
DA:217,0
DA:219,0
DA:221,0
DA:222,0
DA:225,0
DA:226,0
DA:231,0
DA:233,0
DA:234,0
DA:235,0
DA:239,0
DA:240,0
DA:241,0
DA:242,0
DA:243,0
DA:247,0
DA:248,0
DA:249,0
DA:252,0
DA:253,0
DA:256,0
DA:257,0
DA:259,0
DA:260,0
DA:261,0
DA:263,0
DA:264,0
DA:265,0
DA:268,0
DA:271,0
DA:272,0
DA:273,0
DA:274,0
DA:282,0
DA:301,0
DA:304,0
DA:305,0
DA:306,0
DA:307,0
DA:308,0
DA:309,0
DA:316,0
DA:317,0
DA:318,0
DA:319,0
DA:320,0
DA:322,0
DA:325,0
DA:326,0
DA:327,0
DA:328,0
DA:329,0
DA:330,0
DA:334,0
DA:335,0
DA:336,0
DA:337,0
DA:338,0
DA:339,0
DA:340,0
DA:341,0
DA:342,0
DA:344,0
DA:346,0
DA:347,0
DA:349,0
DA:351,0
DA:354,0
DA:358,0
DA:359,0
DA:360,0
DA:361,0
DA:362,0
DA:363,0
DA:364,0
DA:365,0
DA:367,0
DA:371,0
DA:372,0
DA:373,0
DA:374,0
DA:375,0
DA:376,0
DA:377,0
DA:378,0
DA:380,0
DA:383,0
DA:384,0
DA:385,0
DA:386,0
DA:387,0
DA:388,0
DA:391,0
DA:392,0
DA:393,0
DA:394,0
DA:395,0
DA:396,0
DA:397,0
DA:398,0
DA:400,0
DA:401,0
DA:415,0
DA:416,0
DA:418,0
DA:419,0
DA:420,0
DA:421,0
DA:422,0
DA:424,0
DA:426,0
DA:428,0
DA:439,0
DA:440,0
DA:443,0
DA:444,0
DA:445,0
DA:446,0
DA:447,0
DA:448,0
DA:449,0
DA:450,0
DA:453,0
DA:454,0
DA:458,0
DA:461,0
DA:462,0
DA:463,0
DA:467,0
DA:468,0
DA:469,0
DA:473,0
DA:474,0
DA:475,0
DA:476,0
DA:478,0
DA:480,0
DA:482,0
DA:484,0
DA:485,0
DA:487,0
DA:491,0
DA:492,0
DA:495,0
DA:496,0
DA:501,0
DA:502,0
DA:503,0
DA:504,0
DA:506,0
DA:507,0
DA:512,0
DA:513,0
DA:514,0
DA:515,0
DA:516,0
DA:517,0
DA:522,0
DA:523,0
DA:524,0
DA:525,0
DA:532,0
DA:533,0
DA:534,0
DA:535,0
DA:536,0
DA:537,0
DA:541,0
DA:549,0
DA:550,0
DA:551,0
DA:552,0
DA:555,0
DA:556,0
DA:557,0
DA:558,0
DA:561,0
DA:562,0
DA:563,0
DA:564,0
DA:565,0
DA:567,0
DA:569,0
DA:570,0
DA:573,0
DA:574,0
DA:578,0
DA:580,0
DA:585,0
DA:586,0
DA:587,0
DA:588,0
DA:589,0
DA:590,0
DA:591,0
DA:596,0
DA:597,0
DA:598,0
DA:599,0
DA:602,0
DA:605,0
DA:606,0
DA:607,0
DA:611,0
DA:612,0
DA:614,0
DA:615,0
DA:616,0
DA:618,0
DA:621,0
DA:622,0
DA:625,0
DA:626,0
DA:628,0
DA:639,0
DA:642,0
DA:643,0
DA:645,0
DA:647,0
DA:649,0
DA:651,0
DA:652,0
DA:655,0
DA:656,0
DA:661,0
DA:662,0
DA:665,0
DA:666,0
DA:667,0
DA:669,0
DA:670,0
DA:674,0
DA:675,0
DA:676,0
DA:679,0
DA:680,0
DA:681,0
DA:684,0
DA:685,0
DA:686,0
DA:687,0
DA:690,0
DA:691,0
DA:702,0
DA:703,0
DA:704,0
DA:706,0
DA:707,0
DA:709,0
DA:710,0
DA:711,0
DA:713,0
DA:716,0
DA:717,0
DA:719,0
DA:727,0
DA:728,0
DA:729,0
DA:732,0
DA:733,0
DA:735,0
DA:739,0
DA:740,0
DA:741,0
DA:742,0
DA:745,0
DA:753,0
DA:754,0
DA:755,0
DA:762,0
DA:763,0
DA:764,0
DA:770,0
DA:771,0
DA:772,0
DA:786,0
DA:787,0
DA:788,0
DA:790,0
DA:791,0
DA:793,0
DA:798,0
DA:799,0
DA:800,0
DA:809,0
DA:810,0
DA:811,0
DA:812,0
DA:815,0
DA:816,0
DA:817,0
DA:822,0
DA:823,0
DA:824,0
DA:829,0
DA:832,0
DA:833,0
DA:837,0
DA:838,0
DA:839,0
DA:843,0
DA:844,0
DA:848,0
DA:849,0
DA:853,0
DA:857,0
DA:858,0
DA:867,0
DA:868,0
DA:869,0
DA:871,0
DA:873,0
DA:876,0
DA:879,0
DA:880,0
DA:884,0
DA:885,0
DA:886,0
DA:899,0
DA:900,0
DA:902,0
DA:903,0
DA:904,0
DA:906,0
DA:917,0
DA:918,0
DA:919,0
DA:921,0
DA:924,0
DA:925,0
DA:927,0
DA:928,0
DA:929,0
DA:931,0
DA:932,0
DA:935,0
DA:936,0
DA:939,0
DA:940,0
LF:425
LH:0
BRDA:10,0,0,0
BRDA:12,1,0,0
BRDA:12,1,1,0
BRDA:32,2,0,0
BRDA:32,2,1,0
BRDA:34,3,0,0
BRDA:34,3,1,0
BRDA:47,4,0,0
BRDA:47,4,1,0
BRDA:60,5,0,0
BRDA:60,5,1,0
BRDA:79,6,0,0
BRDA:79,6,1,0
BRDA:79,7,0,0
BRDA:79,7,1,0
BRDA:83,8,0,0
BRDA:83,8,1,0
BRDA:104,9,0,0
BRDA:104,9,1,0
BRDA:110,10,0,0
BRDA:110,10,1,0
BRDA:115,11,0,0
BRDA:115,11,1,0
BRDA:119,12,0,0
BRDA:119,12,1,0
BRDA:122,13,0,0
BRDA:122,13,1,0
BRDA:128,14,0,0
BRDA:128,14,1,0
BRDA:133,15,0,0
BRDA:133,15,1,0
BRDA:143,16,0,0
BRDA:143,16,1,0
BRDA:162,17,0,0
BRDA:162,17,1,0
BRDA:164,18,0,0
BRDA:164,18,1,0
BRDA:171,19,0,0
BRDA:171,19,1,0
BRDA:211,20,0,0
BRDA:211,20,1,0
BRDA:217,21,0,0
BRDA:217,21,1,0
BRDA:219,22,0,0
BRDA:219,22,1,0
BRDA:234,23,0,0
BRDA:234,23,1,0
BRDA:249,24,0,0
BRDA:249,24,1,0
BRDA:257,25,0,0
BRDA:257,25,1,0
BRDA:263,26,0,0
BRDA:263,26,1,0
BRDA:282,27,0,0
BRDA:282,27,1,0
BRDA:306,28,0,0
BRDA:306,28,1,0
BRDA:308,29,0,0
BRDA:308,29,1,0
BRDA:308,30,0,0
BRDA:308,30,1,0
BRDA:318,31,0,0
BRDA:318,31,1,0
BRDA:319,32,0,0
BRDA:319,32,1,0
BRDA:326,33,0,0
BRDA:326,33,1,0
BRDA:334,34,0,0
BRDA:334,34,1,0
BRDA:337,35,0,0
BRDA:337,35,1,0
BRDA:339,36,0,0
BRDA:339,36,1,0
BRDA:339,37,0,0
BRDA:339,37,1,0
BRDA:340,38,0,0
BRDA:340,38,1,0
BRDA:359,39,0,0
BRDA:359,39,1,0
BRDA:362,40,0,0
BRDA:362,40,1,0
BRDA:362,41,0,0
BRDA:362,41,1,0
BRDA:372,42,0,0
BRDA:372,42,1,0
BRDA:375,43,0,0
BRDA:375,43,1,0
BRDA:375,44,0,0
BRDA:375,44,1,0
BRDA:384,45,0,0
BRDA:384,45,1,0
BRDA:392,46,0,0
BRDA:392,46,1,0
BRDA:395,47,0,0
BRDA:395,47,1,0
BRDA:395,48,0,0
BRDA:395,48,1,0
BRDA:400,49,0,0
BRDA:400,49,1,0
BRDA:416,50,0,0
BRDA:416,50,1,0
BRDA:424,51,0,0
BRDA:424,51,1,0
BRDA:438,52,0,0
BRDA:444,53,0,0
BRDA:444,53,1,0
BRDA:446,54,0,0
BRDA:446,54,1,0
BRDA:449,55,0,0
BRDA:449,55,1,0
BRDA:462,56,0,0
BRDA:462,56,1,0
BRDA:468,57,0,0
BRDA:468,57,1,0
BRDA:468,58,0,0
BRDA:468,58,1,0
BRDA:468,58,2,0
BRDA:474,59,0,0
BRDA:474,59,1,0
BRDA:487,60,0,0
BRDA:487,60,1,0
BRDA:495,61,0,0
BRDA:495,61,1,0
BRDA:495,62,0,0
BRDA:495,62,1,0
BRDA:501,63,0,0
BRDA:501,63,1,0
BRDA:503,64,0,0
BRDA:503,64,1,0
BRDA:513,65,0,0
BRDA:513,65,1,0
BRDA:513,66,0,0
BRDA:513,66,1,0
BRDA:515,67,0,0
BRDA:515,67,1,0
BRDA:524,68,0,0
BRDA:524,68,1,0
BRDA:524,69,0,0
BRDA:524,69,1,0
BRDA:532,70,0,0
BRDA:532,70,1,0
BRDA:532,71,0,0
BRDA:532,71,1,0
BRDA:534,72,0,0
BRDA:534,72,1,0
BRDA:550,73,0,0
BRDA:550,73,1,0
BRDA:573,74,0,0
BRDA:573,74,1,0
BRDA:573,75,0,0
BRDA:573,75,1,0
BRDA:580,76,0,0
BRDA:580,76,1,0
BRDA:586,77,0,0
BRDA:586,77,1,0
BRDA:586,78,0,0
BRDA:586,78,1,0
BRDA:586,78,2,0
BRDA:588,79,0,0
BRDA:588,79,1,0
BRDA:590,80,0,0
BRDA:590,80,1,0
BRDA:596,81,0,0
BRDA:596,81,1,0
BRDA:597,82,0,0
BRDA:597,82,1,0
BRDA:606,83,0,0
BRDA:606,83,1,0
BRDA:606,84,0,0
BRDA:606,84,1,0
BRDA:615,85,0,0
BRDA:615,85,1,0
BRDA:616,86,0,0
BRDA:616,86,1,0
BRDA:647,87,0,0
BRDA:647,87,1,0
BRDA:649,88,0,0
BRDA:649,88,1,0
BRDA:649,89,0,0
BRDA:649,89,1,0
BRDA:655,90,0,0
BRDA:655,90,1,0
BRDA:655,90,2,0
BRDA:665,91,0,0
BRDA:665,91,1,0
BRDA:666,92,0,0
BRDA:666,92,1,0
BRDA:687,93,0,0
BRDA:687,93,1,0
BRDA:704,94,0,0
BRDA:704,94,1,0
BRDA:704,95,0,0
BRDA:704,95,1,0
BRDA:717,96,0,0
BRDA:717,96,1,0
BRDA:717,97,0,0
BRDA:717,97,1,0
BRDA:729,98,0,0
BRDA:729,98,1,0
BRDA:729,99,0,0
BRDA:729,99,1,0
BRDA:754,100,0,0
BRDA:754,100,1,0
BRDA:754,101,0,0
BRDA:754,101,1,0
BRDA:763,102,0,0
BRDA:763,102,1,0
BRDA:763,103,0,0
BRDA:763,103,1,0
BRDA:771,104,0,0
BRDA:771,104,1,0
BRDA:771,105,0,0
BRDA:771,105,1,0
BRDA:788,106,0,0
BRDA:788,106,1,0
BRDA:788,107,0,0
BRDA:788,107,1,0
BRDA:812,108,0,0
BRDA:812,108,1,0
BRDA:816,109,0,0
BRDA:816,109,1,0
BRDA:823,110,0,0
BRDA:823,110,1,0
BRDA:843,111,0,0
BRDA:843,111,1,0
BRDA:857,112,0,0
BRDA:857,112,1,0
BRDA:871,113,0,0
BRDA:871,113,1,0
BRDA:873,114,0,0
BRDA:873,114,1,0
BRDA:873,115,0,0
BRDA:873,115,1,0
BRDA:880,116,0,0
BRDA:880,116,1,0
BRDA:900,117,0,0
BRDA:900,117,1,0
BRDA:917,118,0,0
BRDA:917,118,1,0
BRDA:919,119,0,0
BRDA:919,119,1,0
BRDA:924,120,0,0
BRDA:924,120,1,0
BRF:243
BRH:0
end_of_record
TN:
SF:app/static/js/entry-view.js
FN:7,(anonymous_0)
FN:13,(anonymous_1)
FN:14,(anonymous_2)
FN:30,(anonymous_3)
FNF:4
FNH:0
FNDA:0,(anonymous_0)
FNDA:0,(anonymous_1)
FNDA:0,(anonymous_2)
FNDA:0,(anonymous_3)
DA:7,0
DA:9,0
DA:10,0
DA:13,0
DA:14,0
DA:15,0
DA:16,0
DA:18,0
DA:21,0
DA:24,0
DA:30,0
DA:31,0
DA:34,0
DA:35,0
DA:36,0
LF:15
LH:0
BRDA:16,0,0,0
BRDA:16,0,1,0
BRDA:35,1,0,0
BRDA:35,1,1,0
BRF:4
BRH:0
end_of_record
TN:
SF:app/static/js/etymology-forms.js
FN:10,(anonymous_0)
FN:24,(anonymous_1)
FN:35,(anonymous_2)
FN:64,(anonymous_3)
FN:76,(anonymous_4)
FN:85,(anonymous_5)
FN:91,(anonymous_6)
FN:118,(anonymous_7)
FN:132,(anonymous_8)
FN:149,(anonymous_9)
FN:158,(anonymous_10)
FN:242,(anonymous_11)
FN:247,(anonymous_12)
FN:253,(anonymous_13)
FN:263,(anonymous_14)
FN:278,(anonymous_15)
FN:303,(anonymous_16)
FN:322,(anonymous_17)
FN:330,(anonymous_18)
FN:334,(anonymous_19)
FN:340,(anonymous_20)
FN:344,(anonymous_21)
FNF:22
FNH:0
FNDA:0,(anonymous_0)
FNDA:0,(anonymous_1)
FNDA:0,(anonymous_2)
FNDA:0,(anonymous_3)
FNDA:0,(anonymous_4)
FNDA:0,(anonymous_5)
FNDA:0,(anonymous_6)
FNDA:0,(anonymous_7)
FNDA:0,(anonymous_8)
FNDA:0,(anonymous_9)
FNDA:0,(anonymous_10)
FNDA:0,(anonymous_11)
FNDA:0,(anonymous_12)
FNDA:0,(anonymous_13)
FNDA:0,(anonymous_14)
FNDA:0,(anonymous_15)
FNDA:0,(anonymous_16)
FNDA:0,(anonymous_17)
FNDA:0,(anonymous_18)
FNDA:0,(anonymous_19)
FNDA:0,(anonymous_20)
FNDA:0,(anonymous_21)
DA:11,0
DA:12,0
DA:13,0
DA:14,0
DA:15,0
DA:21,0
DA:25,0
DA:26,0
DA:27,0
DA:30,0
DA:31,0
DA:32,0
DA:36,0
DA:38,0
DA:39,0
DA:40,0
DA:41,0
DA:42,0
DA:47,0
DA:48,0
DA:49,0
DA:50,0
DA:51,0
DA:52,0
DA:55,0
DA:56,0
DA:59,0
DA:60,0
DA:65,0
DA:77,0
DA:85,0
DA:91,0
DA:92,0
DA:93,0
DA:95,0
DA:96,0
DA:97,0
DA:98,0
DA:99,0
DA:102,0
DA:105,0
DA:106,0
DA:113,0
DA:114,0
DA:115,0
DA:116,0
DA:118,0
DA:119,0
DA:120,0
DA:121,0
DA:122,0
DA:123,0
DA:125,0
DA:134,0
DA:135,0
DA:136,0
DA:137,0
DA:138,0
DA:141,0
DA:142,0
DA:143,0
DA:144,0
DA:147,0
DA:149,0
DA:150,0
DA:158,0
DA:159,0
DA:160,0
DA:161,0
DA:162,0
DA:163,0
DA:165,0
DA:170,0
DA:172,0
DA:244,0
DA:245,0
DA:246,0
DA:247,0
DA:252,0
DA:253,0
DA:254,0
DA:255,0
DA:256,0
DA:257,0
DA:263,0
DA:264,0
DA:265,0
DA:266,0
DA:267,0
DA:270,0
DA:271,0
DA:272,0
DA:278,0
DA:279,0
DA:280,0
DA:282,0
DA:283,0
DA:285,0
DA:286,0
DA:287,0
DA:288,0
DA:289,0
DA:290,0
DA:291,0
DA:292,0
DA:293,0
DA:294,0
DA:295,0
DA:296,0
DA:297,0
DA:298,0
DA:304,0
DA:311,0
DA:312,0
DA:313,0
DA:316,0
DA:317,0
DA:318,0
DA:323,0
DA:324,0
DA:325,0
DA:326,0
DA:331,0
DA:335,0
DA:336,0
DA:337,0
DA:341,0
DA:342,0
DA:344,0
DA:345,0
DA:346,0
DA:347,0
DA:349,0
DA:350,0
DA:351,0
DA:355,0
DA:360,0
LF:137
LH:0
BRDA:10,0,0,0
BRDA:12,1,0,0
BRDA:12,1,1,0
BRDA:13,2,0,0
BRDA:13,2,1,0
BRDA:25,3,0,0
BRDA:25,3,1,0
BRDA:38,4,0,0
BRDA:38,4,1,0
BRDA:40,5,0,0
BRDA:40,5,1,0
BRDA:40,6,0,0
BRDA:40,6,1,0
BRDA:48,7,0,0
BRDA:48,7,1,0
BRDA:50,8,0,0
BRDA:50,8,1,0
BRDA:50,9,0,0
BRDA:50,9,1,0
BRDA:50,9,2,0
BRDA:80,10,0,0
BRDA:80,10,1,0
BRDA:93,11,0,0
BRDA:93,11,1,0
BRDA:105,12,0,0
BRDA:105,12,1,0
BRDA:107,13,0,0
BRDA:107,13,1,0
BRDA:122,14,0,0
BRDA:122,14,1,0
BRDA:147,15,0,0
BRDA:147,15,1,0
BRDA:151,16,0,0
BRDA:151,16,1,0
BRDA:162,17,0,0
BRDA:162,17,1,0
BRDA:175,18,0,0
BRDA:175,18,1,0
BRDA:176,19,0,0
BRDA:176,19,1,0
BRDA:195,20,0,0
BRDA:195,20,1,0
BRDA:208,21,0,0
BRDA:208,21,1,0
BRDA:213,22,0,0
BRDA:213,22,1,0
BRDA:225,23,0,0
BRDA:225,23,1,0
BRDA:230,24,0,0
BRDA:230,24,1,0
BRDA:244,25,0,0
BRDA:244,25,1,0
BRDA:246,26,0,0
BRDA:246,26,1,0
BRDA:252,27,0,0
BRDA:252,27,1,0
BRDA:254,28,0,0
BRDA:254,28,1,0
BRDA:264,29,0,0
BRDA:264,29,1,0
BRDA:271,30,0,0
BRDA:271,30,1,0
BRDA:272,31,0,0
BRDA:272,31,1,0
BRDA:280,32,0,0
BRDA:280,32,1,0
BRDA:283,33,0,0
BRDA:283,33,1,0
BRDA:285,34,0,0
BRDA:285,34,1,0
BRDA:287,35,0,0
BRDA:287,35,1,0
BRDA:288,36,0,0
BRDA:288,36,1,0
BRDA:290,37,0,0
BRDA:290,37,1,0
BRDA:291,38,0,0
BRDA:291,38,1,0
BRDA:293,39,0,0
BRDA:293,39,1,0
BRDA:294,40,0,0
BRDA:294,40,1,0
BRDA:296,41,0,0
BRDA:296,41,1,0
BRDA:297,42,0,0
BRDA:297,42,1,0
BRDA:317,43,0,0
BRDA:317,43,1,0
BRDA:323,44,0,0
BRDA:323,44,1,0
BRDA:323,45,0,0
BRDA:323,45,1,0
BRDA:335,46,0,0
BRDA:335,46,1,0
BRDA:345,47,0,0
BRDA:345,47,1,0
BRDA:349,48,0,0
BRDA:349,48,1,0
BRF:98
BRH:0
end_of_record
TN:
SF:app/static/js/form-serializer-browser-test.js
FN:7,testFormSerializerInBrowser
FN:26,(anonymous_1)
FN:27,(anonymous_2)
FNF:3
FNH:0
FNDA:0,testFormSerializerInBrowser
FNDA:0,(anonymous_1)
FNDA:0,(anonymous_2)
DA:8,0
DA:10,0
DA:11,0
DA:12,0
DA:15,0
DA:18,0
DA:20,0
DA:27,0
DA:31,0
DA:33,0
DA:36,0
DA:43,0
DA:44,0
DA:46,0
DA:47,0
DA:51,0
DA:52,0
DA:57,0
DA:59,0
LF:19
LH:0
BRDA:10,0,0,0
BRDA:10,0,1,0
BRDA:36,1,0,0
BRDA:36,1,1,0
BRDA:36,2,0,0
BRDA:36,2,1,0
BRDA:36,2,2,0
BRDA:36,2,3,0
BRDA:36,2,4,0
BRDA:36,2,5,0
BRDA:36,2,6,0
BRF:11
BRH:0
end_of_record
TN:
SF:app/static/js/form-serializer-worker.js
FN:12,(anonymous_0)
FN:19,(anonymous_1)
FN:20,(anonymous_2)
FNF:3
FNH:0
FNDA:0,(anonymous_0)
FNDA:0,(anonymous_1)
FNDA:0,(anonymous_2)
DA:9,0
DA:12,0
DA:13,0
DA:14,0
DA:17,0
DA:20,0
DA:25,0
DA:28,0
DA:31,0
LF:9
LH:0
BRF:0
BRH:0
end_of_record
TN:
SF:app/static/js/form-serializer.js
FN:26,serializeFormToJSON
FN:49,(anonymous_1)
FN:59,(anonymous_2)
FN:70,(anonymous_3)
FN:79,(anonymous_4)
FN:98,(anonymous_5)
FN:141,setNestedValue
FN:160,(anonymous_7)
FN:185,(anonymous_8)
FN:227,parseFieldPath
FN:290,validateFormForSerialization
FN:300,(anonymous_11)
FN:322,(anonymous_12)
FN:325,(anonymous_13)
FN:337,(anonymous_14)
FN:338,(anonymous_15)
FN:355,serializeFormToJSONSafe
FN:356,(anonymous_17)
FN:358,(anonymous_18)
FN:368,(anonymous_19)
FN:378,(anonymous_20)
FNF:21
FNH:0
FNDA:0,serializeFormToJSON
FNDA:0,(anonymous_1)
FNDA:0,(anonymous_2)
FNDA:0,(anonymous_3)
FNDA:0,(anonymous_4)
FNDA:0,(anonymous_5)
FNDA:0,setNestedValue
FNDA:0,(anonymous_7)
FNDA:0,(anonymous_8)
FNDA:0,parseFieldPath
FNDA:0,validateFormForSerialization
FNDA:0,(anonymous_11)
FNDA:0,(anonymous_12)
FNDA:0,(anonymous_13)
FNDA:0,(anonymous_14)
FNDA:0,(anonymous_15)
FNDA:0,serializeFormToJSONSafe
FNDA:0,(anonymous_17)
FNDA:0,(anonymous_18)
FNDA:0,(anonymous_19)
FNDA:0,(anonymous_20)
DA:15,0
DA:27,0
DA:37,0
DA:38,0
DA:43,0
DA:44,0
DA:46,0
DA:48,0
DA:49,0
DA:50,0
DA:51,0
DA:54,0
DA:57,0
DA:58,0
DA:59,0
DA:60,0
DA:61,0
DA:62,0
DA:63,0
DA:64,0
DA:70,0
DA:71,0
DA:72,0
DA:77,0
DA:78,0
DA:79,0
DA:80,0
DA:81,0
DA:85,0
DA:86,0
DA:87,0
DA:89,0
DA:91,0
DA:94,0
DA:95,0
DA:96,0
DA:98,0
DA:99,0
DA:100,0
DA:101,0
DA:102,0
DA:105,0
DA:106,0
DA:110,0
DA:112,0
DA:114,0
DA:116,0
DA:118,0
DA:120,0
DA:121,0
DA:122,0
DA:123,0
DA:128,0
DA:129,0
DA:131,0
DA:132,0
DA:142,0
DA:143,0
DA:144,0
DA:145,0
DA:146,0
DA:148,0
DA:149,0
DA:150,0
DA:151,0
DA:152,0
DA:154,0
DA:155,0
DA:157,0
DA:159,0
DA:160,0
DA:161,0
DA:163,0
DA:165,0
DA:166,0
DA:167,0
DA:168,0
DA:170,0
DA:171,0
DA:173,0
DA:175,0
DA:177,0
DA:180,0
DA:182,0
DA:184,0
DA:185,0
DA:186,0
DA:188,0
DA:190,0
DA:191,0
DA:192,0
DA:193,0
DA:195,0
DA:196,0
DA:198,0
DA:199,0
DA:202,0
DA:203,0
DA:205,0
DA:208,0
DA:210,0
DA:211,0
DA:213,0
DA:216,0
DA:217,0
DA:228,0
DA:229,0
DA:230,0
DA:232,0
DA:233,0
DA:234,0
DA:235,0
DA:236,0
DA:239,0
DA:240,0
DA:241,0
DA:242,0
DA:244,0
DA:246,0
DA:247,0
DA:248,0
DA:251,0
DA:252,0
DA:254,0
DA:258,0
DA:259,0
DA:261,0
DA:263,0
DA:264,0
DA:265,0
DA:267,0
DA:268,0
DA:269,0
DA:272,0
DA:273,0
DA:274,0
DA:275,0
DA:279,0
DA:280,0
DA:282,0
DA:291,0
DA:297,0
DA:298,0
DA:300,0
DA:301,0
DA:304,0
DA:305,0
DA:308,0
DA:309,0
DA:313,0
DA:314,0
DA:316,0
DA:317,0
DA:322,0
DA:323,0
DA:325,0
DA:326,0
DA:327,0
DA:328,0
DA:329,0
DA:330,0
DA:332,0
DA:337,0
DA:338,0
DA:339,0
DA:340,0
DA:341,0
DA:346,0
DA:356,0
DA:358,0
DA:359,0
DA:362,0
DA:364,0
DA:365,0
DA:366,0
DA:368,0
DA:369,0
DA:370,0
DA:371,0
DA:373,0
DA:375,0
DA:378,0
DA:379,0
DA:380,0
DA:381,0
DA:385,0
DA:389,0
DA:394,0
DA:396,0
DA:397,0
DA:398,0
DA:402,0
DA:403,0
DA:404,0
DA:407,0
DA:408,0
DA:414,0
DA:415,0
DA:422,0
DA:423,0
LF:200
LH:0
BRDA:26,0,0,0
BRDA:37,1,0,0
BRDA:37,1,1,0
BRDA:37,2,0,0
BRDA:37,2,1,0
BRDA:46,3,0,0
BRDA:46,3,1,0
BRDA:46,4,0,0
BRDA:46,4,1,0
BRDA:50,5,0,0
BRDA:50,5,1,0
BRDA:54,6,0,0
BRDA:54,6,1,0
BRDA:54,7,0,0
BRDA:54,7,1,0
BRDA:60,8,0,0
BRDA:60,8,1,0
BRDA:60,9,0,0
BRDA:60,9,1,0
BRDA:63,10,0,0
BRDA:63,10,1,0
BRDA:63,11,0,0
BRDA:63,11,1,0
BRDA:77,12,0,0
BRDA:77,12,1,0
BRDA:80,13,0,0
BRDA:80,13,1,0
BRDA:85,14,0,0
BRDA:85,14,1,0
BRDA:85,15,0,0
BRDA:85,15,1,0
BRDA:87,16,0,0
BRDA:87,16,1,0
BRDA:87,17,0,0
BRDA:87,17,1,0
BRDA:101,18,0,0
BRDA:101,18,1,0
BRDA:105,19,0,0
BRDA:105,19,1,0
BRDA:105,20,0,0
BRDA:105,20,1,0
BRDA:110,21,0,0
BRDA:110,21,1,0
BRDA:120,22,0,0
BRDA:120,22,1,0
BRDA:120,23,0,0
BRDA:120,23,1,0
BRDA:122,24,0,0
BRDA:122,24,1,0
BRDA:128,25,0,0
BRDA:128,25,1,0
BRDA:128,26,0,0
BRDA:128,26,1,0
BRDA:128,26,2,0
BRDA:141,27,0,0
BRDA:141,28,0,0
BRDA:144,29,0,0
BRDA:144,29,1,0
BRDA:145,30,0,0
BRDA:145,30,1,0
BRDA:146,31,0,0
BRDA:146,31,1,0
BRDA:154,32,0,0
BRDA:154,32,1,0
BRDA:155,33,0,0
BRDA:155,33,1,0
BRDA:157,34,0,0
BRDA:157,34,1,0
BRDA:161,35,0,0
BRDA:161,35,1,0
BRDA:166,36,0,0
BRDA:166,36,1,0
BRDA:167,37,0,0
BRDA:167,37,1,0
BRDA:168,38,0,0
BRDA:168,38,1,0
BRDA:180,39,0,0
BRDA:180,39,1,0
BRDA:182,40,0,0
BRDA:182,40,1,0
BRDA:186,41,0,0
BRDA:186,41,1,0
BRDA:191,42,0,0
BRDA:191,42,1,0
BRDA:192,43,0,0
BRDA:192,43,1,0
BRDA:193,44,0,0
BRDA:193,44,1,0
BRDA:198,45,0,0
BRDA:198,45,1,0
BRDA:198,46,0,0
BRDA:198,46,1,0
BRDA:202,47,0,0
BRDA:202,47,1,0
BRDA:202,48,0,0
BRDA:202,48,1,0
BRDA:203,49,0,0
BRDA:203,49,1,0
BRDA:208,50,0,0
BRDA:208,50,1,0
BRDA:210,51,0,0
BRDA:210,51,1,0
BRDA:211,52,0,0
BRDA:211,52,1,0
BRDA:216,53,0,0
BRDA:216,53,1,0
BRDA:216,54,0,0
BRDA:216,54,1,0
BRDA:217,55,0,0
BRDA:217,55,1,0
BRDA:234,56,0,0
BRDA:234,56,1,0
BRDA:240,57,0,0
BRDA:240,57,1,0
BRDA:242,58,0,0
BRDA:242,58,1,0
BRDA:251,59,0,0
BRDA:251,59,1,0
BRDA:261,60,0,0
BRDA:261,60,1,0
BRDA:261,61,0,0
BRDA:261,61,1,0
BRDA:265,62,0,0
BRDA:265,62,1,0
BRDA:265,63,0,0
BRDA:265,63,1,0
BRDA:265,63,2,0
BRDA:273,64,0,0
BRDA:273,64,1,0
BRDA:279,65,0,0
BRDA:279,65,1,0
BRDA:304,66,0,0
BRDA:304,66,1,0
BRDA:308,67,0,0
BRDA:308,67,1,0
BRDA:308,68,0,0
BRDA:308,68,1,0
BRDA:322,69,0,0
BRDA:322,69,1,0
BRDA:327,70,0,0
BRDA:327,70,1,0
BRDA:329,71,0,0
BRDA:329,71,1,0
BRDA:340,72,0,0
BRDA:340,72,1,0
BRDA:355,73,0,0
BRDA:360,74,0,0
BRDA:360,74,1,0
BRDA:364,75,0,0
BRDA:364,75,1,0
BRDA:370,76,0,0
BRDA:370,76,1,0
BRDA:385,77,0,0
BRDA:385,77,1,0
BRDA:414,78,0,0
BRDA:414,78,1,0
BRDA:414,79,0,0
BRDA:414,79,1,0
BRDA:422,80,0,0
BRDA:422,80,1,0
BRF:160
BRH:0
end_of_record
TN:
SF:app/static/js/form-serializer.test.js
FN:9,assert
FN:15,assertEqual
FN:24,assertThrows
FN:50,testParseFieldPath
FN:112,testSetNestedValue
FN:153,testSerializeFormToJSON
FN:157,createMockFormData
FN:160,(anonymous_7)
FN:161,(anonymous_8)
FN:219,(anonymous_9)
FN:236,testEdgeCases
FN:240,(anonymous_11)
FN:247,(anonymous_12)
FN:248,(anonymous_13)
FN:261,(anonymous_14)
FN:262,(anonymous_15)
FN:277,testRealWorldScenarios
FN:294,(anonymous_17)
FN:295,(anonymous_18)
FN:328,testPerformance
FN:340,(anonymous_20)
FN:341,(anonymous_21)
FN:361,runAllTests
FNF:23
FNH:0
FNDA:0,assert
FNDA:0,assertEqual
FNDA:0,assertThrows
FNDA:0,testParseFieldPath
FNDA:0,testSetNestedValue
FNDA:0,testSerializeFormToJSON
FNDA:0,createMockFormData
FNDA:0,(anonymous_7)
FNDA:0,(anonymous_8)
FNDA:0,(anonymous_9)
FNDA:0,testEdgeCases
FNDA:0,(anonymous_11)
FNDA:0,(anonymous_12)
FNDA:0,(anonymous_13)
FNDA:0,(anonymous_14)
FNDA:0,(anonymous_15)
FNDA:0,testRealWorldScenarios
FNDA:0,(anonymous_17)
FNDA:0,(anonymous_18)
FNDA:0,testPerformance
FNDA:0,(anonymous_20)
FNDA:0,(anonymous_21)
FNDA:0,runAllTests
DA:10,0
DA:11,0
DA:17,0
DA:18,0
DA:19,0
DA:20,0
DA:25,0
DA:26,0
DA:27,0
DA:29,0
DA:30,0
DA:37,0
DA:39,0
DA:42,0
DA:45,0
DA:51,0
DA:54,0
DA:55,0
DA:58,0
DA:59,0
DA:65,0
DA:66,0
DA:73,0
DA:74,0
DA:80,0
DA:81,0
DA:88,0
DA:89,0
DA:97,0
DA:98,0
DA:106,0
DA:113,0
DA:116,0
DA:117,0
DA:118,0
DA:121,0
DA:122,0
DA:123,0
DA:126,0
DA:127,0
DA:128,0
DA:131,0
DA:132,0
DA:133,0
DA:136,0
DA:137,0
DA:138,0
DA:139,0
DA:140,0
DA:147,0
DA:154,0
DA:158,0
DA:161,0
DA:164,0
DA:168,0
DA:173,0
DA:174,0
DA:180,0
DA:189,0
DA:190,0
DA:200,0
DA:206,0
DA:207,0
DA:213,0
DA:218,0
DA:220,0
DA:221,0
DA:222,0
DA:225,0
DA:230,0
DA:237,0
DA:240,0
DA:241,0
DA:245,0
DA:248,0
DA:252,0
DA:253,0
DA:256,0
DA:262,0
DA:266,0
DA:267,0
DA:271,0
DA:278,0
DA:281,0
DA:295,0
DA:299,0
DA:300,0
DA:320,0
DA:322,0
DA:329,0
DA:332,0
DA:333,0
DA:334,0
DA:335,0
DA:338,0
DA:341,0
DA:345,0
DA:346,0
DA:347,0
DA:349,0
DA:352,0
DA:353,0
DA:355,0
DA:362,0
DA:364,0
DA:365,0
DA:366,0
DA:367,0
DA:368,0
DA:369,0
DA:370,0
DA:372,0
DA:373,0
DA:375,0
DA:376,0
DA:377,0
DA:382,0
DA:383,0
DA:384,0
DA:385,0
DA:389,0
DA:390,0
LF:122
LH:0
BRDA:10,0,0,0
BRDA:10,0,1,0
BRDA:19,1,0,0
BRDA:19,1,1,0
BRDA:29,2,0,0
BRDA:29,2,1,0
BRDA:29,3,0,0
BRDA:29,3,1,0
BRDA:37,4,0,0
BRDA:37,4,1,0
BRDA:220,5,0,0
BRDA:220,5,1,0
BRDA:221,6,0,0
BRDA:221,6,1,0
BRDA:352,7,0,0
BRDA:352,7,1,0
BRDA:382,8,0,0
BRDA:382,8,1,0
BRDA:382,9,0,0
BRDA:382,9,1,0
BRDA:384,10,0,0
BRDA:384,10,1,0
BRDA:389,11,0,0
BRDA:389,11,1,0
BRDA:389,12,0,0
BRDA:389,12,1,0
BRF:26
BRH:0
end_of_record
TN:
SF:app/static/js/form-state-manager.js
FN:16,(anonymous_0)
FN:31,(anonymous_1)
FN:34,(anonymous_2)
FN:50,(anonymous_3)
FN:60,(anonymous_4)
FN:73,(anonymous_5)
FN:90,(anonymous_6)
FN:101,(anonymous_7)
FN:117,(anonymous_8)
FN:147,(anonymous_9)
FN:151,(anonymous_10)
FN:155,(anonymous_11)
FN:166,(anonymous_12)
FN:185,(anonymous_13)
FN:191,(anonymous_14)
FN:202,(anonymous_15)
FN:229,(anonymous_16)
FN:248,(anonymous_17)
FN:256,(anonymous_18)
FN:263,(anonymous_19)
FN:264,(anonymous_20)
FN:277,(anonymous_21)
FN:287,(anonymous_22)
FN:291,(anonymous_23)
FN:305,(anonymous_24)
FN:309,(anonymous_25)
FN:319,(anonymous_26)
FN:337,(anonymous_27)
FN:341,(anonymous_28)
FN:360,(anonymous_29)
FN:364,(anonymous_30)
FN:380,(anonymous_31)
FN:384,(anonymous_32)
FN:403,(anonymous_33)
FN:412,(anonymous_34)
FN:416,(anonymous_35)
FN:435,(anonymous_36)
FN:446,(anonymous_37)
FN:450,(anonymous_38)
FN:465,(anonymous_39)
FN:481,(anonymous_40)
FN:485,(anonymous_41)
FN:502,(anonymous_42)
FN:515,(anonymous_43)
FNF:44
FNH:0
FNDA:0,(anonymous_0)
FNDA:0,(anonymous_1)
FNDA:0,(anonymous_2)
FNDA:0,(anonymous_3)
FNDA:0,(anonymous_4)
FNDA:0,(anonymous_5)
FNDA:0,(anonymous_6)
FNDA:0,(anonymous_7)
FNDA:0,(anonymous_8)
FNDA:0,(anonymous_9)
FNDA:0,(anonymous_10)
FNDA:0,(anonymous_11)
FNDA:0,(anonymous_12)
FNDA:0,(anonymous_13)
FNDA:0,(anonymous_14)
FNDA:0,(anonymous_15)
FNDA:0,(anonymous_16)
FNDA:0,(anonymous_17)
FNDA:0,(anonymous_18)
FNDA:0,(anonymous_19)
FNDA:0,(anonymous_20)
FNDA:0,(anonymous_21)
FNDA:0,(anonymous_22)
FNDA:0,(anonymous_23)
FNDA:0,(anonymous_24)
FNDA:0,(anonymous_25)
FNDA:0,(anonymous_26)
FNDA:0,(anonymous_27)
FNDA:0,(anonymous_28)
FNDA:0,(anonymous_29)
FNDA:0,(anonymous_30)
FNDA:0,(anonymous_31)
FNDA:0,(anonymous_32)
FNDA:0,(anonymous_33)
FNDA:0,(anonymous_34)
FNDA:0,(anonymous_35)
FNDA:0,(anonymous_36)
FNDA:0,(anonymous_37)
FNDA:0,(anonymous_38)
FNDA:0,(anonymous_39)
FNDA:0,(anonymous_40)
FNDA:0,(anonymous_41)
FNDA:0,(anonymous_42)
FNDA:0,(anonymous_43)
DA:17,0
DA:18,0
DA:19,0
DA:20,0
DA:21,0
DA:23,0
DA:32,0
DA:33,0
DA:34,0
DA:35,0
DA:36,0
DA:37,0
DA:38,0
DA:39,0
DA:42,0
DA:44,0
DA:51,0
DA:52,0
DA:53,0
DA:61,0
DA:73,0
DA:74,0
DA:75,0
DA:76,0
DA:79,0
DA:83,0
DA:91,0
DA:92,0
DA:93,0
DA:94,0
DA:102,0
DA:103,0
DA:105,0
DA:107,0
DA:118,0
DA:120,0
DA:121,0
DA:122,0
DA:125,0
DA:126,0
DA:127,0
DA:128,0
DA:129,0
DA:131,0
DA:132,0
DA:133,0
DA:134,0
DA:135,0
DA:137,0
DA:138,0
DA:148,0
DA:151,0
DA:152,0
DA:155,0
DA:156,0
DA:159,0
DA:167,0
DA:168,0
DA:169,0
DA:170,0
DA:173,0
DA:174,0
DA:175,0
DA:177,0
DA:186,0
DA:187,0
DA:188,0
DA:189,0
DA:190,0
DA:191,0
DA:193,0
DA:206,0
DA:207,0
DA:209,0
DA:210,0
DA:211,0
DA:213,0
DA:215,0
DA:217,0
DA:220,0
DA:221,0
DA:230,0
DA:231,0
DA:233,0
DA:234,0
DA:235,0
DA:237,0
DA:241,0
DA:249,0
DA:257,0
DA:264,0
DA:265,0
DA:266,0
DA:268,0
DA:278,0
DA:288,0
DA:289,0
DA:291,0
DA:292,0
DA:293,0
DA:294,0
DA:298,0
DA:306,0
DA:307,0
DA:309,0
DA:310,0
DA:319,0
DA:320,0
DA:321,0
DA:325,0
DA:326,0
DA:330,0
DA:338,0
DA:339,0
DA:341,0
DA:342,0
DA:343,0
DA:345,0
DA:346,0
DA:353,0
DA:361,0
DA:362,0
DA:364,0
DA:365,0
DA:366,0
DA:368,0
DA:369,0
DA:373,0
DA:381,0
DA:382,0
DA:384,0
DA:385,0
DA:386,0
DA:388,0
DA:389,0
DA:396,0
DA:405,0
DA:413,0
DA:414,0
DA:416,0
DA:417,0
DA:418,0
DA:420,0
DA:421,0
DA:425,0
DA:436,0
DA:437,0
DA:447,0
DA:448,0
DA:450,0
DA:451,0
DA:452,0
DA:453,0
DA:457,0
DA:466,0
DA:467,0
DA:469,0
DA:470,0
DA:473,0
DA:482,0
DA:483,0
DA:485,0
DA:486,0
DA:487,0
DA:488,0
DA:495,0
DA:505,0
DA:508,0
DA:509,0
DA:510,0
DA:514,0
DA:515,0
DA:516,0
DA:517,0
DA:526,0
DA:527,0
DA:531,0
DA:532,0
LF:178
LH:0
BRDA:16,0,0,0
BRDA:32,1,0,0
BRDA:32,1,1,0
BRDA:32,2,0,0
BRDA:32,2,1,0
BRDA:33,3,0,0
BRDA:33,3,1,0
BRDA:34,4,0,0
BRDA:34,4,1,0
BRDA:35,5,0,0
BRDA:35,5,1,0
BRDA:38,6,0,0
BRDA:38,6,1,0
BRDA:62,7,0,0
BRDA:62,7,1,0
BRDA:62,7,2,0
BRDA:74,8,0,0
BRDA:74,8,1,0
BRDA:74,9,0,0
BRDA:74,9,1,0
BRDA:76,10,0,0
BRDA:76,10,1,0
BRDA:76,11,0,0
BRDA:76,11,1,0
BRDA:76,11,2,0
BRDA:118,12,0,0
BRDA:118,12,1,0
BRDA:120,13,0,0
BRDA:120,13,1,0
BRDA:125,14,0,0
BRDA:125,14,1,0
BRDA:125,15,0,0
BRDA:125,15,1,0
BRDA:128,16,0,0
BRDA:128,16,1,0
BRDA:131,17,0,0
BRDA:131,17,1,0
BRDA:131,18,0,0
BRDA:131,18,1,0
BRDA:131,18,2,0
BRDA:134,19,0,0
BRDA:134,19,1,0
BRDA:137,20,0,0
BRDA:137,20,1,0
BRDA:159,21,0,0
BRDA:159,21,1,0
BRDA:168,22,0,0
BRDA:168,22,1,0
BRDA:186,23,0,0
BRDA:186,23,1,0
BRDA:188,24,0,0
BRDA:188,24,1,0
BRDA:189,25,0,0
BRDA:189,25,1,0
BRDA:190,26,0,0
BRDA:190,26,1,0
BRDA:190,27,0,0
BRDA:190,27,1,0
BRDA:213,28,0,0
BRDA:213,28,1,0
BRDA:215,29,0,0
BRDA:215,29,1,0
BRDA:234,30,0,0
BRDA:234,30,1,0
BRDA:234,31,0,0
BRDA:234,31,1,0
BRDA:234,31,2,0
BRDA:293,32,0,0
BRDA:293,32,1,0
BRDA:298,33,0,0
BRDA:298,33,1,0
BRDA:298,34,0,0
BRDA:298,34,1,0
BRDA:311,35,0,0
BRDA:311,35,1,0
BRDA:320,36,0,0
BRDA:320,36,1,0
BRDA:320,37,0,0
BRDA:320,37,1,0
BRDA:320,37,2,0
BRDA:325,38,0,0
BRDA:325,38,1,0
BRDA:330,39,0,0
BRDA:330,39,1,0
BRDA:330,40,0,0
BRDA:330,40,1,0
BRDA:345,41,0,0
BRDA:345,41,1,0
BRDA:345,42,0,0
BRDA:345,42,1,0
BRDA:347,43,0,0
BRDA:347,43,1,0
BRDA:353,44,0,0
BRDA:353,44,1,0
BRDA:353,45,0,0
BRDA:353,45,1,0
BRDA:368,46,0,0
BRDA:368,46,1,0
BRDA:368,47,0,0
BRDA:368,47,1,0
BRDA:368,47,2,0
BRDA:373,48,0,0
BRDA:373,48,1,0
BRDA:373,49,0,0
BRDA:373,49,1,0
BRDA:388,50,0,0
BRDA:388,50,1,0
BRDA:388,51,0,0
BRDA:388,51,1,0
BRDA:391,52,0,0
BRDA:391,52,1,0
BRDA:396,53,0,0
BRDA:396,53,1,0
BRDA:396,54,0,0
BRDA:396,54,1,0
BRDA:405,55,0,0
BRDA:405,55,1,0
BRDA:420,56,0,0
BRDA:420,56,1,0
BRDA:420,57,0,0
BRDA:420,57,1,0
BRDA:420,57,2,0
BRDA:420,57,3,0
BRDA:425,58,0,0
BRDA:425,58,1,0
BRDA:425,59,0,0
BRDA:425,59,1,0
BRDA:437,60,0,0
BRDA:437,60,1,0
BRDA:452,61,0,0
BRDA:452,61,1,0
BRDA:452,62,0,0
BRDA:452,62,1,0
BRDA:469,63,0,0
BRDA:469,63,1,0
BRDA:469,64,0,0
BRDA:469,64,1,0
BRDA:487,65,0,0
BRDA:487,65,1,0
BRDA:487,66,0,0
BRDA:487,66,1,0
BRDA:508,67,0,0
BRDA:508,67,1,0
BRDA:510,68,0,0
BRDA:510,68,1,0
BRDA:514,69,0,0
BRDA:514,69,1,0
BRDA:517,70,0,0
BRDA:517,70,1,0
BRDA:526,71,0,0
BRDA:526,71,1,0
BRDA:531,72,0,0
BRDA:531,72,1,0
BRDA:531,73,0,0
BRDA:531,73,1,0
BRF:155
BRH:0
end_of_record
TN:
SF:app/static/js/inline-validation.js
FN:9,(anonymous_0)
FN:20,(anonymous_1)
FN:30,(anonymous_2)
FN:33,(anonymous_3)
FN:58,(anonymous_4)
FN:60,(anonymous_5)
FN:61,(anonymous_6)
FN:67,(anonymous_7)
FN:73,(anonymous_8)
FN:82,(anonymous_9)
FN:91,(anonymous_10)
FN:95,(anonymous_11)
FN:101,(anonymous_12)
FN:102,(anonymous_13)
FN:103,(anonymous_14)
FN:114,(anonymous_15)
FN:167,(anonymous_16)
FN:195,(anonymous_17)
FN:232,(anonymous_18)
FN:250,(anonymous_19)
FN:255,(anonymous_20)
FN:266,(anonymous_21)
FN:276,(anonymous_22)
FN:302,(anonymous_23)
FN:323,(anonymous_24)
FN:334,(anonymous_25)
FN:341,(anonymous_26)
FN:356,(anonymous_27)
FN:383,(anonymous_28)
FN:410,(anonymous_29)
FN:424,(anonymous_30)
FN:443,(anonymous_31)
FN:465,(anonymous_32)
FN:469,(anonymous_33)
FN:487,(anonymous_34)
FN:494,(anonymous_35)
FN:515,(anonymous_36)
FNF:37
FNH:0
FNDA:0,(anonymous_0)
FNDA:0,(anonymous_1)
FNDA:0,(anonymous_2)
FNDA:0,(anonymous_3)
FNDA:0,(anonymous_4)
FNDA:0,(anonymous_5)
FNDA:0,(anonymous_6)
FNDA:0,(anonymous_7)
FNDA:0,(anonymous_8)
FNDA:0,(anonymous_9)
FNDA:0,(anonymous_10)
FNDA:0,(anonymous_11)
FNDA:0,(anonymous_12)
FNDA:0,(anonymous_13)
FNDA:0,(anonymous_14)
FNDA:0,(anonymous_15)
FNDA:0,(anonymous_16)
FNDA:0,(anonymous_17)
FNDA:0,(anonymous_18)
FNDA:0,(anonymous_19)
FNDA:0,(anonymous_20)
FNDA:0,(anonymous_21)
FNDA:0,(anonymous_22)
FNDA:0,(anonymous_23)
FNDA:0,(anonymous_24)
FNDA:0,(anonymous_25)
FNDA:0,(anonymous_26)
FNDA:0,(anonymous_27)
FNDA:0,(anonymous_28)
FNDA:0,(anonymous_29)
FNDA:0,(anonymous_30)
FNDA:0,(anonymous_31)
FNDA:0,(anonymous_32)
FNDA:0,(anonymous_33)
FNDA:0,(anonymous_34)
FNDA:0,(anonymous_35)
FNDA:0,(anonymous_36)
DA:10,0
DA:11,0
DA:12,0
DA:13,0
DA:14,0
DA:15,0
DA:17,0
DA:21,0
DA:22,0
DA:24,0
DA:31,0
DA:33,0
DA:35,0
DA:36,0
DA:39,0
DA:42,0
DA:45,0
DA:46,0
DA:47,0
DA:51,0
DA:60,0
DA:61,0
DA:62,0
DA:67,0
DA:68,0
DA:69,0
DA:73,0
DA:74,0
DA:75,0
DA:81,0
DA:82,0
DA:83,0
DA:93,0
DA:95,0
DA:96,0
DA:97,0
DA:100,0
DA:101,0
DA:102,0
DA:103,0
DA:104,0
DA:115,0
DA:117,0
DA:118,0
DA:119,0
DA:120,0
DA:121,0
DA:125,0
DA:126,0
DA:129,0
DA:132,0
DA:135,0
DA:138,0
DA:150,0
DA:151,0
DA:154,0
DA:157,0
DA:160,0
DA:161,0
DA:164,0
DA:165,0
DA:166,0
DA:167,0
DA:168,0
DA:173,0
DA:176,0
DA:179,0
DA:180,0
DA:188,0
DA:196,0
DA:198,0
DA:199,0
DA:202,0
DA:205,0
DA:206,0
DA:209,0
DA:221,0
DA:222,0
DA:225,0
DA:228,0
DA:231,0
DA:232,0
DA:233,0
DA:237,0
DA:240,0
DA:243,0
DA:252,0
DA:255,0
DA:256,0
DA:257,0
DA:260,0
DA:267,0
DA:268,0
DA:269,0
DA:277,0
DA:285,0
DA:287,0
DA:288,0
DA:289,0
DA:290,0
DA:291,0
DA:292,0
DA:293,0
DA:296,0
DA:303,0
DA:307,0
DA:314,0
DA:315,0
DA:317,0
DA:324,0
DA:335,0
DA:336,0
DA:338,0
DA:339,0
DA:341,0
DA:342,0
DA:345,0
DA:346,0
DA:350,0
DA:358,0
DA:364,0
DA:365,0
DA:366,0
DA:370,0
DA:371,0
DA:372,0
DA:373,0
DA:377,0
DA:384,0
DA:387,0
DA:388,0
DA:389,0
DA:390,0
DA:395,0
DA:396,0
DA:397,0
DA:398,0
DA:399,0
DA:400,0
DA:401,0
DA:404,0
DA:411,0
DA:415,0
DA:417,0
DA:418,0
DA:426,0
DA:427,0
DA:430,0
DA:431,0
DA:434,0
DA:435,0
DA:437,0
DA:444,0
DA:445,0
DA:447,0
DA:457,0
DA:458,0
DA:461,0
DA:464,0
DA:465,0
DA:466,0
DA:468,0
DA:469,0
DA:470,0
DA:476,0
DA:479,0
DA:480,0
DA:488,0
DA:495,0
DA:497,0
DA:498,0
DA:502,0
DA:503,0
DA:507,0
DA:512,0
DA:515,0
DA:516,0
DA:520,0
DA:521,0
LF:179
LH:0
BRDA:35,0,0,0
BRDA:35,0,1,0
BRDA:35,1,0,0
BRDA:35,1,1,0
BRDA:35,1,2,0
BRDA:39,2,0,0
BRDA:39,2,1,0
BRDA:39,2,2,0
BRDA:42,3,0,0
BRDA:42,3,1,0
BRDA:45,4,0,0
BRDA:45,4,1,0
BRDA:75,5,0,0
BRDA:75,5,1,0
BRDA:75,6,0,0
BRDA:75,6,1,0
BRDA:81,7,0,0
BRDA:81,7,1,0
BRDA:81,8,0,0
BRDA:81,8,1,0
BRDA:97,9,0,0
BRDA:97,9,1,0
BRDA:118,10,0,0
BRDA:118,10,1,0
BRDA:125,11,0,0
BRDA:125,11,1,0
BRDA:150,12,0,0
BRDA:150,12,1,0
BRDA:164,13,0,0
BRDA:164,13,1,0
BRDA:164,14,0,0
BRDA:164,14,1,0
BRDA:164,14,2,0
BRDA:166,15,0,0
BRDA:166,15,1,0
BRDA:198,16,0,0
BRDA:198,16,1,0
BRDA:221,17,0,0
BRDA:221,17,1,0
BRDA:231,18,0,0
BRDA:231,18,1,0
BRDA:267,19,0,0
BRDA:267,19,1,0
BRDA:280,20,0,0
BRDA:280,20,1,0
BRDA:281,21,0,0
BRDA:281,21,1,0
BRDA:285,22,0,0
BRDA:285,22,1,0
BRDA:287,23,0,0
BRDA:287,23,1,0
BRDA:290,24,0,0
BRDA:290,24,1,0
BRDA:292,25,0,0
BRDA:292,25,1,0
BRDA:303,26,0,0
BRDA:303,26,1,0
BRDA:303,26,2,0
BRDA:309,27,0,0
BRDA:309,27,1,0
BRDA:314,28,0,0
BRDA:314,28,1,0
BRDA:327,29,0,0
BRDA:327,29,1,0
BRDA:336,30,0,0
BRDA:336,30,1,0
BRDA:342,31,0,0
BRDA:342,31,1,0
BRDA:342,31,2,0
BRDA:345,32,0,0
BRDA:345,32,1,0
BRDA:366,33,0,0
BRDA:366,33,1,0
BRDA:372,34,0,0
BRDA:372,34,1,0
BRDA:384,35,0,0
BRDA:384,35,1,0
BRDA:389,36,0,0
BRDA:389,36,1,0
BRDA:396,37,0,0
BRDA:396,37,1,0
BRDA:398,38,0,0
BRDA:398,38,1,0
BRDA:399,39,0,0
BRDA:399,39,1,0
BRDA:400,40,0,0
BRDA:400,40,1,0
BRDA:401,41,0,0
BRDA:401,41,1,0
BRDA:411,42,0,0
BRDA:411,42,1,0
BRDA:411,42,2,0
BRDA:415,43,0,0
BRDA:415,43,1,0
BRDA:427,44,0,0
BRDA:427,44,1,0
BRDA:431,45,0,0
BRDA:431,45,1,0
BRDA:435,46,0,0
BRDA:435,46,1,0
BRDA:445,47,0,0
BRDA:445,47,1,0
BRDA:457,48,0,0
BRDA:457,48,1,0
BRDA:464,49,0,0
BRDA:464,49,1,0
BRDA:468,50,0,0
BRDA:468,50,1,0
BRDA:498,51,0,0
BRDA:498,51,1,0
BRDA:498,51,2,0
BRDA:502,52,0,0
BRDA:502,52,1,0
BRDA:520,53,0,0
BRDA:520,53,1,0
BRDA:520,54,0,0
BRDA:520,54,1,0
BRF:117
BRH:0
end_of_record
TN:
SF:app/static/js/json-path-binder.js
FN:16,(anonymous_0)
FN:28,(anonymous_1)
FN:37,(anonymous_2)
FN:54,(anonymous_3)
FN:90,(anonymous_4)
FN:93,(anonymous_5)
FN:104,(anonymous_6)
FN:113,(anonymous_7)
FN:116,(anonymous_8)
FN:125,(anonymous_9)
FN:159,(anonymous_10)
FN:185,(anonymous_11)
FN:196,(anonymous_12)
FN:207,(anonymous_13)
FN:217,(anonymous_14)
FN:235,(anonymous_15)
FN:260,(anonymous_16)
FN:263,(anonymous_17)
FN:275,(anonymous_18)
FN:276,(anonymous_19)
FN:287,(anonymous_20)
FN:316,(anonymous_21)
FN:325,(anonymous_22)
FN:335,(anonymous_23)
FN:337,executedFunction
FN:338,(anonymous_25)
FN:352,(anonymous_26)
FN:370,(anonymous_27)
FN:380,(anonymous_28)
FN:387,(anonymous_29)
FN:410,(anonymous_30)
FN:415,(anonymous_31)
FNF:32
FNH:0
FNDA:0,(anonymous_0)
FNDA:0,(anonymous_1)
FNDA:0,(anonymous_2)
FNDA:0,(anonymous_3)
FNDA:0,(anonymous_4)
FNDA:0,(anonymous_5)
FNDA:0,(anonymous_6)
FNDA:0,(anonymous_7)
FNDA:0,(anonymous_8)
FNDA:0,(anonymous_9)
FNDA:0,(anonymous_10)
FNDA:0,(anonymous_11)
FNDA:0,(anonymous_12)
FNDA:0,(anonymous_13)
FNDA:0,(anonymous_14)
FNDA:0,(anonymous_15)
FNDA:0,(anonymous_16)
FNDA:0,(anonymous_17)
FNDA:0,(anonymous_18)
FNDA:0,(anonymous_19)
FNDA:0,(anonymous_20)
FNDA:0,(anonymous_21)
FNDA:0,(anonymous_22)
FNDA:0,(anonymous_23)
FNDA:0,executedFunction
FNDA:0,(anonymous_25)
FNDA:0,(anonymous_26)
FNDA:0,(anonymous_27)
FNDA:0,(anonymous_28)
FNDA:0,(anonymous_29)
FNDA:0,(anonymous_30)
FNDA:0,(anonymous_31)
DA:17,0
DA:18,0
DA:19,0
DA:20,0
DA:22,0
DA:29,0
DA:30,0
DA:31,0
DA:35,0
DA:37,0
DA:38,0
DA:39,0
DA:40,0
DA:44,0
DA:45,0
DA:55,0
DA:65,0
DA:67,0
DA:68,0
DA:70,0
DA:73,0
DA:74,0
DA:78,0
DA:81,0
DA:83,0
DA:91,0
DA:93,0
DA:94,0
DA:98,0
DA:99,0
DA:103,0
DA:104,0
DA:105,0
DA:116,0
DA:117,0
DA:126,0
DA:128,0
DA:129,0
DA:132,0
DA:133,0
DA:137,0
DA:138,0
DA:139,0
DA:140,0
DA:141,0
DA:146,0
DA:148,0
DA:151,0
DA:160,0
DA:162,0
DA:163,0
DA:166,0
DA:167,0
DA:171,0
DA:173,0
DA:176,0
DA:186,0
DA:188,0
DA:191,0
DA:193,0
DA:194,0
DA:196,0
DA:198,0
DA:208,0
DA:210,0
DA:211,0
DA:213,0
DA:214,0
DA:216,0
DA:217,0
DA:218,0
DA:221,0
DA:223,0
DA:227,0
DA:236,0
DA:238,0
DA:244,0
DA:247,0
DA:250,0
DA:252,0
DA:261,0
DA:262,0
DA:263,0
DA:264,0
DA:265,0
DA:266,0
DA:276,0
DA:277,0
DA:278,0
DA:288,0
DA:289,0
DA:290,0
DA:293,0
DA:294,0
DA:295,0
DA:296,0
DA:297,0
DA:299,0
DA:300,0
DA:305,0
DA:307,0
DA:317,0
DA:326,0
DA:337,0
DA:338,0
DA:339,0
DA:340,0
DA:342,0
DA:343,0
DA:353,0
DA:356,0
DA:357,0
DA:358,0
DA:362,0
DA:363,0
DA:364,0
DA:368,0
DA:369,0
DA:370,0
DA:373,0
DA:381,0
DA:387,0
DA:388,0
DA:389,0
DA:390,0
DA:392,0
DA:393,0
DA:394,0
DA:403,0
DA:411,0
DA:415,0
DA:426,0
DA:427,0
DA:431,0
DA:432,0
LF:135
LH:0
BRDA:29,0,0,0
BRDA:29,0,1,0
BRDA:39,1,0,0
BRDA:39,1,1,0
BRDA:54,2,0,0
BRDA:59,3,0,0
BRDA:59,3,1,0
BRDA:60,4,0,0
BRDA:60,4,1,0
BRDA:61,5,0,0
BRDA:61,5,1,0
BRDA:67,6,0,0
BRDA:67,6,1,0
BRDA:73,7,0,0
BRDA:73,7,1,0
BRDA:83,8,0,0
BRDA:83,8,1,0
BRDA:98,9,0,0
BRDA:98,9,1,0
BRDA:132,10,0,0
BRDA:132,10,1,0
BRDA:132,11,0,0
BRDA:132,11,1,0
BRDA:137,12,0,0
BRDA:137,12,1,0
BRDA:139,13,0,0
BRDA:139,13,1,0
BRDA:166,14,0,0
BRDA:166,14,1,0
BRDA:166,15,0,0
BRDA:166,15,1,0
BRDA:186,16,0,0
BRDA:186,16,1,0
BRDA:186,16,2,0
BRDA:186,16,3,0
BRDA:186,16,4,0
BRDA:191,17,0,0
BRDA:191,17,1,0
BRDA:194,18,0,0
BRDA:194,18,1,0
BRDA:208,19,0,0
BRDA:208,19,1,0
BRDA:208,19,2,0
BRDA:208,19,3,0
BRDA:216,20,0,0
BRDA:216,20,1,0
BRDA:223,21,0,0
BRDA:223,21,1,0
BRDA:238,22,0,0
BRDA:238,22,1,0
BRDA:238,22,2,0
BRDA:238,22,3,0
BRDA:238,22,4,0
BRDA:238,22,5,0
BRDA:238,22,6,0
BRDA:238,22,7,0
BRDA:238,22,8,0
BRDA:238,22,9,0
BRDA:262,23,0,0
BRDA:262,23,1,0
BRDA:265,24,0,0
BRDA:265,24,1,0
BRDA:265,25,0,0
BRDA:265,25,1,0
BRDA:277,26,0,0
BRDA:277,26,1,0
BRDA:289,27,0,0
BRDA:289,27,1,0
BRDA:294,28,0,0
BRDA:294,28,1,0
BRDA:296,29,0,0
BRDA:296,29,1,0
BRDA:299,30,0,0
BRDA:299,30,1,0
BRDA:307,31,0,0
BRDA:307,31,1,0
BRDA:317,32,0,0
BRDA:317,32,1,0
BRDA:326,33,0,0
BRDA:326,33,1,0
BRDA:357,34,0,0
BRDA:357,34,1,0
BRDA:363,35,0,0
BRDA:363,35,1,0
BRDA:369,36,0,0
BRDA:369,36,1,0
BRDA:388,37,0,0
BRDA:388,37,1,0
BRDA:392,38,0,0
BRDA:392,38,1,0
BRDA:395,39,0,0
BRDA:395,39,1,0
BRDA:416,40,0,0
BRDA:416,40,1,0
BRDA:426,41,0,0
BRDA:426,41,1,0
BRDA:431,42,0,0
BRDA:431,42,1,0
BRDA:431,43,0,0
BRDA:431,43,1,0
BRF:100
BRH:0
end_of_record
TN:
SF:app/static/js/lift-xml-serializer.js
FN:11,(anonymous_0)
FN:33,(anonymous_1)
FN:80,(anonymous_2)
FN:88,(anonymous_3)
FN:96,(anonymous_4)
FN:104,(anonymous_5)
FN:112,(anonymous_6)
FN:120,(anonymous_7)
FN:144,(anonymous_8)
FN:161,(anonymous_9)
FN:202,(anonymous_10)
FN:210,(anonymous_11)
FN:218,(anonymous_12)
FN:234,(anonymous_13)
FN:243,(anonymous_14)
FN:254,(anonymous_15)
FN:265,(anonymous_16)
FN:277,(anonymous_17)
FN:280,(anonymous_18)
FN:293,(anonymous_19)
FN:307,(anonymous_20)
FN:316,(anonymous_21)
FN:326,(anonymous_22)
FN:340,(anonymous_23)
FN:343,(anonymous_24)
FN:356,(anonymous_25)
FN:360,(anonymous_26)
FN:370,(anonymous_27)
FN:383,(anonymous_28)
FN:392,(anonymous_29)
FN:402,(anonymous_30)
FN:414,(anonymous_31)
FN:426,(anonymous_32)
FN:438,(anonymous_33)
FN:446,(anonymous_34)
FN:456,(anonymous_35)
FN:474,(anonymous_36)
FN:484,(anonymous_37)
FN:498,(anonymous_38)
FN:505,(anonymous_39)
FN:518,(anonymous_40)
FNF:41
FNH:38
FNDA:38,(anonymous_0)
FNDA:36,(anonymous_1)
FNDA:3,(anonymous_2)
FNDA:1,(anonymous_3)
FNDA:3,(anonymous_4)
FNDA:1,(anonymous_5)
FNDA:5,(anonymous_6)
FNDA:15,(anonymous_7)
FNDA:15,(anonymous_8)
FNDA:5,(anonymous_9)
FNDA:6,(anonymous_10)
FNDA:1,(anonymous_11)
FNDA:1,(anonymous_12)
FNDA:6,(anonymous_13)
FNDA:6,(anonymous_14)
FNDA:2,(anonymous_15)
FNDA:0,(anonymous_16)
FNDA:34,(anonymous_17)
FNDA:40,(anonymous_18)
FNDA:62,(anonymous_19)
FNDA:4,(anonymous_20)
FNDA:13,(anonymous_21)
FNDA:5,(anonymous_22)
FNDA:2,(anonymous_23)
FNDA:2,(anonymous_24)
FNDA:3,(anonymous_25)
FNDA:4,(anonymous_26)
FNDA:0,(anonymous_27)
FNDA:1,(anonymous_28)
FNDA:1,(anonymous_29)
FNDA:1,(anonymous_30)
FNDA:4,(anonymous_31)
FNDA:3,(anonymous_32)
FNDA:1,(anonymous_33)
FNDA:1,(anonymous_34)
FNDA:1,(anonymous_35)
FNDA:6,(anonymous_36)
FNDA:6,(anonymous_37)
FNDA:0,(anonymous_38)
FNDA:36,(anonymous_39)
FNDA:5,(anonymous_40)
DA:12,38
DA:13,38
DA:35,36
DA:36,1
DA:38,35
DA:39,1
DA:43,34
DA:44,34
DA:47,34
DA:49,34
DA:50,2
DA:53,34
DA:54,2
DA:58,34
DA:61,34
DA:62,34
DA:63,34
DA:67,34
DA:68,2
DA:69,2
DA:73,34
DA:74,3
DA:75,3
DA:79,34
DA:80,3
DA:81,3
DA:82,3
DA:87,34
DA:88,1
DA:89,1
DA:90,1
DA:95,34
DA:96,3
DA:97,3
DA:98,3
DA:103,34
DA:104,1
DA:105,1
DA:106,1
DA:111,34
DA:112,3
DA:113,5
DA:114,5
DA:119,34
DA:120,14
DA:121,15
DA:122,15
DA:127,34
DA:128,34
DA:131,34
DA:133,34
DA:145,15
DA:147,15
DA:149,15
DA:150,15
DA:154,15
DA:155,2
DA:156,2
DA:160,15
DA:161,4
DA:162,5
DA:163,5
DA:164,5
DA:170,15
DA:171,2
DA:172,2
DA:173,13
DA:175,0
DA:176,0
DA:180,15
DA:181,3
DA:182,3
DA:183,3
DA:187,15
DA:188,2
DA:189,2
DA:190,2
DA:194,15
DA:195,1
DA:196,1
DA:197,1
DA:201,15
DA:202,4
DA:203,6
DA:204,6
DA:209,15
DA:210,1
DA:211,1
DA:212,1
DA:217,15
DA:218,1
DA:219,1
DA:220,1
DA:224,15
DA:235,6
DA:237,6
DA:238,1
DA:242,6
DA:243,6
DA:244,6
DA:245,6
DA:246,6
DA:252,6
DA:253,2
DA:254,2
DA:255,2
DA:256,2
DA:257,2
DA:260,2
DA:264,6
DA:265,0
DA:266,0
DA:267,0
DA:271,6
DA:278,34
DA:280,34
DA:281,40
DA:282,40
DA:283,40
DA:287,34
DA:294,62
DA:295,62
DA:297,62
DA:298,62
DA:299,62
DA:301,62
DA:308,4
DA:309,4
DA:310,4
DA:317,13
DA:318,13
DA:319,13
DA:320,13
DA:327,5
DA:328,5
DA:330,5
DA:331,5
DA:332,5
DA:334,5
DA:341,2
DA:343,2
DA:344,2
DA:345,2
DA:346,2
DA:350,2
DA:357,3
DA:359,3
DA:360,3
DA:361,4
DA:362,4
DA:363,4
DA:369,3
DA:370,0
DA:371,0
DA:372,0
DA:373,0
DA:377,3
DA:384,1
DA:386,1
DA:387,0
DA:391,1
DA:392,1
DA:393,1
DA:394,1
DA:395,1
DA:401,1
DA:402,1
DA:403,1
DA:404,1
DA:408,1
DA:415,4
DA:417,4
DA:418,4
DA:420,4
DA:421,2
DA:425,4
DA:426,2
DA:427,3
DA:428,3
DA:432,4
DA:439,1
DA:441,1
DA:442,1
DA:445,1
DA:446,1
DA:447,1
DA:448,1
DA:449,1
DA:455,1
DA:456,1
DA:457,1
DA:458,1
DA:459,1
DA:460,1
DA:461,1
DA:462,1
DA:463,1
DA:468,1
DA:475,6
DA:476,6
DA:478,6
DA:480,0
DA:481,0
DA:482,6
DA:484,6
DA:485,6
DA:486,6
DA:487,6
DA:492,6
DA:499,0
DA:506,36
DA:507,2
DA:509,34
DA:519,5
DA:521,5
DA:523,5
DA:524,5
DA:527,5
DA:528,0
DA:532,0
DA:536,5
DA:537,5
DA:538,0
DA:542,0
DA:545,5
DA:546,1
DA:553,5
DA:554,5
DA:555,5
DA:556,4
DA:557,4
DA:560,5
DA:561,1
DA:567,5
DA:573,0
DA:585,1
DA:586,1
LF:237
LH:219
BRDA:35,0,0,1
BRDA:35,0,1,35
BRDA:38,1,0,1
BRDA:38,1,1,34
BRDA:38,2,0,35
BRDA:38,2,1,34
BRDA:49,3,0,2
BRDA:49,3,1,32
BRDA:53,4,0,2
BRDA:53,4,1,32
BRDA:61,5,0,34
BRDA:61,5,1,0
BRDA:61,6,0,34
BRDA:61,6,1,34
BRDA:67,7,0,2
BRDA:67,7,1,32
BRDA:73,8,0,3
BRDA:73,8,1,31
BRDA:79,9,0,3
BRDA:79,9,1,31
BRDA:79,10,0,34
BRDA:79,10,1,3
BRDA:87,11,0,1
BRDA:87,11,1,33
BRDA:87,12,0,34
BRDA:87,12,1,1
BRDA:95,13,0,3
BRDA:95,13,1,31
BRDA:95,14,0,34
BRDA:95,14,1,3
BRDA:103,15,0,1
BRDA:103,15,1,33
BRDA:103,16,0,34
BRDA:103,16,1,1
BRDA:111,17,0,3
BRDA:111,17,1,31
BRDA:111,18,0,34
BRDA:111,18,1,3
BRDA:119,19,0,14
BRDA:119,19,1,20
BRDA:119,20,0,34
BRDA:119,20,1,15
BRDA:144,21,0,0
BRDA:147,22,0,15
BRDA:147,22,1,0
BRDA:149,23,0,15
BRDA:149,23,1,0
BRDA:154,24,0,2
BRDA:154,24,1,13
BRDA:160,25,0,4
BRDA:160,25,1,11
BRDA:160,26,0,15
BRDA:160,26,1,4
BRDA:162,27,0,5
BRDA:162,27,1,0
BRDA:162,28,0,5
BRDA:162,28,1,5
BRDA:162,28,2,0
BRDA:163,29,0,5
BRDA:163,29,1,0
BRDA:170,30,0,2
BRDA:170,30,1,13
BRDA:170,31,0,15
BRDA:170,31,1,2
BRDA:173,32,0,0
BRDA:173,32,1,13
BRDA:173,33,0,13
BRDA:173,33,1,0
BRDA:180,34,0,3
BRDA:180,34,1,12
BRDA:180,35,0,15
BRDA:180,35,1,12
BRDA:181,36,0,3
BRDA:181,36,1,0
BRDA:187,37,0,2
BRDA:187,37,1,13
BRDA:187,38,0,15
BRDA:187,38,1,13
BRDA:188,39,0,2
BRDA:188,39,1,0
BRDA:194,40,0,1
BRDA:194,40,1,14
BRDA:194,41,0,15
BRDA:194,41,1,14
BRDA:195,42,0,1
BRDA:195,42,1,0
BRDA:201,43,0,4
BRDA:201,43,1,11
BRDA:201,44,0,15
BRDA:201,44,1,4
BRDA:209,45,0,1
BRDA:209,45,1,14
BRDA:209,46,0,15
BRDA:209,46,1,1
BRDA:217,47,0,1
BRDA:217,47,1,14
BRDA:217,48,0,15
BRDA:217,48,1,1
BRDA:237,49,0,1
BRDA:237,49,1,5
BRDA:242,50,0,6
BRDA:242,50,1,0
BRDA:242,51,0,6
BRDA:242,51,1,6
BRDA:244,52,0,6
BRDA:244,52,1,0
BRDA:252,53,0,2
BRDA:252,53,1,4
BRDA:252,54,0,6
BRDA:252,54,1,2
BRDA:255,55,0,2
BRDA:255,55,1,0
BRDA:264,56,0,0
BRDA:264,56,1,6
BRDA:264,57,0,6
BRDA:264,57,1,0
BRDA:281,58,0,40
BRDA:281,58,1,0
BRDA:344,59,0,2
BRDA:344,59,1,0
BRDA:344,60,0,2
BRDA:344,60,1,2
BRDA:344,60,2,0
BRDA:345,61,0,2
BRDA:345,61,1,0
BRDA:359,62,0,3
BRDA:359,62,1,0
BRDA:359,63,0,3
BRDA:359,63,1,3
BRDA:361,64,0,4
BRDA:361,64,1,0
BRDA:369,65,0,0
BRDA:369,65,1,3
BRDA:369,66,0,3
BRDA:369,66,1,0
BRDA:386,67,0,0
BRDA:386,67,1,1
BRDA:391,68,0,1
BRDA:391,68,1,0
BRDA:391,69,0,1
BRDA:391,69,1,1
BRDA:393,70,0,1
BRDA:393,70,1,0
BRDA:401,71,0,1
BRDA:401,71,1,0
BRDA:401,72,0,1
BRDA:401,72,1,1
BRDA:420,73,0,2
BRDA:420,73,1,2
BRDA:425,74,0,2
BRDA:425,74,1,2
BRDA:425,75,0,4
BRDA:425,75,1,2
BRDA:445,76,0,1
BRDA:445,76,1,0
BRDA:445,77,0,1
BRDA:445,77,1,1
BRDA:447,78,0,1
BRDA:447,78,1,0
BRDA:455,79,0,1
BRDA:455,79,1,0
BRDA:455,80,0,1
BRDA:455,80,1,1
BRDA:457,81,0,1
BRDA:457,81,1,0
BRDA:478,82,0,0
BRDA:478,82,1,6
BRDA:482,83,0,6
BRDA:482,83,1,0
BRDA:482,84,0,6
BRDA:482,84,1,6
BRDA:485,85,0,6
BRDA:485,85,1,0
BRDA:506,86,0,2
BRDA:506,86,1,34
BRDA:527,87,0,0
BRDA:527,87,1,5
BRDA:537,88,0,0
BRDA:537,88,1,5
BRDA:545,89,0,1
BRDA:545,89,1,4
BRDA:555,90,0,4
BRDA:555,90,1,1
BRDA:560,91,0,1
BRDA:560,91,1,4
BRDA:585,92,0,1
BRDA:585,92,1,0
BRDA:585,93,0,1
BRDA:585,93,1,1
BRF:189
BRH:150
end_of_record
TN:
SF:app/static/js/multilingual-sense-fields.js
FN:13,(anonymous_0)
FN:20,(anonymous_1)
FN:22,(anonymous_2)
FN:76,(anonymous_3)
FN:79,(anonymous_4)
FN:83,(anonymous_5)
FN:87,(anonymous_6)
FN:172,(anonymous_7)
FN:175,(anonymous_8)
FN:179,(anonymous_9)
FN:183,(anonymous_10)
FN:239,(anonymous_11)
FN:251,(anonymous_12)
FN:254,(anonymous_13)
FN:255,(anonymous_14)
FN:267,(anonymous_15)
FN:279,(anonymous_16)
FN:281,(anonymous_17)
FN:296,(anonymous_18)
FN:311,(anonymous_19)
FN:315,(anonymous_20)
FN:322,(anonymous_21)
FNF:22
FNH:0
FNDA:0,(anonymous_0)
FNDA:0,(anonymous_1)
FNDA:0,(anonymous_2)
FNDA:0,(anonymous_3)
FNDA:0,(anonymous_4)
FNDA:0,(anonymous_5)
FNDA:0,(anonymous_6)
FNDA:0,(anonymous_7)
FNDA:0,(anonymous_8)
FNDA:0,(anonymous_9)
FNDA:0,(anonymous_10)
FNDA:0,(anonymous_11)
FNDA:0,(anonymous_12)
FNDA:0,(anonymous_13)
FNDA:0,(anonymous_14)
FNDA:0,(anonymous_15)
FNDA:0,(anonymous_16)
FNDA:0,(anonymous_17)
FNDA:0,(anonymous_18)
FNDA:0,(anonymous_19)
FNDA:0,(anonymous_20)
FNDA:0,(anonymous_21)
DA:14,0
DA:22,0
DA:24,0
DA:25,0
DA:26,0
DA:27,0
DA:28,0
DA:32,0
DA:33,0
DA:34,0
DA:35,0
DA:36,0
DA:40,0
DA:41,0
DA:42,0
DA:43,0
DA:44,0
DA:48,0
DA:49,0
DA:50,0
DA:51,0
DA:55,0
DA:56,0
DA:57,0
DA:58,0
DA:62,0
DA:63,0
DA:64,0
DA:65,0
DA:78,0
DA:79,0
DA:82,0
DA:83,0
DA:87,0
DA:90,0
DA:91,0
DA:92,0
DA:96,0
DA:99,0
DA:100,0
DA:101,0
DA:104,0
DA:105,0
DA:129,0
DA:130,0
DA:157,0
DA:160,0
DA:161,0
DA:174,0
DA:175,0
DA:178,0
DA:179,0
DA:183,0
DA:186,0
DA:187,0
DA:188,0
DA:192,0
DA:195,0
DA:196,0
DA:197,0
DA:199,0
DA:225,0
DA:228,0
DA:229,0
DA:240,0
DA:241,0
DA:253,0
DA:254,0
DA:255,0
DA:258,0
DA:261,0
DA:262,0
DA:263,0
DA:267,0
DA:268,0
DA:271,0
DA:281,0
DA:282,0
DA:283,0
DA:284,0
DA:286,0
DA:287,0
DA:290,0
DA:291,0
DA:296,0
DA:297,0
DA:298,0
DA:299,0
DA:301,0
DA:302,0
DA:305,0
DA:306,0
DA:311,0
DA:312,0
DA:315,0
DA:316,0
DA:322,0
DA:323,0
LF:98
LH:0
BRDA:24,0,0,0
BRDA:24,0,1,0
BRDA:32,1,0,0
BRDA:32,1,1,0
BRDA:40,2,0,0
BRDA:40,2,1,0
BRDA:48,3,0,0
BRDA:48,3,1,0
BRDA:55,4,0,0
BRDA:55,4,1,0
BRDA:62,5,0,0
BRDA:62,5,1,0
BRDA:90,6,0,0
BRDA:90,6,1,0
BRDA:104,7,0,0
BRDA:104,7,1,0
BRDA:129,8,0,0
BRDA:129,8,1,0
BRDA:160,9,0,0
BRDA:160,9,1,0
BRDA:160,10,0,0
BRDA:160,10,1,0
BRDA:186,11,0,0
BRDA:186,11,1,0
BRDA:228,12,0,0
BRDA:228,12,1,0
BRDA:228,13,0,0
BRDA:228,13,1,0
BRDA:240,14,0,0
BRDA:240,14,1,0
BRDA:258,15,0,0
BRDA:258,15,1,0
BRDA:262,16,0,0
BRDA:262,16,1,0
BRDA:268,17,0,0
BRDA:268,17,1,0
BRDA:286,18,0,0
BRDA:286,18,1,0
BRDA:290,19,0,0
BRDA:290,19,1,0
BRDA:301,20,0,0
BRDA:301,20,1,0
BRDA:305,21,0,0
BRDA:305,21,1,0
BRF:44
BRH:0
end_of_record
TN:
SF:app/static/js/parseFieldPath.test.js
FN:6,(anonymous_0)
FN:7,(anonymous_1)
FN:10,(anonymous_2)
FN:13,(anonymous_3)
FN:21,(anonymous_4)
FN:23,(anonymous_5)
FNF:6
FNH:0
FNDA:0,(anonymous_0)
FNDA:0,(anonymous_1)
FNDA:0,(anonymous_2)
FNDA:0,(anonymous_3)
FNDA:0,(anonymous_4)
FNDA:0,(anonymous_5)
DA:4,0
DA:6,0
DA:7,0
DA:9,0
DA:10,0
DA:13,0
DA:14,0
DA:21,0
DA:22,0
DA:23,0
LF:10
LH:0
BRF:0
BRH:0
end_of_record
TN:
SF:app/static/js/pronunciation-forms.js
FN:10,(anonymous_0)
FN:16,(anonymous_1)
FN:19,(anonymous_2)
FN:24,(anonymous_3)
FN:28,(anonymous_4)
FN:32,(anonymous_5)
FN:40,(anonymous_6)
FN:48,(anonymous_7)
FN:69,(anonymous_8)
FN:74,(anonymous_9)
FN:77,(anonymous_10)
FN:78,(anonymous_11)
FN:116,(anonymous_12)
FN:128,(anonymous_13)
FN:136,(anonymous_14)
FN:205,(anonymous_15)
FN:210,(anonymous_16)
FN:213,(anonymous_17)
FN:219,(anonymous_18)
FN:238,(anonymous_19)
FN:253,(anonymous_20)
FN:273,(anonymous_21)
FN:326,(anonymous_22)
FN:353,(anonymous_23)
FN:394,(anonymous_24)
FN:429,(anonymous_25)
FN:437,(anonymous_26)
FN:442,(anonymous_27)
FN:455,(anonymous_28)
FN:464,(anonymous_29)
FNF:30
FNH:0
FNDA:0,(anonymous_0)
FNDA:0,(anonymous_1)
FNDA:0,(anonymous_2)
FNDA:0,(anonymous_3)
FNDA:0,(anonymous_4)
FNDA:0,(anonymous_5)
FNDA:0,(anonymous_6)
FNDA:0,(anonymous_7)
FNDA:0,(anonymous_8)
FNDA:0,(anonymous_9)
FNDA:0,(anonymous_10)
FNDA:0,(anonymous_11)
FNDA:0,(anonymous_12)
FNDA:0,(anonymous_13)
FNDA:0,(anonymous_14)
FNDA:0,(anonymous_15)
FNDA:0,(anonymous_16)
FNDA:0,(anonymous_17)
FNDA:0,(anonymous_18)
FNDA:0,(anonymous_19)
FNDA:0,(anonymous_20)
FNDA:0,(anonymous_21)
FNDA:0,(anonymous_22)
FNDA:0,(anonymous_23)
FNDA:0,(anonymous_24)
FNDA:0,(anonymous_25)
FNDA:0,(anonymous_26)
FNDA:0,(anonymous_27)
FNDA:0,(anonymous_28)
FNDA:0,(anonymous_29)
DA:11,0
DA:12,0
DA:13,0
DA:16,0
DA:20,0
DA:21,0
DA:26,0
DA:27,0
DA:28,0
DA:32,0
DA:33,0
DA:34,0
DA:35,0
DA:40,0
DA:41,0
DA:42,0
DA:43,0
DA:50,0
DA:52,0
DA:54,0
DA:55,0
DA:56,0
DA:60,0
DA:63,0
DA:64,0
DA:65,0
DA:69,0
DA:70,0
DA:76,0
DA:77,0
DA:78,0
DA:79,0
DA:80,0
DA:82,0
DA:83,0
DA:84,0
DA:86,0
DA:87,0
DA:89,0
DA:93,0
DA:94,0
DA:96,0
DA:99,0
DA:104,0
DA:107,0
DA:110,0
DA:117,0
DA:118,0
DA:125,0
DA:129,0
DA:130,0
DA:131,0
DA:132,0
DA:137,0
DA:140,0
DA:141,0
DA:145,0
DA:193,0
DA:194,0
DA:195,0
DA:198,0
DA:199,0
DA:200,0
DA:206,0
DA:207,0
DA:211,0
DA:213,0
DA:215,0
DA:218,0
DA:219,0
DA:220,0
DA:221,0
DA:222,0
DA:223,0
DA:227,0
DA:228,0
DA:229,0
DA:230,0
DA:231,0
DA:237,0
DA:238,0
DA:239,0
DA:243,0
DA:244,0
DA:245,0
DA:246,0
DA:247,0
DA:255,0
DA:256,0
DA:258,0
DA:259,0
DA:260,0
DA:262,0
DA:263,0
DA:264,0
DA:268,0
DA:269,0
DA:270,0
DA:271,0
DA:273,0
DA:274,0
DA:275,0
DA:278,0
DA:279,0
DA:280,0
DA:284,0
DA:285,0
DA:286,0
DA:287,0
DA:291,0
DA:293,0
DA:295,0
DA:296,0
DA:297,0
DA:298,0
DA:301,0
DA:302,0
DA:305,0
DA:310,0
DA:312,0
DA:314,0
DA:317,0
DA:320,0
DA:323,0
DA:326,0
DA:327,0
DA:328,0
DA:331,0
DA:334,0
DA:335,0
DA:338,0
DA:339,0
DA:343,0
DA:344,0
DA:349,0
DA:350,0
DA:355,0
DA:356,0
DA:357,0
DA:361,0
DA:362,0
DA:364,0
DA:365,0
DA:366,0
DA:367,0
DA:368,0
DA:369,0
DA:373,0
DA:374,0
DA:375,0
DA:393,0
DA:394,0
DA:395,0
DA:397,0
DA:401,0
DA:402,0
DA:404,0
DA:407,0
DA:411,0
DA:412,0
DA:415,0
DA:418,0
DA:422,0
DA:423,0
DA:424,0
DA:428,0
DA:429,0
DA:430,0
DA:431,0
DA:432,0
DA:433,0
DA:434,0
DA:437,0
DA:438,0
DA:444,0
DA:445,0
DA:446,0
DA:447,0
DA:452,0
DA:455,0
DA:456,0
DA:457,0
DA:464,0
DA:465,0
DA:467,0
DA:469,0
DA:470,0
DA:471,0
DA:474,0
DA:477,0
LF:190
LH:0
BRDA:10,0,0,0
BRDA:12,1,0,0
BRDA:12,1,1,0
BRDA:27,2,0,0
BRDA:27,2,1,0
BRDA:33,3,0,0
BRDA:33,3,1,0
BRDA:41,4,0,0
BRDA:41,4,1,0
BRDA:52,5,0,0
BRDA:52,5,1,0
BRDA:63,6,0,0
BRDA:63,6,1,0
BRDA:63,7,0,0
BRDA:63,7,1,0
BRDA:82,8,0,0
BRDA:82,8,1,0
BRDA:82,9,0,0
BRDA:82,9,1,0
BRDA:86,10,0,0
BRDA:86,10,1,0
BRDA:93,11,0,0
BRDA:93,11,1,0
BRDA:130,12,0,0
BRDA:130,12,1,0
BRDA:137,13,0,0
BRDA:137,13,1,0
BRDA:140,14,0,0
BRDA:140,14,1,0
BRDA:163,15,0,0
BRDA:163,15,1,0
BRDA:175,16,0,0
BRDA:175,16,1,0
BRDA:181,17,0,0
BRDA:181,17,1,0
BRDA:199,18,0,0
BRDA:199,18,1,0
BRDA:221,19,0,0
BRDA:221,19,1,0
BRDA:227,20,0,0
BRDA:227,20,1,0
BRDA:227,21,0,0
BRDA:227,21,1,0
BRDA:230,22,0,0
BRDA:230,22,1,0
BRDA:243,23,0,0
BRDA:243,23,1,0
BRDA:246,24,0,0
BRDA:246,24,1,0
BRDA:246,25,0,0
BRDA:246,25,1,0
BRDA:256,26,0,0
BRDA:256,26,1,0
BRDA:262,27,0,0
BRDA:262,27,1,0
BRDA:262,28,0,0
BRDA:262,28,1,0
BRDA:275,29,0,0
BRDA:275,29,1,0
BRDA:278,30,0,0
BRDA:278,30,1,0
BRDA:278,31,0,0
BRDA:278,31,1,0
BRDA:285,32,0,0
BRDA:285,32,1,0
BRDA:312,33,0,0
BRDA:312,33,1,0
BRDA:312,34,0,0
BRDA:312,34,1,0
BRDA:331,35,0,0
BRDA:331,35,1,0
BRDA:343,36,0,0
BRDA:343,36,1,0
BRDA:356,37,0,0
BRDA:356,37,1,0
BRDA:364,38,0,0
BRDA:364,38,1,0
BRDA:366,39,0,0
BRDA:366,39,1,0
BRDA:368,40,0,0
BRDA:368,40,1,0
BRDA:401,41,0,0
BRDA:401,41,1,0
BRDA:423,42,0,0
BRDA:423,42,1,0
BRDA:423,43,0,0
BRDA:423,43,1,0
BRDA:442,44,0,0
BRDA:445,45,0,0
BRDA:445,45,1,0
BRDA:456,46,0,0
BRDA:456,46,1,0
BRDA:465,47,0,0
BRDA:465,47,1,0
BRDA:470,48,0,0
BRDA:470,48,1,0
BRF:96
BRH:0
end_of_record
TN:
SF:app/static/js/ranges-loader-debug.js
FN:9,(anonymous_0)
FN:17,(anonymous_1)
FN:44,(anonymous_2)
FN:56,(anonymous_3)
FN:72,(anonymous_4)
FN:100,(anonymous_5)
FN:123,(anonymous_6)
FN:157,(anonymous_7)
FN:176,(anonymous_8)
FN:196,(anonymous_9)
FNF:10
FNH:0
FNDA:0,(anonymous_0)
FNDA:0,(anonymous_1)
FNDA:0,(anonymous_2)
FNDA:0,(anonymous_3)
FNDA:0,(anonymous_4)
FNDA:0,(anonymous_5)
FNDA:0,(anonymous_6)
FNDA:0,(anonymous_7)
FNDA:0,(anonymous_8)
FNDA:0,(anonymous_9)
DA:10,0
DA:11,0
DA:18,0
DA:19,0
DA:20,0
DA:23,0
DA:24,0
DA:25,0
DA:26,0
DA:27,0
DA:28,0
DA:29,0
DA:30,0
DA:31,0
DA:35,0
DA:38,0
DA:45,0
DA:46,0
DA:49,0
DA:50,0
DA:51,0
DA:52,0
DA:53,0
DA:54,0
DA:56,0
DA:57,0
DA:59,0
DA:63,0
DA:66,0
DA:73,0
DA:80,0
DA:82,0
DA:83,0
DA:84,0
DA:85,0
DA:89,0
DA:92,0
DA:93,0
DA:94,0
DA:95,0
DA:96,0
DA:100,0
DA:101,0
DA:102,0
DA:104,0
DA:105,0
DA:106,0
DA:108,0
DA:110,0
DA:111,0
DA:114,0
DA:117,0
DA:124,0
DA:151,0
DA:158,0
DA:159,0
DA:160,0
DA:162,0
DA:163,0
DA:164,0
DA:167,0
DA:169,0
DA:170,0
DA:171,0
DA:172,0
DA:173,0
DA:176,0
DA:177,0
DA:178,0
DA:179,0
DA:182,0
DA:183,0
DA:186,0
DA:190,0
DA:197,0
DA:202,0
LF:76
LH:0
BRDA:19,0,0,0
BRDA:19,0,1,0
BRDA:27,1,0,0
BRDA:27,1,1,0
BRDA:29,2,0,0
BRDA:29,2,1,0
BRDA:29,3,0,0
BRDA:29,3,1,0
BRDA:45,4,0,0
BRDA:45,4,1,0
BRDA:51,5,0,0
BRDA:51,5,1,0
BRDA:53,6,0,0
BRDA:53,6,1,0
BRDA:53,7,0,0
BRDA:53,7,1,0
BRDA:72,8,0,0
BRDA:75,9,0,0
BRDA:76,10,0,0
BRDA:77,11,0,0
BRDA:78,12,0,0
BRDA:79,13,0,0
BRDA:83,14,0,0
BRDA:83,14,1,0
BRDA:83,15,0,0
BRDA:83,15,1,0
BRDA:92,16,0,0
BRDA:92,16,1,0
BRDA:102,17,0,0
BRDA:102,17,1,0
BRDA:104,18,0,0
BRDA:104,18,1,0
BRDA:104,18,2,0
BRDA:105,19,0,0
BRDA:105,19,1,0
BRDA:105,20,0,0
BRDA:105,20,1,0
BRDA:110,21,0,0
BRDA:110,21,1,0
BRDA:110,22,0,0
BRDA:110,22,1,0
BRDA:110,22,2,0
BRDA:151,23,0,0
BRDA:151,23,1,0
BRDA:157,24,0,0
BRDA:162,25,0,0
BRDA:162,25,1,0
BRDA:169,26,0,0
BRDA:169,26,1,0
BRDA:179,27,0,0
BRDA:179,27,1,0
BRDA:179,28,0,0
BRDA:179,28,1,0
BRDA:182,29,0,0
BRDA:182,29,1,0
BRDA:182,30,0,0
BRDA:182,30,1,0
BRF:57
BRH:0
end_of_record
TN:
SF:app/static/js/ranges-loader-new.js
FN:11,(anonymous_0)
FN:17,(anonymous_1)
FN:26,(anonymous_2)
FN:58,(anonymous_3)
FN:74,(anonymous_4)
FN:96,(anonymous_5)
FN:122,(anonymous_6)
FN:141,(anonymous_7)
FN:178,(anonymous_8)
FN:188,(anonymous_9)
FN:193,(anonymous_10)
FN:194,(anonymous_11)
FNF:12
FNH:0
FNDA:0,(anonymous_0)
FNDA:0,(anonymous_1)
FNDA:0,(anonymous_2)
FNDA:0,(anonymous_3)
FNDA:0,(anonymous_4)
FNDA:0,(anonymous_5)
FNDA:0,(anonymous_6)
FNDA:0,(anonymous_7)
FNDA:0,(anonymous_8)
FNDA:0,(anonymous_9)
FNDA:0,(anonymous_10)
FNDA:0,(anonymous_11)
DA:12,0
DA:13,0
DA:14,0
DA:18,0
DA:19,0
DA:27,0
DA:28,0
DA:31,0
DA:32,0
DA:33,0
DA:35,0
DA:36,0
DA:38,0
DA:39,0
DA:40,0
DA:41,0
DA:43,0
DA:46,0
DA:49,0
DA:52,0
DA:59,0
DA:60,0
DA:63,0
DA:64,0
DA:65,0
DA:67,0
DA:68,0
DA:70,0
DA:71,0
DA:74,0
DA:75,0
DA:78,0
DA:79,0
DA:81,0
DA:84,0
DA:87,0
[...]
BRDA:80,8,1,0
BRDA:83,9,0,0
BRDA:83,9,1,0
BRDA:91,10,0,0
BRDA:91,10,1,0
BRDA:92,11,0,0
BRDA:92,11,1,0
BRDA:95,12,0,0
BRDA:95,12,1,0
BRDA:95,13,0,0
BRDA:95,13,1,0
BRDA:100,14,0,0
BRDA:100,14,1,0
BRDA:111,15,0,0
BRDA:111,15,1,0
BRDA:117,16,0,0
BRDA:117,16,1,0
BRDA:123,17,0,0
BRDA:123,17,1,0
BRDA:131,18,0,0
BRDA:131,18,1,0
BRDA:152,19,0,0
BRDA:152,19,1,0
BRDA:161,20,0,0
BRDA:161,20,1,0
BRDA:170,21,0,0
BRDA:170,21,1,0
BRDA:175,22,0,0
BRDA:175,22,1,0
BRDA:192,23,0,0
BRDA:192,23,1,0
BRDA:195,24,0,0
BRDA:195,24,1,0
BRDA:203,25,0,0
BRDA:203,25,1,0
BRDA:206,26,0,0
BRDA:206,26,1,0
BRDA:213,27,0,0
BRDA:213,27,1,0
BRDA:254,28,0,0
BRDA:254,28,1,0
BRDA:283,29,0,0
BRDA:283,29,1,0
BRDA:283,30,0,0
BRDA:283,30,1,0
BRDA:288,31,0,0
BRDA:288,31,1,0
BRDA:289,32,0,0
BRDA:289,32,1,0
BRDA:291,33,0,0
BRDA:291,33,1,0
BRDA:295,34,0,0
BRDA:295,34,1,0
BRDA:301,35,0,0
BRDA:301,35,1,0
BRDA:308,36,0,0
BRDA:308,36,1,0
BRDA:316,37,0,0
BRDA:316,37,1,0
BRDA:324,38,0,0
BRDA:324,38,1,0
BRDA:326,39,0,0
BRDA:326,39,1,0
BRDA:334,40,0,0
BRDA:334,40,1,0
BRDA:351,41,0,0
BRDA:351,41,1,0
BRDA:377,42,0,0
BRDA:377,42,1,0
BRDA:383,43,0,0
BRDA:383,43,1,0
BRDA:389,44,0,0
BRDA:389,44,1,0
BRDA:400,45,0,0
BRDA:400,45,1,0
BRF:91
BRH:0
end_of_record
TN:
SF:app/static/js/relations_new.js
FN:15,(anonymous_0)
FN:24,(anonymous_1)
FN:30,(anonymous_2)
FN:68,(anonymous_3)
FN:72,(anonymous_4)
FN:79,(anonymous_5)
FN:89,(anonymous_6)
FN:108,(anonymous_7)
FN:112,(anonymous_8)
FN:116,(anonymous_9)
FN:130,(anonymous_10)
FN:137,(anonymous_11)
FN:168,(anonymous_12)
FN:183,(anonymous_13)
FN:185,(anonymous_14)
FN:191,(anonymous_15)
FN:202,(anonymous_16)
FN:219,(anonymous_17)
FN:281,(anonymous_18)
FN:303,(anonymous_19)
FN:312,(anonymous_20)
FN:330,(anonymous_21)
FN:331,(anonymous_22)
FN:337,(anonymous_23)
FN:363,(anonymous_24)
FN:372,(anonymous_25)
FNF:26
FNH:0
FNDA:0,(anonymous_0)
FNDA:0,(anonymous_1)
FNDA:0,(anonymous_2)
FNDA:0,(anonymous_3)
FNDA:0,(anonymous_4)
FNDA:0,(anonymous_5)
FNDA:0,(anonymous_6)
FNDA:0,(anonymous_7)
FNDA:0,(anonymous_8)
FNDA:0,(anonymous_9)
FNDA:0,(anonymous_10)
FNDA:0,(anonymous_11)
FNDA:0,(anonymous_12)
FNDA:0,(anonymous_13)
FNDA:0,(anonymous_14)
FNDA:0,(anonymous_15)
FNDA:0,(anonymous_16)
FNDA:0,(anonymous_17)
FNDA:0,(anonymous_18)
FNDA:0,(anonymous_19)
FNDA:0,(anonymous_20)
FNDA:0,(anonymous_21)
FNDA:0,(anonymous_22)
FNDA:0,(anonymous_23)
FNDA:0,(anonymous_24)
FNDA:0,(anonymous_25)
DA:16,0
DA:17,0
DA:18,0
DA:19,0
DA:21,0
DA:25,0
DA:26,0
DA:27,0
DA:31,0
DA:33,0
DA:34,0
DA:35,0
DA:36,0
DA:37,0
DA:38,0
DA:43,0
DA:44,0
DA:45,0
DA:46,0
DA:47,0
DA:48,0
DA:49,0
DA:53,0
DA:57,0
DA:65,0
DA:70,0
DA:72,0
DA:73,0
DA:76,0
DA:80,0
DA:83,0
DA:86,0
DA:89,0
DA:90,0
DA:91,0
DA:92,0
DA:95,0
DA:96,0
DA:100,0
DA:101,0
DA:104,0
DA:110,0
DA:111,0
DA:112,0
DA:116,0
DA:117,0
DA:118,0
DA:119,0
DA:123,0
DA:124,0
DA:125,0
DA:130,0
DA:131,0
DA:132,0
DA:139,0
DA:140,0
DA:142,0
DA:148,0
DA:151,0
DA:152,0
DA:153,0
DA:157,0
DA:160,0
DA:161,0
DA:162,0
DA:165,0
DA:169,0
DA:170,0
DA:171,0
DA:172,0
DA:175,0
DA:176,0
DA:179,0
DA:184,0
DA:185,0
DA:187,0
DA:190,0
DA:191,0
DA:192,0
DA:193,0
DA:195,0
DA:196,0
DA:201,0
DA:202,0
DA:203,0
DA:204,0
DA:206,0
DA:207,0
DA:212,0
DA:213,0
DA:214,0
DA:220,0
DA:282,0
DA:283,0
DA:284,0
DA:286,0
DA:287,0
DA:288,0
DA:291,0
DA:293,0
DA:294,0
DA:295,0
DA:296,0
DA:299,0
DA:304,0
DA:305,0
DA:308,0
DA:309,0
DA:312,0
DA:322,0
DA:327,0
DA:330,0
DA:331,0
DA:332,0
DA:338,0
DA:339,0
DA:340,0
DA:343,0
DA:344,0
DA:345,0
DA:349,0
DA:350,0
DA:351,0
DA:355,0
DA:356,0
DA:357,0
DA:360,0
DA:366,0
DA:367,0
DA:368,0
DA:373,0
DA:392,0
LF:132
LH:0
BRDA:15,0,0,0
BRDA:19,1,0,0
BRDA:19,1,1,0
BRDA:33,2,0,0
BRDA:33,2,1,0
BRDA:35,3,0,0
BRDA:35,3,1,0
BRDA:44,4,0,0
BRDA:44,4,1,0
BRDA:46,5,0,0
BRDA:46,5,1,0
BRDA:46,6,0,0
BRDA:46,6,1,0
BRDA:80,7,0,0
BRDA:80,7,1,0
BRDA:80,8,0,0
BRDA:80,8,1,0
BRDA:83,9,0,0
BRDA:83,9,1,0
BRDA:91,10,0,0
BRDA:91,10,1,0
BRDA:92,11,0,0
BRDA:92,11,1,0
BRDA:95,12,0,0
BRDA:95,12,1,0
BRDA:95,13,0,0
BRDA:95,13,1,0
BRDA:100,14,0,0
BRDA:100,14,1,0
BRDA:111,15,0,0
BRDA:111,15,1,0
BRDA:117,16,0,0
BRDA:117,16,1,0
BRDA:123,17,0,0
BRDA:123,17,1,0
BRDA:131,18,0,0
BRDA:131,18,1,0
BRDA:152,19,0,0
BRDA:152,19,1,0
BRDA:161,20,0,0
BRDA:161,20,1,0
BRDA:170,21,0,0
BRDA:170,21,1,0
BRDA:175,22,0,0
BRDA:175,22,1,0
BRDA:192,23,0,0
BRDA:192,23,1,0
BRDA:195,24,0,0
BRDA:195,24,1,0
BRDA:203,25,0,0
BRDA:203,25,1,0
BRDA:206,26,0,0
BRDA:206,26,1,0
BRDA:213,27,0,0
BRDA:213,27,1,0
BRDA:254,28,0,0
BRDA:254,28,1,0
BRDA:286,29,0,0
BRDA:286,29,1,0
BRDA:294,30,0,0
BRDA:294,30,1,0
BRDA:296,31,0,0
BRDA:296,31,1,0
BRDA:304,32,0,0
BRDA:304,32,1,0
BRDA:315,33,0,0
BRDA:315,33,1,0
BRDA:317,34,0,0
BRDA:317,34,1,0
BRDA:318,35,0,0
BRDA:318,35,1,0
BRDA:344,36,0,0
BRDA:344,36,1,0
BRDA:350,37,0,0
BRDA:350,37,1,0
BRDA:356,38,0,0
BRDA:356,38,1,0
BRDA:367,39,0,0
BRDA:367,39,1,0
BRF:79
BRH:0
end_of_record
TN:
SF:app/static/js/reordering-manager.js
FN:6,(anonymous_0)
FN:13,(anonymous_1)
FN:14,(anonymous_2)
FN:44,(anonymous_3)
FN:62,(anonymous_4)
FN:80,(anonymous_5)
FN:107,(anonymous_6)
FN:133,(anonymous_7)
FN:136,(anonymous_8)
FN:169,(anonymous_9)
FN:173,(anonymous_10)
FN:190,(anonymous_11)
FN:207,(anonymous_12)
FN:219,(anonymous_13)
FN:229,(anonymous_14)
FNF:15
FNH:0
FNDA:0,(anonymous_0)
FNDA:0,(anonymous_1)
FNDA:0,(anonymous_2)
FNDA:0,(anonymous_3)
FNDA:0,(anonymous_4)
FNDA:0,(anonymous_5)
FNDA:0,(anonymous_6)
FNDA:0,(anonymous_7)
FNDA:0,(anonymous_8)
FNDA:0,(anonymous_9)
FNDA:0,(anonymous_10)
FNDA:0,(anonymous_11)
FNDA:0,(anonymous_12)
FNDA:0,(anonymous_13)
FNDA:0,(anonymous_14)
DA:7,0
DA:14,0
DA:16,0
DA:17,0
DA:18,0
DA:19,0
DA:20,0
DA:24,0
DA:25,0
DA:26,0
DA:27,0
DA:28,0
DA:32,0
DA:34,0
DA:45,0
DA:46,0
DA:48,0
DA:49,0
DA:50,0
DA:51,0
DA:52,0
DA:53,0
DA:63,0
DA:64,0
DA:66,0
DA:67,0
DA:68,0
DA:69,0
DA:70,0
DA:71,0
DA:82,0
DA:93,0
DA:94,0
DA:95,0
DA:98,0
DA:108,0
DA:119,0
DA:120,0
DA:121,0
DA:125,0
DA:134,0
DA:136,0
DA:138,0
DA:139,0
DA:141,0
DA:142,0
DA:144,0
DA:145,0
DA:149,0
DA:152,0
DA:156,0
DA:157,0
DA:158,0
DA:159,0
DA:170,0
DA:173,0
DA:174,0
DA:175,0
DA:176,0
DA:177,0
DA:179,0
DA:192,0
DA:202,0
DA:203,0
DA:205,0
DA:207,0
DA:208,0
DA:209,0
DA:210,0
DA:220,0
DA:221,0
DA:222,0
DA:223,0
DA:229,0
DA:230,0
DA:234,0
DA:235,0
LF:77
LH:0
BRDA:16,0,0,0
BRDA:16,0,1,0
BRDA:18,1,0,0
BRDA:18,1,1,0
BRDA:24,2,0,0
BRDA:24,2,1,0
BRDA:26,3,0,0
BRDA:26,3,1,0
BRDA:32,4,0,0
BRDA:32,4,1,0
BRDA:32,5,0,0
BRDA:32,5,1,0
BRDA:46,6,0,0
BRDA:46,6,1,0
BRDA:49,7,0,0
BRDA:49,7,1,0
BRDA:49,8,0,0
BRDA:49,8,1,0
BRDA:64,9,0,0
BRDA:64,9,1,0
BRDA:67,10,0,0
BRDA:67,10,1,0
BRDA:67,11,0,0
BRDA:67,11,1,0
BRDA:95,12,0,0
BRDA:95,12,1,0
BRDA:120,13,0,0
BRDA:120,13,1,0
BRDA:120,14,0,0
BRDA:120,14,1,0
BRDA:138,15,0,0
BRDA:138,15,1,0
BRDA:141,16,0,0
BRDA:141,16,1,0
BRDA:144,17,0,0
BRDA:144,17,1,0
BRDA:156,18,0,0
BRDA:156,18,1,0
BRDA:156,19,0,0
BRDA:156,19,1,0
BRDA:158,20,0,0
BRDA:158,20,1,0
BRDA:158,21,0,0
BRDA:158,21,1,0
BRDA:175,22,0,0
BRDA:175,22,1,0
BRDA:177,23,0,0
BRDA:177,23,1,0
BRDA:203,24,0,0
BRDA:203,24,1,0
BRDA:209,25,0,0
BRDA:209,25,1,0
BRDA:209,26,0,0
BRDA:209,26,1,0
BRDA:220,27,0,0
BRDA:220,27,1,0
BRDA:222,28,0,0
BRDA:222,28,1,0
BRDA:234,29,0,0
BRDA:234,29,1,0
BRF:60
BRH:0
end_of_record
TN:
SF:app/static/js/search.js
FN:7,(anonymous_0)
FN:10,(anonymous_1)
FN:16,(anonymous_2)
FN:20,(anonymous_3)
FN:24,(anonymous_4)
FN:28,(anonymous_5)
FN:36,(anonymous_6)
FN:70,performSearch
FN:88,(anonymous_8)
FN:122,(anonymous_9)
FN:128,(anonymous_10)
FN:155,(anonymous_11)
FN:168,displaySearchResults
FN:176,(anonymous_13)
FN:220,(anonymous_14)
FN:229,(anonymous_15)
FN:260,setResultsViewMode
FN:263,(anonymous_17)
FN:270,(anonymous_18)
FN:276,(anonymous_19)
FN:282,(anonymous_20)
FN:304,updatePagination
FN:324,(anonymous_22)
FN:351,(anonymous_23)
FN:372,(anonymous_24)
FN:387,addRecentSearch
FN:394,(anonymous_26)
FN:415,removeRecentSearch
FN:420,(anonymous_28)
FN:429,loadRecentSearches
FN:447,(anonymous_30)
FNF:31
FNH:0
FNDA:0,(anonymous_0)
FNDA:0,(anonymous_1)
FNDA:0,(anonymous_2)
FNDA:0,(anonymous_3)
FNDA:0,(anonymous_4)
FNDA:0,(anonymous_5)
FNDA:0,(anonymous_6)
FNDA:0,performSearch
FNDA:0,(anonymous_8)
FNDA:0,(anonymous_9)
FNDA:0,(anonymous_10)
FNDA:0,(anonymous_11)
FNDA:0,displaySearchResults
FNDA:0,(anonymous_13)
FNDA:0,(anonymous_14)
FNDA:0,(anonymous_15)
FNDA:0,setResultsViewMode
FNDA:0,(anonymous_17)
FNDA:0,(anonymous_18)
FNDA:0,(anonymous_19)
FNDA:0,(anonymous_20)
FNDA:0,updatePagination
FNDA:0,(anonymous_22)
FNDA:0,(anonymous_23)
FNDA:0,(anonymous_24)
FNDA:0,addRecentSearch
FNDA:0,(anonymous_26)
FNDA:0,removeRecentSearch
FNDA:0,(anonymous_28)
FNDA:0,loadRecentSearches
FNDA:0,(anonymous_30)
DA:7,0
DA:9,0
DA:10,0
DA:11,0
DA:12,0
DA:16,0
DA:17,0
DA:20,0
DA:21,0
DA:24,0
DA:25,0
DA:28,0
DA:29,0
DA:33,0
DA:36,0
DA:37,0
DA:38,0
DA:39,0
DA:40,0
DA:41,0
DA:42,0
DA:43,0
DA:44,0
DA:47,0
DA:48,0
DA:49,0
DA:50,0
DA:51,0
DA:52,0
DA:57,0
DA:58,0
DA:59,0
DA:60,0
DA:61,0
DA:72,0
DA:73,0
DA:74,0
DA:75,0
DA:76,0
DA:79,0
DA:80,0
DA:81,0
DA:82,0
DA:83,0
DA:87,0
DA:88,0
DA:91,0
DA:94,0
DA:95,0
DA:98,0
DA:99,0
DA:102,0
DA:104,0
DA:105,0
DA:108,0
DA:109,0
DA:112,0
DA:113,0
DA:116,0
DA:117,0
DA:121,0
DA:123,0
DA:124,0
DA:126,0
DA:129,0
DA:130,0
DA:132,0
DA:133,0
DA:134,0
DA:135,0
DA:139,0
DA:140,0
DA:141,0
DA:144,0
DA:145,0
DA:146,0
DA:149,0
DA:153,0
DA:156,0
DA:157,0
DA:158,0
DA:159,0
DA:169,0
DA:170,0
DA:172,0
DA:173,0
DA:174,0
DA:176,0
DA:178,0
DA:181,0
DA:184,0
DA:185,0
DA:186,0
DA:187,0
DA:188,0
DA:190,0
DA:195,0
DA:196,0
DA:198,0
DA:199,0
DA:201,0
DA:204,0
DA:206,0
DA:207,0
DA:209,0
DA:213,0
DA:214,0
DA:217,0
DA:219,0
DA:220,0
DA:221,0
DA:223,0
DA:224,0
DA:226,0
DA:228,0
DA:229,0
DA:230,0
DA:231,0
DA:232,0
DA:235,0
DA:238,0
DA:241,0
DA:242,0
DA:243,0
DA:244,0
DA:248,0
DA:252,0
DA:262,0
DA:263,0
DA:265,0
DA:268,0
DA:270,0
DA:272,0
DA:275,0
DA:276,0
DA:277,0
DA:281,0
DA:282,0
DA:283,0
DA:287,0
DA:288,0
DA:289,0
DA:291,0
DA:292,0
DA:305,0
DA:306,0
DA:308,0
DA:309,0
DA:310,0
DA:314,0
DA:315,0
DA:317,0
DA:318,0
DA:319,0
DA:320,0
DA:321,0
DA:323,0
DA:324,0
DA:325,0
DA:326,0
DA:330,0
DA:331,0
DA:334,0
DA:335,0
DA:337,0
DA:338,0
DA:341,0
DA:342,0
DA:343,0
DA:345,0
DA:346,0
DA:347,0
DA:348,0
DA:350,0
DA:351,0
DA:352,0
DA:353,0
DA:357,0
DA:358,0
DA:362,0
DA:363,0
DA:365,0
DA:366,0
DA:367,0
DA:368,0
DA:369,0
DA:371,0
DA:372,0
DA:373,0
DA:374,0
DA:378,0
DA:379,0
DA:389,0
DA:392,0
DA:394,0
DA:398,0
DA:401,0
DA:404,0
DA:407,0
DA:417,0
DA:420,0
DA:423,0
DA:430,0
DA:431,0
DA:434,0
DA:436,0
DA:437,0
DA:438,0
DA:439,0
DA:440,0
DA:441,0
DA:445,0
DA:447,0
DA:448,0
DA:450,0
DA:451,0
DA:452,0
DA:454,0
DA:455,0
DA:457,0
LF:220
LH:0
BRDA:38,0,0,0
BRDA:38,0,1,0
BRDA:48,1,0,0
BRDA:48,1,1,0
BRDA:59,2,0,0
BRDA:59,2,1,0
BRDA:70,3,0,0
BRDA:80,4,0,0
BRDA:80,4,1,0
BRDA:94,5,0,0
BRDA:94,5,1,0
BRDA:95,6,0,0
BRDA:95,6,1,0
BRDA:104,7,0,0
BRDA:104,7,1,0
BRDA:108,8,0,0
BRDA:108,8,1,0
BRDA:112,9,0,0
BRDA:112,9,1,0
BRDA:116,10,0,0
BRDA:116,10,1,0
BRDA:123,11,0,0
BRDA:123,11,1,0
BRDA:132,12,0,0
BRDA:132,12,1,0
BRDA:185,13,0,0
BRDA:185,13,1,0
BRDA:185,14,0,0
BRDA:185,14,1,0
BRDA:186,15,0,0
BRDA:186,15,1,0
BRDA:188,16,0,0
BRDA:188,16,1,0
BRDA:190,17,0,0
BRDA:190,17,1,0
BRDA:190,17,2,0
BRDA:190,17,3,0
BRDA:195,18,0,0
BRDA:195,18,1,0
BRDA:198,19,0,0
BRDA:198,19,1,0
BRDA:206,20,0,0
BRDA:206,20,1,0
BRDA:219,21,0,0
BRDA:219,21,1,0
BRDA:219,22,0,0
BRDA:219,22,1,0
BRDA:228,23,0,0
BRDA:228,23,1,0
BRDA:228,24,0,0
BRDA:228,24,1,0
BRDA:277,25,0,0
BRDA:277,25,1,0
BRDA:277,26,0,0
BRDA:277,26,1,0
BRDA:283,27,0,0
BRDA:283,27,1,0
BRDA:283,28,0,0
BRDA:283,28,1,0
BRDA:287,29,0,0
BRDA:287,29,1,0
BRDA:309,30,0,0
BRDA:309,30,1,0
BRDA:315,31,0,0
BRDA:315,31,1,0
BRDA:323,32,0,0
BRDA:323,32,1,0
BRDA:337,33,0,0
BRDA:337,33,1,0
BRDA:343,34,0,0
BRDA:343,34,1,0
BRDA:350,35,0,0
BRDA:350,35,1,0
BRDA:363,36,0,0
BRDA:363,36,1,0
BRDA:371,37,0,0
BRDA:371,37,1,0
BRDA:389,38,0,0
BRDA:389,38,1,0
BRDA:392,39,0,0
BRDA:392,39,1,0
BRDA:417,40,0,0
BRDA:417,40,1,0
BRDA:430,41,0,0
BRDA:430,41,1,0
BRDA:436,42,0,0
BRDA:436,42,1,0
BRF:87
BRH:0
end_of_record
TN:
SF:app/static/js/validation-ui.js
FN:15,(anonymous_0)
FN:24,(anonymous_1)
FN:36,(anonymous_2)
FN:296,(anonymous_3)
FN:299,(anonymous_4)
FN:333,(anonymous_5)
FN:336,(anonymous_6)
FN:360,(anonymous_7)
FN:363,(anonymous_8)
FN:383,(anonymous_9)
FN:412,(anonymous_10)
FN:431,(anonymous_11)
FN:458,(anonymous_12)
FN:465,(anonymous_13)
FN:466,(anonymous_14)
FN:467,(anonymous_15)
FN:496,(anonymous_16)
FN:515,(anonymous_17)
FN:525,(anonymous_18)
FN:535,(anonymous_19)
FN:547,(anonymous_20)
FN:550,(anonymous_21)
FN:564,(anonymous_22)
FN:587,(anonymous_23)
FN:609,(anonymous_24)
FN:627,(anonymous_25)
FN:652,(anonymous_26)
FN:669,(anonymous_27)
FN:681,(anonymous_28)
FN:708,(anonymous_29)
FN:716,(anonymous_30)
FN:727,(anonymous_31)
FN:731,(anonymous_32)
FN:732,(anonymous_33)
FN:750,(anonymous_34)
FN:781,(anonymous_35)
FN:787,(anonymous_36)
FN:798,(anonymous_37)
FN:814,(anonymous_38)
FN:830,(anonymous_39)
FN:839,(anonymous_40)
FN:862,(anonymous_41)
FN:874,(anonymous_42)
FN:889,(anonymous_43)
FN:900,(anonymous_44)
FN:918,(anonymous_45)
FN:950,(anonymous_46)
FN:960,(anonymous_47)
FN:970,(anonymous_48)
FN:1002,(anonymous_49)
FN:1010,(anonymous_50)
FN:1012,(anonymous_51)
FN:1022,(anonymous_52)
FN:1039,(anonymous_53)
FN:1052,(anonymous_54)
FN:1061,(anonymous_55)
FNF:56
FNH:0
FNDA:0,(anonymous_0)
FNDA:0,(anonymous_1)
FNDA:0,(anonymous_2)
FNDA:0,(anonymous_3)
FNDA:0,(anonymous_4)
FNDA:0,(anonymous_5)
FNDA:0,(anonymous_6)
FNDA:0,(anonymous_7)
FNDA:0,(anonymous_8)
FNDA:0,(anonymous_9)
FNDA:0,(anonymous_10)
FNDA:0,(anonymous_11)
FNDA:0,(anonymous_12)
FNDA:0,(anonymous_13)
FNDA:0,(anonymous_14)
FNDA:0,(anonymous_15)
FNDA:0,(anonymous_16)
FNDA:0,(anonymous_17)
FNDA:0,(anonymous_18)
FNDA:0,(anonymous_19)
FNDA:0,(anonymous_20)
FNDA:0,(anonymous_21)
FNDA:0,(anonymous_22)
FNDA:0,(anonymous_23)
FNDA:0,(anonymous_24)
FNDA:0,(anonymous_25)
FNDA:0,(anonymous_26)
FNDA:0,(anonymous_27)
FNDA:0,(anonymous_28)
FNDA:0,(anonymous_29)
FNDA:0,(anonymous_30)
FNDA:0,(anonymous_31)
FNDA:0,(anonymous_32)
FNDA:0,(anonymous_33)
FNDA:0,(anonymous_34)
FNDA:0,(anonymous_35)
FNDA:0,(anonymous_36)
FNDA:0,(anonymous_37)
FNDA:0,(anonymous_38)
FNDA:0,(anonymous_39)
FNDA:0,(anonymous_40)
FNDA:0,(anonymous_41)
FNDA:0,(anonymous_42)
FNDA:0,(anonymous_43)
FNDA:0,(anonymous_44)
FNDA:0,(anonymous_45)
FNDA:0,(anonymous_46)
FNDA:0,(anonymous_47)
FNDA:0,(anonymous_48)
FNDA:0,(anonymous_49)
FNDA:0,(anonymous_50)
FNDA:0,(anonymous_51)
FNDA:0,(anonymous_52)
FNDA:0,(anonymous_53)
FNDA:0,(anonymous_54)
FNDA:0,(anonymous_55)
DA:16,0
DA:17,0
DA:18,0
DA:19,0
DA:21,0
DA:25,0
DA:26,0
DA:27,0
DA:28,0
DA:30,0
DA:37,0
DA:38,0
DA:41,0
DA:42,0
DA:43,0
DA:290,0
DA:297,0
DA:299,0
DA:300,0
DA:301,0
DA:304,0
DA:306,0
DA:307,0
DA:308,0
DA:309,0
DA:310,0
DA:313,0
DA:316,0
DA:320,0
DA:321,0
DA:324,0
DA:325,0
DA:326,0
DA:334,0
DA:336,0
DA:337,0
DA:338,0
DA:341,0
DA:343,0
DA:344,0
DA:345,0
DA:346,0
DA:347,0
DA:348,0
DA:350,0
DA:353,0
DA:362,0
DA:363,0
DA:364,0
DA:365,0
DA:370,0
DA:371,0
DA:372,0
DA:373,0
DA:374,0
DA:375,0
DA:376,0
DA:384,0
DA:388,0
DA:390,0
DA:391,0
DA:394,0
DA:397,0
DA:398,0
DA:401,0
DA:403,0
DA:405,0
DA:406,0
DA:407,0
DA:409,0
DA:410,0
DA:412,0
DA:413,0
DA:414,0
DA:415,0
DA:416,0
DA:419,0
DA:420,0
DA:422,0
DA:424,0
DA:425,0
DA:426,0
DA:428,0
DA:429,0
DA:431,0
DA:432,0
DA:433,0
DA:434,0
DA:435,0
DA:438,0
DA:440,0
DA:442,0
DA:443,0
DA:444,0
DA:446,0
DA:447,0
DA:448,0
DA:449,0
DA:459,0
DA:462,0
DA:465,0
DA:466,0
DA:467,0
DA:470,0
DA:471,0
DA:472,0
DA:473,0
DA:474,0
DA:475,0
DA:477,0
DA:478,0
DA:479,0
DA:484,0
DA:498,0
DA:501,0
DA:502,0
DA:503,0
DA:504,0
DA:508,0
DA:516,0
DA:517,0
DA:518,0
DA:526,0
DA:527,0
DA:528,0
DA:536,0
DA:537,0
DA:538,0
DA:548,0
DA:550,0
DA:551,0
DA:552,0
DA:555,0
DA:565,0
DA:567,0
DA:568,0
DA:569,0
DA:572,0
DA:573,0
DA:575,0
DA:578,0
DA:588,0
DA:589,0
DA:591,0
DA:592,0
DA:594,0
DA:601,0
DA:610,0
DA:612,0
DA:614,0
DA:616,0
DA:618,0
DA:620,0
DA:628,0
DA:629,0
DA:632,0
DA:634,0
DA:635,0
DA:636,0
DA:637,0
DA:638,0
DA:639,0
DA:640,0
DA:641,0
DA:642,0
DA:644,0
DA:645,0
DA:653,0
DA:656,0
DA:657,0
DA:660,0
DA:661,0
DA:662,0
DA:670,0
DA:673,0
DA:674,0
DA:682,0
DA:683,0
DA:686,0
DA:688,0
DA:691,0
DA:693,0
DA:696,0
DA:698,0
DA:702,0
DA:709,0
DA:711,0
DA:712,0
DA:713,0
DA:716,0
DA:717,0
DA:728,0
DA:729,0
DA:731,0
DA:732,0
DA:734,0
DA:737,0
DA:752,0
DA:755,0
DA:756,0
DA:757,0
DA:761,0
DA:762,0
DA:763,0
DA:765,0
DA:766,0
DA:767,0
DA:768,0
DA:769,0
DA:770,0
DA:773,0
DA:782,0
DA:785,0
DA:787,0
DA:788,0
DA:789,0
DA:790,0
DA:791,0
DA:793,0
DA:798,0
DA:799,0
DA:800,0
DA:801,0
DA:806,0
DA:816,0
DA:817,0
DA:820,0
DA:821,0
DA:832,0
DA:840,0
DA:843,0
DA:844,0
DA:845,0
DA:846,0
DA:847,0
DA:850,0
DA:851,0
DA:852,0
DA:856,0
DA:857,0
DA:858,0
DA:862,0
DA:867,0
DA:868,0
DA:869,0
DA:870,0
DA:874,0
DA:879,0
DA:881,0
DA:891,0
DA:892,0
DA:893,0
DA:894,0
DA:897,0
DA:898,0
DA:900,0
DA:910,0
DA:911,0
DA:919,0
DA:920,0
DA:921,0
DA:922,0
DA:943,0
DA:951,0
DA:954,0
DA:961,0
DA:972,0
DA:973,0
DA:974,0
DA:975,0
DA:986,0
DA:987,0
DA:988,0
DA:989,0
DA:990,0
DA:991,0
DA:992,0
DA:995,0
DA:998,0
DA:999,0
DA:1002,0
DA:1003,0
DA:1012,0
DA:1013,0
DA:1016,0
DA:1017,0
DA:1022,0
DA:1023,0
DA:1027,0
DA:1028,0
DA:1029,0
DA:1032,0
DA:1040,0
DA:1053,0
DA:1058,0
DA:1061,0
DA:1062,0
DA:1066,0
DA:1067,0
DA:1071,0
DA:1072,0
LF:301
LH:0
BRDA:37,0,0,0
BRDA:37,0,1,0
BRDA:301,1,0,0
BRDA:301,1,1,0
BRDA:306,2,0,0
BRDA:306,2,1,0
BRDA:313,3,0,0
BRDA:313,3,1,0
BRDA:320,4,0,0
BRDA:320,4,1,0
BRDA:320,4,2,0
BRDA:338,5,0,0
BRDA:338,5,1,0
BRDA:343,6,0,0
BRDA:343,6,1,0
BRDA:364,7,0,0
BRDA:364,7,1,0
BRDA:370,8,0,0
BRDA:370,8,1,0
BRDA:384,9,0,0
BRDA:384,9,1,0
BRDA:384,9,2,0
BRDA:388,10,0,0
BRDA:388,10,1,0
BRDA:391,11,0,0
BRDA:391,11,1,0
BRDA:403,12,0,0
BRDA:403,12,1,0
BRDA:403,13,0,0
BRDA:403,13,1,0
BRDA:422,14,0,0
BRDA:422,14,1,0
BRDA:422,15,0,0
BRDA:422,15,1,0
BRDA:440,16,0,0
BRDA:440,16,1,0
BRDA:459,17,0,0
BRDA:459,17,1,0
BRDA:470,18,0,0
BRDA:470,18,1,0
BRDA:473,19,0,0
BRDA:473,19,1,0
BRDA:478,20,0,0
BRDA:478,20,1,0
BRDA:502,21,0,0
BRDA:502,21,1,0
BRDA:564,22,0,0
BRDA:567,23,0,0
BRDA:567,23,1,0
BRDA:567,24,0,0
BRDA:567,24,1,0
BRDA:572,25,0,0
BRDA:572,25,1,0
BRDA:592,26,0,0
BRDA:592,26,1,0
BRDA:597,27,0,0
BRDA:597,27,1,0
BRDA:610,28,0,0
BRDA:610,28,1,0
BRDA:610,28,2,0
BRDA:610,28,3,0
BRDA:610,28,4,0
BRDA:629,29,0,0
BRDA:629,29,1,0
BRDA:634,30,0,0
BRDA:634,30,1,0
BRDA:637,31,0,0
BRDA:637,31,1,0
BRDA:640,32,0,0
BRDA:640,32,1,0
BRDA:653,33,0,0
BRDA:653,33,1,0
BRDA:656,34,0,0
BRDA:656,34,1,0
BRDA:661,35,0,0
BRDA:661,35,1,0
BRDA:670,36,0,0
BRDA:670,36,1,0
BRDA:673,37,0,0
BRDA:673,37,1,0
BRDA:683,38,0,0
BRDA:683,38,1,0
BRDA:686,39,0,0
BRDA:686,39,1,0
BRDA:686,40,0,0
BRDA:686,40,1,0
BRDA:691,41,0,0
BRDA:691,41,1,0
BRDA:691,42,0,0
BRDA:691,42,1,0
BRDA:696,43,0,0
BRDA:696,43,1,0
BRDA:696,44,0,0
BRDA:696,44,1,0
BRDA:702,45,0,0
BRDA:702,45,1,0
BRDA:709,46,0,0
BRDA:709,46,1,0
BRDA:712,47,0,0
BRDA:712,47,1,0
BRDA:729,48,0,0
BRDA:729,48,1,0
BRDA:752,49,0,0
BRDA:752,49,1,0
BRDA:756,50,0,0
BRDA:756,50,1,0
BRDA:761,51,0,0
BRDA:761,51,1,0
BRDA:761,52,0,0
BRDA:761,52,1,0
BRDA:765,53,0,0
BRDA:765,53,1,0
BRDA:767,54,0,0
BRDA:767,54,1,0
BRDA:768,55,0,0
BRDA:768,55,1,0
BRDA:770,56,0,0
BRDA:770,56,1,0
BRDA:782,57,0,0
BRDA:782,58,0,0
BRDA:788,59,0,0
BRDA:788,59,1,0
BRDA:789,60,0,0
BRDA:789,60,1,0
BRDA:790,61,0,0
BRDA:790,61,1,0
BRDA:800,62,0,0
BRDA:800,62,1,0
BRDA:817,63,0,0
BRDA:817,63,1,0
BRDA:821,64,0,0
BRDA:821,64,1,0
BRDA:840,65,0,0
BRDA:840,66,0,0
BRDA:844,67,0,0
BRDA:844,67,1,0
BRDA:850,68,0,0
BRDA:850,68,1,0
BRDA:851,69,0,0
BRDA:851,69,1,0
BRDA:856,70,0,0
BRDA:856,70,1,0
BRDA:856,71,0,0
BRDA:856,71,1,0
BRDA:860,72,0,0
BRDA:860,72,1,0
BRDA:863,73,0,0
BRDA:863,73,1,0
BRDA:868,74,0,0
BRDA:868,74,1,0
BRDA:872,75,0,0
BRDA:872,75,1,0
BRDA:875,76,0,0
BRDA:875,76,1,0
BRDA:892,77,0,0
BRDA:892,77,1,0
BRDA:902,78,0,0
BRDA:902,78,1,0
BRDA:904,79,0,0
BRDA:904,79,1,0
BRDA:951,80,0,0
BRDA:951,80,1,0
BRDA:970,81,0,0
BRDA:973,82,0,0
BRDA:973,82,1,0
BRDA:987,83,0,0
BRDA:987,83,1,0
BRDA:1013,84,0,0
BRDA:1013,84,1,0
BRDA:1013,84,2,0
BRDA:1016,85,0,0
BRDA:1016,85,1,0
BRDA:1028,86,0,0
BRDA:1028,86,1,0
BRDA:1053,87,0,0
BRDA:1053,87,1,0
BRDA:1066,88,0,0
BRDA:1066,88,1,0
BRDA:1066,89,0,0
BRDA:1066,89,1,0
BRDA:1071,90,0,0
BRDA:1071,90,1,0
BRF:182
BRH:0
end_of_record
